5.00000	22.328	12.456
5.07273	26.996	65.597
5.14651	30.062	91.705
5.22137	31.869	106.781
5.29732	33.079	154.485
5.37437	34.278	148.315
5.45254	33.966	86.314
5.53185	34.762	61.832
5.61231	33.927	61.077
5.69394	30.929	64.677
5.77676	27.568	52.665
5.86079	27.899	32.488
5.94604	30.420	21.197
6.03252	31.366	7.781
6.12027	27.832	-12.030
6.20929	18.128	-46.069
6.29961	18.011	-126.491
6.39124	16.604	-124.989
6.48420	20.112	45.345
6.57851	28.258	48.466
6.67420	29.083	44.873
6.77128	27.472	12.749
6.86977	33.552	-31.853
6.96969	36.541	-45.026
7.07107	35.854	-86.275
7.17392	36.243	-136.301
7.27827	35.406	-158.416
7.38413	33.854	177.528
7.49154	32.921	140.872
7.60050	30.711	97.962
7.71105	28.498	57.149
7.82321	19.112	14.450
7.93701	25.277	-37.307
8.05245	29.448	-32.048
8.16958	29.247	-86.807
8.28841	32.268	-133.127
8.40896	28.244	-154.265
8.53128	21.921	176.962
8.65537	26.333	-151.682
8.78126	32.013	-142.991
8.90899	27.318	177.567
9.03857	29.836	131.834
9.17004	28.518	140.229
9.30342	20.409	12.900
9.43874	18.188	-44.972
9.57603	8.634	-178.329
9.71532	23.974	3.288
9.85663	33.349	-84.232
10.0000	34.735	-121.668
10.1455	32.597	-156.818
10.2930	30.402	-155.088
10.4427	31.102	-157.686
10.5946	33.718	-171.802
10.7487	31.641	161.625
10.9051	32.874	159.007
11.0637	31.197	157.368
11.2246	26.830	123.461
11.3879	29.346	127.200
11.5535	27.263	132.654
11.7216	25.384	-171.450
11.8921	31.676	96.847
12.0650	24.964	50.152
12.2405	23.056	-163.419
12.4186	27.100	165.362
12.5992	34.396	79.687
12.7825	32.459	22.287
12.9684	33.298	-38.598
13.1570	25.105	-104.343
13.3484	30.135	-25.865
13.5426	29.964	-93.435
13.7395	30.279	-66.385
13.9394	33.252	-122.515
14.1421	21.889	177.256
14.3478	24.821	-41.921
14.5565	33.319	-80.116
14.7683	31.196	-120.246
14.9831	31.824	-110.790
15.2010	30.333	-154.951
15.4221	21.128	-41.726
15.6464	26.238	-98.238
15.8740	32.015	-74.354
16.1049	32.263	-108.938
16.3392	24.045	-125.237
16.5768	36.314	-66.145
16.8179	34.532	-122.942
17.0626	33.763	-85.528
17.3107	34.884	-96.995
17.5625	38.523	-125.599
17.8180	25.789	159.750
18.0771	35.780	-96.159
18.3401	32.136	-133.011
18.6068	25.781	-86.003
18.8775	32.562	-79.057
19.1521	38.722	-88.797
19.4306	33.320	-128.326
19.7133	34.349	-85.253
20.0000	35.124	-79.984
20.2909	37.427	-102.223
20.5860	37.352	-69.856
20.8855	40.085	-107.107
21.1893	32.835	-82.680
21.4975	38.019	-102.939
21.8102	36.846	-91.059
22.1274	37.454	-103.237
22.4492	38.953	-63.830
22.7758	42.195	-85.492
23.1071	38.815	-89.271
23.4432	38.398	-90.863
23.7841	39.367	-74.617
24.1301	42.783	-70.327
24.4811	43.123	-73.374
24.8372	43.330	-75.550
25.1984	43.698	-79.710
25.5649	44.618	-76.249
25.9368	44.829	-76.140
26.3141	44.766	-77.115
26.6968	46.739	-74.477
27.0851	46.543	-77.028
27.4791	46.964	-79.576
27.8788	47.789	-71.790
28.2843	48.159	-73.557
28.6957	49.213	-74.310
29.1131	49.132	-73.782
29.5365	49.914	-71.366
29.9661	51.255	-75.153
30.4020	51.207	-77.214
30.8442	52.063	-75.986
31.2929	52.431	-72.467
31.7480	53.323	-75.370
32.2098	54.105	-74.720
32.6783	54.693	-77.600
33.1536	55.675	-75.223
33.6359	56.307	-77.257
34.1251	56.769	-77.742
34.6215	57.349	-79.672
35.1250	57.780	-78.277
35.6359	58.445	-79.498
36.1543	59.004	-80.086
36.6802	59.846	-80.119
37.2137	60.431	-80.719
37.7550	61.015	-81.656
38.3041	61.698	-81.693
38.8613	62.428	-82.710
39.4265	63.180	-83.249
40.0000	63.791	-84.628
40.5818	64.581	-85.960
41.1721	65.239	-87.258
41.7710	65.818	-87.621
42.3785	66.648	-89.331
42.9949	67.402	-91.062
43.6203	68.173	-92.529
44.2548	68.882	-93.963
44.8985	69.649	-95.733
45.5515	70.393	-97.540
46.2141	71.260	-99.918
46.8863	72.022	-102.258
47.5683	72.799	-104.301
48.2602	73.675	-107.037
48.9621	74.503	-110.144
49.6743	75.372	-113.395
50.3968	76.158	-117.222
51.1299	76.969	-121.189
51.8736	77.834	-125.838
52.6281	78.563	-130.647
53.3936	79.333	-136.249
54.1702	80.049	-142.134
54.9581	80.690	-148.478
55.7575	81.210	-154.990
56.5685	81.626	-161.447
57.3914	81.981	-168.519
58.2261	82.221	-175.601
59.0730	82.335	178.399
59.9323	82.391	171.303
60.8040	82.352	165.751
61.6884	82.286	160.074
62.5857	82.132	154.661
63.4960	81.967	149.819
64.4196	81.819	145.868
65.3566	81.659	142.340
66.3073	81.471	138.474
67.2717	81.285	134.836
68.2502	81.119	131.960
69.2429	80.981	129.246
70.2501	80.840	126.570
71.2719	80.673	123.827
72.3086	80.546	121.660
73.3603	80.418	119.328
74.4274	80.292	117.281
75.5099	80.158	115.318
76.6083	80.021	113.480
77.7226	79.898	112.022
78.8531	79.803	110.675
80.0000	79.731	109.401
81.1636	79.695	108.299
82.3442	79.675	107.061
83.5419	79.668	105.698
84.7570	79.665	104.429
85.9899	79.663	103.146
87.2406	79.655	101.944
88.5096	79.652	100.717
89.7970	79.659	99.612
91.1031	79.687	98.476
92.4282	79.711	97.441
93.7726	79.736	96.209
95.1366	79.779	95.257
96.5204	79.844	94.353
97.9243	79.925	93.141
99.3486	79.984	91.805
100.794	80.034	90.542
102.260	80.104	89.233
103.747	80.135	87.961
105.256	80.143	86.698
106.787	80.178	85.699
108.340	80.223	84.663
109.916	80.261	83.729
111.515	80.328	82.751
113.137	80.402	81.821
114.783	80.484	80.812
116.452	80.579	79.699
118.146	80.661	78.559
119.865	80.739	77.429
121.608	80.814	76.277
123.377	80.903	75.141
125.171	81.003	74.009
126.992	81.100	72.606
128.839	81.173	71.271
130.713	81.224	69.760
132.615	81.245	68.456
134.543	81.287	67.348
136.500	81.352	66.217
138.486	81.397	64.896
140.500	81.417	63.911
142.544	81.463	62.993
144.617	81.568	62.075
146.721	81.670	60.931
148.855	81.768	59.572
151.020	81.859	58.203
153.217	81.948	56.635
155.445	81.993	54.726
157.706	81.935	52.855
160.000	81.830	52.069
162.327	81.860	51.624
164.688	81.958	50.757
167.084	82.055	49.493
169.514	82.098	47.893
171.980	82.065	46.484
174.481	82.044	45.650
177.019	82.097	44.803
179.594	82.159	43.657
182.206	82.193	42.338
184.856	82.209	41.279
187.545	82.268	40.025
190.273	82.235	38.503
193.041	82.191	37.708
195.849	82.238	36.915
198.697	82.299	35.806
201.587	82.327	34.547
204.520	82.323	33.326
207.494	82.324	32.308
210.512	82.354	31.201
213.574	82.333	30.011
216.681	82.343	29.120
219.833	82.363	27.958
223.030	82.349	26.812
226.274	82.338	25.793
229.565	82.342	24.813
232.905	82.326	23.788
236.292	82.320	22.985
239.729	82.338	22.026
243.216	82.380	21.175
246.754	82.446	19.438
250.343	82.300	18.046
253.984	82.253	17.424
257.678	82.265	16.709
261.426	82.240	15.438
265.229	82.155	14.391
269.087	82.124	14.228
273.001	82.207	13.199
276.972	82.135	11.939
281.000	82.116	10.833
285.088	81.990	10.242
289.234	82.026	9.911
293.441	82.067	8.549
297.709	81.953	7.169
302.040	81.848	6.898
306.433	81.810	6.106
310.890	81.727	5.703
315.412	81.722	5.142
320.000	81.661	4.655
324.655	81.618	4.397
329.377	81.661	4.258
334.168	81.688	3.480
339.028	81.689	3.006
343.959	81.744	2.109
348.962	81.689	1.123
354.038	81.644	0.768
359.188	81.671	0.237
364.412	81.688	-0.378
369.713	81.699	-1.144
375.090	81.702	-2.116
380.546	81.686	-2.706
386.081	81.682	-3.653
391.697	81.640	-4.457
397.394	81.623	-5.120
403.175	81.585	-5.668
409.039	81.555	-6.216
414.989	81.527	-6.420
421.025	81.563	-6.575
427.149	81.647	-6.966
433.362	81.748	-7.743
439.665	81.772	-8.844
446.060	81.815	-9.560
452.548	81.827	-10.684
459.131	81.767	-11.688
465.809	81.803	-11.792
472.584	81.877	-12.726
479.458	81.868	-13.546
486.432	81.925	-14.377
493.507	81.942	-15.529
500.686	81.919	-16.412
507.968	81.917	-17.252
515.357	81.927	-17.988
522.853	81.932	-18.845
530.458	81.949	-19.738
538.174	81.936	-20.607
546.002	81.925	-21.694
553.943	81.887	-22.360
562.001	81.886	-22.927
570.175	81.898	-23.745
578.469	81.914	-24.353
586.883	81.947	-25.233
595.419	81.957	-26.174
604.080	81.974	-27.079
612.866	82.003	-28.022
621.780	82.002	-29.117
630.824	82.010	-30.129
640.000	82.010	-31.177
649.309	82.024	-32.316
658.753	82.008	-33.575
668.335	81.986	-34.761
678.056	81.944	-35.997
687.919	81.899	-37.159
697.925	81.834	-38.313
708.077	81.772	-39.369
718.376	81.692	-40.432
728.825	81.615	-41.363
739.426	81.532	-42.258
750.181	81.448	-43.016
761.093	81.365	-43.738
772.163	81.304	-44.340
783.394	81.233	-44.956
794.789	81.184	-45.423
806.349	81.149	-45.903
818.078	81.137	-46.347
829.977	81.132	-46.838
842.050	81.152	-47.334
854.298	81.179	-47.933
866.724	81.230	-48.602
879.330	81.279	-49.383
892.120	81.349	-50.260
905.097	81.418	-51.255
918.262	81.500	-52.463
931.618	81.552	-53.817
945.169	81.596	-55.144
958.917	81.651	-56.523
972.864	81.720	-58.093
987.015	81.749	-59.881
1001.37	81.756	-61.681
1015.94	81.743	-63.382
1030.71	81.739	-65.100
1045.71	81.743	-66.906
1060.92	81.732	-68.855
1076.35	81.687	-70.875
1092.00	81.625	-72.855
1107.89	81.559	-74.601
1124.00	81.482	-76.478
1140.35	81.385	-78.364
1156.94	81.291	-80.012
1173.77	81.188	-81.509
1190.84	81.088	-82.889
1208.16	81.024	-84.149
1225.73	80.987	-85.355
1243.56	80.998	-86.634
1261.65	81.025	-88.061
1280.00	81.087	-89.810
1298.62	81.144	-91.804
1317.51	81.172	-93.822
1336.67	81.195	-96.020
1356.11	81.226	-98.439
1375.84	81.238	-100.864
1395.85	81.254	-103.197
1416.15	81.261	-105.484
1436.75	81.287	-107.992
1457.65	81.321	-110.694
1478.85	81.378	-113.608
1500.36	81.420	-116.462
1522.19	81.466	-119.724
1544.33	81.489	-123.052
1566.79	81.502	-126.634
1589.58	81.482	-130.362
1612.70	81.435	-134.209
1636.16	81.365	-137.919
1659.95	81.279	-141.694
1684.10	81.186	-145.428
1708.60	81.076	-149.246
1733.45	80.976	-152.766
1758.66	80.865	-156.558
1784.24	80.745	-160.440
1810.19	80.584	-164.382
1836.52	80.422	-168.098
1863.24	80.220	-171.675
1890.34	80.041	-174.992
1917.83	79.851	-178.261
1945.73	79.702	178.616
1974.03	79.547	175.574
2002.74	79.418	172.381
2031.87	79.264	169.302
2061.43	79.121	166.282
2091.41	78.957	163.457
2121.83	78.811	160.925
2152.69	78.695	158.767
2184.01	78.646	156.748
2215.77	78.641	154.875
2248.00	78.700	152.750
2280.70	78.791	150.383
2313.87	78.907	147.724
2347.53	79.018	144.965
2381.68	79.131	142.009
2416.32	79.226	139.018
2451.46	79.307	135.796
2487.12	79.363	132.447
2523.30	79.397	129.029
2560.00	79.388	125.812
2597.24	79.356	122.763
2635.01	79.303	120.054
2673.34	79.252	117.337
2712.23	79.212	114.960
2751.68	79.210	112.695
2791.70	79.236	110.496
2832.31	79.276	108.107
2873.50	79.292	105.476
2915.30	79.247	102.715
2957.70	79.143	100.380
3000.72	79.019	98.610
3044.37	78.924	97.401
3088.65	78.923	96.547
3133.58	79.009	95.401
3179.16	79.118	93.773
3225.40	79.191	91.899
3272.31	79.191	90.033
3319.91	79.152	88.533
3368.20	79.151	87.682
3417.19	79.249	87.008
3466.89	79.432	85.868
3517.32	79.596	83.682
3568.48	79.614	81.073
3620.39	79.441	79.058
3673.05	79.204	78.514
3726.47	79.115	79.446
3780.67	79.301	80.598
3835.67	79.650	80.636
3891.46	79.978	79.453
3948.06	80.197	77.806
4005.49	80.364	76.537
4063.75	80.594	75.612
4122.86	80.904	74.280
4182.82	81.190	72.049
4243.66	81.354	69.511
4305.39	81.453	67.516
4368.01	81.614	65.847
4431.55	81.819	63.565
4496.01	81.924	60.641
4561.40	81.879	58.005
4627.75	81.818	56.401
4695.06	81.906	55.256
4763.35	82.095	53.234
4832.64	82.163	50.049
4902.93	81.991	47.140
4974.24	81.760	45.908
5046.60	81.747	45.473
5120.00	81.875	43.879
5194.47	81.852	41.420
5270.03	81.662	39.607
5346.68	81.507	38.742
5424.45	81.468	38.007
5503.35	81.440	36.899
5583.40	81.385	35.788
5664.61	81.356	34.731
5747.01	81.294	33.331
5830.60	81.114	32.307
5915.41	80.981	32.404
6001.45	81.017	32.286
6088.74	81.007	31.539
6177.30	80.997	31.594
6267.15	81.188	31.073
6358.31	81.228	28.695
6450.80	80.963	27.683
6544.62	80.923	28.725
6639.82	81.131	28.321
6736.40	81.146	26.942
6834.38	81.128	26.730
6933.79	81.301	26.351
7034.64	81.418	24.727
7136.96	81.436	23.442
7240.77	81.540	21.787
7346.09	81.445	19.144
7452.94	81.157	18.019
7561.35	80.987	17.977
7671.33	80.906	18.329
7782.91	81.018	18.531
7896.12	81.112	17.107
8010.97	80.999	15.858
8127.49	80.903	15.560
8245.71	80.921	15.685
8365.65	81.037	14.570
8487.33	80.878	13.126
8610.78	80.790	13.359
8736.03	80.798	12.636
8863.09	80.657	12.275
8992.01	80.649	12.594
9122.80	80.571	12.255
9255.50	80.539	13.645
9390.12	80.808	13.716
9526.70	80.868	12.818
9665.27	80.950	12.992
9805.86	81.104	12.361
9948.49	81.247	12.288
10093.2	81.502	9.996
10240.0	81.264	9.089
10388.9	81.446	9.480
10540.1	81.526	8.658
10693.4	81.742	7.669
10848.9	81.668	6.369
11006.7	81.993	6.765
11166.8	82.167	3.466
11329.2	82.210	2.097
11494.0	82.211	-0.226
11661.2	82.200	-1.703
11830.8	82.097	-3.096
12002.9	82.211	-3.526
12177.5	82.397	-5.924
12354.6	82.281	-8.773
12534.3	82.280	-9.856
12716.6	82.350	-12.658
12901.6	82.204	-16.975
13089.2	81.711	-17.787
13279.6	81.636	-19.476
13472.8	81.557	-20.772
13668.8	81.364	-23.705
13867.6	81.148	-27.107
14069.3	80.531	-29.090
14273.9	80.076	-31.364
14481.5	79.355	-32.863
14692.2	78.425	-31.831
14905.9	78.019	-29.940
15122.7	77.226	-27.514
15342.7	76.680	-22.429
15565.8	76.928	-16.413
15792.2	77.289	-13.606
16021.9	77.565	-14.154
16255.0	77.645	-13.705
16491.4	77.597	-13.977
16731.3	77.182	-13.387
16974.7	77.083	-9.392
17221.6	77.321	-6.638
17472.1	77.437	-4.037
17726.2	77.910	-1.230
17984.0	78.518	-0.357
18245.6	78.777	-1.069
18511.0	79.067	-0.219
18780.2	79.559	-0.511
19053.4	79.787	-0.547
19330.5	80.233	0.224
19611.7	80.659	-0.302
19897.0	81.108	-1.166
20186.4	81.680	-1.909
20480.0	82.305	-4.447
20777.9	82.756	-7.562
21080.1	83.016	-11.391
21386.7	83.089	-13.554
21697.8	83.339	-15.210
22013.4	83.630	-16.894
22333.6	84.003	-19.576
22658.4	84.211	-22.418
22988.0	84.399	-24.087
23322.4	84.820	-24.668
23661.6	85.412	-26.100
