5.00000	22.742	12.958
5.07273	27.411	66.088
5.14651	30.476	92.198
5.22137	32.283	107.280
5.29732	33.492	154.988
5.37437	34.691	148.827
5.45254	34.380	86.838
5.53185	35.176	62.367
5.61231	34.340	61.620
5.69394	31.344	65.228
5.77676	27.982	53.227
5.86079	28.313	33.063
5.94604	30.834	21.778
6.03252	31.780	8.371
6.12027	28.245	-11.425
6.20929	18.538	-45.430
6.29961	18.417	-125.900
6.39124	17.008	-124.391
6.48420	20.530	45.988
6.57851	28.673	49.106
6.67420	29.498	45.522
6.77128	27.887	13.416
6.86977	33.964	-31.183
6.96969	36.953	-44.348
7.07107	36.266	-85.591
7.17392	36.654	-135.612
7.27827	35.818	-157.720
7.38413	34.267	178.231
7.49154	33.335	141.584
7.60050	31.125	98.688
7.71105	28.914	57.896
7.82321	19.529	15.248
7.93701	25.689	-36.516
8.05245	29.861	-31.255
8.16958	29.658	-86.013
8.28841	32.679	-132.333
8.40896	28.654	-153.468
8.53128	22.331	177.744
8.65537	26.743	-150.864
8.78126	32.424	-142.151
8.90899	27.730	178.404
9.03857	30.250	132.688
9.17004	28.931	141.092
9.30342	20.827	13.840
9.43874	18.597	-43.994
9.57603	9.032	-177.603
9.71532	24.390	4.258
9.85663	33.760	-83.275
10.0000	35.146	-120.705
10.1455	33.008	-155.850
10.2930	30.813	-154.108
10.4427	31.513	-156.691
10.5946	34.129	-170.792
10.7487	32.054	162.644
10.9051	33.287	160.042
11.0637	31.610	158.415
11.2246	27.245	124.514
11.3879	29.760	128.275
11.5535	27.678	133.737
11.7216	25.793	-170.352
11.8921	32.092	97.981
12.0650	25.384	51.321
12.2405	23.462	-162.275
12.4186	27.511	166.526
12.5992	34.811	80.895
12.7825	32.874	23.530
12.9684	33.711	-37.330
13.1570	25.512	-103.059
13.3484	30.548	-24.552
13.5426	30.373	-92.115
13.7395	30.689	-65.037
13.9394	33.662	-121.171
14.1421	22.296	178.558
14.3478	25.234	-40.485
14.5565	33.730	-78.698
14.7683	31.605	-118.819
14.9831	32.233	-109.338
15.2010	30.741	-153.499
15.4221	21.541	-40.150
15.6464	26.644	-96.703
15.8740	32.426	-72.802
16.1049	32.672	-107.376
16.3392	24.448	-123.654
16.5768	36.725	-64.532
16.8179	34.942	-121.317
17.0626	34.173	-83.866
17.3107	35.294	-95.315
17.5625	38.934	-123.905
17.8180	26.198	161.412
18.0771	36.191	-94.404
18.3401	32.544	-131.242
18.6068	26.187	-84.160
18.8775	32.973	-77.212
19.1521	39.133	-86.940
19.4306	33.728	-126.448
19.7133	34.760	-83.332
20.0000	35.535	-78.035
20.2909	37.837	-100.256
20.5860	37.764	-67.854
20.8855	40.496	-105.086
21.1893	33.245	-80.609
21.4975	38.429	-100.855
21.8102	37.257	-88.939
22.1274	37.865	-101.091
22.4492	39.365	-61.648
22.7758	42.607	-83.286
23.1071	39.226	-87.029
23.4432	38.809	-88.587
23.7841	39.779	-72.307
24.1301	43.196	-67.989
24.4811	43.536	-71.003
24.8372	43.742	-73.145
25.1984	44.110	-77.270
25.5649	45.031	-73.774
25.9368	45.242	-73.630
26.3141	45.178	-74.568
26.6968	47.151	-71.895
27.0851	46.956	-74.408
27.4791	47.376	-76.918
27.8788	48.202	-69.095
28.2843	48.572	-70.822
28.6957	49.626	-71.537
29.1131	49.545	-70.968
29.5365	50.327	-68.512
29.9661	51.667	-72.259
30.4020	51.620	-74.278
30.8442	52.476	-73.007
31.2929	52.844	-69.445
31.7480	53.736	-72.305
32.2098	54.518	-71.611
32.6783	55.106	-74.446
33.1536	56.088	-72.023
33.6359	56.720	-74.011
34.1251	57.182	-74.449
34.6215	57.762	-76.331
35.1250	58.193	-74.888
35.6359	58.858	-76.060
36.1543	59.416	-76.598
36.6802	60.258	-76.580
37.2137	60.844	-77.129
37.7550	61.428	-78.014
38.3041	62.111	-77.999
38.8613	62.841	-78.962
39.4265	63.593	-79.447
40.0000	64.204	-80.771
40.5818	64.994	-82.047
41.1721	65.651	-83.286
41.7710	66.231	-83.590
42.3785	67.061	-85.238
42.9949	67.815	-86.907
43.6203	68.587	-88.309
44.2548	69.295	-89.677
44.8985	70.062	-91.379
45.5515	70.807	-93.117
46.2141	71.674	-95.425
46.8863	72.435	-97.692
47.5683	73.213	-99.662
48.2602	74.088	-102.323
48.9621	74.917	-105.353
49.6743	75.785	-108.525
50.3968	76.571	-112.274
51.1299	77.381	-116.159
51.8736	78.246	-120.727
52.6281	78.974	-125.452
53.3936	79.744	-130.969
54.1702	80.460	-136.768
54.9581	81.099	-143.025
55.7575	81.620	-149.448
56.5685	82.035	-155.815
57.3914	82.388	-162.797
58.2261	82.628	-169.786
59.0730	82.740	-175.693
59.9323	82.795	177.306
60.8040	82.755	171.849
61.6884	82.687	166.268
62.5857	82.532	160.952
63.4960	82.366	156.209
64.4196	82.217	152.359
65.3566	82.054	148.931
66.3073	81.865	145.166
67.2717	81.676	141.631
68.2502	81.509	138.859
69.2429	81.368	136.249
70.2501	81.225	133.679
71.2719	81.056	131.042
72.3086	80.926	128.983
73.3603	80.796	126.759
74.4274	80.668	124.821
75.5099	80.531	122.967
76.6083	80.392	121.240
77.7226	80.265	119.894
78.8531	80.167	118.658
80.0000	80.092	117.498
81.1636	80.054	116.510
82.3442	80.030	115.386
83.5419	80.019	114.138
84.7570	80.013	112.985
85.9899	80.008	111.820
87.2406	79.996	110.735
88.5096	79.990	109.625
89.7970	79.993	108.640
91.1031	80.017	107.624
92.4282	80.037	106.708
93.7726	80.058	105.598
95.1366	80.098	104.767
96.5204	80.159	103.985
97.9243	80.235	102.896
99.3486	80.291	101.684
100.794	80.336	100.544
102.260	80.401	99.360
103.747	80.428	98.214
105.256	80.432	97.077
106.787	80.462	96.204
108.340	80.503	95.296
109.916	80.536	94.489
111.515	80.598	93.641
113.137	80.668	92.839
114.783	80.743	91.959
116.452	80.834	90.977
118.146	80.911	89.967
119.865	80.984	88.968
121.608	81.054	87.948
123.377	81.138	86.946
125.171	81.232	85.946
126.992	81.324	84.676
128.839	81.391	83.475
130.713	81.437	82.099
132.615	81.453	80.931
134.543	81.489	79.959
136.500	81.549	78.962
138.486	81.587	77.778
140.500	81.602	76.931
142.544	81.643	76.151
144.617	81.742	75.371
146.721	81.836	74.366
148.855	81.929	73.145
151.020	82.013	71.917
153.217	82.096	70.489
155.445	82.135	68.720
157.706	82.070	66.990
160.000	81.959	66.345
162.327	81.982	66.043
164.688	82.072	65.318
167.084	82.162	64.197
169.514	82.198	62.740
171.980	82.158	61.475
174.481	82.129	60.785
177.019	82.174	60.083
179.594	82.228	59.082
182.206	82.253	57.910
184.856	82.260	56.997
187.545	82.310	55.890
190.273	82.269	54.515
193.041	82.215	53.868
195.849	82.252	53.223
198.697	82.303	52.264
201.587	82.320	51.154
204.520	82.305	50.083
207.494	82.294	49.217
210.512	82.313	48.262
213.574	82.279	47.225
216.681	82.276	46.489
219.833	82.284	45.482
223.030	82.254	44.493
226.274	82.230	43.632
229.565	82.219	42.811
232.905	82.186	41.948
236.292	82.162	41.308
239.729	82.164	40.515
243.216	82.188	39.831
246.754	82.235	38.264
250.343	82.068	37.046
253.984	82.000	36.601
257.678	81.991	36.068
261.426	81.943	34.983
265.229	81.833	34.127
269.087	81.777	34.160
273.001	81.833	33.333
276.972	81.734	32.280
281.000	81.688	31.389
285.088	81.531	31.022
289.234	81.535	30.923
293.441	81.544	29.802
297.709	81.396	28.674
302.040	81.258	28.666
306.433	81.184	28.150
310.890	81.065	28.033
315.412	81.023	27.773
320.000	80.925	27.600
324.655	80.843	27.672
329.377	80.847	27.874
334.168	80.836	27.455
339.028	80.798	27.353
343.959	80.815	26.842
348.962	80.721	26.256
354.038	80.637	26.315
359.188	80.626	26.208
364.412	80.605	26.028
369.713	80.578	25.707
375.090	80.545	25.186
380.546	80.493	25.056
386.081	80.452	24.576
391.697	80.375	24.244
397.394	80.320	24.057
403.175	80.247	23.992
409.039	80.178	23.931
414.989	80.111	24.220
421.025	80.107	24.564
427.149	80.150	24.680
433.362	80.205	24.420
439.665	80.182	23.849
446.060	80.175	23.683
452.548	80.133	23.130
459.131	80.016	22.724
465.809	79.991	23.255
472.584	79.999	22.997
479.458	79.922	22.902
486.432	79.907	22.851
493.507	79.852	22.546
500.686	79.755	22.580
507.968	79.681	22.739
515.357	79.621	23.082
522.853	79.562	23.393
530.458	79.522	23.749
538.174	79.463	24.211
546.002	79.421	24.521
553.943	79.366	25.306
562.001	79.368	26.223
570.175	79.401	26.890
578.469	79.460	27.745
586.883	79.554	28.273
595.419	79.643	28.659
604.080	79.752	28.976
612.866	79.882	29.134
621.780	79.990	29.004
630.824	80.107	28.820
640.000	80.213	28.462
649.309	80.328	27.883
658.753	80.401	27.065
668.335	80.453	26.216
678.056	80.469	25.232
687.919	80.462	24.257
697.925	80.416	23.250
708.077	80.350	22.326
718.376	80.245	21.404
728.825	80.120	20.655
739.426	79.969	20.011
750.181	79.800	19.598
761.093	79.619	19.339
772.163	79.450	19.335
783.394	79.271	19.447
794.789	79.119	19.828
806.349	78.989	20.284
818.078	78.895	20.813
829.977	78.824	21.278
842.050	78.785	21.663
854.298	78.757	21.831
866.724	78.746	21.785
879.330	78.715	21.487
892.120	78.675	20.976
905.097	78.598	20.278
918.262	78.490	19.359
931.618	78.301	18.365
945.169	78.052	17.584
958.917	77.769	17.050
972.864	77.466	16.700
987.015	77.101	16.590
1001.37	76.711	16.983
1015.94	76.328	18.028
1030.71	76.007	19.508
1045.71	75.774	21.204
1060.92	75.613	22.838
1076.35	75.510	24.260
1092.00	75.455	25.351
1107.89	75.421	26.029
1124.00	75.390	26.068
1140.35	75.312	25.511
1156.94	75.164	24.728
1173.77	74.925	23.771
1190.84	74.582	22.692
1208.16	74.156	21.749
1225.73	73.641	21.129
1243.56	73.076	20.842
1261.65	72.453	20.976
1280.00	71.758	21.416
1298.62	71.021	22.274
1317.51	70.240	23.504
1336.67	69.362	25.308
1356.11	68.365	27.765
1375.84	67.258	31.432
1395.85	66.064	36.620
1416.15	64.878	44.440
1436.75	63.882	55.663
1457.65	63.475	69.401
1478.85	63.753	82.697
1500.36	64.421	92.973
1522.19	65.220	100.680
1544.33	65.914	106.492
1566.79	66.536	111.907
1589.58	67.081	117.097
1612.70	67.743	122.587
1636.16	68.532	127.776
1659.95	69.502	131.771
1684.10	70.517	134.407
1708.60	71.515	135.179
1733.45	72.355	134.988
1758.66	73.083	133.724
1784.24	73.639	131.989
1810.19	74.040	129.953
1836.52	74.306	128.343
1863.24	74.477	126.922
1890.34	74.611	125.960
1917.83	74.704	124.948
1945.73	74.775	124.128
1974.03	74.785	123.274
2002.74	74.747	122.520
2031.87	74.631	122.022
2061.43	74.500	122.079
2091.41	74.357	122.597
2121.83	74.275	123.512
2152.69	74.255	124.459
2184.01	74.289	125.124
2215.77	74.299	125.402
2248.00	74.264	125.364
2280.70	74.142	125.357
2313.87	73.978	125.784
2347.53	73.822	126.822
2381.68	73.744	128.185
2416.32	73.749	129.483
2451.46	73.811	130.277
2487.12	73.871	130.441
2523.30	73.889	130.154
2560.00	73.837	129.759
2597.24	73.740	129.381
2635.01	73.608	129.106
2673.34	73.447	128.692
2712.23	73.250	128.448
2751.68	73.050	128.444
2791.70	72.880	128.665
2832.31	72.770	128.652
2873.50	72.665	127.913
2915.30	72.447	126.322
2957.70	72.018	124.757
3000.72	71.389	124.400
3044.37	70.736	126.296
3088.65	70.397	130.024
3133.58	70.501	133.194
3179.16	70.811	133.859
3225.40	70.987	132.347
3272.31	70.903	129.943
3319.91	70.599	127.825
3368.20	70.193	126.705
3417.19	69.776	126.404
3466.89	69.373	126.738
3517.32	68.968	127.719
3568.48	68.636	129.681
3620.39	68.472	132.489
3673.05	68.571	135.353
3726.47	68.893	137.107
3780.67	69.265	137.357
3835.67	69.551	136.538
3891.46	69.736	135.305
3948.06	69.857	133.991
4005.49	69.943	132.636
4063.75	69.981	131.096
4122.86	69.913	129.677
4182.82	69.689	128.922
4243.66	69.435	130.172
4305.39	69.530	132.928
4368.01	70.006	134.007
4431.55	70.380	132.105
4496.01	70.304	129.709
4561.40	69.979	129.818
4627.75	69.910	132.356
4695.06	70.254	134.386
4763.35	70.725	133.952
4832.64	70.953	131.302
4902.93	70.757	128.724
4974.24	70.396	128.329
5046.60	70.214	128.768
5120.00	69.994	128.103
5194.47	69.455	128.292
5270.03	68.880	131.428
5346.68	68.658	136.365
5424.45	68.806	140.939
5503.35	69.204	144.165
5583.40	69.733	145.141
5664.61	70.120	143.352
5747.01	70.061	140.167
5830.60	69.525	138.234
5915.41	68.814	139.570
6001.45	68.455	143.678
6088.74	68.504	146.771
6177.30	68.573	148.904
6267.15	68.845	149.923
6358.31	68.866	147.741
6450.80	68.400	147.001
6544.62	68.051	147.783
6639.82	67.565	148.222
6736.40	66.967	150.961
6834.38	66.637	155.696
6933.79	66.667	160.139
7034.64	66.803	164.318
7136.96	67.459	166.747
7240.77	67.780	162.952
7346.09	67.103	159.931
7452.94	66.111	162.366
7561.35	65.727	168.967
7671.33	65.853	173.257
7782.91	65.972	176.312
7896.12	66.101	177.752
8010.97	65.943	177.327
8127.49	65.090	178.991
8245.71	64.735	-172.945
8365.65	65.209	-169.588
8487.33	64.908	-168.238
8610.78	64.871	-164.446
8736.03	64.525	-162.123
8863.09	64.468	-157.393
8992.01	64.292	-155.237
9122.80	63.855	-150.908
9255.50	63.907	-146.199
9390.12	63.738	-143.437
9526.70	63.745	-139.993
9665.27	63.735	-139.278
9805.86	62.699	-141.456
9948.49	60.383	-133.046
10093.2	59.929	-110.068
10240.0	61.927	-94.906
10388.9	63.824	-94.644
10540.1	64.373	-97.637
10693.4	64.363	-98.293
10848.9	63.844	-97.073
11006.7	63.719	-92.012
11166.8	63.606	-89.043
11329.2	63.418	-84.532
11494.0	63.101	-80.125
11661.2	63.057	-73.894
11830.8	62.944	-68.177
12002.9	63.167	-61.055
12177.5	63.320	-57.234
12354.6	63.055	-52.348
12534.3	62.949	-43.585
12716.6	63.757	-34.531
12901.6	64.812	-32.442
13089.2	65.287	-32.159
13279.6	65.390	-33.936
13472.8	64.673	-34.075
13668.8	63.647	-28.159
13867.6	63.393	-17.248
14069.3	64.112	-7.525
14273.9	64.932	-4.738
14481.5	65.261	-4.267
14692.2	64.992	-2.048
14905.9	64.963	2.598
15122.7	64.853	7.661
15342.7	64.893	11.859
15565.8	65.221	15.548
15792.2	65.165	19.739
16021.9	64.992	23.774
16255.0	65.462	31.084
16491.4	66.067	32.768
16731.3	66.241	32.559
16974.7	66.258	32.651
17221.6	65.896	30.724
17472.1	64.792	31.863
17726.2	63.802	37.530
17984.0	63.525	42.755
18245.6	62.416	45.546
18511.0	61.289	56.056
18780.2	61.243	63.781
19053.4	60.100	71.632
19330.5	60.205	88.339
19611.7	60.987	91.411
19897.0	60.101	93.372
20186.4	59.744	102.544
20480.0	57.936	104.393
20777.9	56.593	134.303
21080.1	58.802	142.534
21386.7	56.563	152.295
21697.8	58.801	-173.494
22013.4	61.288	-171.552
22333.6	62.648	-166.189
22658.4	63.638	-164.573
22988.0	63.760	-157.870
23322.4	65.310	-146.730
23661.6	67.258	-144.647
