5.00000	22.633	12.983
5.07273	27.309	65.993
5.14651	30.371	92.059
5.22137	32.176	107.126
5.29732	33.380	154.803
5.37437	34.579	148.647
5.45254	34.272	86.696
5.53185	35.066	62.240
5.61231	34.232	61.494
5.69394	31.238	65.106
5.77676	27.880	53.135
5.86079	28.206	32.991
5.94604	30.723	21.691
6.03252	31.666	8.280
6.12027	28.127	-11.484
6.20929	18.388	-45.365
6.29961	18.261	-126.263
6.39124	16.843	-124.786
6.48420	20.445	46.003
6.57851	28.570	49.002
6.67420	29.394	45.415
6.77128	27.776	13.355
6.86977	33.844	-31.312
6.96969	36.833	-44.501
7.07107	36.143	-85.774
7.17392	36.534	-135.835
7.27827	35.700	-157.961
7.38413	34.152	177.973
7.49154	33.226	141.330
7.60050	31.024	98.472
7.71105	28.814	57.757
7.82321	19.429	15.392
7.93701	25.557	-36.579
8.05245	29.736	-31.370
8.16958	29.524	-86.220
8.28841	32.554	-132.609
8.40896	28.530	-153.813
8.53128	22.218	177.231
8.65537	26.615	-151.246
8.78126	32.300	-142.457
8.90899	27.615	178.006
9.03857	30.149	132.366
9.17004	28.830	140.736
9.30342	20.725	13.956
9.43874	18.431	-43.887
9.57603	8.909	-179.353
9.71532	24.278	4.259
9.85663	33.631	-83.525
10.0000	35.020	-121.009
10.1455	32.887	-156.210
10.2930	30.689	-154.498
10.4427	31.390	-157.080
10.5946	34.012	-171.163
10.7487	31.944	162.246
10.9051	33.177	159.655
11.0637	31.502	158.003
11.2246	27.156	124.094
11.3879	29.665	127.872
11.5535	27.585	133.285
11.7216	25.671	-170.924
11.8921	31.996	97.647
12.0650	25.303	51.179
12.2405	23.330	-162.945
12.4186	27.404	165.972
12.5992	34.711	80.577
12.7825	32.767	23.309
12.9684	33.585	-37.579
13.1570	25.351	-103.474
13.3484	30.422	-24.745
13.5426	30.230	-92.478
13.7395	30.550	-65.324
13.9394	33.530	-121.605
14.1421	22.182	177.704
14.3478	25.084	-40.598
14.5565	33.595	-79.056
14.7683	31.467	-119.291
14.9831	32.095	-109.787
15.2010	30.613	-154.076
15.4221	21.370	-40.116
15.6464	26.480	-97.152
15.8740	32.286	-73.171
16.1049	32.533	-107.850
16.3392	24.277	-124.325
16.5768	36.596	-64.924
16.8179	34.809	-121.831
17.0626	34.036	-84.300
17.3107	35.159	-95.783
17.5625	38.807	-124.418
17.8180	26.101	160.574
18.0771	36.057	-94.890
18.3401	32.407	-131.852
18.6068	26.011	-84.606
18.8775	32.830	-77.668
19.1521	39.004	-87.440
19.4306	33.591	-127.066
19.7133	34.620	-83.833
20.0000	35.398	-78.532
20.2909	37.705	-100.812
20.5860	37.632	-68.353
20.8855	40.368	-105.660
21.1893	33.099	-81.133
21.4975	38.297	-101.443
21.8102	37.122	-89.512
22.1274	37.731	-101.699
22.4492	39.236	-62.190
22.7758	42.481	-83.879
23.1071	39.094	-87.632
23.4432	38.676	-89.202
23.7841	39.648	-72.902
24.1301	43.070	-68.598
24.4811	43.410	-71.626
24.8372	43.616	-73.780
25.1984	43.985	-77.920
25.5649	44.906	-74.432
25.9368	45.118	-74.297
26.3141	45.053	-75.246
26.6968	47.028	-72.584
27.0851	46.833	-75.109
27.4791	47.254	-77.632
27.8788	48.080	-69.814
28.2843	48.450	-71.554
28.6957	49.504	-72.282
29.1131	49.423	-71.723
29.5365	50.206	-69.278
29.9661	51.547	-73.040
30.4020	51.499	-75.071
30.8442	52.356	-73.813
31.2929	52.725	-70.261
31.7480	53.617	-73.135
32.2098	54.399	-72.454
32.6783	54.987	-75.302
33.1536	55.969	-72.892
33.6359	56.601	-74.894
34.1251	57.063	-75.346
34.6215	57.643	-77.242
35.1250	58.075	-75.811
35.6359	58.740	-76.997
36.1543	59.299	-77.550
36.6802	60.141	-77.546
37.2137	60.726	-78.110
37.7550	61.311	-79.010
38.3041	61.994	-79.008
38.8613	62.724	-79.987
39.4265	63.476	-80.487
40.0000	64.087	-81.827
40.5818	64.877	-83.119
41.1721	65.535	-84.375
41.7710	66.114	-84.695
42.3785	66.945	-86.361
42.9949	67.698	-88.047
43.6203	68.471	-89.469
44.2548	69.179	-90.855
44.8985	69.947	-92.578
45.5515	70.691	-94.336
46.2141	71.558	-96.665
46.8863	72.320	-98.954
47.5683	73.098	-100.945
48.2602	73.973	-103.629
48.9621	74.803	-106.682
49.6743	75.671	-109.879
50.3968	76.458	-113.651
51.1299	77.268	-117.560
51.8736	78.134	-122.152
52.6281	78.863	-126.903
53.3936	79.633	-132.445
54.1702	80.350	-138.271
54.9581	80.989	-144.554
55.7575	81.511	-151.004
56.5685	81.926	-157.399
57.3914	82.281	-164.407
58.2261	82.521	-171.424
59.0730	82.634	-177.360
59.9323	82.690	175.611
60.8040	82.651	170.125
61.6884	82.584	164.515
62.5857	82.430	159.170
63.4960	82.266	154.397
64.4196	82.117	150.517
65.3566	81.956	147.059
66.3073	81.768	143.264
67.2717	81.581	139.698
68.2502	81.415	136.895
69.2429	81.276	134.255
70.2501	81.134	131.654
71.2719	80.967	128.985
72.3086	80.839	126.893
73.3603	80.710	124.639
74.4274	80.584	122.669
75.5099	80.449	120.783
76.6083	80.311	119.023
77.7226	80.186	117.645
78.8531	80.091	116.378
80.0000	80.017	115.185
81.1636	79.981	114.165
82.3442	79.959	113.008
83.5419	79.951	111.729
84.7570	79.946	110.543
85.9899	79.943	109.345
87.2406	79.933	108.228
88.5096	79.929	107.086
89.7970	79.935	106.068
91.1031	79.961	105.020
92.4282	79.983	104.072
93.7726	80.006	102.929
95.1366	80.048	102.067
96.5204	80.112	101.253
97.9243	80.191	100.132
99.3486	80.248	98.887
100.794	80.296	97.717
102.260	80.363	96.502
103.747	80.392	95.323
105.256	80.398	94.156
106.787	80.431	93.253
108.340	80.475	92.314
109.916	80.510	91.477
111.515	80.575	90.598
113.137	80.648	89.768
114.783	80.726	88.858
116.452	80.819	87.846
118.146	80.899	86.808
119.865	80.974	85.782
121.608	81.046	84.733
123.377	81.134	83.703
125.171	81.231	82.677
126.992	81.325	81.380
128.839	81.395	80.154
130.713	81.443	78.752
132.615	81.462	77.558
134.543	81.500	76.561
136.500	81.563	75.542
138.486	81.605	74.334
140.500	81.622	73.464
142.544	81.666	72.662
144.617	81.769	71.861
146.721	81.865	70.835
148.855	81.961	69.595
151.020	82.049	68.348
153.217	82.135	66.901
155.445	82.176	65.115
157.706	82.115	63.368
160.000	82.007	62.708
162.327	82.034	62.391
164.688	82.128	61.652
167.084	82.222	60.518
169.514	82.261	59.050
171.980	82.224	57.773
174.481	82.200	57.074
177.019	82.248	56.363
179.594	82.307	55.354
182.206	82.336	54.174
184.856	82.347	53.256
187.545	82.403	52.145
190.273	82.365	50.766
193.041	82.317	50.117
195.849	82.360	49.471
198.697	82.415	48.512
201.587	82.438	47.403
204.520	82.430	46.335
207.494	82.424	45.471
210.512	82.450	44.522
213.574	82.423	43.490
216.681	82.427	42.760
219.833	82.443	41.760
223.030	82.422	40.779
226.274	82.405	39.928
229.565	82.402	39.117
232.905	82.379	38.263
236.292	82.366	37.634
239.729	82.378	36.852
243.216	82.412	36.180
246.754	82.470	34.625
250.343	82.315	33.418
253.984	82.260	32.984
257.678	82.263	32.461
261.426	82.229	31.384
265.229	82.134	30.535
269.087	82.094	30.575
273.001	82.165	29.751
276.972	82.082	28.700
281.000	82.053	27.809
285.088	81.913	27.438
289.234	81.936	27.331
293.441	81.965	26.196
297.709	81.837	25.052
302.040	81.718	25.023
306.433	81.665	24.479
310.890	81.567	24.329
315.412	81.547	24.031
320.000	81.469	23.812
324.655	81.409	23.832
329.377	81.435	23.977
334.168	81.446	23.494
339.028	81.428	23.323
343.959	81.465	22.738
348.962	81.392	22.072
354.038	81.327	22.048
359.188	81.335	21.856
364.412	81.333	21.592
369.713	81.325	21.184
375.090	81.308	20.579
380.546	81.274	20.366
386.081	81.250	19.808
391.697	81.189	19.401
397.394	81.152	19.145
403.175	81.095	19.014
409.039	81.045	18.893
414.989	80.997	19.127
421.025	81.014	19.420
427.149	81.079	19.489
433.362	81.159	19.184
439.665	81.163	18.565
446.060	81.186	18.348
452.548	81.179	17.736
459.131	81.099	17.259
465.809	81.115	17.700
472.584	81.169	17.329
479.458	81.140	17.091
486.432	81.179	16.861
493.507	81.179	16.333
500.686	81.139	16.094
507.968	81.123	15.921
515.357	81.121	15.870
522.853	81.119	15.719
530.458	81.130	15.547
538.174	81.116	15.412
546.002	81.110	15.067
553.943	81.079	15.145
562.001	81.092	15.321
570.175	81.122	15.235
578.469	81.162	15.341
586.883	81.222	15.149
595.419	81.263	14.867
604.080	81.313	14.585
612.866	81.376	14.224
621.780	81.409	13.669
630.824	81.449	13.156
640.000	81.478	12.563
649.309	81.518	11.842
658.753	81.522	10.963
668.335	81.512	10.129
678.056	81.476	9.220
687.919	81.427	8.370
697.925	81.351	7.520
708.077	81.267	6.771
718.376	81.156	6.026
728.825	81.037	5.438
739.426	80.903	4.921
750.181	80.759	4.586
761.093	80.610	4.340
772.163	80.476	4.278
783.394	80.330	4.264
794.789	80.203	4.460
806.349	80.090	4.700
818.078	80.002	5.019
829.977	79.923	5.321
842.050	79.869	5.635
854.298	79.821	5.854
866.724	79.795	6.007
879.330	79.761	6.056
892.120	79.740	6.029
905.097	79.710	5.921
918.262	79.683	5.658
931.618	79.618	5.323
945.169	79.538	5.128
958.917	79.469	5.015
972.864	79.419	4.834
987.015	79.341	4.543
1001.37	79.254	4.322
1015.94	79.168	4.266
1030.71	79.114	4.192
1045.71	79.090	3.977
1060.92	79.070	3.507
1076.35	79.029	2.810
1092.00	78.978	1.964
1107.89	78.911	1.130
1124.00	78.824	-0.049
1140.35	78.692	-1.461
1156.94	78.527	-2.762
1173.77	78.315	-4.005
1190.84	78.060	-5.206
1208.16	77.799	-6.288
1225.73	77.523	-7.238
1243.56	77.266	-8.191
1261.65	77.005	-9.189
1280.00	76.743	-10.535
1298.62	76.459	-12.143
1317.51	76.127	-13.896
1336.67	75.735	-15.982
1356.11	75.273	-18.548
1375.84	74.714	-21.231
1395.85	74.074	-23.946
1416.15	73.330	-26.553
1436.75	72.451	-29.411
1457.65	71.434	-32.343
1478.85	70.296	-35.523
1500.36	69.076	-38.726
1522.19	67.658	-43.055
1544.33	66.058	-48.863
1566.79	64.132	-57.988
1589.58	61.932	-73.057
1612.70	59.860	-98.914
1636.16	59.698	-133.628
1659.95	61.734	-163.441
1684.10	64.330	178.026
1708.60	66.562	165.536
1733.45	68.324	157.471
1758.66	69.818	150.807
1784.24	71.066	145.533
1810.19	72.116	140.760
1836.52	73.010	136.970
1863.24	73.767	133.310
1890.34	74.432	130.107
1917.83	74.988	126.692
1945.73	75.445	123.670
1974.03	75.774	120.840
2002.74	76.036	118.383
2031.87	76.209	116.344
2061.43	76.370	114.929
2091.41	76.509	113.778
2121.83	76.665	112.943
2152.69	76.826	112.219
2184.01	77.001	111.517
2215.77	77.140	110.764
2248.00	77.263	109.942
2280.70	77.338	109.131
2313.87	77.396	108.536
2347.53	77.432	108.238
2381.68	77.483	108.204
2416.32	77.551	108.390
2451.46	77.660	108.565
2487.12	77.809	108.552
2523.30	77.989	108.179
2560.00	78.144	107.409
2597.24	78.247	106.313
2635.01	78.264	105.159
2673.34	78.206	103.974
2712.23	78.096	103.288
2751.68	78.004	103.083
2791.70	77.957	103.099
2832.31	77.955	102.880
2873.50	77.932	102.172
2915.30	77.812	101.127
2957.70	77.570	100.498
3000.72	77.271	100.833
3044.37	77.027	102.255
3088.65	76.969	104.193
3133.58	77.092	105.498
3179.16	77.267	105.573
3225.40	77.355	104.762
3272.31	77.297	103.579
3319.91	77.111	102.647
3368.20	76.871	102.490
3417.19	76.659	102.988
3466.89	76.522	103.747
3517.32	76.429	104.173
3568.48	76.312	104.358
3620.39	76.130	104.803
3673.05	75.961	105.943
3726.47	75.932	107.421
3780.67	76.033	108.275
3835.67	76.111	108.079
3891.46	76.043	107.479
3948.06	75.865	107.504
4005.49	75.741	108.516
4063.75	75.789	109.637
4122.86	75.923	109.840
4182.82	75.969	109.117
4243.66	75.860	108.659
4305.39	75.762	109.388
4368.01	75.871	110.344
4431.55	76.081	109.918
4496.01	76.125	108.417
4561.40	75.971	107.589
4627.75	75.868	108.233
4695.06	76.003	109.118
4763.35	76.273	108.803
4832.64	76.478	107.103
4902.93	76.502	104.850
4974.24	76.355	103.000
5046.60	76.135	102.091
5120.00	75.970	102.110
5194.47	75.922	102.481
5270.03	75.945	102.294
5346.68	75.892	101.692
5424.45	75.804	101.831
5503.35	75.839	102.270
5583.40	75.930	101.866
5664.61	75.924	101.024
5747.01	75.836	100.425
5830.60	75.695	100.102
5915.41	75.492	100.365
6001.45	75.317	101.660
6088.74	75.286	103.729
6177.30	75.502	105.860
6267.15	75.922	106.091
6358.31	76.120	104.053
6450.80	76.012	102.806
6544.62	75.954	102.624
6639.82	75.916	101.870
6736.40	75.698	101.116
6834.38	75.437	101.959
6933.79	75.415	103.011
7034.64	75.276	102.923
7136.96	75.095	104.504
7240.77	75.225	105.511
7346.09	75.235	104.666
7452.94	75.009	103.981
7561.35	74.656	104.456
7671.33	74.385	106.491
7782.91	74.376	108.507
7896.12	74.363	109.241
8010.97	74.298	109.978
8127.49	74.194	110.243
8245.71	73.967	110.891
8365.65	73.761	112.509
8487.33	73.699	114.289
8610.78	73.741	115.391
8736.03	73.667	115.038
8863.09	73.337	115.640
8992.01	73.185	117.117
9122.80	72.879	117.649
9255.50	72.621	120.653
9390.12	72.721	121.940
9526.70	72.475	120.831
9665.27	71.787	122.517
9805.86	71.333	125.876
9948.49	70.891	130.704
10093.2	70.859	135.367
10240.0	70.687	140.029
10388.9	70.955	145.020
10540.1	71.118	148.226
10693.4	71.461	151.139
10848.9	71.407	152.370
11006.7	71.582	156.090
11166.8	71.583	157.358
11329.2	71.746	161.079
11494.0	71.920	162.607
11661.2	72.167	164.373
11830.8	72.168	163.934
12002.9	71.932	164.507
12177.5	71.550	165.350
12354.6	70.796	167.458
12534.3	70.031	175.043
12716.6	70.025	-174.470
12901.6	70.851	-167.199
13089.2	71.731	-163.213
13279.6	72.219	-164.561
13472.8	72.079	-162.678
13668.8	71.927	-157.384
13867.6	72.624	-152.275
14069.3	73.146	-150.210
14273.9	73.566	-148.819
14481.5	73.830	-147.314
14692.2	74.057	-144.082
14905.9	74.856	-142.625
15122.7	75.043	-143.106
15342.7	75.252	-141.914
15565.8	75.824	-141.375
15792.2	76.009	-143.461
16021.9	75.679	-145.283
16255.0	75.503	-141.931
16491.4	75.806	-139.935
16731.3	75.860	-139.965
16974.7	76.094	-138.736
17221.6	76.337	-140.341
17472.1	76.020	-142.101
17726.2	75.711	-141.340
17984.0	75.575	-140.743
18245.6	75.203	-141.123
18511.0	74.708	-139.866
18780.2	74.329	-139.178
19053.4	73.364	-137.022
19330.5	72.719	-126.584
19611.7	73.468	-119.347
19897.0	74.257	-119.324
20186.4	74.442	-123.540
20480.0	73.225	-129.053
20777.9	71.236	-120.942
21080.1	70.654	-108.263
21386.7	71.253	-93.081
21697.8	72.736	-88.785
22013.4	73.014	-88.667
22333.6	72.979	-83.210
22658.4	73.588	-75.390
22988.0	74.702	-70.542
23322.4	75.907	-67.406
23661.6	77.201	-66.959
