5.00000	22.252	12.540
5.07273	26.928	65.538
5.14651	29.991	91.596
5.22137	31.795	106.655
5.29732	32.999	154.325
5.37437	34.198	148.162
5.45254	33.891	86.206
5.53185	34.686	61.743
5.61231	33.851	60.990
5.69394	30.857	64.595
5.77676	27.499	52.618
5.86079	27.826	32.468
5.94604	30.342	21.159
6.03252	31.285	7.740
6.12027	27.745	-12.031
6.20929	18.005	-45.915
6.29961	17.878	-126.840
6.39124	16.460	-125.373
6.48420	20.065	45.429
6.57851	28.190	48.414
6.67420	29.013	44.818
6.77128	27.395	12.751
6.86977	33.463	-31.928
6.96969	36.452	-45.127
7.07107	35.762	-86.411
7.17392	36.153	-136.483
7.27827	35.319	-158.618
7.38413	33.771	177.305
7.49154	32.845	140.654
7.60050	30.644	97.789
7.71105	28.433	57.067
7.82321	19.048	14.704
7.93701	25.175	-37.288
8.05245	29.355	-32.091
8.16958	29.142	-86.956
8.28841	32.172	-133.358
8.40896	28.148	-154.575
8.53128	21.837	176.451
8.65537	26.233	-152.033
8.78126	31.918	-143.251
8.90899	27.235	177.198
9.03857	29.768	131.550
9.17004	28.450	139.907
9.30342	20.344	13.136
9.43874	18.047	-44.725
9.57603	8.531	179.720
9.71532	23.897	3.396
9.85663	33.249	-84.412
10.0000	34.639	-121.911
10.1455	32.506	-157.127
10.2930	30.307	-155.430
10.4427	31.009	-158.025
10.5946	33.631	-172.120
10.7487	31.563	161.274
10.9051	32.796	158.670
11.0637	31.121	157.003
11.2246	26.777	123.082
11.3879	29.285	126.844
11.5535	27.206	132.242
11.7216	25.290	-171.990
11.8921	31.616	96.578
12.0650	24.923	50.104
12.2405	22.949	-164.063
12.4186	27.023	164.846
12.5992	34.330	79.446
12.7825	32.386	22.165
12.9684	33.203	-38.743
13.1570	24.968	-104.666
13.3484	30.040	-25.940
13.5426	29.848	-93.700
13.7395	30.167	-66.560
13.9394	33.148	-122.864
14.1421	21.802	176.411
14.3478	24.701	-41.881
14.5565	33.213	-80.367
14.7683	31.085	-120.626
14.9831	31.713	-111.141
15.2010	30.232	-155.453
15.4221	20.985	-41.492
15.6464	26.097	-98.568
15.8740	31.904	-74.600
16.1049	32.151	-109.304
16.3392	23.895	-125.814
16.5768	36.214	-66.415
16.8179	34.428	-123.349
17.0626	33.654	-85.838
17.3107	34.777	-97.344
17.5625	38.426	-126.002
17.8180	25.722	158.957
18.0771	35.675	-96.520
18.3401	32.025	-133.511
18.6068	25.627	-86.288
18.8775	32.447	-79.369
19.1521	38.622	-89.166
19.4306	33.210	-128.822
19.7133	34.238	-85.610
20.0000	35.016	-80.334
20.2909	37.323	-102.641
20.5860	37.250	-70.206
20.8855	39.987	-107.543
21.1893	32.717	-83.044
21.4975	37.915	-103.382
21.8102	36.740	-91.478
22.1274	37.349	-103.694
22.4492	38.854	-64.210
22.7758	42.099	-85.930
23.1071	38.712	-89.714
23.4432	38.294	-91.315
23.7841	39.266	-75.043
24.1301	42.689	-70.770
24.4811	43.028	-73.830
24.8372	43.235	-76.016
25.1984	43.603	-80.189
25.5649	44.525	-76.733
25.9368	44.736	-76.632
26.3141	44.672	-77.615
26.6968	46.647	-74.987
27.0851	46.451	-77.547
27.4791	46.872	-80.106
27.8788	47.698	-72.323
28.2843	48.068	-74.100
28.6957	49.123	-74.865
29.1131	49.042	-74.344
29.5365	49.825	-71.936
29.9661	51.166	-75.737
30.4020	51.118	-77.808
30.8442	51.974	-76.589
31.2929	52.343	-73.077
31.7480	53.236	-75.992
32.2098	54.018	-75.352
32.6783	54.605	-78.243
33.1536	55.588	-75.876
33.6359	56.220	-77.922
34.1251	56.682	-78.417
34.6215	57.262	-80.357
35.1250	57.694	-78.972
35.6359	58.358	-80.204
36.1543	58.917	-80.803
36.6802	59.760	-80.847
37.2137	60.345	-81.459
37.7550	60.930	-82.407
38.3041	61.612	-82.456
38.8613	62.343	-83.484
39.4265	63.095	-84.035
40.0000	63.705	-85.427
40.5818	64.496	-86.771
41.1721	65.154	-88.080
41.7710	65.733	-88.453
42.3785	66.563	-90.174
42.9949	67.317	-91.916
43.6203	68.090	-93.394
44.2548	68.797	-94.837
44.8985	69.566	-96.617
45.5515	70.310	-98.434
46.2141	71.178	-100.822
46.8863	71.939	-103.172
47.5683	72.717	-105.224
48.2602	73.592	-107.970
48.9621	74.422	-111.085
49.6743	75.290	-114.345
50.3968	76.077	-118.182
51.1299	76.887	-122.157
51.8736	77.753	-126.815
52.6281	78.482	-131.633
53.3936	79.252	-137.244
54.1702	79.969	-143.139
54.9581	80.609	-149.492
55.7575	81.130	-156.014
56.5685	81.545	-162.481
57.3914	81.901	-169.563
58.2261	82.140	-176.655
59.0730	82.254	177.334
59.9323	82.310	170.227
60.8040	82.271	164.664
61.6884	82.203	158.975
62.5857	82.050	153.549
63.4960	81.885	148.695
64.4196	81.736	144.732
65.3566	81.575	141.190
66.3073	81.387	137.310
67.2717	81.201	133.658
68.2502	81.035	130.767
69.2429	80.895	128.039
70.2501	80.754	125.347
71.2719	80.586	122.587
72.3086	80.458	120.403
73.3603	80.329	118.053
74.4274	80.203	115.988
75.5099	80.068	114.005
76.6083	79.930	112.147
77.7226	79.805	110.669
78.8531	79.710	109.300
80.0000	79.635	108.004
81.1636	79.600	106.879
82.3442	79.578	105.616
83.5419	79.569	104.229
84.7570	79.565	102.934
85.9899	79.561	101.625
87.2406	79.552	100.396
88.5096	79.547	99.140
89.7970	79.553	98.006
91.1031	79.579	96.841
92.4282	79.601	95.772
93.7726	79.624	94.509
95.1366	79.666	93.523
96.5204	79.729	92.584
97.9243	79.808	91.338
99.3486	79.866	89.964
100.794	79.913	88.663
102.260	79.980	87.316
103.747	80.009	86.003
105.256	80.015	84.699
106.787	80.048	83.658
108.340	80.092	82.579
109.916	80.127	81.599
111.515	80.192	80.576
113.137	80.265	79.598
114.783	80.343	78.540
116.452	80.435	77.377
118.146	80.515	76.185
119.865	80.589	75.003
121.608	80.663	73.797
123.377	80.749	72.607
125.171	80.846	71.418
126.992	80.940	69.956
128.839	81.010	68.562
130.713	81.059	66.990
132.615	81.077	65.623
134.543	81.115	64.451
136.500	81.178	63.254
138.486	81.219	61.867
140.500	81.237	60.814
142.544	81.280	59.826
144.617	81.383	58.836
146.721	81.479	57.620
148.855	81.575	56.185
151.020	81.663	54.741
153.217	81.749	53.094
155.445	81.789	51.105
157.706	81.728	49.154
160.000	81.620	48.284
162.327	81.646	47.755
164.688	81.740	46.801
167.084	81.834	45.449
169.514	81.873	43.760
171.980	81.835	42.257
174.481	81.811	41.331
177.019	81.859	40.389
179.594	81.917	39.145
182.206	81.947	37.727
184.856	81.957	36.567
187.545	82.013	35.211
190.273	81.974	33.583
193.041	81.927	32.681
195.849	81.969	31.779
198.697	82.024	30.560
201.587	82.047	29.188
204.520	82.038	27.852
207.494	82.032	26.716
210.512	82.057	25.492
213.574	82.030	24.180
216.681	82.034	23.167
219.833	82.048	21.878
223.030	82.028	20.606
226.274	82.010	19.458
229.565	82.007	18.346
232.905	81.983	17.188
236.292	81.970	16.249
239.729	81.981	15.153
243.216	82.015	14.163
246.754	82.072	12.285
250.343	81.917	10.749
253.984	81.862	9.983
257.678	81.864	9.122
261.426	81.828	7.703
265.229	81.733	6.508
269.087	81.692	6.195
273.001	81.763	5.014
276.972	81.679	3.601
281.000	81.649	2.342
285.088	81.509	1.599
289.234	81.531	1.114
293.441	81.558	-0.404
297.709	81.430	-1.937
302.040	81.309	-2.360
306.433	81.256	-3.303
310.890	81.157	-3.858
315.412	81.136	-4.567
320.000	81.057	-5.202
324.655	80.996	-5.605
329.377	81.021	-5.887
334.168	81.031	-6.805
339.028	81.011	-7.416
343.959	81.048	-8.447
348.962	80.974	-9.564
354.038	80.908	-10.047
359.188	80.915	-10.704
364.412	80.912	-11.440
369.713	80.903	-12.324
375.090	80.885	-13.414
380.546	80.850	-14.118
386.081	80.826	-15.174
391.697	80.764	-16.085
397.394	80.725	-16.854
403.175	80.668	-17.504
409.039	80.617	-18.152
414.989	80.569	-18.452
421.025	80.585	-18.701
427.149	80.649	-19.181
433.362	80.728	-20.042
439.665	80.731	-21.224
446.060	80.754	-22.012
452.548	80.746	-23.202
459.131	80.665	-24.263
465.809	80.681	-24.417
472.584	80.734	-25.387
479.458	80.704	-26.232
486.432	80.743	-27.077
493.507	80.743	-28.226
500.686	80.703	-29.092
507.968	80.687	-29.901
515.357	80.686	-30.595
522.853	80.685	-31.396
530.458	80.697	-32.226
538.174	80.686	-33.028
546.002	80.682	-34.047
553.943	80.654	-34.654
562.001	80.672	-35.174
570.175	80.706	-35.966
578.469	80.752	-36.580
586.883	80.818	-37.501
595.419	80.865	-38.526
604.080	80.922	-39.564
612.866	80.992	-40.695
621.780	81.032	-42.033
630.824	81.081	-43.342
640.000	81.118	-44.746
649.309	81.165	-46.290
658.753	81.177	-48.002
668.335	81.176	-49.682
678.056	81.147	-51.448
687.919	81.107	-53.165
697.925	81.039	-54.891
708.077	80.963	-56.526
718.376	80.861	-58.163
728.825	80.751	-59.651
739.426	80.627	-61.074
750.181	80.494	-62.321
761.093	80.357	-63.484
772.163	80.236	-64.471
783.394	80.105	-65.413
794.789	79.995	-66.156
806.349	79.901	-66.864
818.078	79.833	-67.503
829.977	79.777	-68.171
842.050	79.749	-68.842
854.298	79.728	-69.620
866.724	79.731	-70.480
879.330	79.726	-71.455
892.120	79.737	-72.518
905.097	79.740	-73.671
918.262	79.747	-74.983
931.618	79.718	-76.361
945.169	79.679	-77.607
958.917	79.652	-78.787
972.864	79.645	-80.033
987.015	79.610	-81.374
1001.37	79.572	-82.626
1015.94	79.539	-83.717
1030.71	79.540	-84.803
1045.71	79.574	-86.003
1060.92	79.617	-87.418
1076.35	79.647	-89.008
1092.00	79.673	-90.680
1107.89	79.692	-92.298
1124.00	79.706	-94.153
1140.35	79.702	-96.130
1156.94	79.685	-97.957
1173.77	79.644	-99.685
1190.84	79.602	-101.318
1208.16	79.587	-102.807
1225.73	79.595	-104.211
1243.56	79.653	-105.663
1261.65	79.732	-107.277
1280.00	79.855	-109.261
1298.62	79.973	-111.580
1317.51	80.052	-113.993
1336.67	80.117	-116.706
1356.11	80.167	-119.741
1375.84	80.165	-122.804
1395.85	80.136	-125.649
1416.15	80.070	-128.311
1436.75	79.993	-130.981
1457.65	79.905	-133.534
1478.85	79.848	-135.928
1500.36	79.806	-138.013
1522.19	79.801	-140.234
1544.33	79.814	-142.430
1566.79	79.864	-144.847
1589.58	79.916	-147.486
1612.70	79.974	-150.388
1636.16	80.016	-153.350
1659.95	80.049	-156.540
1684.10	80.064	-159.831
1708.60	80.055	-163.316
1733.45	80.031	-166.545
1758.66	79.989	-170.074
1784.24	79.915	-173.701
1810.19	79.794	-177.403
1836.52	79.647	179.173
1863.24	79.451	175.913
1890.34	79.260	173.013
1917.83	79.051	170.227
1945.73	78.876	167.705
1974.03	78.700	165.304
2002.74	78.548	162.833
2031.87	78.377	160.415
2061.43	78.213	158.058
2091.41	78.019	155.824
2121.83	77.828	153.874
2152.69	77.655	152.267
2184.01	77.533	150.822
2215.77	77.440	149.481
2248.00	77.382	147.941
2280.70	77.321	146.239
2313.87	77.256	144.463
2347.53	77.177	142.854
2381.68	77.107	141.373
2416.32	77.055	140.069
2451.46	77.028	138.702
2487.12	77.019	137.204
2523.30	77.019	135.523
2560.00	77.000	133.851
2597.24	76.973	132.186
2635.01	76.936	130.632
2673.34	76.899	128.913
2712.23	76.853	127.292
2751.68	76.812	125.717
2791.70	76.777	124.243
2832.31	76.754	122.655
2873.50	76.713	120.789
2915.30	76.598	118.670
2957.70	76.382	116.899
3000.72	76.099	115.975
3044.37	75.848	116.188
3088.65	75.775	117.123
3133.58	75.902	117.584
3179.16	76.104	116.842
3225.40	76.226	115.163
3272.31	76.196	113.159
3319.91	76.041	111.519
3368.20	75.849	110.754
3417.19	75.704	110.650
3466.89	75.643	110.765
3517.32	75.627	110.559
3568.48	75.591	110.156
3620.39	75.502	110.032
3673.05	75.439	110.555
3726.47	75.517	111.326
3780.67	75.715	111.406
3835.67	75.875	110.402
3891.46	75.872	108.980
3948.06	75.732	108.222
4005.49	75.619	108.621
4063.75	75.669	109.381
4122.86	75.815	109.428
4182.82	75.889	108.662
4243.66	75.820	108.179
4305.39	75.770	108.876
4368.01	75.926	109.839
4431.55	76.187	109.478
4496.01	76.286	108.058
4561.40	76.184	107.326
4627.75	76.137	108.116
4695.06	76.340	109.071
4763.35	76.661	108.676
4832.64	76.886	106.945
4902.93	76.927	104.827
4974.24	76.812	103.160
5046.60	76.634	102.408
5120.00	76.521	102.490
5194.47	76.517	102.715
5270.03	76.550	102.336
5346.68	76.500	101.612
5424.45	76.410	101.518
5503.35	76.408	101.719
5583.40	76.456	101.263
5664.61	76.425	100.349
5747.01	76.301	99.549
5830.60	76.100	99.004
5915.41	75.814	99.169
6001.45	75.558	100.550
6088.74	75.460	102.781
6177.30	75.619	105.126
6267.15	76.001	105.618
6358.31	76.177	103.787
6450.80	76.053	102.665
6544.62	75.983	102.578
6639.82	75.938	101.851
6736.40	75.709	101.108
6834.38	75.443	101.967
6933.79	75.419	102.949
7034.64	75.267	102.787
7136.96	75.069	104.312
7240.77	75.186	105.360
7346.09	75.195	104.535
7452.94	74.964	103.876
7561.35	74.614	104.402
7671.33	74.351	106.484
7782.91	74.352	108.513
7896.12	74.348	109.259
8010.97	74.293	110.010
8127.49	74.198	110.278
8245.71	73.976	110.950
8365.65	73.777	112.608
8487.33	73.721	114.416
8610.78	73.766	115.550
8736.03	73.694	115.254
8863.09	73.368	115.928
8992.01	73.221	117.468
9122.80	72.918	118.045
9255.50	72.662	121.080
9390.12	72.756	122.421
9526.70	72.510	121.415
9665.27	71.833	123.209
9805.86	71.398	126.577
9948.49	70.977	131.305
10093.2	70.943	135.717
10240.0	70.739	140.218
10388.9	70.975	145.259
10540.1	71.135	148.600
10693.4	71.492	151.457
10848.9	71.431	152.609
11006.7	71.601	156.283
11166.8	71.597	157.479
11329.2	71.752	161.170
11494.0	71.924	162.683
11661.2	72.169	164.415
11830.8	72.166	163.954
12002.9	71.932	164.513
12177.5	71.548	165.353
12354.6	70.792	167.487
12534.3	70.025	175.132
12716.6	70.036	-174.309
12901.6	70.884	-167.034
13089.2	71.787	-163.148
13279.6	72.303	-164.802
13472.8	72.073	-163.222
13668.8	71.894	-157.519
13867.6	72.612	-152.194
14069.3	73.161	-150.174
14273.9	73.561	-148.933
14481.5	73.829	-147.286
14692.2	74.055	-144.084
14905.9	74.855	-142.602
15122.7	75.046	-143.074
15342.7	75.257	-141.953
15565.8	75.820	-141.397
15792.2	76.006	-143.462
16021.9	75.678	-145.283
16255.0	75.504	-141.929
16491.4	75.809	-139.935
16731.3	75.865	-139.990
16974.7	76.095	-138.768
17221.6	76.336	-140.348
17472.1	76.021	-142.096
17726.2	75.713	-141.332
17984.0	75.579	-140.733
18245.6	75.207	-141.121
18511.0	74.709	-139.869
18780.2	74.329	-139.175
19053.4	73.362	-137.013
19330.5	72.719	-126.568
19611.7	73.468	-119.338
19897.0	74.257	-119.321
20186.4	74.442	-123.540
20480.0	73.225	-129.057
20777.9	71.236	-120.952
21080.1	70.654	-108.280
21386.7	71.251	-93.098
21697.8	72.734	-88.798
22013.4	73.012	-88.677
22333.6	72.977	-83.215
22658.4	73.587	-75.391
22988.0	74.702	-70.542
23322.4	75.907	-67.405
23661.6	77.201	-66.958
