5.00000	22.243	12.292
5.07273	26.907	65.478
5.14651	29.974	91.601
5.22137	31.782	106.682
5.29732	32.994	154.396
5.37437	34.193	148.222
5.45254	33.880	86.202
5.53185	34.676	61.713
5.61231	33.841	60.955
5.69394	30.842	64.550
5.77676	27.479	52.523
5.86079	27.812	32.336
5.94604	30.335	21.049
6.03252	31.282	7.633
6.12027	27.750	-12.193
6.20929	18.060	-46.278
6.29961	17.943	-126.533
6.39124	16.539	-125.020
6.48420	20.018	45.136
6.57851	28.170	48.304
6.67420	28.996	44.709
6.77128	27.388	12.565
6.86977	33.470	-32.011
6.96969	36.459	-45.177
7.07107	35.774	-86.417
7.17392	36.161	-136.430
7.27827	35.324	-158.542
7.38413	33.771	177.405
7.49154	32.835	140.743
7.60050	30.622	97.812
7.71105	28.409	56.965
7.82321	19.024	14.150
7.93701	25.201	-37.521
8.05245	29.369	-32.246
8.16958	29.171	-86.971
8.28841	32.188	-133.269
8.40896	28.163	-154.382
8.53128	21.835	176.906
8.65537	26.254	-151.791
8.78126	31.932	-143.136
8.90899	27.234	177.453
9.03857	29.747	131.683
9.17004	28.428	140.087
9.30342	20.322	12.565
9.43874	18.127	-45.289
9.57603	8.547	-177.922
9.71532	23.891	2.989
9.85663	33.270	-84.431
10.0000	34.655	-121.850
10.1455	32.516	-156.984
10.2930	30.321	-155.245
10.4427	31.021	-157.848
10.5946	33.635	-171.977
10.7487	31.555	161.454
10.9051	32.788	158.826
11.0637	31.110	157.192
11.2246	26.735	123.277
11.3879	29.254	127.007
11.5535	27.170	132.474
11.7216	25.302	-171.578
11.8921	31.585	96.610
12.0650	24.868	49.827
12.2405	22.976	-163.520
12.4186	27.011	165.201
12.5992	34.306	79.423
12.7825	32.373	21.981
12.9684	33.220	-38.893
13.1570	25.040	-104.564
13.3484	30.057	-26.193
13.5426	29.891	-93.694
13.7395	30.206	-66.682
13.9394	33.175	-122.763
14.1421	21.801	177.166
14.3478	24.754	-42.303
14.5565	33.244	-80.411
14.7683	31.121	-120.500
14.9831	31.749	-111.060
15.2010	30.253	-155.180
15.4221	21.071	-42.190
15.6464	26.174	-98.518
15.8740	31.942	-74.683
16.1049	32.189	-109.231
16.3392	23.982	-125.445
16.5768	36.236	-66.490
16.8179	34.455	-123.244
17.0626	33.689	-85.867
17.3107	34.808	-97.329
17.5625	38.444	-125.927
17.8180	25.694	159.535
18.0771	35.705	-96.509
18.3401	32.060	-133.317
18.6068	25.722	-86.366
18.8775	32.491	-79.440
19.1521	38.644	-89.177
19.4306	33.244	-128.662
19.7133	34.276	-85.644
20.0000	35.050	-80.387
20.2909	37.350	-102.613
20.5860	37.276	-70.279
20.8855	40.007	-107.510
21.1893	32.764	-83.103
21.4975	37.942	-103.352
21.8102	36.771	-91.487
22.1274	37.378	-103.661
22.4492	38.876	-64.293
22.7758	42.116	-85.947
23.1071	38.738	-89.728
23.4432	38.322	-91.325
23.7841	39.290	-75.099
24.1301	42.705	-70.817
24.4811	43.044	-73.869
24.8372	43.251	-76.051
25.1984	43.619	-80.216
25.5649	44.539	-76.764
25.9368	44.750	-76.662
26.3141	44.686	-77.644
26.6968	46.658	-75.015
27.0851	46.463	-77.572
27.4791	46.884	-80.127
27.8788	47.709	-72.352
28.2843	48.079	-74.126
28.6957	49.132	-74.887
29.1131	49.051	-74.368
29.5365	49.833	-71.961
29.9661	51.173	-75.756
30.4020	51.126	-77.825
30.8442	51.981	-76.605
31.2929	52.350	-73.096
31.7480	53.242	-76.008
32.2098	54.024	-75.367
32.6783	54.611	-78.256
33.1536	55.593	-75.888
33.6359	56.225	-77.932
34.1251	56.687	-78.427
34.6215	57.267	-80.366
35.1250	57.698	-78.981
35.6359	58.363	-80.212
36.1543	58.921	-80.811
36.6802	59.763	-80.854
37.2137	60.348	-81.465
37.7550	60.933	-82.413
38.3041	61.615	-82.461
38.8613	62.346	-83.489
39.4265	63.097	-84.039
40.0000	63.708	-85.430
40.5818	64.498	-86.772
41.1721	65.156	-88.074
41.7710	65.736	-88.438
42.3785	66.567	-90.144
42.9949	67.321	-91.867
43.6203	68.094	-93.323
44.2548	68.803	-94.742
44.8985	69.571	-96.492
45.5515	70.317	-98.277
46.2141	71.185	-100.630
46.8863	71.947	-102.940
47.5683	72.726	-104.951
48.2602	73.602	-107.652
48.9621	74.432	-110.720
49.6743	75.301	-113.930
50.3968	76.087	-117.714
51.1299	76.898	-121.634
51.8736	77.763	-126.234
52.6281	78.492	-130.993
53.3936	79.262	-136.542
54.1702	79.978	-142.373
54.9581	80.617	-148.661
55.7575	81.137	-155.115
56.5685	81.552	-161.513
57.3914	81.904	-168.525
58.2261	82.142	-175.545
59.0730	82.253	178.517
59.9323	82.307	171.484
60.8040	82.265	165.996
61.6884	82.194	160.383
62.5857	82.038	155.033
63.4960	81.868	150.256
64.4196	81.715	146.372
65.3566	81.550	142.907
66.3073	81.357	139.105
67.2717	81.165	135.531
68.2502	80.992	132.718
69.2429	80.847	130.068
70.2501	80.699	127.454
71.2719	80.525	124.771
72.3086	80.390	122.664
73.3603	80.254	120.391
74.4274	80.120	118.400
75.5099	79.976	116.492
76.6083	79.829	114.707
77.7226	79.697	113.301
78.8531	79.591	112.004
80.0000	79.509	110.776
81.1636	79.462	109.719
82.3442	79.431	108.523
83.5419	79.411	107.199
84.7570	79.396	105.967
85.9899	79.382	104.717
87.2406	79.361	103.546
88.5096	79.345	102.345
89.7970	79.339	101.264
91.1031	79.352	100.148
92.4282	79.363	99.127
93.7726	79.373	97.908
95.1366	79.401	96.964
96.5204	79.452	96.062
97.9243	79.518	94.848
99.3486	79.561	93.507
100.794	79.595	92.232
102.260	79.649	90.907
103.747	79.664	89.613
105.256	79.656	88.323
106.787	79.674	87.291
108.340	79.702	86.216
109.916	79.723	85.237
111.515	79.774	84.208
113.137	79.831	83.219
114.783	79.894	82.145
116.452	79.973	80.960
118.146	80.037	79.741
119.865	80.097	78.525
121.608	80.154	77.278
123.377	80.226	76.041
125.171	80.308	74.798
126.992	80.386	73.276
128.839	80.441	71.814
130.713	80.475	70.166
132.615	80.478	68.717
134.543	80.501	67.453
136.500	80.547	66.156
138.486	80.574	64.661
140.500	80.576	63.491
142.544	80.605	62.378
144.617	80.691	61.254
146.721	80.773	59.892
148.855	80.854	58.304
151.020	80.926	56.693
153.217	80.997	54.873
155.445	81.023	52.699
157.706	80.947	50.550
160.000	80.823	49.471
162.327	80.834	48.724
164.688	80.912	47.538
167.084	80.991	45.945
169.514	81.014	43.998
171.980	80.963	42.228
174.481	80.922	41.020
177.019	80.955	39.782
179.594	80.997	38.231
182.206	81.010	36.492
184.856	81.004	34.995
187.545	81.043	33.288
190.273	80.989	31.295
193.041	80.923	30.013
195.849	80.948	28.715
198.697	80.985	27.085
201.587	80.989	25.285
204.520	80.960	23.506
207.494	80.936	21.911
210.512	80.940	20.210
213.574	80.891	18.407
216.681	80.873	16.884
219.833	80.865	15.071
223.030	80.820	13.255
226.274	80.776	11.546
229.565	80.747	9.857
232.905	80.695	8.106
236.292	80.652	6.556
239.729	80.631	4.832
243.216	80.632	3.198
246.754	80.654	0.661
250.343	80.461	-1.551
253.984	80.364	-3.007
257.678	80.326	-4.572
261.426	80.246	-6.709
265.229	80.102	-8.634
269.087	80.011	-9.689
273.001	80.027	-11.620
276.972	79.885	-13.791
281.000	79.793	-15.815
285.088	79.589	-17.326
289.234	79.542	-18.581
293.441	79.497	-20.865
297.709	79.290	-23.160
302.040	79.090	-24.337
306.433	78.951	-26.024
310.890	78.763	-27.305
315.412	78.649	-28.721
320.000	78.474	-30.039
324.655	78.315	-31.095
329.377	78.239	-31.998
334.168	78.145	-33.502
339.028	78.024	-34.657
343.959	77.958	-36.193
348.962	77.784	-37.772
354.038	77.619	-38.673
359.188	77.533	-39.710
364.412	77.442	-40.794
369.713	77.351	-41.995
375.090	77.260	-43.376
380.546	77.161	-44.351
386.081	77.085	-45.671
391.697	76.981	-46.847
397.394	76.912	-47.890
403.175	76.837	-48.836
409.039	76.779	-49.813
414.989	76.733	-50.486
421.025	76.761	-51.159
427.149	76.844	-52.125
433.362	76.950	-53.538
439.665	76.984	-55.345
446.060	77.039	-56.836
452.548	77.062	-58.805
459.131	77.012	-60.719
465.809	77.054	-61.795
472.584	77.128	-63.759
479.458	77.112	-65.658
486.432	77.154	-67.608
493.507	77.146	-69.908
500.686	77.086	-71.956
507.968	77.037	-73.971
515.357	76.987	-75.875
522.853	76.921	-77.873
530.458	76.854	-79.868
538.174	76.749	-81.777
546.002	76.639	-83.828
553.943	76.498	-85.371
562.001	76.393	-86.713
570.175	76.306	-88.203
578.469	76.233	-89.387
586.883	76.189	-90.759
595.419	76.142	-92.127
604.080	76.122	-93.431
612.866	76.137	-94.781
621.780	76.146	-96.331
630.824	76.188	-97.889
640.000	76.240	-99.612
649.309	76.323	-101.583
658.753	76.384	-103.855
668.335	76.444	-106.247
678.056	76.483	-108.888
687.919	76.510	-111.649
697.925	76.505	-114.581
708.077	76.485	-117.577
718.376	76.425	-120.714
728.825	76.341	-123.821
739.426	76.222	-126.954
750.181	76.074	-129.966
761.093	75.897	-132.911
772.163	75.715	-135.655
783.394	75.504	-138.285
794.789	75.304	-140.608
806.349	75.113	-142.769
818.078	74.956	-144.732
829.977	74.827	-146.626
842.050	74.747	-148.479
854.298	74.701	-150.476
866.724	74.706	-152.674
879.330	74.721	-155.183
892.120	74.759	-158.029
905.097	74.782	-161.235
918.262	74.790	-164.871
931.618	74.729	-168.800
945.169	74.611	-172.763
958.917	74.450	-176.744
972.864	74.247	179.236
987.015	73.952	175.291
1001.37	73.597	171.767
1015.94	73.206	168.859
1030.71	72.832	166.533
1045.71	72.509	164.709
1060.92	72.247	163.239
1076.35	72.060	161.998
1092.00	71.971	160.769
1107.89	71.980	159.416
1124.00	72.059	157.412
1140.35	72.163	154.622
1156.94	72.244	151.491
1173.77	72.261	147.989
1190.84	72.205	144.093
1208.16	72.085	140.297
1225.73	71.902	136.825
1243.56	71.705	133.828
1261.65	71.508	131.356
1280.00	71.369	129.244
1298.62	71.321	127.392
1317.51	71.365	125.636
1336.67	71.514	123.395
1356.11	71.750	120.251
1375.84	71.973	116.272
1395.85	72.141	111.938
1416.15	72.215	107.249
1436.75	72.204	102.054
1457.65	72.071	96.710
1478.85	71.868	91.844
1500.36	71.628	88.017
1522.19	71.401	84.639
1544.33	71.240	81.917
1566.79	71.219	79.301
1589.58	71.293	76.298
1612.70	71.450	72.495
1636.16	71.599	67.976
1659.95	71.697	62.632
1684.10	71.683	56.711
1708.60	71.547	50.536
1733.45	71.322	45.069
1758.66	71.010	39.611
1784.24	70.632	34.536
1810.19	70.230	29.835
1836.52	69.854	25.697
1863.24	69.467	21.680
1890.34	69.095	17.913
1917.83	68.668	14.206
1945.73	68.253	11.057
1974.03	67.866	8.508
2002.74	67.600	6.194
2031.87	67.463	3.574
2061.43	67.422	-0.063
2091.41	67.319	-5.240
2121.83	67.020	-11.404
2152.69	66.416	-17.663
2184.01	65.516	-22.745
2215.77	64.390	-25.198
2248.00	63.333	-23.990
2280.70	62.774	-20.246
2313.87	63.045	-18.172
2347.53	63.477	-19.624
2381.68	63.696	-24.118
2416.32	63.519	-29.607
2451.46	62.965	-34.514
2487.12	62.203	-37.164
2523.30	61.554	-37.834
2560.00	61.148	-37.200
2597.24	60.946	-36.897
2635.01	60.781	-36.784
2673.34	60.682	-36.105
2712.23	60.839	-34.872
2751.68	61.340	-34.902
2791.70	61.939	-37.403
2832.31	62.364	-42.001
2873.50	62.524	-47.334
2915.30	62.495	-52.125
2957.70	62.482	-55.919
3000.72	62.591	-59.889
3044.37	62.698	-65.157
3088.65	62.621	-71.181
3133.58	62.302	-76.984
3179.16	61.870	-81.507
3225.40	61.530	-84.877
3272.31	61.227	-88.483
3319.91	60.780	-92.238
3368.20	60.172	-94.135
3417.19	59.753	-93.152
3466.89	59.891	-91.330
3517.32	60.493	-92.109
3568.48	61.108	-96.244
3620.39	61.471	-102.505
3673.05	61.509	-109.907
3726.47	61.143	-117.168
3780.67	60.451	-121.907
3835.67	59.891	-122.665
3891.46	60.009	-122.338
3948.06	60.577	-126.050
4005.49	60.860	-133.873
4063.75	60.616	-142.362
4122.86	60.053	-149.624
4182.82	59.283	-156.268
4243.66	58.120	-161.813
4305.39	56.640	-162.912
4368.01	55.774	-157.443
4431.55	56.010	-153.356
4496.01	56.664	-155.734
4561.40	56.874	-165.242
4627.75	55.669	178.704
4695.06	50.851	160.320
4763.35	39.507	-125.699
4832.64	52.391	-87.791
4902.93	56.696	-109.989
4974.24	57.167	-128.114
5046.60	56.253	-132.849
5120.00	56.591	-129.036
5194.47	57.683	-132.940
5270.03	57.469	-141.797
5346.68	55.922	-141.086
5424.45	56.203	-128.148
5503.35	58.234	-128.242
5583.40	58.913	-137.223
5664.61	58.791	-141.169
5747.01	59.396	-144.739
5830.60	59.665	-155.278
5915.41	58.731	-165.506
6001.45	57.336	-170.682
6088.74	55.807	-171.808
6177.30	54.878	-167.067
6267.15	55.054	-167.130
6358.31	54.382	-173.900
6450.80	52.812	-177.125
6544.62	51.010	-176.229
6639.82	49.001	-168.774
6736.40	48.243	-151.347
6834.38	50.116	-138.960
6933.79	52.335	-143.438
7034.64	53.490	-157.947
7136.96	53.225	-177.051
7240.77	51.866	165.083
7346.09	49.798	141.265
7452.94	42.629	92.258
7561.35	39.819	-61.407
7671.33	48.146	-120.548
7782.91	50.704	-144.007
7896.12	52.453	-162.726
8010.97	52.823	176.457
8127.49	52.337	166.646
8245.71	53.275	157.816
8365.65	53.131	138.960
8487.33	50.864	131.927
8610.78	51.076	130.026
8736.03	48.217	98.888
8863.09	34.325	-21.866
8992.01	44.602	-129.729
9122.80	49.714	-135.639
9255.50	52.827	-148.694
9390.12	53.883	-160.367
9526.70	54.764	-170.292
9665.27	54.935	173.209
9805.86	54.103	156.180
9948.49	52.724	136.727
10093.2	51.204	117.572
10240.0	49.760	99.406
10388.9	49.122	83.479
10540.1	48.993	79.266
10693.4	50.896	67.154
10848.9	49.934	53.985
11006.7	49.525	56.687
11166.8	49.278	48.078
11329.2	45.926	51.463
11494.0	46.268	75.077
11661.2	46.756	66.697
11830.8	41.977	52.493
12002.9	34.505	82.248
12177.5	30.660	53.931
12354.6	36.602	-84.813
12534.3	43.250	-146.879
12716.6	39.852	178.995
12901.6	33.493	162.202
13089.2	31.374	51.197
13279.6	42.401	-50.925
13472.8	43.693	-104.515
13668.8	43.407	-138.744
13867.6	44.362	-168.349
14069.3	47.051	174.747
14273.9	47.749	150.886
14481.5	48.858	138.701
14692.2	49.334	121.410
14905.9	49.022	95.905
15122.7	46.606	84.251
15342.7	44.753	79.322
15565.8	44.456	80.470
15792.2	42.425	84.814
16021.9	45.329	100.034
16255.0	47.788	95.960
16491.4	50.271	78.503
16731.3	50.295	55.544
16974.7	50.184	34.262
17221.6	48.539	11.809
17472.1	45.719	-7.542
17726.2	42.284	8.702
17984.0	43.489	14.386
18245.6	42.745	10.856
18511.0	42.049	20.261
18780.2	41.958	24.180
19053.4	46.348	34.959
19330.5	49.129	17.391
19611.7	49.502	-8.477
19897.0	47.637	-21.711
20186.4	47.450	-6.794
20480.0	48.871	-17.083
20777.9	50.455	-28.590
21080.1	50.685	-40.693
21386.7	51.026	-60.986
21697.8	49.611	-82.577
22013.4	49.302	-103.198
22333.6	47.667	-138.130
22658.4	46.484	-135.677
22988.0	47.450	-126.992
23322.4	49.801	-101.820
23661.6	53.252	-104.173
