5.00000	22.246	12.372
5.07273	26.914	65.497
5.14651	29.980	91.599
5.22137	31.786	106.673
5.29732	32.996	154.373
5.37437	34.194	148.202
5.45254	33.884	86.203
5.53185	34.679	61.722
5.61231	33.844	60.966
5.69394	30.847	64.564
5.77676	27.486	52.553
5.86079	27.817	32.378
5.94604	30.337	21.084
6.03252	31.283	7.667
6.12027	27.749	-12.141
6.20929	18.042	-46.160
6.29961	17.922	-126.629
6.39124	16.513	-125.130
6.48420	20.033	45.229
6.57851	28.177	48.339
6.67420	29.002	44.744
6.77128	27.390	12.625
6.86977	33.468	-31.984
6.96969	36.457	-45.161
7.07107	35.770	-86.414
7.17392	36.158	-136.447
7.27827	35.322	-158.566
7.38413	33.771	177.373
7.49154	32.838	140.714
7.60050	30.629	97.804
7.71105	28.417	56.997
7.82321	19.032	14.328
7.93701	25.193	-37.445
8.05245	29.364	-32.196
8.16958	29.162	-86.965
8.28841	32.183	-133.297
8.40896	28.158	-154.444
8.53128	21.835	176.759
8.65537	26.247	-151.868
8.78126	31.928	-143.172
8.90899	27.234	177.371
9.03857	29.754	131.639
9.17004	28.435	140.027
9.30342	20.330	12.748
9.43874	18.102	-45.104
9.57603	8.537	-178.680
9.71532	23.893	3.120
9.85663	33.264	-84.423
10.0000	34.650	-121.869
10.1455	32.512	-157.029
10.2930	30.317	-155.304
10.4427	31.017	-157.904
10.5946	33.633	-172.023
10.7487	31.557	161.395
10.9051	32.790	158.775
11.0637	31.113	157.131
11.2246	26.748	123.211
11.3879	29.264	126.952
11.5535	27.181	132.397
11.7216	25.297	-171.710
11.8921	31.595	96.597
12.0650	24.886	49.913
12.2405	22.967	-163.693
12.4186	27.015	165.086
12.5992	34.314	79.429
12.7825	32.377	22.039
12.9684	33.214	-38.843
13.1570	25.016	-104.591
13.3484	30.052	-26.111
13.5426	29.877	-93.693
13.7395	30.193	-66.640
13.9394	33.166	-122.793
14.1421	21.800	176.924
14.3478	24.738	-42.164
14.5565	33.234	-80.394
14.7683	31.109	-120.537
14.9831	31.738	-111.083
15.2010	30.246	-155.266
15.4221	21.045	-41.960
15.6464	26.149	-98.527
15.8740	31.930	-74.653
16.1049	32.176	-109.251
16.3392	23.953	-125.554
16.5768	36.229	-66.464
16.8179	34.446	-123.275
17.0626	33.678	-85.854
17.3107	34.798	-97.331
17.5625	38.438	-125.949
17.8180	25.702	159.347
18.0771	35.695	-96.509
18.3401	32.048	-133.375
18.6068	25.692	-86.331
18.8775	32.477	-79.413
19.1521	38.637	-89.171
19.4306	33.233	-128.709
19.7133	34.264	-85.629
20.0000	35.039	-80.366
20.2909	37.342	-102.619
20.5860	37.268	-70.253
20.8855	40.000	-107.518
21.1893	32.750	-83.079
21.4975	37.934	-103.358
21.8102	36.761	-91.480
22.1274	37.369	-103.668
22.4492	38.869	-64.264
22.7758	42.111	-85.939
23.1071	38.730	-89.720
23.4432	38.313	-91.318
23.7841	39.283	-75.078
24.1301	42.700	-70.800
24.4811	43.039	-73.855
24.8372	43.246	-76.038
25.1984	43.614	-80.205
25.5649	44.535	-76.752
25.9368	44.746	-76.651
26.3141	44.682	-77.633
26.6968	46.655	-75.005
27.0851	46.460	-77.563
27.4791	46.880	-80.119
27.8788	47.706	-72.341
28.2843	48.075	-74.116
28.6957	49.129	-74.879
29.1131	49.048	-74.359
29.5365	49.831	-71.952
29.9661	51.171	-75.749
30.4020	51.123	-77.818
30.8442	51.979	-76.599
31.2929	52.348	-73.089
31.7480	53.240	-76.002
32.2098	54.022	-75.361
32.6783	54.609	-78.251
33.1536	55.592	-75.884
33.6359	56.223	-77.928
34.1251	56.685	-78.423
34.6215	57.265	-80.363
35.1250	57.697	-78.978
35.6359	58.361	-80.209
36.1543	58.920	-80.808
36.6802	59.762	-80.851
37.2137	60.347	-81.462
37.7550	60.932	-82.410
38.3041	61.615	-82.459
38.8613	62.345	-83.487
39.4265	63.096	-84.038
40.0000	63.707	-85.429
40.5818	64.497	-86.773
41.1721	65.155	-88.080
41.7710	65.734	-88.452
42.3785	66.565	-90.170
42.9949	67.319	-91.910
43.6203	68.091	-93.383
44.2548	68.799	-94.822
44.8985	69.566	-96.597
45.5515	70.311	-98.410
46.2141	71.177	-100.792
46.8863	71.939	-103.135
47.5683	72.716	-105.181
48.2602	73.592	-107.920
48.9621	74.420	-111.028
49.6743	75.288	-114.280
50.3968	76.075	-118.110
51.1299	76.885	-122.076
51.8736	77.749	-126.726
52.6281	78.478	-131.535
53.3936	79.247	-137.137
54.1702	79.963	-143.022
54.9581	80.602	-149.366
55.7575	81.123	-155.877
56.5685	81.538	-162.336
57.3914	81.891	-169.407
58.2261	82.129	-176.489
59.0730	82.242	177.510
59.9323	82.297	170.413
60.8040	82.257	164.860
61.6884	82.187	159.181
62.5857	82.033	153.765
63.4960	81.866	148.922
64.4196	81.716	144.968
65.3566	81.553	141.436
66.3073	81.363	137.565
67.2717	81.175	133.922
68.2502	81.006	131.042
69.2429	80.865	128.321
70.2501	80.721	125.638
71.2719	80.552	122.886
72.3086	80.421	120.710
73.3603	80.291	118.368
74.4274	80.162	116.310
75.5099	80.024	114.334
76.6083	79.883	112.483
77.7226	79.756	111.010
78.8531	79.657	109.647
80.0000	79.582	108.356
81.1636	79.542	107.235
82.3442	79.518	105.977
83.5419	79.507	104.593
84.7570	79.499	103.300
85.9899	79.493	101.992
87.2406	79.480	100.765
88.5096	79.473	99.509
89.7970	79.475	98.375
91.1031	79.499	97.207
92.4282	79.518	96.138
93.7726	79.538	94.871
95.1366	79.575	93.883
96.5204	79.636	92.939
97.9243	79.711	91.685
99.3486	79.765	90.307
100.794	79.809	88.997
102.260	79.874	87.641
103.747	79.899	86.319
105.256	79.901	85.004
106.787	79.931	83.950
108.340	79.971	82.857
109.916	80.002	81.864
111.515	80.064	80.823
113.137	80.132	79.829
114.783	80.207	78.751
116.452	80.296	77.569
118.146	80.371	76.355
119.865	80.443	75.150
121.608	80.512	73.919
123.377	80.595	72.702
125.171	80.688	71.485
126.992	80.778	69.993
128.839	80.845	68.567
130.713	80.889	66.963
132.615	80.904	65.561
134.543	80.938	64.351
136.500	80.997	63.116
138.486	81.034	61.687
140.500	81.048	60.591
142.544	81.087	59.558
144.617	81.185	58.521
146.721	81.278	57.254
148.855	81.370	55.768
151.020	81.452	54.269
153.217	81.534	52.566
155.445	81.571	50.518
157.706	81.505	48.503
160.000	81.392	47.570
162.327	81.414	46.975
164.688	81.503	45.950
167.084	81.591	44.527
169.514	81.627	42.761
171.980	81.584	41.181
174.481	81.553	40.173
177.019	81.597	39.146
179.594	81.649	37.817
182.206	81.672	36.310
184.856	81.677	35.056
187.545	81.726	33.603
190.273	81.682	31.876
193.041	81.626	30.872
195.849	81.662	29.864
198.697	81.710	28.536
201.587	81.726	27.051
204.520	81.708	25.600
207.494	81.694	24.345
210.512	81.710	22.998
213.574	81.674	21.561
216.681	81.668	20.418
219.833	81.673	19.000
223.030	81.641	17.593
226.274	81.612	16.307
229.565	81.597	15.055
232.905	81.561	13.753
236.292	81.534	12.669
239.729	81.531	11.424
243.216	81.551	10.283
246.754	81.593	8.253
250.343	81.421	6.565
253.984	81.349	5.643
257.678	81.334	4.625
261.426	81.280	3.051
265.229	81.165	1.698
269.087	81.102	1.228
273.001	81.152	-0.107
276.972	81.046	-1.676
281.000	80.992	-3.087
285.088	80.827	-3.981
289.234	80.825	-4.611
293.441	80.826	-6.271
297.709	80.671	-7.941
302.040	80.525	-8.499
306.433	80.442	-9.569
310.890	80.315	-10.245
315.412	80.264	-11.069
320.000	80.157	-11.811
324.655	80.068	-12.315
329.377	80.064	-12.691
334.168	80.045	-13.696
339.028	80.000	-14.389
343.959	80.009	-15.496
348.962	79.908	-16.687
354.038	79.819	-17.241
359.188	79.802	-17.968
364.412	79.777	-18.778
369.713	79.746	-19.740
375.090	79.709	-20.913
380.546	79.655	-21.709
386.081	79.613	-22.868
391.697	79.533	-23.893
397.394	79.478	-24.788
403.175	79.404	-25.579
409.039	79.334	-26.383
414.989	79.265	-26.854
421.025	79.261	-27.289
427.149	79.299	-27.968
433.362	79.353	-29.042
439.665	79.325	-30.441
446.060	79.311	-31.455
452.548	79.262	-32.870
459.131	79.134	-34.149
465.809	79.096	-34.508
472.584	79.089	-35.664
479.458	78.994	-36.661
486.432	78.959	-37.619
493.507	78.879	-38.827
500.686	78.755	-39.690
507.968	78.651	-40.418
515.357	78.557	-40.944
522.853	78.464	-41.478
530.458	78.387	-41.936
538.174	78.294	-42.257
546.002	78.218	-42.690
553.943	78.134	-42.619
562.001	78.113	-42.388
570.175	78.131	-42.383
578.469	78.182	-42.183
586.883	78.277	-42.315
595.419	78.377	-42.607
604.080	78.507	-43.001
612.866	78.665	-43.602
621.780	78.805	-44.543
630.824	78.960	-45.595
640.000	79.107	-46.881
649.309	79.261	-48.445
658.753	79.376	-50.301
668.335	79.468	-52.238
678.056	79.522	-54.354
687.919	79.550	-56.499
697.925	79.537	-58.707
708.077	79.500	-60.857
718.376	79.421	-63.019
728.825	79.318	-65.019
739.426	79.188	-66.911
750.181	79.037	-68.563
761.093	78.875	-70.041
772.163	78.726	-71.241
783.394	78.572	-72.294
794.789	78.452	-73.057
806.349	78.364	-73.732
818.078	78.326	-74.338
829.977	78.323	-75.034
842.050	78.367	-75.857
854.298	78.432	-76.972
866.724	78.527	-78.382
879.330	78.609	-80.140
892.120	78.690	-82.211
905.097	78.738	-84.572
918.262	78.758	-87.254
931.618	78.704	-90.113
945.169	78.593	-92.892
958.917	78.448	-95.585
972.864	78.276	-98.244
987.015	78.031	-100.811
1001.37	77.747	-103.023
1015.94	77.444	-104.750
1030.71	77.169	-106.111
1045.71	76.937	-107.239
1060.92	76.737	-108.288
1076.35	76.561	-109.296
1092.00	76.416	-110.307
1107.89	76.317	-111.365
1124.00	76.226	-112.712
1140.35	76.118	-114.294
1156.94	75.999	-115.902
1173.77	75.844	-117.481
1190.84	75.652	-118.924
1208.16	75.465	-120.096
1225.73	75.290	-120.959
1243.56	75.169	-121.608
1261.65	75.094	-122.179
1280.00	75.089	-122.865
1298.62	75.127	-123.839
1317.51	75.166	-125.047
1336.67	75.215	-126.576
1356.11	75.265	-128.466
1375.84	75.271	-130.466
1395.85	75.259	-132.328
1416.15	75.225	-133.989
1436.75	75.208	-135.567
1457.65	75.226	-137.007
1478.85	75.326	-138.495
1500.36	75.465	-140.074
1522.19	75.668	-142.222
1544.33	75.873	-144.813
1566.79	76.071	-148.041
1589.58	76.216	-151.786
1612.70	76.293	-155.870
1636.16	76.296	-159.905
1659.95	76.242	-163.936
1684.10	76.145	-167.810
1708.60	76.025	-171.612
1733.45	75.914	-174.995
1758.66	75.798	-178.681
1784.24	75.652	177.426
1810.19	75.440	173.329
1836.52	75.167	169.479
1863.24	74.796	165.947
1890.34	74.400	163.138
1917.83	73.978	160.993
1945.73	73.646	159.590
1974.03	73.411	158.464
2002.74	73.292	157.050
2031.87	73.201	155.082
2061.43	73.097	152.557
2091.41	72.897	149.733
2121.83	72.618	147.116
2152.69	72.290	145.048
2184.01	71.983	143.428
2215.77	71.695	142.115
2248.00	71.415	140.715
2280.70	71.072	139.355
2313.87	70.673	138.467
2347.53	70.255	138.734
2381.68	69.959	140.113
2416.32	69.888	142.015
2451.46	70.037	143.311
2487.12	70.281	143.289
2523.30	70.470	142.114
2560.00	70.536	140.692
2597.24	70.539	139.533
2635.01	70.551	138.767
2673.34	70.620	137.833
2712.23	70.707	136.609
2751.68	70.776	135.086
2791.70	70.828	133.536
2832.31	70.894	131.752
2873.50	70.952	129.263
2915.30	70.887	125.779
2957.70	70.569	122.064
3000.72	69.954	119.329
3044.37	69.139	119.012
3088.65	68.474	121.746
3133.58	68.239	125.915
3179.16	68.395	129.143
3225.40	68.671	130.581
3272.31	68.931	130.911
3319.91	69.175	130.442
3368.20	69.369	129.157
3417.19	69.435	127.145
3466.89	69.310	124.992
3517.32	68.974	123.252
3568.48	68.504	122.881
3620.39	68.023	124.412
3673.05	67.742	127.742
3726.47	67.849	131.354
3780.67	68.212	133.164
3835.67	68.496	132.942
3891.46	68.559	132.251
3948.06	68.504	132.317
4005.49	68.542	133.171
4063.75	68.696	133.458
4122.86	68.794	132.951
4182.82	68.779	132.317
4243.66	68.691	132.017
4305.39	68.607	132.266
4368.01	68.605	132.648
4431.55	68.649	132.295
4496.01	68.549	130.913
4561.40	68.106	129.894
4627.75	67.465	131.869
4695.06	67.185	137.151
4763.35	67.518	142.084
4832.64	68.135	144.281
4902.93	68.749	143.875
4974.24	69.187	141.144
5046.60	69.225	136.996
5120.00	68.788	133.790
5194.47	68.123	133.761
5270.03	67.710	136.711
5346.68	67.777	139.345
5424.45	67.920	139.347
5503.35	67.791	138.483
5583.40	67.567	137.937
5664.61	67.138	136.691
5747.01	66.210	138.175
5830.60	65.765	145.603
5915.41	66.329	150.027
6001.45	66.529	148.869
6088.74	66.046	149.622
6177.30	65.868	154.667
6267.15	66.342	157.433
6358.31	66.491	156.421
6450.80	66.278	157.485
6544.62	66.385	159.681
6639.82	66.594	159.895
6736.40	66.579	158.738
6834.38	66.314	157.792
6933.79	65.892	157.041
7034.64	65.087	158.160
7136.96	64.659	163.235
7240.77	64.716	165.546
7346.09	64.337	166.060
7452.94	63.745	169.495
7561.35	63.525	173.947
7671.33	63.346	177.380
7782.91	63.192	-178.805
7896.12	63.223	-174.915
8010.97	63.271	-174.005
8127.49	62.673	-172.138
8245.71	62.300	-166.859
8365.65	62.166	-162.583
8487.33	61.901	-156.967
8610.78	62.205	-151.005
8736.03	62.575	-147.369
8863.09	62.864	-147.019
8992.01	62.638	-145.900
9122.80	62.377	-144.307
9255.50	62.089	-142.097
9390.12	61.502	-139.761
9526.70	60.972	-135.139
9665.27	60.730	-131.852
9805.86	59.409	-130.416
9948.49	57.469	-114.020
10093.2	58.684	-92.270
10240.0	60.618	-85.660
10388.9	61.937	-85.921
10540.1	62.227	-89.063
10693.4	61.743	-88.495
10848.9	61.249	-83.286
11006.7	61.548	-77.440
11166.8	61.556	-76.087
11329.2	61.106	-71.558
11494.0	60.936	-64.467
11661.2	61.332	-58.845
11830.8	61.314	-55.214
12002.9	61.433	-50.212
12177.5	61.246	-47.268
12354.6	60.892	-41.460
12534.3	60.913	-32.413
12716.6	61.629	-24.487
12901.6	62.437	-24.054
13089.2	62.359	-22.824
13279.6	62.118	-21.933
13472.8	61.501	-18.034
13668.8	60.691	-11.437
13867.6	60.854	1.045
14069.3	61.670	8.415
14273.9	62.610	10.885
14481.5	62.742	9.608
14692.2	62.105	12.751
14905.9	62.192	18.903
15122.7	62.039	22.340
15342.7	61.587	27.535
15565.8	61.919	35.898
15792.2	62.358	39.962
16021.9	62.163	41.750
16255.0	62.316	50.412
16491.4	63.043	52.364
16731.3	62.948	52.928
16974.7	62.975	56.277
17221.6	62.894	56.213
17472.1	62.167	57.290
17726.2	61.307	60.801
17984.0	60.760	68.477
18245.6	60.225	70.803
18511.0	59.178	76.103
18780.2	58.008	83.273
19053.4	56.834	95.681
19330.5	56.865	112.740
19611.7	57.886	120.365
19897.0	57.422	120.309
20186.4	56.418	129.673
20480.0	55.360	138.905
20777.9	54.414	156.915
21080.1	54.635	171.342
21386.7	54.494	-167.574
21697.8	56.955	-146.694
22013.4	58.883	-144.232
22333.6	59.904	-139.005
22658.4	60.470	-134.789
22988.0	61.041	-125.027
23322.4	62.774	-114.688
23661.6	64.419	-113.490
