5.00000	21.794	11.812
5.07273	26.462	64.929
5.14651	29.528	91.023
5.22137	31.334	106.088
5.29732	32.544	153.780
5.37437	33.742	147.601
5.45254	33.432	85.593
5.53185	34.227	61.103
5.61231	33.392	60.337
5.69394	30.395	63.927
5.77676	27.034	51.906
5.86079	27.365	31.722
5.94604	29.886	20.418
6.03252	30.831	6.992
6.12027	27.297	-12.826
6.20929	17.590	-46.855
6.29961	17.470	-127.333
6.39124	16.062	-125.844
6.48420	19.581	44.502
6.57851	27.725	47.602
6.67420	28.550	43.996
6.77128	26.938	11.866
6.86977	33.016	-32.753
6.96969	36.005	-45.941
7.07107	35.318	-87.206
7.17392	35.706	-137.250
7.27827	34.870	-159.381
7.38413	33.319	176.546
7.49154	32.386	139.875
7.60050	30.177	96.952
7.71105	27.965	56.133
7.82321	18.580	13.451
7.93701	24.741	-38.334
8.05245	28.913	-33.097
8.16958	28.710	-87.879
8.28841	31.731	-134.224
8.40896	27.706	-155.385
8.53128	21.383	175.804
8.65537	25.795	-152.836
8.78126	31.476	-144.155
8.90899	26.782	176.374
9.03857	29.301	130.627
9.17004	27.983	139.001
9.30342	19.878	11.705
9.43874	17.651	-46.161
9.57603	8.084	-179.747
9.71532	23.442	2.031
9.85663	32.812	-85.527
10.0000	34.198	-122.988
10.1455	32.060	-158.165
10.2930	29.865	-156.455
10.4427	30.565	-159.073
10.5946	33.181	-173.209
10.7487	31.105	160.192
10.9051	32.338	157.554
11.0637	30.661	155.892
11.2246	26.296	121.954
11.3879	28.812	125.677
11.5535	26.729	131.103
11.7216	24.845	-173.021
11.8921	31.143	95.265
12.0650	24.434	48.560
12.2405	22.514	-165.061
12.4186	26.562	163.696
12.5992	33.862	78.017
12.7825	31.926	20.607
12.9684	32.763	-40.295
13.1570	24.565	-106.062
13.3484	29.600	-27.605
13.5426	29.425	-95.208
13.7395	29.742	-68.177
13.9394	32.714	-124.353
14.1421	21.347	175.342
14.3478	24.286	-43.770
14.5565	32.782	-82.023
14.7683	30.657	-122.189
14.9831	31.286	-112.759
15.2010	29.794	-156.966
15.4221	20.594	-43.685
15.6464	25.697	-100.276
15.8740	31.478	-76.429
16.1049	31.724	-111.053
16.3392	23.501	-127.380
16.5768	35.777	-68.319
16.8179	33.994	-125.156
17.0626	33.226	-87.763
17.3107	34.346	-99.268
17.5625	37.986	-127.914
17.8180	25.249	157.352
18.0771	35.243	-98.532
18.3401	31.596	-135.427
18.6068	25.241	-88.411
18.8775	32.025	-81.525
19.1521	38.185	-91.314
19.4306	32.781	-130.883
19.7133	33.812	-87.835
20.0000	34.588	-82.604
20.2909	36.890	-104.890
20.5860	36.816	-72.557
20.8855	39.548	-109.855
21.1893	32.298	-85.449
21.4975	37.482	-105.764
21.8102	36.309	-93.921
22.1274	36.917	-106.144
22.4492	38.417	-66.777
22.7758	41.659	-88.488
23.1071	38.278	-92.306
23.4432	37.861	-93.941
23.7841	38.831	-77.740
24.1301	42.248	-73.501
24.4811	42.588	-76.595
24.8372	42.794	-78.817
25.1984	43.162	-83.025
25.5649	44.083	-79.613
25.9368	44.294	-79.553
26.3141	44.230	-80.578
26.6968	46.203	-77.993
27.0851	46.008	-80.594
27.4791	46.428	-83.194
27.8788	47.254	-75.462
28.2843	47.624	-77.282
28.6957	48.678	-78.091
29.1131	48.596	-77.617
29.5365	49.379	-75.258
29.9661	50.719	-79.103
30.4020	50.672	-81.221
30.8442	51.527	-80.052
31.2929	51.896	-76.592
31.7480	52.788	-79.556
32.2098	53.570	-78.967
32.6783	54.157	-81.909
33.1536	55.140	-79.595
33.6359	55.771	-81.693
34.1251	56.233	-82.243
34.6215	56.813	-84.238
35.1250	57.245	-82.910
35.6359	57.909	-84.198
36.1543	58.468	-84.855
36.6802	59.310	-84.957
37.2137	59.895	-85.628
37.7550	60.480	-86.637
38.3041	61.163	-86.747
38.8613	61.893	-87.837
39.4265	62.645	-88.451
40.0000	63.255	-89.906
40.5818	64.045	-91.315
41.1721	64.703	-92.689
41.7710	65.282	-93.128
42.3785	66.113	-94.914
42.9949	66.867	-96.723
43.6203	67.639	-98.266
44.2548	68.347	-99.776
44.8985	69.114	-101.623
45.5515	69.859	-103.509
46.2141	70.725	-105.965
46.8863	71.487	-108.384
47.5683	72.264	-110.506
48.2602	73.140	-113.323
48.9621	73.968	-116.509
49.6743	74.836	-119.841
50.3968	75.623	-123.752
51.1299	76.433	-127.800
51.8736	77.297	-132.533
52.6281	78.026	-137.426
53.3936	78.795	-143.114
54.1702	79.511	-149.087
54.9581	80.150	-155.518
55.7575	80.671	-162.120
56.5685	81.086	-168.669
57.3914	81.439	-175.832
58.2261	81.677	176.992
59.0730	81.790	170.897
59.9323	81.845	163.704
60.8040	81.805	158.053
61.6884	81.735	152.275
62.5857	81.581	146.759
63.4960	81.414	141.813
64.4196	81.264	137.756
65.3566	81.101	134.119
66.3073	80.911	130.142
67.2717	80.723	126.391
68.2502	80.554	123.401
69.2429	80.413	120.569
70.2501	80.269	117.773
71.2719	80.100	114.907
72.3086	79.969	112.614
73.3603	79.839	110.155
74.4274	79.710	107.978
75.5099	79.572	105.880
76.6083	79.431	103.906
77.7226	79.304	102.308
78.8531	79.205	100.818
80.0000	79.130	99.400
81.1636	79.090	98.148
82.3442	79.066	96.758
83.5419	79.055	95.240
84.7570	79.047	93.811
85.9899	79.041	92.365
87.2406	79.028	90.998
88.5096	79.021	89.599
89.7970	79.023	88.322
91.1031	79.047	87.008
92.4282	79.066	85.790
93.7726	79.086	84.373
95.1366	79.123	83.231
96.5204	79.184	82.133
97.9243	79.259	80.722
99.3486	79.313	79.184
100.794	79.357	77.712
102.260	79.422	76.192
103.747	79.447	74.703
105.256	79.449	73.219
106.787	79.479	71.994
108.340	79.519	70.727
109.916	79.550	69.557
111.515	79.612	68.338
113.137	79.680	67.162
114.783	79.755	65.900
116.452	79.844	64.531
118.146	79.919	63.127
119.865	79.991	61.729
121.608	80.060	60.303
123.377	80.143	58.889
125.171	80.236	57.471
126.992	80.326	55.775
128.839	80.393	54.142
130.713	80.437	52.328
132.615	80.452	50.713
134.543	80.486	49.287
136.500	80.545	47.833
138.486	80.582	46.182
140.500	80.596	44.860
142.544	80.635	43.598
144.617	80.733	42.329
146.721	80.826	40.827
148.855	80.918	39.101
151.020	81.001	37.360
153.217	81.082	35.411
155.445	81.119	33.113
157.706	81.053	30.845
160.000	80.940	29.655
162.327	80.962	28.800
164.688	81.051	27.511
167.084	81.140	25.819
169.514	81.175	23.782
171.980	81.132	21.925
174.481	81.102	20.637
177.019	81.145	19.326
179.594	81.197	17.709
182.206	81.220	15.909
184.856	81.225	14.359
187.545	81.274	12.604
190.273	81.230	10.572
193.041	81.175	9.258
195.849	81.210	7.936
198.697	81.258	6.289
201.587	81.274	4.481
204.520	81.256	2.701
207.494	81.243	1.114
210.512	81.259	-0.572
213.574	81.223	-2.351
216.681	81.217	-3.841
219.833	81.221	-5.612
223.030	81.190	-7.377
226.274	81.161	-9.026
229.565	81.146	-10.646
232.905	81.111	-12.321
236.292	81.083	-13.785
239.729	81.081	-15.414
243.216	81.101	-16.946
246.754	81.143	-19.371
250.343	80.971	-21.461
253.984	80.899	-22.790
257.678	80.884	-24.221
261.426	80.830	-26.214
265.229	80.715	-27.992
269.087	80.653	-28.893
273.001	80.703	-30.666
276.972	80.597	-32.678
281.000	80.543	-34.540
285.088	80.379	-35.890
289.234	80.376	-36.985
293.441	80.378	-39.115
297.709	80.223	-41.261
302.040	80.077	-42.303
306.433	79.994	-43.864
310.890	79.868	-45.037
315.412	79.817	-46.366
320.000	79.710	-47.620
324.655	79.622	-48.644
329.377	79.618	-49.547
334.168	79.599	-51.087
339.028	79.554	-52.323
343.959	79.563	-53.980
348.962	79.463	-55.728
354.038	79.374	-56.847
359.188	79.358	-58.149
364.412	79.333	-59.540
369.713	79.303	-61.092
375.090	79.266	-62.863
380.546	79.211	-64.266
386.081	79.170	-66.039
391.697	79.090	-67.687
397.394	79.035	-69.214
403.175	78.961	-70.645
409.039	78.892	-72.098
414.989	78.824	-73.228
421.025	78.820	-74.330
427.149	78.859	-75.688
433.362	78.912	-77.448
439.665	78.884	-79.541
446.060	78.871	-81.260
452.548	78.822	-83.388
459.131	78.694	-85.388
465.809	78.657	-86.481
472.584	78.650	-88.380
479.458	78.556	-90.129
486.432	78.521	-91.850
493.507	78.442	-93.831
500.686	78.317	-95.474
507.968	78.214	-96.995
515.357	78.121	-98.325
522.853	78.028	-99.672
530.458	77.952	-100.956
538.174	77.859	-102.113
546.002	77.784	-103.394
553.943	77.700	-104.181
562.001	77.680	-104.824
570.175	77.698	-105.703
578.469	77.750	-106.403
586.883	77.845	-107.447
595.419	77.944	-108.661
604.080	78.073	-109.992
612.866	78.229	-111.542
621.780	78.366	-113.441
630.824	78.518	-115.465
640.000	78.661	-117.732
649.309	78.811	-120.290
658.753	78.920	-123.149
668.335	79.006	-126.099
678.056	79.052	-129.239
687.919	79.072	-132.416
697.925	79.050	-135.665
708.077	79.003	-138.866
718.376	78.912	-142.087
728.825	78.796	-145.153
739.426	78.651	-148.120
750.181	78.486	-150.852
761.093	78.307	-153.417
772.163	78.140	-155.714
783.394	77.966	-157.867
794.789	77.825	-159.738
806.349	77.714	-161.528
818.078	77.652	-163.258
829.977	77.622	-165.089
842.050	77.636	-167.056
854.298	77.668	-169.324
866.724	77.725	-171.894
879.330	77.764	-174.811
892.120	77.798	-178.039
905.097	77.793	178.457
918.262	77.753	174.639
931.618	77.632	170.686
945.169	77.450	166.872
958.917	77.235	163.181
972.864	76.991	159.563
987.015	76.676	156.084
1001.37	76.327	153.032
1015.94	75.975	150.486
1030.71	75.664	148.288
1045.71	75.412	146.226
1060.92	75.204	144.091
1076.35	75.024	141.775
1092.00	74.865	139.213
1107.89	74.718	136.391
1124.00	74.550	133.037
1140.35	74.317	129.228
1156.94	74.018	125.329
1173.77	73.619	121.370
1190.84	73.100	117.490
1208.16	72.494	113.975
1225.73	71.808	111.033
1243.56	71.082	108.693
1261.65	70.329	106.982
1280.00	69.545	106.024
1298.62	68.774	105.577
1317.51	68.003	105.416
1336.67	67.207	106.064
1356.11	66.382	107.789
1375.84	65.579	110.710
1395.85	64.858	114.928
1416.15	64.380	120.424
1436.75	64.319	126.732
1457.65	64.691	131.834
1478.85	65.249	134.616
1500.36	65.653	135.126
1522.19	65.941	134.150
1544.33	65.939	132.722
1566.79	65.733	132.052
1589.58	65.327	132.745
1612.70	65.005	135.797
1636.16	64.956	140.783
1659.95	65.385	145.526
1684.10	66.140	148.728
1708.60	66.990	149.049
1733.45	67.686	148.030
1758.66	68.270	145.492
1784.24	68.694	142.488
1810.19	68.973	139.103
1836.52	69.169	136.129
1863.24	69.278	132.849
1890.34	69.326	129.567
1917.83	69.217	125.680
1945.73	68.940	122.219
1974.03	68.441	119.624
2002.74	67.832	118.751
2031.87	67.257	120.105
2061.43	67.023	123.117
2091.41	67.142	125.788
2121.83	67.482	126.627
2152.69	67.761	125.587
2184.01	67.880	123.563
2215.77	67.768	121.574
2248.00	67.517	120.028
2280.70	67.166	119.263
2313.87	66.806	119.230
2347.53	66.397	120.105
2381.68	66.001	122.201
2416.32	65.732	125.974
2451.46	65.782	130.640
2487.12	66.189	134.414
2523.30	66.732	135.929
2560.00	67.139	136.000
2597.24	67.382	135.887
2635.01	67.572	136.524
2673.34	67.876	137.449
2712.23	68.313	137.843
2751.68	68.778	137.068
2791.70	69.169	135.565
2832.31	69.488	133.601
2873.50	69.752	131.056
2915.30	69.893	127.599
2957.70	69.788	123.774
3000.72	69.366	120.673
3044.37	68.700	119.854
3088.65	68.144	122.180
3133.58	68.011	126.091
3179.16	68.277	129.046
3225.40	68.655	130.119
3272.31	69.006	130.033
3319.91	69.330	129.089
3368.20	69.589	127.242
3417.19	69.697	124.615
3466.89	69.596	121.818
3517.32	69.258	119.330
3568.48	68.728	118.097
3620.39	68.089	118.995
3673.05	67.590	122.618
3726.47	67.574	127.530
3780.67	67.965	130.642
3835.67	68.350	131.317
3891.46	68.568	131.148
3948.06	68.706	131.107
4005.49	68.862	130.807
4063.75	68.920	130.148
4122.86	68.896	130.098
4182.82	68.953	130.393
4243.66	69.057	130.098
4305.39	69.107	129.353
4368.01	69.138	128.498
4431.55	69.129	126.822
4496.01	68.875	124.458
4561.40	68.286	123.076
4627.75	67.524	124.321
4695.06	66.910	128.945
4763.35	66.891	135.525
4832.64	67.484	139.792
4902.93	68.138	140.280
4974.24	68.581	138.415
5046.60	68.684	134.907
5120.00	68.259	131.794
5194.47	67.528	132.267
5270.03	67.103	136.226
5346.68	67.220	139.897
5424.45	67.487	140.792
5503.35	67.508	140.253
5583.40	67.408	139.842
5664.61	67.127	138.495
5747.01	66.315	139.352
5830.60	65.905	146.014
5915.41	66.446	149.877
6001.45	66.605	148.446
6088.74	66.082	149.102
6177.30	65.868	154.230
6267.15	66.332	157.186
6358.31	66.487	156.312
6450.80	66.285	157.477
6544.62	66.406	159.738
6639.82	66.631	160.003
6736.40	66.633	158.878
6834.38	66.385	157.982
6933.79	65.993	157.282
7034.64	65.224	158.394
7136.96	64.859	163.347
7240.77	64.955	165.217
7346.09	64.603	165.279
7452.94	63.999	167.951
7561.35	63.702	171.809
7671.33	63.385	174.949
7782.91	63.123	179.144
7896.12	63.089	-176.457
8010.97	63.149	-175.099
8127.49	62.550	-173.034
8245.71	62.188	-167.613
8365.65	62.045	-163.172
8487.33	61.770	-157.374
8610.78	62.093	-151.077
8736.03	62.487	-147.381
8863.09	62.792	-146.976
8992.01	62.580	-145.772
9122.80	62.340	-144.176
9255.50	62.068	-141.981
9390.12	61.490	-139.697
9526.70	60.966	-135.108
9665.27	60.729	-131.864
9805.86	59.402	-130.492
9948.49	57.441	-114.055
10093.2	58.664	-92.088
10240.0	60.629	-85.439
10388.9	61.964	-85.747
10540.1	62.280	-88.887
10693.4	61.836	-88.546
10848.9	61.338	-83.849
11006.7	61.575	-78.330
11166.8	61.506	-76.900
11329.2	61.007	-71.980
11494.0	60.847	-64.422
11661.2	61.289	-58.637
11830.8	61.302	-55.082
12002.9	61.427	-50.164
12177.5	61.241	-47.258
12354.6	60.887	-41.463
12534.3	60.909	-32.438
12716.6	61.621	-24.486
12901.6	62.436	-24.068
13089.2	62.357	-22.877
13279.6	62.103	-21.995
13472.8	61.491	-17.951
13668.8	60.702	-11.372
13867.6	60.865	0.983
14069.3	61.676	8.372
14273.9	62.618	10.724
14481.5	62.720	9.463
14692.2	62.081	12.732
14905.9	62.174	18.961
15122.7	62.034	22.429
15342.7	61.592	27.537
15565.8	61.916	35.900
15792.2	62.356	39.970
16021.9	62.163	41.754
16255.0	62.315	50.402
16491.4	63.040	52.347
16731.3	62.941	52.931
16974.7	62.973	56.303
17221.6	62.894	56.218
17472.1	62.165	57.290
17726.2	61.305	60.808
17984.0	60.759	68.495
18245.6	60.227	70.816
18511.0	59.180	76.096
18780.2	58.007	83.265
19053.4	56.833	95.684
19330.5	56.865	112.739
19611.7	57.885	120.365
19897.0	57.421	120.310
20186.4	56.416	129.686
20480.0	55.360	138.933
20777.9	54.416	156.933
21080.1	54.639	171.354
21386.7	54.497	-167.604
21697.8	56.953	-146.709
22013.4	58.882	-144.232
22333.6	59.903	-139.002
22658.4	60.470	-134.791
22988.0	61.041	-125.029
23322.4	62.773	-114.689
23661.6	64.418	-113.488
