5.00000	22.246	12.365
5.07273	26.913	65.495
5.14651	29.979	91.599
5.22137	31.786	106.674
5.29732	32.996	154.375
5.37437	34.194	148.204
5.45254	33.883	86.203
5.53185	34.679	61.721
5.61231	33.844	60.965
5.69394	30.847	64.563
5.77676	27.485	52.550
5.86079	27.816	32.375
5.94604	30.337	21.081
6.03252	31.283	7.664
6.12027	27.749	-12.145
6.20929	18.044	-46.169
6.29961	17.924	-126.620
6.39124	16.516	-125.120
6.48420	20.032	45.220
6.57851	28.176	48.335
6.67420	29.001	44.740
6.77128	27.390	12.620
6.86977	33.468	-31.986
6.96969	36.457	-45.162
7.07107	35.770	-86.414
7.17392	36.158	-136.445
7.27827	35.322	-158.564
7.38413	33.770	177.376
7.49154	32.838	140.716
7.60050	30.628	97.804
7.71105	28.416	56.994
7.82321	19.032	14.312
7.93701	25.194	-37.451
8.05245	29.365	-32.200
8.16958	29.162	-86.964
8.28841	32.183	-133.294
8.40896	28.159	-154.438
8.53128	21.835	176.771
8.65537	26.247	-151.861
8.78126	31.928	-143.169
8.90899	27.234	177.378
9.03857	29.753	131.642
9.17004	28.434	140.032
9.30342	20.329	12.732
9.43874	18.105	-45.118
9.57603	8.537	-178.615
9.71532	23.893	3.109
9.85663	33.264	-84.424
10.0000	34.650	-121.867
10.1455	32.513	-157.025
10.2930	30.317	-155.298
10.4427	31.017	-157.899
10.5946	33.633	-172.019
10.7487	31.557	161.400
10.9051	32.790	158.779
11.0637	31.113	157.136
11.2246	26.747	123.216
11.3879	29.263	126.956
11.5535	27.180	132.402
11.7216	25.297	-171.698
11.8921	31.594	96.597
12.0650	24.885	49.904
12.2405	22.967	-163.677
12.4186	27.014	165.096
12.5992	34.313	79.427
12.7825	32.377	22.034
12.9684	33.215	-38.847
13.1570	25.018	-104.586
13.3484	30.052	-26.117
13.5426	29.879	-93.692
13.7395	30.195	-66.642
13.9394	33.167	-122.790
14.1421	21.799	176.944
14.3478	24.739	-42.174
14.5565	33.235	-80.395
14.7683	31.110	-120.533
14.9831	31.738	-111.080
15.2010	30.246	-155.258
15.4221	21.048	-41.976
15.6464	26.151	-98.523
15.8740	31.931	-74.654
16.1049	32.177	-109.248
16.3392	23.955	-125.542
16.5768	36.230	-66.466
16.8179	34.447	-123.271
17.0626	33.679	-85.854
17.3107	34.799	-97.330
17.5625	38.438	-125.946
17.8180	25.701	159.362
18.0771	35.696	-96.508
18.3401	32.049	-133.369
18.6068	25.695	-86.330
18.8775	32.478	-79.414
19.1521	38.638	-89.170
19.4306	33.233	-128.704
19.7133	34.265	-85.629
20.0000	35.040	-80.366
20.2909	37.342	-102.617
20.5860	37.269	-70.254
20.8855	40.001	-107.517
21.1893	32.751	-83.078
21.4975	37.934	-103.357
21.8102	36.762	-91.479
22.1274	37.370	-103.666
22.4492	38.870	-64.266
22.7758	42.111	-85.939
23.1071	38.731	-89.720
23.4432	38.314	-91.317
23.7841	39.284	-75.079
24.1301	42.700	-70.801
24.4811	43.040	-73.855
24.8372	43.246	-76.038
25.1984	43.614	-80.205
25.5649	44.535	-76.752
25.9368	44.746	-76.651
26.3141	44.682	-77.633
26.6968	46.655	-75.005
27.0851	46.460	-77.563
27.4791	46.881	-80.119
27.8788	47.706	-72.342
28.2843	48.076	-74.117
28.6957	49.130	-74.879
29.1131	49.049	-74.359
29.5365	49.831	-71.952
29.9661	51.171	-75.749
30.4020	51.124	-77.818
30.8442	51.979	-76.599
31.2929	52.348	-73.089
31.7480	53.240	-76.002
32.2098	54.022	-75.361
32.6783	54.609	-78.251
33.1536	55.592	-75.884
33.6359	56.224	-77.928
34.1251	56.685	-78.423
34.6215	57.265	-80.363
35.1250	57.697	-78.978
35.6359	58.361	-80.209
36.1543	58.920	-80.808
36.6802	59.762	-80.851
37.2137	60.347	-81.462
37.7550	60.932	-82.410
38.3041	61.615	-82.459
38.8613	62.345	-83.487
39.4265	63.097	-84.038
40.0000	63.707	-85.428
40.5818	64.497	-86.770
41.1721	65.155	-88.073
41.7710	65.735	-88.436
42.3785	66.567	-90.142
42.9949	67.321	-91.866
43.6203	68.094	-93.321
44.2548	68.803	-94.739
44.8985	69.571	-96.490
45.5515	70.317	-98.275
46.2141	71.184	-100.627
46.8863	71.947	-102.937
47.5683	72.726	-104.947
48.2602	73.602	-107.647
48.9621	74.431	-110.715
49.6743	75.300	-113.924
50.3968	76.087	-117.707
51.1299	76.897	-121.626
51.8736	77.763	-126.226
52.6281	78.492	-130.983
53.3936	79.261	-136.531
54.1702	79.978	-142.361
54.9581	80.616	-148.648
55.7575	81.136	-155.100
56.5685	81.551	-161.498
57.3914	81.903	-168.508
58.2261	82.141	-175.527
59.0730	82.252	178.537
59.9323	82.306	171.505
60.8040	82.264	166.018
61.6884	82.193	160.407
62.5857	82.036	155.059
63.4960	81.867	150.283
64.4196	81.714	146.400
65.3566	81.548	142.938
66.3073	81.355	139.138
67.2717	81.164	135.565
68.2502	80.991	132.755
69.2429	80.846	130.105
70.2501	80.698	127.494
71.2719	80.523	124.813
72.3086	80.388	122.707
73.3603	80.252	120.436
74.4274	80.117	118.448
75.5099	79.974	116.542
76.6083	79.828	114.758
77.7226	79.694	113.354
78.8531	79.589	112.059
80.0000	79.506	110.835
81.1636	79.460	109.779
82.3442	79.427	108.586
83.5419	79.408	107.264
84.7570	79.393	106.034
85.9899	79.379	104.787
87.2406	79.358	103.618
88.5096	79.341	102.419
89.7970	79.335	101.340
91.1031	79.349	100.227
92.4282	79.359	99.208
93.7726	79.369	97.991
95.1366	79.397	97.049
96.5204	79.448	96.150
97.9243	79.513	94.939
99.3486	79.557	93.599
100.794	79.590	92.325
102.260	79.644	91.003
103.747	79.659	89.710
105.256	79.651	88.424
106.787	79.669	87.392
108.340	79.698	86.320
109.916	79.719	85.342
111.515	79.768	84.315
113.137	79.826	83.328
114.783	79.889	82.256
116.452	79.967	81.073
118.146	80.031	79.854
119.865	80.092	78.640
121.608	80.149	77.394
123.377	80.220	76.159
125.171	80.302	74.916
126.992	80.381	73.395
128.839	80.435	71.934
130.713	80.469	70.287
132.615	80.472	68.838
134.543	80.495	67.575
136.500	80.542	66.278
138.486	80.568	64.783
140.500	80.569	63.613
142.544	80.598	62.498
144.617	80.685	61.374
146.721	80.767	60.012
148.855	80.847	58.422
151.020	80.919	56.811
153.217	80.990	54.989
155.445	81.016	52.813
157.706	80.939	50.663
160.000	80.816	49.583
162.327	80.827	48.833
164.688	80.905	47.645
167.084	80.984	46.048
169.514	81.008	44.099
171.980	80.954	42.325
174.481	80.915	41.113
177.019	80.947	39.872
179.594	80.989	38.316
182.206	81.002	36.573
184.856	80.997	35.071
187.545	81.035	33.359
190.273	80.981	31.360
193.041	80.915	30.073
195.849	80.939	28.769
198.697	80.976	27.132
201.587	80.980	25.326
204.520	80.952	23.539
207.494	80.926	21.937
210.512	80.931	20.228
213.574	80.882	18.417
216.681	80.864	16.886
219.833	80.855	15.064
223.030	80.809	13.239
226.274	80.765	11.521
229.565	80.736	9.822
232.905	80.684	8.060
236.292	80.640	6.500
239.729	80.618	4.765
243.216	80.619	3.120
246.754	80.641	0.570
250.343	80.447	-1.653
253.984	80.351	-3.122
257.678	80.312	-4.700
261.426	80.230	-6.848
265.229	80.087	-8.788
269.087	79.993	-9.856
273.001	80.010	-11.800
276.972	79.867	-13.987
281.000	79.775	-16.025
285.088	79.569	-17.551
289.234	79.521	-18.819
293.441	79.475	-21.119
297.709	79.268	-23.429
302.040	79.066	-24.622
306.433	78.926	-26.324
310.890	78.737	-27.620
315.412	78.621	-29.050
320.000	78.445	-30.381
324.655	78.284	-31.453
329.377	78.207	-32.370
334.168	78.112	-33.888
339.028	77.989	-35.056
343.959	77.921	-36.603
348.962	77.745	-38.195
354.038	77.580	-39.107
359.188	77.492	-40.154
364.412	77.399	-41.247
369.713	77.306	-42.457
375.090	77.215	-43.844
380.546	77.114	-44.827
386.081	77.036	-46.152
391.697	76.932	-47.333
397.394	76.862	-48.380
403.175	76.786	-49.329
409.039	76.726	-50.308
414.989	76.680	-50.983
421.025	76.709	-51.658
427.149	76.792	-52.622
433.362	76.898	-54.035
439.665	76.931	-55.841
446.060	76.987	-57.328
452.548	77.011	-59.292
459.131	76.962	-61.200
465.809	77.005	-62.269
472.584	77.079	-64.224
479.458	77.066	-66.111
486.432	77.110	-68.048
493.507	77.104	-70.333
500.686	77.046	-72.365
507.968	77.000	-74.359
515.357	76.953	-76.242
522.853	76.891	-78.218
530.458	76.829	-80.187
538.174	76.731	-82.072
546.002	76.628	-84.099
553.943	76.494	-85.619
562.001	76.400	-86.942
570.175	76.323	-88.419
578.469	76.261	-89.596
586.883	76.229	-90.967
595.419	76.193	-92.347
604.080	76.186	-93.670
612.866	76.212	-95.049
621.780	76.233	-96.638
630.824	76.284	-98.239
640.000	76.345	-100.009
649.309	76.434	-102.029
658.753	76.502	-104.347
668.335	76.566	-106.782
678.056	76.609	-109.462
687.919	76.639	-112.252
697.925	76.637	-115.207
708.077	76.619	-118.216
718.376	76.563	-121.357
728.825	76.481	-124.458
739.426	76.368	-127.576
750.181	76.225	-130.567
761.093	76.057	-133.483
772.163	75.884	-136.195
783.394	75.686	-138.793
794.789	75.500	-141.089
806.349	75.326	-143.230
818.078	75.188	-145.189
829.977	75.078	-147.094
842.050	75.018	-148.976
854.298	74.991	-151.018
866.724	75.013	-153.271
879.330	75.042	-155.837
892.120	75.093	-158.737
905.097	75.129	-161.990
918.262	75.148	-165.661
931.618	75.098	-169.611
945.169	74.993	-173.584
958.917	74.846	-177.566
972.864	74.660	178.419
987.015	74.385	174.479
1001.37	74.053	170.950
1015.94	73.687	168.020
1030.71	73.339	165.643
1045.71	73.041	163.735
1060.92	72.801	162.147
1076.35	72.629	160.769
1092.00	72.548	159.412
1107.89	72.556	157.975
1124.00	72.629	155.937
1140.35	72.728	153.183
1156.94	72.807	150.146
1173.77	72.828	146.786
1190.84	72.786	143.079
1208.16	72.691	139.484
1225.73	72.545	136.200
1243.56	72.394	133.345
1261.65	72.251	130.940
1280.00	72.171	128.792
1298.62	72.174	126.807
1317.51	72.252	124.877
1336.67	72.421	122.458
1356.11	72.665	119.195
1375.84	72.893	115.196
1395.85	73.067	110.922
1416.15	73.156	106.352
1436.75	73.174	101.319
1457.65	73.087	96.144
1478.85	72.948	91.378
1500.36	72.776	87.536
1522.19	72.624	83.995
1544.33	72.525	80.974
1566.79	72.544	77.980
1589.58	72.638	74.607
1612.70	72.797	70.539
1636.16	72.950	65.878
1659.95	73.059	60.486
1684.10	73.077	54.546
1708.60	72.990	48.313
1733.45	72.823	42.684
1758.66	72.577	36.903
1784.24	72.258	31.318
1810.19	71.894	25.979
1836.52	71.525	21.149
1863.24	71.117	16.495
1890.34	70.706	12.196
1917.83	70.228	8.039
1945.73	69.757	4.511
1974.03	69.302	1.648
2002.74	68.946	-0.865
2031.87	68.708	-3.425
2061.43	68.579	-6.722
2091.41	68.421	-11.279
2121.83	68.117	-16.734
2152.69	67.562	-22.329
2184.01	66.755	-26.994
2215.77	65.752	-29.430
2248.00	64.801	-28.791
2280.70	64.270	-26.018
2313.87	64.286	-23.726
2347.53	64.597	-24.247
2381.68	64.807	-27.439
2416.32	64.709	-31.679
2451.46	64.304	-35.530
2487.12	63.726	-37.590
2523.30	63.253	-37.652
2560.00	63.040	-36.707
2597.24	63.049	-36.111
2635.01	63.148	-36.013
2673.34	63.339	-36.096
2712.23	63.696	-36.318
2751.68	64.244	-37.743
2791.70	64.825	-40.980
2832.31	65.262	-45.818
2873.50	65.474	-51.390
2915.30	65.483	-56.640
2957.70	65.426	-60.796
3000.72	65.428	-64.334
3044.37	65.481	-68.019
3088.65	65.526	-71.731
3133.58	65.574	-75.257
3179.16	65.725	-78.573
3225.40	66.005	-82.360
3272.31	66.274	-87.669
3319.91	66.342	-94.079
3368.20	66.148	-99.894
3417.19	65.853	-104.040
3466.89	65.693	-106.736
3517.32	65.753	-109.674
3568.48	65.929	-113.624
3620.39	66.074	-118.648
3673.05	66.119	-124.754
3726.47	65.940	-131.695
3780.67	65.431	-137.997
3835.67	64.688	-141.673
3891.46	64.121	-142.049
3948.06	64.106	-141.701
4005.49	64.417	-143.632
4063.75	64.620	-147.520
4122.86	64.708	-152.007
4182.82	64.609	-157.364
4243.66	64.111	-162.383
4305.39	63.317	-163.558
4368.01	63.004	-159.718
4431.55	63.685	-156.589
4496.01	64.687	-158.917
4561.40	65.309	-165.225
4627.75	65.335	-172.466
4695.06	64.796	-177.257
4763.35	64.213	-176.542
4832.64	64.508	-172.871
4902.93	65.494	-173.689
4974.24	66.185	-178.974
5046.60	66.480	175.709
5120.00	66.810	170.890
5194.47	67.129	164.373
5270.03	67.102	156.248
5346.68	66.630	148.459
5424.45	65.950	143.273
5503.35	65.499	139.974
5583.40	65.282	134.711
5664.61	64.657	127.313
5747.01	63.517	121.886
5830.60	62.342	119.214
5915.41	61.137	118.585
6001.45	60.303	121.336
6088.74	60.098	122.731
6177.30	59.938	122.213
6267.15	59.830	120.189
6358.31	59.295	117.901
6450.80	59.177	120.207
6544.62	60.040	117.337
6639.82	60.490	107.409
6736.40	60.142	93.736
6834.38	58.153	81.113
6933.79	56.030	87.976
7034.64	57.861	89.425
7136.96	58.297	65.950
7240.77	54.957	49.088
7346.09	53.357	61.808
7452.94	55.570	54.781
7561.35	55.419	29.822
7671.33	51.331	12.521
7782.91	49.304	39.828
7896.12	51.834	36.679
8010.97	50.464	41.862
8127.49	52.749	55.308
8245.71	55.228	58.518
8365.65	58.846	49.536
8487.33	59.594	25.464
8610.78	57.773	20.600
8736.03	59.247	20.092
8863.09	59.082	-3.142
8992.01	55.564	-12.877
9122.80	54.339	-8.478
9255.50	52.793	-20.481
9390.12	48.655	-18.139
9526.70	47.766	-5.692
9665.27	46.279	2.285
9805.86	47.796	14.903
9948.49	52.024	9.203
10093.2	54.279	-19.291
10240.0	53.091	-35.710
10388.9	54.221	-33.696
10540.1	55.404	-52.156
10693.4	54.196	-60.839
10848.9	53.918	-65.926
11006.7	51.574	-72.168
11166.8	48.891	-62.429
11329.2	48.775	-44.751
11494.0	48.426	-43.090
11661.2	48.040	-36.482
11830.8	47.980	-49.261
12002.9	46.144	-68.101
12177.5	45.450	-91.515
12354.6	45.991	-114.418
12534.3	47.747	-130.416
12716.6	49.437	-142.391
12901.6	50.661	-153.086
13089.2	49.783	-169.992
13279.6	46.918	-159.442
13472.8	47.746	-170.899
13668.8	42.981	174.050
13867.6	32.538	176.117
14069.3	26.269	-80.361
14273.9	40.582	-56.194
14481.5	43.127	-89.096
14692.2	46.062	-125.243
14905.9	48.736	-155.646
15122.7	47.905	-176.869
15342.7	49.351	175.141
15565.8	48.693	165.413
15792.2	48.416	166.548
16021.9	47.672	156.076
16255.0	45.577	145.164
16491.4	40.150	121.754
16731.3	33.118	23.581
16974.7	37.721	-104.887
17221.6	40.436	170.093
17472.1	43.179	131.485
17726.2	46.182	108.287
17984.0	46.835	94.436
18245.6	44.905	71.761
18511.0	36.849	55.876
18780.2	28.500	138.314
19053.4	39.565	140.785
19330.5	43.454	107.451
19611.7	47.159	87.319
19897.0	49.162	56.271
20186.4	50.042	32.501
20480.0	49.395	-5.292
20777.9	44.213	-30.824
21080.1	37.492	21.345
21386.7	47.109	38.618
21697.8	48.334	-5.230
22013.4	46.567	-51.960
22333.6	44.756	-97.571
22658.4	45.863	-124.808
22988.0	40.879	-116.095
23322.4	40.462	-67.919
23661.6	44.328	-57.619
