5.00000	21.801	11.824
5.07273	26.469	64.938
5.14651	29.534	91.031
5.22137	31.341	106.096
5.29732	32.550	153.787
5.37437	33.749	147.609
5.45254	33.439	85.601
5.53185	34.234	61.112
5.61231	33.399	60.347
5.69394	30.402	63.936
5.77676	27.041	51.916
5.86079	27.372	31.733
5.94604	29.892	20.430
6.03252	30.838	7.003
6.12027	27.303	-12.813
6.20929	17.596	-46.837
6.29961	17.476	-127.326
6.39124	16.067	-125.837
6.48420	19.589	44.516
6.57851	27.732	47.614
6.67420	28.556	44.008
6.77128	26.945	11.880
6.86977	33.023	-32.740
6.96969	36.011	-45.929
7.07107	35.324	-87.194
7.17392	35.713	-137.239
7.27827	34.876	-159.370
7.38413	33.325	176.557
7.49154	32.393	139.886
7.60050	30.184	96.964
7.71105	27.972	56.147
7.82321	18.588	13.472
7.93701	24.747	-38.316
8.05245	28.919	-33.081
8.16958	28.716	-87.864
8.28841	31.737	-134.211
8.40896	27.712	-155.373
8.53128	21.389	175.811
8.65537	25.801	-152.825
8.78126	31.482	-144.142
8.90899	26.788	176.384
9.03857	29.308	130.639
9.17004	27.989	139.012
9.30342	19.885	11.729
9.43874	17.656	-46.133
9.57603	8.088	-179.768
9.71532	23.449	2.054
9.85663	32.818	-85.509
10.0000	34.204	-122.971
10.1455	32.067	-158.150
10.2930	29.871	-156.441
10.4427	30.571	-159.058
10.5946	33.188	-173.193
10.7487	31.112	160.207
10.9051	32.345	157.570
11.0637	30.668	155.907
11.2246	26.303	121.968
11.3879	28.818	125.692
11.5535	26.736	131.117
11.7216	24.851	-173.008
11.8921	31.150	95.283
12.0650	24.442	48.582
12.2405	22.520	-165.048
12.4186	26.569	163.710
12.5992	33.869	78.037
12.7825	31.933	20.631
12.9684	32.769	-40.270
13.1570	24.570	-106.038
13.3484	29.607	-27.578
13.5426	29.431	-95.183
13.7395	29.748	-68.151
13.9394	32.720	-124.330
14.1421	21.353	175.353
14.3478	24.292	-43.736
14.5565	32.788	-81.996
14.7683	30.663	-122.165
14.9831	31.291	-112.733
15.2010	29.799	-156.944
15.4221	20.600	-43.643
15.6464	25.703	-100.246
15.8740	31.484	-76.399
16.1049	31.730	-111.025
16.3392	23.505	-127.353
16.5768	35.784	-68.289
16.8179	34.000	-125.128
17.0626	33.232	-87.732
17.3107	34.352	-99.237
17.5625	37.992	-127.885
17.8180	25.255	157.370
18.0771	35.249	-98.500
18.3401	31.602	-135.397
18.6068	25.246	-88.371
18.8775	32.031	-81.489
19.1521	38.191	-91.280
19.4306	32.786	-130.851
19.7133	33.818	-87.798
20.0000	34.594	-82.567
20.2909	36.896	-104.854
20.5860	36.822	-72.519
20.8855	39.554	-109.820
21.1893	32.304	-85.408
21.4975	37.488	-105.726
21.8102	36.315	-93.881
22.1274	36.923	-106.105
22.4492	38.424	-66.736
22.7758	41.665	-88.448
23.1071	38.284	-92.265
23.4432	37.867	-93.899
23.7841	38.837	-77.697
24.1301	42.254	-73.458
24.4811	42.594	-76.552
24.8372	42.800	-78.774
25.1984	43.168	-82.981
25.5649	44.089	-79.569
25.9368	44.300	-79.508
26.3141	44.236	-80.532
26.6968	46.209	-77.947
27.0851	46.014	-80.547
27.4791	46.435	-83.147
27.8788	47.260	-75.414
28.2843	47.630	-77.234
28.6957	48.684	-78.042
29.1131	48.603	-77.567
29.5365	49.385	-75.207
29.9661	50.726	-79.052
30.4020	50.678	-81.169
30.8442	51.534	-79.999
31.2929	51.903	-76.539
31.7480	52.795	-79.502
32.2098	53.577	-78.912
32.6783	54.164	-81.854
33.1536	55.146	-79.539
33.6359	55.778	-81.637
34.1251	56.240	-82.185
34.6215	56.820	-84.180
35.1250	57.251	-82.851
35.6359	57.916	-84.138
36.1543	58.475	-84.794
36.6802	59.317	-84.896
37.2137	59.902	-85.566
37.7550	60.487	-86.574
38.3041	61.169	-86.682
38.8613	61.899	-87.772
39.4265	62.651	-88.385
40.0000	63.262	-89.840
40.5818	64.052	-91.248
41.1721	64.710	-92.620
41.7710	65.289	-93.060
42.3785	66.119	-94.845
42.9949	66.873	-96.654
43.6203	67.646	-98.197
44.2548	68.353	-99.709
44.8985	69.120	-101.557
45.5515	69.865	-103.442
46.2141	70.732	-105.900
46.8863	71.494	-108.319
47.5683	72.271	-110.442
48.2602	73.146	-113.260
48.9621	73.975	-116.448
49.6743	74.843	-119.782
50.3968	75.630	-123.694
51.1299	76.439	-127.744
51.8736	77.304	-132.480
52.6281	78.033	-137.375
53.3936	78.803	-143.065
54.1702	79.518	-149.040
54.9581	80.158	-155.474
55.7575	80.678	-162.078
56.5685	81.093	-168.628
57.3914	81.446	-175.795
58.2261	81.686	177.027
59.0730	81.798	170.929
59.9323	81.853	163.733
60.8040	81.813	158.080
61.6884	81.745	152.300
62.5857	81.590	146.781
63.4960	81.424	141.833
64.4196	81.274	137.774
65.3566	81.112	134.134
66.3073	80.922	130.155
67.2717	80.734	126.401
68.2502	80.566	123.408
69.2429	80.425	120.574
70.2501	80.282	117.777
71.2719	80.113	114.909
72.3086	79.983	112.615
73.3603	79.853	110.154
74.4274	79.725	107.975
75.5099	79.587	105.876
76.6083	79.448	103.900
77.7226	79.322	102.302
78.8531	79.224	100.810
80.0000	79.148	99.391
81.1636	79.110	98.139
82.3442	79.086	96.748
83.5419	79.075	95.229
84.7570	79.069	93.801
85.9899	79.063	92.356
87.2406	79.052	90.988
88.5096	79.045	89.591
89.7970	79.048	88.313
91.1031	79.072	87.001
92.4282	79.092	85.785
93.7726	79.112	84.370
95.1366	79.152	83.230
96.5204	79.213	82.133
97.9243	79.289	80.726
99.3486	79.344	79.190
100.794	79.390	77.723
102.260	79.454	76.206
103.747	79.481	74.721
105.256	79.485	73.242
106.787	79.515	72.021
108.340	79.555	70.760
109.916	79.588	69.595
111.515	79.650	68.383
113.137	79.719	67.213
114.783	79.795	65.959
116.452	79.886	64.596
118.146	79.962	63.201
119.865	80.035	61.811
121.608	80.105	60.394
123.377	80.189	58.989
125.171	80.283	57.581
126.992	80.374	55.896
128.839	80.441	54.274
130.713	80.487	52.471
132.615	80.502	50.869
134.543	80.538	49.457
136.500	80.597	48.015
138.486	80.636	46.378
140.500	80.650	45.071
142.544	80.691	43.824
144.617	80.790	42.571
146.721	80.884	41.086
148.855	80.977	39.378
151.020	81.060	37.655
153.217	81.143	35.726
155.445	81.182	33.448
157.706	81.117	31.201
160.000	81.005	30.032
162.327	81.028	29.198
164.688	81.118	27.933
167.084	81.208	26.265
169.514	81.244	24.252
171.980	81.203	22.423
174.481	81.174	21.161
177.019	81.218	19.878
179.594	81.272	18.288
182.206	81.297	16.517
184.856	81.304	14.998
187.545	81.354	13.275
190.273	81.312	11.275
193.041	81.258	9.995
195.849	81.294	8.707
198.697	81.345	7.095
201.587	81.362	5.323
204.520	81.347	3.581
207.494	81.335	2.032
210.512	81.354	0.386
213.574	81.319	-1.353
216.681	81.316	-2.801
219.833	81.323	-4.530
223.030	81.294	-6.253
226.274	81.269	-7.857
229.565	81.257	-9.432
232.905	81.224	-11.061
236.292	81.200	-12.478
239.729	81.200	-14.059
243.216	81.224	-15.542
246.754	81.271	-17.920
250.343	81.103	-19.960
253.984	81.034	-21.240
257.678	81.024	-22.619
261.426	80.975	-24.563
265.229	80.865	-26.290
269.087	80.808	-27.141
273.001	80.864	-28.864
276.972	80.763	-30.825
281.000	80.716	-32.639
285.088	80.558	-33.941
289.234	80.561	-34.987
293.441	80.570	-37.070
297.709	80.421	-39.173
302.040	80.282	-40.170
306.433	80.207	-41.688
310.890	80.087	-42.822
315.412	80.045	-44.112
320.000	79.945	-45.331
324.655	79.862	-46.320
329.377	79.866	-47.192
334.168	79.854	-48.701
339.028	79.815	-49.909
343.959	79.831	-51.539
348.962	79.736	-53.261
354.038	79.653	-54.354
359.188	79.641	-55.630
364.412	79.620	-56.995
369.713	79.593	-58.519
375.090	79.560	-60.259
380.546	79.507	-61.627
386.081	79.468	-63.361
391.697	79.391	-64.966
397.394	79.336	-66.446
403.175	79.264	-67.823
409.039	79.196	-69.215
414.989	79.130	-70.277
421.025	79.126	-71.305
427.149	79.170	-72.581
433.362	79.225	-74.252
439.665	79.202	-76.252
446.060	79.195	-77.870
452.548	79.153	-79.893
459.131	79.036	-81.787
465.809	79.011	-82.771
472.584	79.018	-84.562
479.458	78.940	-86.208
486.432	78.924	-87.830
493.507	78.867	-89.724
500.686	78.768	-91.295
507.968	78.692	-92.762
515.357	78.630	-94.064
522.853	78.569	-95.413
530.458	78.527	-96.734
538.174	78.467	-97.966
546.002	78.423	-99.364
553.943	78.369	-100.307
562.001	78.372	-101.142
570.175	78.408	-102.243
578.469	78.471	-103.184
586.883	78.570	-104.475
595.419	78.665	-105.932
604.080	78.781	-107.489
612.866	78.919	-109.234
621.780	79.035	-111.297
630.824	79.161	-113.445
640.000	79.276	-115.799
649.309	79.399	-118.405
658.753	79.481	-121.276
668.335	79.540	-124.206
678.056	79.564	-127.300
687.919	79.564	-130.409
697.925	79.524	-133.573
708.077	79.464	-136.680
718.376	79.363	-139.802
728.825	79.243	-142.773
739.426	79.096	-145.656
750.181	78.931	-148.323
761.093	78.754	-150.849
772.163	78.590	-153.139
783.394	78.417	-155.319
794.789	78.273	-157.250
806.349	78.153	-159.122
818.078	78.073	-160.941
829.977	78.017	-162.849
842.050	77.995	-164.861
854.298	77.986	-167.122
866.724	77.996	-169.624
879.330	77.987	-172.403
892.120	77.972	-175.421
905.097	77.921	-178.644
918.262	77.840	177.886
931.618	77.683	174.346
945.169	77.476	171.004
958.917	77.244	167.834
972.864	76.997	164.775
987.015	76.696	161.873
1001.37	76.377	159.384
1015.94	76.071	157.353
1030.71	75.818	155.581
1045.71	75.633	153.830
1060.92	75.491	151.884
1076.35	75.368	149.649
1092.00	75.254	147.102
1107.89	75.133	144.273
1124.00	74.975	140.936
1140.35	74.738	137.228
1156.94	74.423	133.522
1173.77	74.004	129.892
1190.84	73.464	126.552
1208.16	72.844	123.789
1225.73	72.167	121.832
1243.56	71.488	120.693
1261.65	70.839	120.339
1280.00	70.250	120.872
1298.62	69.766	121.725
1317.51	69.336	122.459
1336.67	68.982	123.453
1356.11	68.690	124.581
1375.84	68.427	125.665
1395.85	68.158	126.874
1416.15	67.948	128.196
1436.75	67.864	129.608
1457.65	67.894	130.517
1478.85	67.965	130.759
1500.36	67.925	130.248
1522.19	67.810	129.254
1544.33	67.501	128.349
1566.79	67.073	128.487
1589.58	66.524	130.129
1612.70	66.133	134.010
1636.16	66.057	139.485
1659.95	66.463	144.436
1684.10	67.166	147.683
1708.60	67.949	148.099
1733.45	68.567	147.221
1758.66	69.068	144.914
1784.24	69.395	142.231
1810.19	69.573	139.320
1836.52	69.661	137.053
1863.24	69.681	134.764
1890.34	69.674	132.770
1917.83	69.567	130.458
1945.73	69.377	128.726
1974.03	69.074	127.765
2002.74	68.805	128.059
2031.87	68.650	129.377
2061.43	68.777	130.849
2091.41	69.066	131.076
2121.83	69.371	129.659
2152.69	69.498	127.024
2184.01	69.412	124.061
2215.77	69.063	121.762
2248.00	68.561	120.696
2280.70	68.007	121.434
2313.87	67.601	123.697
2347.53	67.384	126.859
2381.68	67.378	130.184
2416.32	67.550	133.373
2451.46	67.894	135.839
2487.12	68.331	137.064
2523.30	68.742	136.902
2560.00	68.994	136.185
2597.24	69.121	135.689
2635.01	69.214	136.026
2673.34	69.405	136.701
2712.23	69.718	137.103
2751.68	70.080	136.586
2791.70	70.392	135.427
2832.31	70.641	133.821
2873.50	70.823	131.782
2915.30	70.884	129.192
2957.70	70.746	126.671
3000.72	70.388	125.230
3044.37	69.956	126.092
3088.65	69.811	129.155
3133.58	70.138	131.954
3179.16	70.702	132.204
3225.40	71.128	130.146
3272.31	71.281	127.182
3319.91	71.213	124.477
3368.20	71.037	122.582
3417.19	70.815	121.248
3466.89	70.544	120.410
3517.32	70.204	120.172
3568.48	69.860	120.880
3620.39	69.570	122.565
3673.05	69.422	125.035
3726.47	69.483	127.481
3780.67	69.667	128.976
3835.67	69.810	129.556
3891.46	69.878	130.067
3948.06	69.974	130.694
4005.49	70.110	130.890
4063.75	70.161	130.601
4122.86	70.095	130.573
4182.82	69.989	131.401
4243.66	69.972	133.035
4305.39	70.160	134.909
4368.01	70.563	135.436
4431.55	70.872	133.489
4496.01	70.760	130.873
4561.40	70.360	130.550
4627.75	70.173	132.767
4695.06	70.382	134.667
4763.35	70.724	134.341
4832.64	70.857	131.841
4902.93	70.565	129.319
4974.24	70.099	129.145
5046.60	69.842	129.912
5120.00	69.546	129.601
5194.47	68.958	130.523
5270.03	68.428	134.387
5346.68	68.284	139.765
5424.45	68.561	144.642
5503.35	69.106	147.561
5583.40	69.729	148.031
5664.61	70.203	145.716
5747.01	70.207	141.788
5830.60	69.692	139.144
5915.41	68.977	139.803
6001.45	68.568	143.413
6088.74	68.565	146.412
6177.30	68.607	148.603
6267.15	68.864	149.763
6358.31	68.881	147.777
6450.80	68.417	147.250
6544.62	68.073	148.237
6639.82	67.589	148.883
6736.40	66.997	151.907
6834.38	66.681	156.837
6933.79	66.711	161.500
7034.64	66.852	165.964
7136.96	67.538	168.745
7240.77	67.914	165.021
7346.09	67.279	161.944
7452.94	66.342	164.027
7561.35	65.946	169.977
7671.33	66.016	173.785
7782.91	66.062	176.573
7896.12	66.124	177.891
8010.97	65.912	177.438
8127.49	65.016	179.117
8245.71	64.634	-172.795
8365.65	65.091	-169.411
8487.33	64.776	-168.124
8610.78	64.738	-164.245
8736.03	64.400	-161.985
8863.09	64.350	-157.218
8992.01	64.186	-155.021
9122.80	63.781	-150.679
9255.50	63.862	-146.049
9390.12	63.715	-143.397
9526.70	63.739	-140.038
9665.27	63.746	-139.419
9805.86	62.717	-141.779
9948.49	60.375	-133.620
10093.2	59.842	-110.411
10240.0	61.856	-94.743
10388.9	63.783	-94.439
10540.1	64.326	-97.367
10693.4	64.330	-97.867
10848.9	63.841	-96.670
11006.7	63.726	-91.813
11166.8	63.586	-89.024
11329.2	63.367	-84.467
11494.0	63.044	-79.914
11661.2	63.015	-73.607
11830.8	62.928	-67.951
12002.9	63.159	-60.973
12177.5	63.309	-57.221
12354.6	63.044	-52.353
12534.3	62.946	-43.620
12716.6	63.759	-34.560
12901.6	64.825	-32.536
13089.2	65.300	-32.326
13279.6	65.385	-34.223
13472.8	64.642	-34.138
13668.8	63.631	-28.054
13867.6	63.397	-17.175
14069.3	64.112	-7.510
14273.9	64.930	-4.733
14481.5	65.249	-4.283
14692.2	64.974	-2.032
14905.9	64.944	2.657
15122.7	64.844	7.766
15342.7	64.898	11.866
15565.8	65.217	15.535
15792.2	65.163	19.734
16021.9	64.994	23.761
16255.0	65.466	31.043
16491.4	66.072	32.728
16731.3	66.244	32.492
16974.7	66.255	32.621
17221.6	65.896	30.721
17472.1	64.792	31.864
17726.2	63.801	37.538
17984.0	63.524	42.772
18245.6	62.417	45.568
18511.0	61.292	56.054
18780.2	61.243	63.771
19053.4	60.100	71.628
19330.5	60.208	88.323
19611.7	60.988	91.377
19897.0	60.102	93.344
20186.4	59.743	102.521
20480.0	57.936	104.382
20777.9	56.595	134.304
21080.1	58.806	142.536
21386.7	56.570	152.268
21697.8	58.801	-173.535
22013.4	61.287	-171.564
22333.6	62.648	-166.190
22658.4	63.639	-164.577
22988.0	63.761	-157.873
23322.4	65.311	-146.732
23661.6	67.258	-144.648
