5.00000	22.250	12.478
5.07273	26.923	65.522
5.14651	29.987	91.597
5.22137	31.792	106.661
5.29732	32.998	154.342
5.37437	34.197	148.177
5.45254	33.888	86.204
5.53185	34.683	61.735
5.61231	33.848	60.981
5.69394	30.854	64.583
5.77676	27.494	52.593
5.86079	27.822	32.434
5.94604	30.340	21.131
6.03252	31.284	7.713
6.12027	27.747	-12.071
6.20929	18.019	-46.004
6.29961	17.894	-126.759
6.39124	16.479	-125.279
6.48420	20.053	45.353
6.57851	28.185	48.385
6.67420	29.009	44.790
6.77128	27.393	12.704
6.86977	33.465	-31.949
6.96969	36.454	-45.139
7.07107	35.765	-86.411
7.17392	36.155	-136.469
7.27827	35.320	-158.598
7.38413	33.771	177.330
7.49154	32.843	140.676
7.60050	30.638	97.793
7.71105	28.427	57.039
7.82321	19.043	14.564
7.93701	25.182	-37.345
8.05245	29.359	-32.129
8.16958	29.150	-86.957
8.28841	32.176	-133.334
8.40896	28.152	-154.526
8.53128	21.836	176.565
8.65537	26.238	-151.970
8.78126	31.922	-143.221
8.90899	27.234	177.262
9.03857	29.763	131.581
9.17004	28.444	139.950
9.30342	20.340	12.991
9.43874	18.068	-44.861
9.57603	8.529	-179.686
9.71532	23.896	3.293
9.85663	33.255	-84.415
10.0000	34.643	-121.894
10.1455	32.508	-157.090
10.2930	30.311	-155.382
10.4427	31.011	-157.979
10.5946	33.632	-172.084
10.7487	31.561	161.319
10.9051	32.794	158.709
11.0637	31.118	157.049
11.2246	26.766	123.126
11.3879	29.277	126.882
11.5535	27.196	132.296
11.7216	25.292	-171.885
11.8921	31.608	96.583
12.0650	24.910	50.029
12.2405	22.954	-163.923
12.4186	27.019	164.934
12.5992	34.324	79.437
12.7825	32.383	22.117
12.9684	33.207	-38.779
13.1570	24.986	-104.631
13.3484	30.045	-26.002
13.5426	29.859	-93.693
13.7395	30.177	-66.586
13.9394	33.155	-122.835
14.1421	21.800	176.601
14.3478	24.716	-41.981
14.5565	33.221	-80.374
14.7683	31.094	-120.589
14.9831	31.722	-111.115
15.2010	30.236	-155.381
15.4221	21.009	-41.657
15.6464	26.116	-98.544
15.8740	31.914	-74.615
16.1049	32.160	-109.280
16.3392	23.915	-125.707
16.5768	36.220	-66.431
16.8179	34.434	-123.318
17.0626	33.663	-85.840
17.3107	34.785	-97.336
17.5625	38.430	-125.980
17.8180	25.713	159.099
18.0771	35.683	-96.512
18.3401	32.033	-133.456
18.6068	25.652	-86.291
18.8775	32.459	-79.380
19.1521	38.627	-89.165
19.4306	33.218	-128.776
19.7133	34.248	-85.612
20.0000	35.025	-80.341
20.2909	37.330	-102.629
20.5860	37.257	-70.220
20.8855	39.992	-107.531
21.1893	32.729	-83.050
21.4975	37.922	-103.369
21.8102	36.748	-91.474
22.1274	37.356	-103.680
22.4492	38.860	-64.227
22.7758	42.104	-85.931
23.1071	38.719	-89.713
23.4432	38.301	-91.312
23.7841	39.273	-75.053
24.1301	42.693	-70.779
24.4811	43.033	-73.836
24.8372	43.239	-76.021
25.1984	43.607	-80.192
25.5649	44.529	-76.738
25.9368	44.740	-76.636
26.3141	44.676	-77.619
26.6968	46.650	-74.992
27.0851	46.454	-77.551
27.4791	46.875	-80.109
27.8788	47.701	-72.328
28.2843	48.071	-74.104
28.6957	49.126	-74.868
29.1131	49.044	-74.347
29.5365	49.827	-71.940
29.9661	51.168	-75.740
30.4020	51.120	-77.810
30.8442	51.976	-76.591
31.2929	52.345	-73.081
31.7480	53.237	-75.995
32.2098	54.020	-75.355
32.6783	54.607	-78.245
33.1536	55.590	-75.878
33.6359	56.221	-77.923
34.1251	56.683	-78.418
34.6215	57.263	-80.358
35.1250	57.695	-78.973
35.6359	58.360	-80.205
36.1543	58.919	-80.804
36.6802	59.761	-80.848
37.2137	60.346	-81.459
37.7550	60.931	-82.408
38.3041	61.613	-82.456
38.8613	62.344	-83.485
39.4265	63.095	-84.036
40.0000	63.706	-85.427
40.5818	64.496	-86.770
41.1721	65.154	-88.077
41.7710	65.734	-88.445
42.3785	66.565	-90.160
42.9949	67.319	-91.895
43.6203	68.090	-93.363
44.2548	68.799	-94.795
44.8985	69.566	-96.563
45.5515	70.311	-98.366
46.2141	71.178	-100.738
46.8863	71.941	-103.071
47.5683	72.718	-105.105
48.2602	73.593	-107.832
48.9621	74.422	-110.927
49.6743	75.290	-114.166
50.3968	76.076	-117.980
51.1299	76.885	-121.932
51.8736	77.750	-126.566
52.6281	78.479	-131.358
53.3936	79.248	-136.944
54.1702	79.963	-142.811
54.9581	80.603	-149.138
55.7575	81.122	-155.631
56.5685	81.536	-162.069
57.3914	81.889	-169.122
58.2261	82.127	-176.184
59.0730	82.239	177.835
59.9323	82.293	170.758
60.8040	82.252	165.225
61.6884	82.181	159.567
62.5857	82.026	154.172
63.4960	81.857	149.348
64.4196	81.706	145.417
65.3566	81.541	141.906
66.3073	81.350	138.056
67.2717	81.160	134.434
68.2502	80.989	131.573
69.2429	80.846	128.873
70.2501	80.701	126.211
71.2719	80.529	123.481
72.3086	80.396	121.324
73.3603	80.264	119.003
74.4274	80.132	116.964
75.5099	79.992	115.008
76.6083	79.849	113.174
77.7226	79.719	111.720
78.8531	79.618	110.375
80.0000	79.539	109.102
81.1636	79.497	107.999
82.3442	79.470	106.756
83.5419	79.455	105.387
84.7570	79.445	104.111
85.9899	79.435	102.818
87.2406	79.419	101.604
88.5096	79.408	100.361
89.7970	79.407	99.239
91.1031	79.427	98.084
92.4282	79.442	97.025
93.7726	79.458	95.768
95.1366	79.492	94.788
96.5204	79.549	93.852
97.9243	79.621	92.605
99.3486	79.671	91.230
100.794	79.712	89.926
102.260	79.772	88.573
103.747	79.793	87.252
105.256	79.792	85.939
106.787	79.817	84.884
108.340	79.853	83.789
109.916	79.881	82.792
111.515	79.938	81.746
113.137	80.002	80.745
114.783	80.073	79.659
116.452	80.158	78.466
118.146	80.230	77.241
119.865	80.297	76.023
121.608	80.362	74.776
123.377	80.440	73.541
125.171	80.530	72.305
126.992	80.616	70.792
128.839	80.678	69.344
130.713	80.718	67.712
132.615	80.729	66.283
134.543	80.759	65.043
136.500	80.814	63.775
138.486	80.847	62.312
140.500	80.857	61.178
142.544	80.892	60.104
144.617	80.986	59.025
146.721	81.076	57.712
148.855	81.163	56.178
151.020	81.242	54.628
153.217	81.319	52.871
155.445	81.353	50.766
157.706	81.283	48.692
160.000	81.166	47.695
162.327	81.183	47.032
164.688	81.269	45.938
167.084	81.353	44.441
169.514	81.384	42.598
171.980	81.337	40.939
174.481	81.304	39.845
177.019	81.342	38.731
179.594	81.390	37.308
182.206	81.409	35.705
184.856	81.409	34.352
187.545	81.454	32.795
190.273	81.405	30.960
193.041	81.344	29.844
195.849	81.375	28.718
198.697	81.418	27.269
201.587	81.428	25.658
204.520	81.405	24.076
207.494	81.385	22.687
210.512	81.396	21.200
213.574	81.352	19.621
216.681	81.340	18.329
219.833	81.337	16.757
223.030	81.298	15.191
226.274	81.261	13.744
229.565	81.238	12.324
232.905	81.193	10.850
236.292	81.156	9.590
239.729	81.142	8.165
243.216	81.151	6.840
246.754	81.181	4.621
250.343	80.997	2.740
253.984	80.911	1.622
257.678	80.881	0.405
261.426	80.812	-1.371
265.229	80.680	-2.927
269.087	80.601	-3.603
273.001	80.631	-5.144
276.972	80.506	-6.919
281.000	80.429	-8.537
285.088	80.243	-9.635
289.234	80.216	-10.470
293.441	80.193	-12.327
297.709	80.011	-14.193
302.040	79.836	-14.938
306.433	79.725	-16.189
310.890	79.569	-17.037
315.412	79.488	-18.023
320.000	79.350	-18.917
324.655	79.229	-19.560
329.377	79.193	-20.062
334.168	79.143	-21.180
339.028	79.068	-21.970
343.959	79.047	-23.163
348.962	78.920	-24.424
354.038	78.804	-25.039
359.188	78.766	-25.818
364.412	78.722	-26.674
369.713	78.674	-27.679
375.090	78.625	-28.895
380.546	78.561	-29.738
386.081	78.514	-30.952
391.697	78.434	-32.048
397.394	78.382	-33.032
403.175	78.314	-33.933
409.039	78.255	-34.874
414.989	78.199	-35.512
421.025	78.208	-36.150
427.149	78.263	-37.068
433.362	78.331	-38.419
439.665	78.319	-40.142
446.060	78.319	-41.521
452.548	78.279	-43.347
459.131	78.160	-45.082
465.809	78.124	-45.940
472.584	78.112	-47.640
479.458	78.005	-49.223
486.432	77.948	-50.802
493.507	77.834	-52.666
500.686	77.662	-54.205
507.968	77.496	-55.623
515.357	77.324	-56.838
522.853	77.133	-58.036
530.458	76.939	-59.111
538.174	76.708	-59.963
546.002	76.475	-60.812
553.943	76.220	-61.005
562.001	76.017	-60.844
570.175	75.849	-60.697
578.469	75.721	-60.133
586.883	75.651	-59.689
595.419	75.609	-59.226
604.080	75.626	-58.740
612.866	75.704	-58.393
621.780	75.798	-58.383
630.824	75.936	-58.541
640.000	76.088	-59.028
649.309	76.267	-59.914
658.753	76.416	-61.230
668.335	76.548	-62.763
678.056	76.643	-64.608
687.919	76.707	-66.597
697.925	76.719	-68.752
708.077	76.695	-70.929
718.376	76.614	-73.175
728.825	76.490	-75.286
739.426	76.319	-77.283
750.181	76.107	-78.990
761.093	75.861	-80.425
772.163	75.611	-81.430
783.394	75.344	-82.078
794.789	75.109	-82.185
806.349	74.920	-81.934
818.078	74.808	-81.367
829.977	74.770	-80.713
842.050	74.828	-80.107
854.298	74.954	-79.813
866.724	75.149	-79.920
879.330	75.365	-80.526
892.120	75.600	-81.612
905.097	75.818	-83.148
918.262	76.019	-85.146
931.618	76.153	-87.440
945.169	76.242	-89.766
958.917	76.309	-92.118
972.864	76.362	-94.566
987.015	76.357	-97.083
1001.37	76.327	-99.450
1015.94	76.284	-101.583
1030.71	76.267	-103.638
1045.71	76.280	-105.756
1060.92	76.297	-108.067
1076.35	76.297	-110.582
1092.00	76.288	-113.224
1107.89	76.264	-115.752
1124.00	76.216	-118.613
1140.35	76.115	-121.650
1156.94	75.986	-124.362
1173.77	75.814	-126.806
1190.84	75.615	-128.960
1208.16	75.450	-130.663
1225.73	75.335	-132.003
1243.56	75.317	-133.221
1261.65	75.374	-134.591
1280.00	75.526	-136.502
1298.62	75.709	-139.072
1317.51	75.852	-142.075
1336.67	75.970	-145.769
1356.11	76.035	-150.152
1375.84	75.993	-154.722
1395.85	75.871	-158.979
1416.15	75.663	-162.925
1436.75	75.392	-166.707
1457.65	75.073	-170.038
1478.85	74.795	-172.799
1500.36	74.581	-174.946
1522.19	74.441	-177.141
1544.33	74.361	-179.415
1566.79	74.332	177.855
1589.58	74.286	174.667
1612.70	74.206	171.139
1636.16	74.070	167.682
1659.95	73.899	164.328
1684.10	73.711	161.295
1708.60	73.554	158.432
1733.45	73.465	155.882
1758.66	73.431	152.841
1784.24	73.415	149.198
1810.19	73.345	144.869
1836.52	73.191	140.359
1863.24	72.908	135.863
1890.34	72.551	131.938
1917.83	72.134	128.548
1945.73	71.776	125.941
1974.03	71.500	123.613
2002.74	71.328	120.857
2031.87	71.154	117.343
2061.43	70.912	113.150
2091.41	70.473	108.586
2121.83	69.859	104.682
2152.69	69.141	102.261
2184.01	68.502	101.265
2215.77	68.023	101.219
2248.00	67.748	100.853
2280.70	67.525	99.164
2313.87	67.175	96.325
2347.53	66.558	93.552
2381.68	65.717	92.031
2416.32	64.785	92.930
2451.46	63.974	96.407
2487.12	63.513	101.597
2523.30	63.447	106.653
2560.00	63.668	110.934
2597.24	64.112	113.858
2635.01	64.670	114.941
2673.34	65.203	113.871
2712.23	65.490	111.649
2751.68	65.524	109.782
2791.70	65.498	109.468
2832.31	65.690	110.114
2873.50	66.177	109.698
2915.30	66.717	106.546
2957.70	66.974	101.353
3000.72	66.808	95.754
3044.37	66.266	91.379
3088.65	65.593	89.435
3133.58	65.015	89.246
3179.16	64.569	89.517
3225.40	64.136	89.880
3272.31	63.632	91.317
3319.91	63.246	94.500
3368.20	63.211	98.396
3417.19	63.465	101.172
3466.89	63.797	102.219
3517.32	64.052	101.860
3568.48	64.136	101.040
3620.39	64.066	100.706
3673.05	63.976	101.392
3726.47	64.019	102.605
3780.67	64.166	103.247
3835.67	64.229	103.228
3891.46	64.137	103.738
3948.06	64.220	105.884
4005.49	64.606	108.183
4063.75	65.189	108.003
4122.86	65.544	105.677
4182.82	65.520	103.607
4243.66	65.402	104.168
4305.39	65.705	106.309
4368.01	66.429	106.301
4431.55	67.101	102.904
4496.01	67.457	97.918
4561.40	67.561	92.533
4627.75	67.436	86.746
4695.06	66.974	81.306
4763.35	66.236	77.926
4832.64	65.538	77.099
4902.93	65.085	76.861
4974.24	64.609	75.740
5046.60	63.884	75.858
5120.00	63.376	79.248
5194.47	63.526	82.304
5270.03	63.821	81.386
5346.68	63.799	78.658
5424.45	63.704	75.771
5503.35	63.472	70.284
5583.40	62.495	62.887
5664.61	60.538	59.063
5747.01	58.302	64.821
5830.60	57.402	76.535
5915.41	57.033	81.498
6001.45	55.094	90.954
6088.74	55.777	120.795
6177.30	59.919	125.188
6267.15	61.612	109.373
6358.31	60.357	96.251
6450.80	58.482	101.221
6544.62	58.733	108.706
6639.82	58.441	108.409
6736.40	57.469	117.756
6834.38	58.679	130.918
6933.79	60.413	131.273
7034.64	61.338	128.645
7136.96	62.061	123.986
7240.77	61.999	119.256
7346.09	62.084	117.091
7452.94	61.865	111.342
7561.35	60.882	108.817
7671.33	60.035	111.994
7782.91	60.380	114.981
7896.12	60.095	107.905
8010.97	58.241	108.795
8127.49	57.204	115.745
8245.71	56.033	125.672
8365.65	56.286	139.750
8487.33	57.255	147.140
8610.78	58.201	150.665
8736.03	59.044	150.335
8863.09	58.825	146.779
8992.01	58.067	152.040
9122.80	58.547	159.425
9255.50	59.356	158.929
9390.12	58.981	156.857
9526.70	58.225	159.092
9665.27	57.827	162.636
9805.86	56.300	165.675
9948.49	55.405	-173.074
10093.2	57.765	-162.323
10240.0	58.449	-163.228
10388.9	58.623	-161.234
10540.1	58.276	-157.983
10693.4	58.400	-150.446
10848.9	58.608	-146.992
11006.7	58.809	-141.612
11166.8	58.950	-138.523
11329.2	59.180	-133.927
11494.0	59.148	-131.191
11661.2	59.120	-128.026
11830.8	58.815	-123.887
12002.9	58.821	-119.523
12177.5	58.871	-116.030
12354.6	58.544	-113.651
12534.3	58.377	-108.748
12716.6	58.433	-107.983
12901.6	57.940	-111.705
13089.2	55.911	-111.761
13279.6	53.925	-102.523
13472.8	52.648	-83.178
13668.8	54.505	-66.316
13867.6	55.884	-68.330
14069.3	56.870	-70.976
14273.9	57.231	-82.289
14481.5	55.811	-92.609
14692.2	53.497	-80.830
14905.9	54.940	-75.357
15122.7	55.878	-75.390
15342.7	55.829	-83.072
15565.8	55.396	-75.119
15792.2	56.326	-68.232
16021.9	57.989	-69.319
16255.0	58.360	-74.638
16491.4	57.508	-76.222
16731.3	56.594	-67.067
16974.7	57.024	-56.469
17221.6	57.613	-50.758
17472.1	58.121	-49.104
17726.2	57.700	-50.729
17984.0	55.573	-47.632
18245.6	54.371	-31.104
18511.0	54.456	-15.316
18780.2	55.332	-8.156
19053.4	56.295	-8.339
19330.5	55.167	-26.038
19611.7	49.240	-41.383
19897.0	40.525	171.432
20186.4	48.692	65.542
20480.0	48.633	47.791
20777.9	44.183	52.965
21080.1	43.340	112.368
21386.7	50.780	120.112
21697.8	53.016	99.503
22013.4	50.506	81.664
22333.6	47.803	105.332
22658.4	49.366	120.092
22988.0	50.950	130.960
23322.4	52.262	131.397
23661.6	53.934	135.904
