5.00000	22.244	12.341
5.07273	26.911	65.491
5.14651	29.978	91.601
5.22137	31.785	106.677
5.29732	32.995	154.382
5.37437	34.194	148.210
5.45254	33.882	86.203
5.53185	34.678	61.719
5.61231	33.843	60.962
5.69394	30.845	64.560
5.77676	27.483	52.542
5.86079	27.815	32.363
5.94604	30.336	21.071
6.03252	31.283	7.654
6.12027	27.749	-12.161
6.20929	18.049	-46.209
6.29961	17.931	-126.596
6.39124	16.524	-125.092
6.48420	20.027	45.195
6.57851	28.174	48.326
6.67420	28.999	44.731
6.77128	27.389	12.602
6.86977	33.469	-31.995
6.96969	36.458	-45.168
7.07107	35.771	-86.416
7.17392	36.159	-136.441
7.27827	35.323	-158.557
7.38413	33.771	177.385
7.49154	32.837	140.726
7.60050	30.626	97.809
7.71105	28.413	56.987
7.82321	19.028	14.260
7.93701	25.196	-37.476
8.05245	29.366	-32.216
8.16958	29.165	-86.969
8.28841	32.185	-133.287
8.40896	28.161	-154.421
8.53128	21.836	176.816
8.65537	26.250	-151.840
8.78126	31.930	-143.159
8.90899	27.234	177.403
9.03857	29.751	131.657
9.17004	28.432	140.052
9.30342	20.325	12.679
9.43874	18.111	-45.183
9.57603	8.546	-178.388
9.71532	23.892	3.070
9.85663	33.266	-84.428
10.0000	34.652	-121.863
10.1455	32.514	-157.013
10.2930	30.319	-155.282
10.4427	31.019	-157.884
10.5946	33.634	-172.005
10.7487	31.557	161.419
10.9051	32.790	158.796
11.0637	31.113	157.156
11.2246	26.743	123.241
11.3879	29.260	126.977
11.5535	27.177	132.430
11.7216	25.300	-171.660
11.8921	31.591	96.605
12.0650	24.879	49.886
12.2405	22.972	-163.629
12.4186	27.014	165.132
12.5992	34.311	79.429
12.7825	32.375	22.018
12.9684	33.216	-38.864
13.1570	25.026	-104.589
13.3484	30.053	-26.144
13.5426	29.883	-93.699
13.7395	30.198	-66.661
13.9394	33.170	-122.785
14.1421	21.802	177.016
14.3478	24.743	-42.224
14.5565	33.238	-80.405
14.7683	31.114	-120.528
14.9831	31.742	-111.079
15.2010	30.249	-155.236
15.4221	21.053	-42.060
15.6464	26.159	-98.534
15.8740	31.934	-74.670
16.1049	32.181	-109.249
16.3392	23.965	-125.526
16.5768	36.232	-66.478
16.8179	34.450	-123.267
17.0626	33.682	-85.864
17.3107	34.802	-97.335
17.5625	38.440	-125.944
17.8180	25.701	159.422
18.0771	35.699	-96.514
18.3401	32.053	-133.360
18.6068	25.703	-86.360
18.8775	32.482	-79.431
19.1521	38.640	-89.177
19.4306	33.238	-128.698
19.7133	34.268	-85.642
20.0000	35.043	-80.380
20.2909	37.345	-102.622
20.5860	37.271	-70.268
20.8855	40.003	-107.519
21.1893	32.755	-83.097
21.4975	37.937	-103.361
21.8102	36.765	-91.489
22.1274	37.373	-103.671
22.4492	38.871	-64.279
22.7758	42.113	-85.946
23.1071	38.733	-89.729
23.4432	38.316	-91.326
23.7841	39.285	-75.091
24.1301	42.701	-70.810
24.4811	43.041	-73.864
24.8372	43.247	-76.046
25.1984	43.616	-80.212
25.5649	44.536	-76.759
25.9368	44.747	-76.658
26.3141	44.683	-77.640
26.6968	46.656	-75.011
27.0851	46.461	-77.569
27.4791	46.881	-80.124
27.8788	47.707	-72.348
28.2843	48.076	-74.122
28.6957	49.130	-74.884
29.1131	49.049	-74.364
29.5365	49.832	-71.957
29.9661	51.172	-75.753
30.4020	51.124	-77.822
30.8442	51.980	-76.603
31.2929	52.349	-73.094
31.7480	53.241	-76.006
32.2098	54.023	-75.365
32.6783	54.610	-78.254
33.1536	55.592	-75.887
33.6359	56.224	-77.931
34.1251	56.686	-78.425
34.6215	57.266	-80.365
35.1250	57.697	-78.980
35.6359	58.362	-80.211
36.1543	58.920	-80.810
36.6802	59.762	-80.853
37.2137	60.348	-81.464
37.7550	60.932	-82.412
38.3041	61.615	-82.460
38.8613	62.345	-83.488
39.4265	63.097	-84.039
40.0000	63.707	-85.430
40.5818	64.498	-86.773
41.1721	65.155	-88.077
41.7710	65.735	-88.446
42.3785	66.566	-90.158
42.9949	67.320	-91.889
43.6203	68.092	-93.354
44.2548	68.801	-94.784
44.8985	69.568	-96.547
45.5515	70.313	-98.346
46.2141	71.181	-100.713
46.8863	71.942	-103.040
47.5683	72.720	-105.070
48.2602	73.596	-107.790
48.9621	74.425	-110.879
49.6743	75.292	-114.111
50.3968	76.079	-117.918
51.1299	76.889	-121.862
51.8736	77.753	-126.488
52.6281	78.482	-131.273
53.3936	79.252	-136.850
54.1702	79.967	-142.709
54.9581	80.606	-149.027
55.7575	81.126	-155.510
56.5685	81.540	-161.940
57.3914	81.893	-168.983
58.2261	82.130	-176.036
59.0730	82.242	177.993
59.9323	82.296	170.925
60.8040	82.255	165.403
61.6884	82.184	159.755
62.5857	82.028	154.370
63.4960	81.859	149.558
64.4196	81.708	145.636
65.3566	81.543	142.135
66.3073	81.351	138.297
67.2717	81.161	134.685
68.2502	80.990	131.835
69.2429	80.846	129.146
70.2501	80.700	126.494
71.2719	80.528	123.773
72.3086	80.394	121.627
73.3603	80.261	119.316
74.4274	80.129	117.287
75.5099	79.988	115.341
76.6083	79.843	113.518
77.7226	79.713	112.074
78.8531	79.611	110.740
80.0000	79.531	109.476
81.1636	79.488	108.382
82.3442	79.460	107.149
83.5419	79.444	105.789
84.7570	79.432	104.522
85.9899	79.422	103.237
87.2406	79.404	102.031
88.5096	79.393	100.796
89.7970	79.390	99.682
91.1031	79.409	98.534
92.4282	79.423	97.482
93.7726	79.438	96.233
95.1366	79.470	95.258
96.5204	79.526	94.328
97.9243	79.596	93.087
99.3486	79.644	91.718
100.794	79.683	90.418
102.260	79.742	89.070
103.747	79.762	87.753
105.256	79.759	86.442
106.787	79.782	85.390
108.340	79.817	84.297
109.916	79.842	83.301
111.515	79.899	82.257
113.137	79.961	81.256
114.783	80.031	80.171
116.452	80.114	78.977
118.146	80.183	77.750
119.865	80.250	76.529
121.608	80.312	75.280
123.377	80.389	74.043
125.171	80.477	72.801
126.992	80.561	71.283
128.839	80.622	69.829
130.713	80.661	68.190
132.615	80.669	66.753
134.543	80.698	65.505
136.500	80.752	64.228
138.486	80.783	62.753
140.500	80.791	61.608
142.544	80.824	60.522
144.617	80.916	59.429
146.721	81.004	58.102
148.855	81.090	56.553
151.020	81.167	54.985
153.217	81.243	53.210
155.445	81.275	51.085
157.706	81.203	48.991
160.000	81.085	47.972
162.327	81.101	47.286
164.688	81.185	46.167
167.084	81.266	44.645
169.514	81.296	42.774
171.980	81.248	41.086
174.481	81.212	39.964
177.019	81.250	38.817
179.594	81.296	37.362
182.206	81.314	35.724
184.856	81.311	34.334
187.545	81.355	32.740
190.273	81.304	30.865
193.041	81.242	29.707
195.849	81.271	28.539
198.697	81.313	27.045
201.587	81.320	25.388
204.520	81.296	23.758
207.494	81.274	22.319
210.512	81.282	20.779
213.574	81.237	19.145
216.681	81.223	17.798
219.833	81.218	16.168
223.030	81.177	14.542
226.274	81.137	13.032
229.565	81.111	11.548
232.905	81.063	10.009
236.292	81.024	8.680
239.729	81.007	7.185
243.216	81.013	5.788
246.754	81.040	3.495
250.343	80.852	1.537
253.984	80.762	0.341
257.678	80.728	-0.955
261.426	80.654	-2.813
265.229	80.518	-4.453
269.087	80.434	-5.213
273.001	80.459	-6.842
276.972	80.327	-8.704
281.000	80.245	-10.411
285.088	80.052	-11.597
289.234	80.017	-12.521
293.441	79.987	-14.469
297.709	79.795	-16.423
302.040	79.613	-17.256
306.433	79.492	-18.594
310.890	79.326	-19.527
315.412	79.235	-20.595
320.000	79.085	-21.568
324.655	78.953	-22.285
329.377	78.907	-22.858
334.168	78.844	-24.040
339.028	78.757	-24.891
343.959	78.724	-26.137
348.962	78.586	-27.444
354.038	78.459	-28.098
359.188	78.411	-28.912
364.412	78.357	-29.796
369.713	78.301	-30.825
375.090	78.243	-32.060
380.546	78.176	-32.921
386.081	78.126	-34.150
391.697	78.043	-35.260
397.394	77.992	-36.260
403.175	77.927	-37.180
409.039	77.871	-38.146
414.989	77.822	-38.816
421.025	77.840	-39.493
427.149	77.904	-40.461
433.362	77.985	-41.875
439.665	77.986	-43.672
446.060	78.000	-45.140
452.548	77.976	-47.071
459.131	77.871	-48.927
465.809	77.852	-49.925
472.584	77.859	-51.785
479.458	77.768	-53.549
486.432	77.728	-55.333
493.507	77.631	-57.429
500.686	77.476	-59.226
507.968	77.323	-60.935
515.357	77.163	-62.472
522.853	76.980	-64.030
530.458	76.789	-65.498
538.174	76.556	-66.778
546.002	76.314	-68.086
553.943	76.039	-68.760
562.001	75.806	-69.092
570.175	75.596	-69.430
578.469	75.412	-69.325
586.883	75.275	-69.286
595.419	75.156	-69.153
604.080	75.091	-68.907
612.866	75.086	-68.704
621.780	75.099	-68.748
630.824	75.163	-68.887
640.000	75.252	-69.303
649.309	75.376	-70.091
658.753	75.481	-71.304
668.335	75.576	-72.746
678.056	75.640	-74.529
687.919	75.679	-76.494
697.925	75.669	-78.669
708.077	75.624	-80.916
718.376	75.520	-83.285
728.825	75.370	-85.573
739.426	75.165	-87.802
750.181	74.911	-89.789
761.093	74.608	-91.544
772.163	74.287	-92.886
783.394	73.928	-93.862
794.789	73.580	-94.240
806.349	73.256	-94.150
818.078	72.994	-93.580
829.977	72.800	-92.718
842.050	72.705	-91.692
854.298	72.691	-90.797
866.724	72.768	-90.172
879.330	72.885	-89.968
892.120	73.041	-90.210
905.097	73.196	-90.880
918.262	73.346	-91.996
931.618	73.441	-93.383
945.169	73.503	-94.766
958.917	73.558	-96.132
972.864	73.617	-97.556
987.015	73.644	-99.035
1001.37	73.672	-100.395
1015.94	73.714	-101.608
1030.71	73.805	-102.887
1045.71	73.941	-104.417
1060.92	74.088	-106.353
1076.35	74.214	-108.705
1092.00	74.317	-111.353
1107.89	74.376	-114.002
1124.00	74.390	-117.061
1140.35	74.329	-120.311
1156.94	74.211	-123.153
1173.77	74.031	-125.598
1190.84	73.812	-127.561
1208.16	73.631	-128.843
1225.73	73.524	-129.566
1243.56	73.549	-130.061
1261.65	73.688	-130.735
1280.00	73.963	-132.046
1298.62	74.284	-134.229
1317.51	74.559	-137.059
1336.67	74.809	-140.707
1356.11	75.006	-145.129
1375.84	75.084	-149.778
1395.85	75.072	-154.125
1416.15	74.975	-158.159
1436.75	74.831	-162.059
1457.65	74.660	-165.589
1478.85	74.540	-168.713
1500.36	74.473	-171.400
1522.19	74.476	-174.381
1544.33	74.514	-177.603
1566.79	74.569	178.603
1589.58	74.578	174.279
1612.70	74.516	169.627
1636.16	74.370	165.114
1659.95	74.158	160.803
1684.10	73.902	156.943
1708.60	73.654	153.499
1733.45	73.478	150.634
1758.66	73.365	147.517
1784.24	73.294	143.945
1810.19	73.195	139.752
1836.52	73.030	135.310
1863.24	72.734	130.852
1890.34	72.355	126.953
1917.83	71.897	123.768
1945.73	71.495	121.640
1974.03	71.206	120.173
2002.74	71.086	118.566
2031.87	71.049	116.242
2061.43	71.014	113.024
2091.41	70.865	109.151
2121.83	70.587	105.446
2152.69	70.226	102.542
2184.01	69.907	100.526
2215.77	69.698	99.025
2248.00	69.622	97.095
2280.70	69.583	94.132
2313.87	69.473	90.277
2347.53	69.202	86.220
2381.68	68.803	82.575
2416.32	68.337	79.775
2451.46	67.868	77.500
2487.12	67.414	75.401
2523.30	66.946	73.229
2560.00	66.379	71.476
2597.24	65.763	70.725
2635.01	65.218	71.246
2673.34	64.838	72.117
2712.23	64.568	72.198
2751.68	64.177	71.407
2791.70	63.532	71.483
2832.31	62.811	74.352
2873.50	62.457	80.361
2915.30	62.813	86.164
2957.70	63.510	88.415
3000.72	64.060	87.575
3044.37	64.323	85.716
3088.65	64.388	84.360
3133.58	64.412	83.666
3179.16	64.472	83.354
3225.40	64.580	83.228
3272.31	64.761	83.080
3319.91	65.040	82.412
3368.20	65.356	80.817
3417.19	65.611	78.289
3466.89	65.757	75.213
3517.32	65.790	71.468
3568.48	65.662	67.487
3620.39	65.317	63.804
3673.05	64.789	61.285
3726.47	64.278	60.444
3780.67	63.971	59.991
3835.67	63.680	58.354
3891.46	63.088	55.950
3948.06	62.046	55.320
4005.49	60.886	60.006
4063.75	60.590	69.262
4122.86	61.367	75.334
4182.82	62.225	74.448
4243.66	62.332	70.043
4305.39	61.633	67.946
4368.01	60.825	71.828
4431.55	60.717	79.399
4496.01	61.310	86.039
4561.40	62.383	90.235
4627.75	63.765	89.742
4695.06	64.772	83.886
4763.35	64.937	76.509
4832.64	64.458	72.474
4902.93	64.182	73.405
4974.24	64.679	73.943
5046.60	65.264	69.733
5120.00	65.307	63.436
5194.47	64.867	58.845
5270.03	64.417	57.251
5346.68	64.414	56.106
5424.45	64.633	51.444
5503.35	64.397	42.804
5583.40	63.317	32.888
5664.61	61.230	24.910
5747.01	57.937	24.397
5830.60	54.827	42.251
5915.41	54.966	64.762
6001.45	55.747	73.217
6088.74	55.640	83.402
6177.30	57.158	97.934
6267.15	59.632	97.769
6358.31	60.582	90.356
6450.80	60.872	86.958
6544.62	61.210	82.739
6639.82	60.930	78.957
6736.40	60.622	78.454
6834.38	60.376	78.443
6933.79	60.191	79.765
7034.64	60.256	83.091
7136.96	61.420	84.443
7240.77	62.429	75.031
7346.09	62.034	62.928
7452.94	60.501	53.563
7561.35	57.995	53.492
7671.33	56.532	65.871
7782.91	56.904	76.677
7896.12	57.580	78.654
8010.97	57.357	80.072
8127.49	57.951	85.071
8245.71	58.863	78.586
8365.65	57.779	68.410
8487.33	55.556	71.341
8610.78	54.982	77.692
8736.03	52.012	84.132
8863.09	52.428	121.047
8992.01	55.764	128.547
9122.80	57.242	128.518
9255.50	58.741	126.708
9390.12	59.222	119.264
9526.70	58.469	112.840
9665.27	56.624	116.499
9805.86	55.787	128.619
9948.49	55.542	142.659
10093.2	57.257	157.646
10240.0	58.891	153.706
10388.9	58.539	150.520
10540.1	57.772	151.063
10693.4	57.042	159.154
10848.9	56.846	162.574
11006.7	55.928	167.208
11166.8	54.570	173.299
11329.2	53.678	-170.503
11494.0	53.491	-157.046
11661.2	54.089	-145.104
11830.8	54.852	-139.031
12002.9	55.504	-141.368
12177.5	54.867	-146.591
12354.6	52.961	-153.695
12534.3	49.507	-151.211
12716.6	48.047	-144.035
12901.6	47.817	-158.672
13089.2	46.446	158.437
13279.6	44.339	102.996
13472.8	42.215	17.506
13668.8	45.511	-66.544
13867.6	51.771	-114.118
14069.3	54.947	-143.054
14273.9	56.414	-157.954
14481.5	56.808	-165.273
14692.2	56.033	-161.175
14905.9	57.108	-152.015
15122.7	57.623	-148.342
15342.7	57.903	-145.473
15565.8	57.798	-141.112
15792.2	57.448	-137.510
16021.9	56.457	-139.062
16255.0	54.505	-128.828
16491.4	53.810	-116.621
16731.3	54.988	-112.212
16974.7	55.114	-121.194
17221.6	55.189	-138.042
17472.1	53.754	-151.058
17726.2	52.465	-159.068
17984.0	51.899	-157.025
18245.6	52.337	-150.508
18511.0	52.346	-147.366
18780.2	51.755	-140.399
19053.4	52.244	-124.042
19330.5	52.620	-121.110
19611.7	51.764	-114.585
19897.0	50.413	-110.874
20186.4	47.228	-102.047
20480.0	45.427	-65.437
20777.9	48.218	-57.538
21080.1	45.632	-65.452
21386.7	45.747	-38.075
21697.8	47.789	-50.952
22013.4	47.352	-51.484
22333.6	46.409	-49.543
22658.4	48.457	-36.970
22988.0	49.678	-36.351
23322.4	51.687	-25.167
23661.6	54.747	-22.918
