5.00000	21.803	11.885
5.07273	26.474	64.953
5.14651	29.539	91.030
5.22137	31.344	106.090
5.29732	32.552	153.770
5.37437	33.750	147.594
5.45254	33.441	85.602
5.53185	34.236	61.120
5.61231	33.401	60.356
5.69394	30.406	63.947
5.77676	27.046	51.940
5.86079	27.375	31.766
5.94604	29.894	20.457
6.03252	30.839	7.030
6.12027	27.302	-12.773
6.20929	17.583	-46.748
6.29961	17.459	-127.403
6.39124	16.047	-125.925
6.48420	19.600	44.589
6.57851	27.736	47.641
6.67420	28.561	44.035
6.77128	26.947	11.926
6.86977	33.021	-32.720
6.96969	36.010	-45.916
7.07107	35.321	-87.192
7.17392	35.711	-137.252
7.27827	34.875	-159.389
7.38413	33.325	176.532
7.49154	32.395	139.864
7.60050	30.189	96.958
7.71105	27.978	56.172
7.82321	18.593	13.609
7.93701	24.741	-38.258
8.05245	28.915	-33.043
8.16958	28.709	-87.861
8.28841	31.733	-134.234
8.40896	27.709	-155.421
8.53128	21.390	175.699
8.65537	25.796	-152.885
8.78126	31.478	-144.170
8.90899	26.788	176.321
9.03857	29.314	130.606
9.17004	27.995	138.968
9.30342	19.891	11.870
9.43874	17.636	-45.994
9.57603	8.085	179.648
9.71532	23.450	2.155
9.85663	32.813	-85.505
10.0000	34.200	-122.987
10.1455	32.064	-158.185
10.2930	29.867	-156.486
10.4427	30.568	-159.102
10.5946	33.187	-173.229
10.7487	31.114	160.162
10.9051	32.347	157.531
11.0637	30.671	155.860
11.2246	26.313	121.920
11.3879	28.826	125.652
11.5535	26.745	131.060
11.7216	24.848	-173.110
11.8921	31.157	95.276
12.0650	24.455	48.651
12.2405	22.513	-165.183
12.4186	26.572	163.623
12.5992	33.875	78.043
12.7825	31.936	20.677
12.9684	32.765	-40.233
13.1570	24.552	-106.064
13.3484	29.602	-27.516
13.5426	29.421	-95.185
13.7395	29.738	-68.121
13.9394	32.714	-124.355
14.1421	21.354	175.167
14.3478	24.279	-43.633
14.5565	32.781	-81.986
14.7683	30.654	-122.196
14.9831	31.282	-112.754
15.2010	29.794	-157.012
15.4221	20.579	-43.472
15.6464	25.684	-100.260
15.8740	31.475	-76.379
16.1049	31.721	-111.043
16.3392	23.484	-127.445
16.5768	35.778	-68.271
16.8179	33.993	-125.155
17.0626	33.223	-87.726
17.3107	34.345	-99.241
17.5625	37.988	-127.904
17.8180	25.262	157.229
18.0771	35.242	-98.503
18.3401	31.594	-135.446
18.6068	25.222	-88.354
18.8775	32.020	-81.472
19.1521	38.186	-91.278
19.4306	32.778	-130.891
19.7133	33.809	-87.791
20.0000	34.585	-82.555
20.2909	36.889	-104.862
20.5860	36.816	-72.502
20.8855	39.550	-109.828
21.1893	32.292	-85.395
21.4975	37.481	-105.734
21.8102	36.307	-93.880
22.1274	36.916	-106.114
22.4492	38.418	-66.716
22.7758	41.661	-88.445
23.1071	38.278	-92.262
23.4432	37.860	-93.898
23.7841	38.832	-77.684
24.1301	42.250	-73.447
24.4811	42.590	-76.543
24.8372	42.796	-78.766
25.1984	43.164	-82.975
25.5649	44.086	-79.562
25.9368	44.297	-79.501
26.3141	44.233	-80.525
26.6968	46.207	-77.940
27.0851	46.011	-80.542
27.4791	46.432	-83.142
27.8788	47.258	-75.407
28.2843	47.628	-77.228
28.6957	48.682	-78.037
29.1131	48.601	-77.562
29.5365	49.383	-75.202
29.9661	50.724	-79.048
30.4020	50.676	-81.166
30.8442	51.532	-79.996
31.2929	51.901	-76.535
31.7480	52.793	-79.498
32.2098	53.575	-78.909
32.6783	54.162	-81.851
33.1536	55.145	-79.536
33.6359	55.777	-81.634
34.1251	56.239	-82.183
34.6215	56.819	-84.178
35.1250	57.250	-82.849
35.6359	57.915	-84.137
36.1543	58.474	-84.793
36.6802	59.316	-84.895
37.2137	59.901	-85.565
37.7550	60.486	-86.573
38.3041	61.168	-86.681
38.8613	61.899	-87.771
39.4265	62.650	-88.385
40.0000	63.261	-89.839
40.5818	64.051	-91.247
41.1721	64.709	-92.619
41.7710	65.288	-93.057
42.3785	66.119	-94.840
42.9949	66.873	-96.646
43.6203	67.645	-98.188
44.2548	68.354	-99.695
44.8985	69.121	-101.539
45.5515	69.866	-103.421
46.2141	70.732	-105.874
46.8863	71.494	-108.288
47.5683	72.271	-110.406
48.2602	73.147	-113.218
48.9621	73.976	-116.400
49.6743	74.844	-119.727
50.3968	75.630	-123.631
51.1299	76.440	-127.675
51.8736	77.304	-132.402
52.6281	78.033	-137.290
53.3936	78.802	-142.972
54.1702	79.518	-148.938
54.9581	80.157	-155.364
55.7575	80.678	-161.958
56.5685	81.092	-168.501
57.3914	81.446	-175.658
58.2261	81.684	177.173
59.0730	81.796	171.084
59.9323	81.851	163.898
60.8040	81.811	158.255
61.6884	81.741	152.483
62.5857	81.586	146.974
63.4960	81.419	142.035
64.4196	81.268	137.986
65.3566	81.105	134.357
66.3073	80.915	130.386
67.2717	80.727	126.642
68.2502	80.558	123.658
69.2429	80.416	120.834
70.2501	80.272	118.046
71.2719	80.101	115.187
72.3086	79.970	112.901
73.3603	79.840	110.448
74.4274	79.709	108.278
75.5099	79.571	106.187
76.6083	79.430	104.219
77.7226	79.302	102.628
78.8531	79.203	101.145
80.0000	79.126	99.731
81.1636	79.086	98.486
82.3442	79.061	97.102
83.5419	79.049	95.588
84.7570	79.041	94.166
85.9899	79.033	92.726
87.2406	79.020	91.363
88.5096	79.012	89.969
89.7970	79.013	88.696
91.1031	79.036	87.387
92.4282	79.054	86.174
93.7726	79.072	84.760
95.1366	79.109	83.622
96.5204	79.168	82.527
97.9243	79.244	81.120
99.3486	79.296	79.583
100.794	79.339	78.115
102.260	79.403	76.596
103.747	79.427	75.109
105.256	79.428	73.627
106.787	79.456	72.402
108.340	79.495	71.137
109.916	79.526	69.966
111.515	79.587	68.748
113.137	79.653	67.570
114.783	79.727	66.308
116.452	79.815	64.937
118.146	79.890	63.532
119.865	79.961	62.132
121.608	80.028	60.702
123.377	80.110	59.284
125.171	80.202	57.862
126.992	80.292	56.162
128.839	80.357	54.524
130.713	80.400	52.704
132.615	80.413	51.083
134.543	80.447	49.652
136.500	80.504	48.189
138.486	80.540	46.529
140.500	80.553	45.199
142.544	80.591	43.927
144.617	80.688	42.648
146.721	80.780	41.134
148.855	80.870	39.399
151.020	80.952	37.644
153.217	81.033	35.682
155.445	81.068	33.371
157.706	81.001	31.090
160.000	80.887	29.883
162.327	80.908	29.011
164.688	80.996	27.705
167.084	81.083	25.995
169.514	81.116	23.938
171.980	81.072	22.063
174.481	81.041	20.754
177.019	81.084	19.421
179.594	81.134	17.780
182.206	81.157	15.957
184.856	81.160	14.382
187.545	81.207	12.603
190.273	81.162	10.543
193.041	81.105	9.201
195.849	81.139	7.851
198.697	81.185	6.173
201.587	81.199	4.334
204.520	81.180	2.522
207.494	81.164	0.902
210.512	81.178	-0.818
213.574	81.139	-2.632
216.681	81.132	-4.159
219.833	81.134	-5.968
223.030	81.100	-7.772
226.274	81.069	-9.460
229.565	81.051	-11.122
232.905	81.012	-12.838
236.292	80.982	-14.344
239.729	80.975	-16.017
243.216	80.992	-17.592
246.754	81.030	-20.063
250.343	80.855	-22.198
253.984	80.778	-23.574
257.678	80.759	-25.051
261.426	80.700	-27.092
265.229	80.581	-28.916
269.087	80.513	-29.865
273.001	80.557	-31.686
276.972	80.445	-33.743
281.000	80.384	-35.651
285.088	80.214	-37.046
289.234	80.204	-38.185
293.441	80.198	-40.356
297.709	80.036	-42.544
302.040	79.881	-43.622
306.433	79.791	-45.221
310.890	79.656	-46.426
315.412	79.598	-47.786
320.000	79.482	-49.068
324.655	79.384	-50.115
329.377	79.373	-51.039
334.168	79.346	-52.596
339.028	79.293	-53.845
343.959	79.295	-55.514
348.962	79.189	-57.270
354.038	79.092	-58.395
359.188	79.070	-59.702
364.412	79.041	-61.097
369.713	79.006	-62.655
375.090	78.967	-64.432
380.546	78.911	-65.844
386.081	78.868	-67.630
391.697	78.787	-69.296
397.394	78.733	-70.847
403.175	78.659	-72.311
409.039	78.591	-73.802
414.989	78.524	-74.979
421.025	78.521	-76.138
427.149	78.562	-77.562
433.362	78.615	-79.399
439.665	78.587	-81.580
446.060	78.572	-83.396
452.548	78.520	-85.630
459.131	78.388	-87.746
465.809	78.344	-88.963
472.584	78.328	-90.991
479.458	78.220	-92.873
486.432	78.169	-94.729
493.507	78.069	-96.841
500.686	77.921	-98.609
507.968	77.788	-100.240
515.357	77.662	-101.661
522.853	77.531	-103.073
530.458	77.413	-104.386
538.174	77.276	-105.524
546.002	77.154	-106.736
553.943	77.026	-107.398
562.001	76.962	-107.855
570.175	76.942	-108.494
578.469	76.964	-108.910
586.883	77.038	-109.636
595.419	77.124	-110.518
604.080	77.250	-111.520
612.866	77.413	-112.756
621.780	77.566	-114.374
630.824	77.739	-116.156
640.000	77.906	-118.224
649.309	78.083	-120.629
658.753	78.219	-123.377
668.335	78.330	-126.253
678.056	78.402	-129.355
687.919	78.443	-132.521
697.925	78.437	-135.781
708.077	78.404	-139.008
718.376	78.323	-142.260
728.825	78.211	-145.355
739.426	78.066	-148.339
750.181	77.895	-151.065
761.093	77.707	-153.588
772.163	77.531	-155.800
783.394	77.348	-157.813
794.789	77.202	-159.492
806.349	77.094	-161.042
818.078	77.043	-162.499
829.977	77.037	-164.051
842.050	77.088	-165.756
854.298	77.166	-167.800
866.724	77.278	-170.203
879.330	77.378	-173.017
892.120	77.476	-176.208
905.097	77.536	-179.740
918.262	77.562	176.352
931.618	77.505	172.251
945.169	77.387	168.227
958.917	77.231	164.270
972.864	77.044	160.322
987.015	76.780	156.450
1001.37	76.473	152.947
1015.94	76.150	149.905
1030.71	75.856	147.181
1045.71	75.604	144.603
1060.92	75.384	141.993
1076.35	75.177	139.279
1092.00	74.989	136.406
1107.89	74.815	133.407
1124.00	74.625	129.943
1140.35	74.382	126.088
1156.94	74.088	122.205
1173.77	73.714	118.274
1190.84	73.245	114.378
1208.16	72.715	110.763
1225.73	72.129	107.557
1243.56	71.523	104.705
1261.65	70.901	102.136
1280.00	70.246	99.769
1298.62	69.563	97.422
1317.51	68.821	95.103
1336.67	67.956	93.006
1356.11	66.899	91.440
1375.84	65.639	91.076
1395.85	64.230	92.815
1416.15	62.796	97.950
1436.75	61.705	107.881
1457.65	61.555	120.275
1478.85	62.268	129.727
1500.36	63.093	134.197
1522.19	63.854	135.431
1544.33	64.272	135.081
1566.79	64.437	134.752
1589.58	64.383	135.281
1612.70	64.367	137.487
1636.16	64.532	141.050
1659.95	65.037	144.217
1684.10	65.765	146.175
1708.60	66.543	145.864
1733.45	67.179	144.641
1758.66	67.732	142.231
1784.24	68.173	139.535
1810.19	68.526	136.475
1836.52	68.849	133.612
1863.24	69.120	130.119
1890.34	69.339	126.198
1917.83	69.405	121.238
1945.73	69.280	116.223
1974.03	68.888	111.521
2002.74	68.291	107.824
2031.87	67.545	105.935
2061.43	66.883	106.157
2091.41	66.385	107.567
2121.83	66.116	109.094
2152.69	65.926	110.089
2184.01	65.742	110.880
2215.77	65.511	112.123
2248.00	65.378	113.869
2280.70	65.377	115.454
2313.87	65.462	116.011
2347.53	65.422	115.805
2381.68	65.213	115.850
2416.32	64.914	117.481
2451.46	64.776	120.742
2487.12	64.989	124.105
2523.30	65.416	125.452
2560.00	65.711	124.999
2597.24	65.754	124.192
2635.01	65.620	124.650
2673.34	65.532	126.676
2712.23	65.684	129.442
2751.68	66.050	131.528
2791.70	66.495	132.829
2832.31	67.002	133.323
2873.50	67.568	132.699
2915.30	68.078	130.399
2957.70	68.359	127.036
3000.72	68.342	123.803
3044.37	68.128	121.953
3088.65	67.976	121.806
3133.58	68.028	121.898
3179.16	68.160	120.988
3225.40	68.186	119.445
3272.31	68.070	118.278
3319.91	67.954	117.916
3368.20	67.947	117.815
3417.19	68.001	117.124
3466.89	68.007	115.708
3517.32	67.867	113.646
3568.48	67.518	111.674
3620.39	66.921	110.851
3673.05	66.197	112.542
3726.47	65.682	117.191
3780.67	65.633	122.926
3835.67	65.958	127.867
3891.46	66.586	131.418
3948.06	67.384	132.965
4005.49	68.258	131.348
4063.75	68.824	126.954
4122.86	68.904	121.657
4182.82	68.511	117.442
4243.66	67.890	116.252
4305.39	67.531	117.942
4368.01	67.619	119.160
4431.55	67.726	117.690
4496.01	67.447	115.424
4561.40	66.923	115.269
4627.75	66.605	117.135
4695.06	66.600	118.518
4763.35	66.667	117.947
4832.64	66.455	115.502
4902.93	65.721	113.893
4974.24	64.852	116.592
5046.60	64.510	121.599
5120.00	64.513	124.725
5194.47	64.427	126.221
5270.03	64.034	127.494
5346.68	63.380	132.129
5424.45	63.360	140.764
5503.35	64.205	146.834
5583.40	65.183	147.781
5664.61	65.767	145.288
5747.01	65.857	142.659
5830.60	65.781	140.835
5915.41	65.389	138.709
6001.45	64.593	140.054
6088.74	64.227	145.424
6177.30	64.410	150.259
6267.15	64.966	153.010
6358.31	65.495	151.632
6450.80	65.543	149.327
6544.62	65.501	147.941
6639.82	65.372	144.963
6736.40	64.579	141.570
6834.38	63.321	143.663
6933.79	62.697	150.268
7034.64	62.639	156.603
7136.96	63.135	160.111
7240.77	63.324	158.671
7346.09	62.920	157.487
7452.94	62.137	158.336
7561.35	61.308	163.248
7671.33	61.061	171.096
7782.91	61.429	175.359
7896.12	61.349	177.749
8010.97	61.419	-179.291
8127.49	61.387	-177.659
8245.71	61.198	-177.577
8365.65	60.310	-176.028
8487.33	59.416	-166.734
8610.78	60.169	-156.486
8736.03	60.850	-154.610
8863.09	61.352	-154.084
8992.01	61.240	-157.247
9122.80	60.301	-157.263
9255.50	59.352	-153.220
9390.12	58.547	-145.556
9526.70	58.536	-137.475
9665.27	58.778	-133.690
9805.86	58.052	-133.811
9948.49	56.049	-122.931
10093.2	56.451	-101.577
10240.0	58.449	-90.620
10388.9	59.917	-90.313
10540.1	60.720	-91.544
10693.4	60.705	-95.670
10848.9	59.684	-93.519
11006.7	59.504	-86.891
11166.8	59.382	-82.802
11329.2	59.368	-77.250
11494.0	59.041	-72.000
11661.2	59.223	-63.545
11830.8	59.606	-59.501
12002.9	59.874	-54.897
12177.5	60.135	-53.692
12354.6	59.804	-51.956
12534.3	59.354	-47.461
12716.6	59.005	-39.675
12901.6	59.502	-34.371
13089.2	59.517	-31.951
13279.6	59.396	-31.006
13472.8	58.332	-26.793
13668.8	57.425	-13.103
13867.6	58.479	3.357
14069.3	60.638	5.631
14273.9	61.122	-0.872
14481.5	60.403	-2.715
14692.2	59.059	2.380
14905.9	58.935	14.731
15122.7	59.738	20.377
15342.7	59.673	21.333
15565.8	59.579	28.058
15792.2	59.844	33.402
16021.9	60.199	37.235
16255.0	60.382	39.901
16491.4	60.437	41.173
16731.3	59.851	44.732
16974.7	60.000	50.218
17221.6	60.000	51.971
17472.1	59.487	56.025
17726.2	59.476	59.781
17984.0	58.954	62.242
18245.6	58.217	65.240
18511.0	57.209	69.344
18780.2	56.110	75.988
19053.4	55.000	86.287
19330.5	54.813	99.210
19611.7	53.925	107.485
19897.0	54.211	120.142
20186.4	53.182	124.960
20480.0	53.021	139.546
20777.9	52.123	149.440
21080.1	51.186	173.167
21386.7	53.639	-161.297
21697.8	55.927	-158.034
22013.4	57.473	-153.198
22333.6	58.242	-156.688
22658.4	57.235	-152.126
22988.0	57.428	-133.871
23322.4	59.814	-124.082
23661.6	61.421	-121.444
