5.00000	22.244	12.328
5.07273	26.910	65.487
5.14651	29.977	91.600
5.22137	31.784	106.678
5.29732	32.995	154.385
5.37437	34.193	148.213
5.45254	33.882	86.203
5.53185	34.678	61.717
5.61231	33.842	60.960
5.69394	30.844	64.557
5.77676	27.482	52.536
5.86079	27.814	32.355
5.94604	30.336	21.065
6.03252	31.283	7.648
6.12027	27.749	-12.170
6.20929	18.052	-46.225
6.29961	17.934	-126.576
6.39124	16.528	-125.070
6.48420	20.025	45.178
6.57851	28.173	48.320
6.67420	28.998	44.725
6.77128	27.389	12.592
6.86977	33.469	-31.999
6.96969	36.458	-45.170
7.07107	35.772	-86.416
7.17392	36.160	-136.438
7.27827	35.323	-158.553
7.38413	33.771	177.391
7.49154	32.836	140.730
7.60050	30.625	97.808
7.71105	28.412	56.980
7.82321	19.028	14.230
7.93701	25.197	-37.487
8.05245	29.367	-32.224
8.16958	29.167	-86.968
8.28841	32.185	-133.281
8.40896	28.161	-154.410
8.53128	21.835	176.840
8.65537	26.251	-151.826
8.78126	31.930	-143.152
8.90899	27.234	177.416
9.03857	29.750	131.663
9.17004	28.431	140.060
9.30342	20.325	12.647
9.43874	18.116	-45.207
9.57603	8.543	-178.262
9.71532	23.892	3.048
9.85663	33.267	-84.427
10.0000	34.653	-121.858
10.1455	32.514	-157.004
10.2930	30.319	-155.271
10.4427	31.019	-157.873
10.5946	33.634	-171.998
10.7487	31.556	161.427
10.9051	32.789	158.803
11.0637	31.112	157.165
11.2246	26.741	123.248
11.3879	29.259	126.982
11.5535	27.175	132.439
11.7216	25.300	-171.637
11.8921	31.589	96.604
12.0650	24.876	49.866
12.2405	22.972	-163.598
12.4186	27.013	165.149
12.5992	34.310	79.426
12.7825	32.375	22.007
12.9684	33.217	-38.870
13.1570	25.029	-104.576
13.3484	30.054	-26.156
13.5426	29.885	-93.694
13.7395	30.200	-66.663
13.9394	33.171	-122.776
14.1421	21.801	177.057
14.3478	24.746	-42.241
14.5565	33.239	-80.404
14.7683	31.116	-120.517
14.9831	31.744	-111.071
15.2010	30.250	-155.219
15.4221	21.060	-42.087
15.6464	26.163	-98.522
15.8740	31.937	-74.669
16.1049	32.183	-109.240
16.3392	23.969	-125.495
16.5768	36.233	-66.479
16.8179	34.451	-123.258
17.0626	33.684	-85.861
17.3107	34.804	-97.330
17.5625	38.441	-125.937
17.8180	25.698	159.450
18.0771	35.700	-96.509
18.3401	32.055	-133.344
18.6068	25.709	-86.351
18.8775	32.484	-79.428
19.1521	38.641	-89.174
19.4306	33.239	-128.684
19.7133	34.270	-85.638
20.0000	35.045	-80.378
20.2909	37.346	-102.616
20.5860	37.272	-70.268
20.8855	40.004	-107.514
21.1893	32.758	-83.092
21.4975	37.938	-103.355
21.8102	36.766	-91.484
22.1274	37.374	-103.665
22.4492	38.873	-64.280
22.7758	42.114	-85.943
23.1071	38.734	-89.725
23.4432	38.318	-91.322
23.7841	39.287	-75.090
24.1301	42.702	-70.809
24.4811	43.042	-73.863
24.8372	43.248	-76.045
25.1984	43.617	-80.211
25.5649	44.537	-76.759
25.9368	44.748	-76.657
26.3141	44.684	-77.639
26.6968	46.657	-75.010
27.0851	46.462	-77.568
27.4791	46.882	-80.123
27.8788	47.707	-72.347
28.2843	48.077	-74.122
28.6957	49.131	-74.884
29.1131	49.050	-74.364
29.5365	49.832	-71.957
29.9661	51.172	-75.752
30.4020	51.125	-77.822
30.8442	51.980	-76.602
31.2929	52.349	-73.093
31.7480	53.241	-76.005
32.2098	54.023	-75.364
32.6783	54.610	-78.253
33.1536	55.593	-75.886
33.6359	56.224	-77.930
34.1251	56.686	-78.425
34.6215	57.266	-80.364
35.1250	57.698	-78.980
35.6359	58.362	-80.211
36.1543	58.921	-80.809
36.6802	59.763	-80.853
37.2137	60.348	-81.464
37.7550	60.932	-82.412
38.3041	61.615	-82.460
38.8613	62.345	-83.488
39.4265	63.097	-84.039
40.0000	63.708	-85.429
40.5818	64.498	-86.771
41.1721	65.155	-88.074
41.7710	65.736	-88.438
42.3785	66.567	-90.145
42.9949	67.321	-91.870
43.6203	68.094	-93.328
44.2548	68.803	-94.747
44.8985	69.571	-96.499
45.5515	70.317	-98.287
46.2141	71.185	-100.641
46.8863	71.947	-102.954
47.5683	72.726	-104.967
48.2602	73.601	-107.671
48.9621	74.431	-110.742
49.6743	75.299	-113.955
50.3968	76.087	-117.742
51.1299	76.897	-121.667
51.8736	77.762	-126.271
52.6281	78.492	-131.032
53.3936	79.261	-136.587
54.1702	79.977	-142.422
54.9581	80.616	-148.713
55.7575	81.137	-155.172
56.5685	81.551	-161.575
57.3914	81.904	-168.592
58.2261	82.141	-175.616
59.0730	82.253	178.440
59.9323	82.307	171.403
60.8040	82.265	165.909
61.6884	82.194	160.291
62.5857	82.038	154.936
63.4960	81.868	150.153
64.4196	81.716	146.262
65.3566	81.550	142.793
66.3073	81.357	138.986
67.2717	81.166	135.405
68.2502	80.994	132.587
69.2429	80.849	129.929
70.2501	80.701	127.310
71.2719	80.528	124.622
72.3086	80.392	122.507
73.3603	80.257	120.227
74.4274	80.123	118.232
75.5099	79.979	116.316
76.6083	79.833	114.525
77.7226	79.701	113.112
78.8531	79.596	111.809
80.0000	79.514	110.576
81.1636	79.468	109.512
82.3442	79.437	108.310
83.5419	79.418	106.979
84.7570	79.403	105.741
85.9899	79.390	104.485
87.2406	79.369	103.308
88.5096	79.354	102.100
89.7970	79.348	101.014
91.1031	79.363	99.892
92.4282	79.373	98.866
93.7726	79.384	97.640
95.1366	79.413	96.689
96.5204	79.464	95.783
97.9243	79.531	94.564
99.3486	79.574	93.216
100.794	79.609	91.935
102.260	79.664	90.606
103.747	79.680	89.307
105.256	79.672	88.013
106.787	79.691	86.976
108.340	79.720	85.898
109.916	79.742	84.913
111.515	79.793	83.882
113.137	79.851	82.889
114.783	79.914	81.812
116.452	79.994	80.624
118.146	80.058	79.401
119.865	80.120	78.183
121.608	80.178	76.934
123.377	80.250	75.696
125.171	80.332	74.452
126.992	80.412	72.929
128.839	80.468	71.466
130.713	80.501	69.819
132.615	80.505	68.369
134.543	80.529	67.107
136.500	80.577	65.811
138.486	80.604	64.318
140.500	80.606	63.150
142.544	80.636	62.039
144.617	80.723	60.918
146.721	80.806	59.561
148.855	80.887	57.976
151.020	80.959	56.372
153.217	81.031	54.556
155.445	81.057	52.388
157.706	80.982	50.246
160.000	80.859	49.177
162.327	80.870	48.437
164.688	80.949	47.261
167.084	81.028	45.676
169.514	81.053	43.741
171.980	81.001	41.982
174.481	80.961	40.786
177.019	80.993	39.562
179.594	81.037	38.024
182.206	81.050	36.300
184.856	81.045	34.819
187.545	81.084	33.129
190.273	81.030	31.153
193.041	80.965	29.889
195.849	80.990	28.612
198.697	81.028	27.002
201.587	81.031	25.223
204.520	81.003	23.467
207.494	80.979	21.896
210.512	80.984	20.220
213.574	80.936	18.442
216.681	80.918	16.947
219.833	80.909	15.162
223.030	80.865	13.375
226.274	80.822	11.697
229.565	80.792	10.041
232.905	80.741	8.321
236.292	80.697	6.806
239.729	80.677	5.118
243.216	80.678	3.521
246.754	80.701	1.022
250.343	80.508	-1.150
253.984	80.412	-2.566
257.678	80.374	-4.088
261.426	80.294	-6.182
265.229	80.150	-8.061
269.087	80.059	-9.070
273.001	80.076	-10.952
276.972	79.936	-13.075
281.000	79.844	-15.049
285.088	79.640	-16.508
289.234	79.594	-17.709
293.441	79.551	-19.938
297.709	79.346	-22.179
302.040	79.147	-23.299
306.433	79.008	-24.928
310.890	78.823	-26.151
315.412	78.711	-27.506
320.000	78.540	-28.765
324.655	78.383	-29.762
329.377	78.309	-30.605
334.168	78.219	-32.052
339.028	78.102	-33.149
343.959	78.040	-34.628
348.962	77.870	-36.155
354.038	77.710	-37.004
359.188	77.629	-37.992
364.412	77.544	-39.031
369.713	77.458	-40.190
375.090	77.371	-41.532
380.546	77.278	-42.476
386.081	77.207	-43.766
391.697	77.107	-44.919
397.394	77.043	-45.943
403.175	76.970	-46.877
409.039	76.915	-47.845
414.989	76.871	-48.513
421.025	76.900	-49.186
427.149	76.984	-50.154
433.362	77.088	-51.575
439.665	77.120	-53.391
446.060	77.172	-54.893
452.548	77.191	-56.874
459.131	77.137	-58.804
465.809	77.173	-59.896
472.584	77.239	-61.881
479.458	77.215	-63.800
486.432	77.247	-65.771
493.507	77.228	-68.094
500.686	77.155	-70.166
507.968	77.092	-72.203
515.357	77.026	-74.129
522.853	76.942	-76.148
530.458	76.854	-78.157
538.174	76.727	-80.077
546.002	76.593	-82.128
553.943	76.424	-83.661
562.001	76.292	-84.978
570.175	76.172	-86.425
578.469	76.067	-87.545
586.883	75.990	-88.827
595.419	75.909	-90.083
604.080	75.858	-91.250
612.866	75.842	-92.442
621.780	75.824	-93.819
630.824	75.841	-95.193
640.000	75.872	-96.729
649.309	75.936	-98.515
658.753	75.982	-100.612
668.335	76.027	-102.844
678.056	76.054	-105.342
687.919	76.068	-107.980
697.925	76.050	-110.811
708.077	76.015	-113.726
718.376	75.939	-116.804
728.825	75.835	-119.871
739.426	75.694	-122.982
750.181	75.519	-125.988
761.093	75.310	-128.938
772.163	75.090	-131.693
783.394	74.836	-134.333
794.789	74.586	-136.656
806.349	74.339	-138.799
818.078	74.121	-140.717
829.977	73.927	-142.532
842.050	73.781	-144.273
854.298	73.669	-146.130
866.724	73.607	-148.170
879.330	73.558	-150.514
892.120	73.531	-153.201
905.097	73.490	-156.261
918.262	73.430	-159.768
931.618	73.296	-163.577
945.169	73.097	-167.426
958.917	72.847	-171.282
972.864	72.546	-175.144
987.015	72.143	-178.868
1001.37	71.672	177.927
1015.94	71.162	175.467
1030.71	70.677	173.750
1045.71	70.260	172.687
1060.92	69.938	172.075
1076.35	69.736	171.683
1092.00	69.666	171.144
1107.89	69.714	170.163
1124.00	69.835	168.264
1140.35	69.967	165.285
1156.94	70.044	161.773
1173.77	70.022	157.777
1190.84	69.882	153.306
1208.16	69.635	148.977
1225.73	69.286	145.114
1243.56	68.889	141.968
1261.65	68.477	139.687
1280.00	68.120	138.201
1298.62	67.903	137.296
1317.51	67.855	136.496
1336.67	67.961	135.078
1356.11	68.181	132.415
1375.84	68.377	128.492
1395.85	68.483	123.971
1416.15	68.447	118.970
1436.75	68.257	113.475
1457.65	67.861	108.047
1478.85	67.346	103.628
1500.36	66.800	100.927
1522.19	66.298	99.579
1544.33	65.995	99.460
1566.79	66.008	99.369
1589.58	66.234	98.282
1612.70	66.571	95.398
1636.16	66.850	91.092
1659.95	66.990	85.600
1684.10	66.924	79.588
1708.60	66.670	73.638
1733.45	66.320	68.954
1758.66	65.898	64.930
1784.24	65.496	61.925
1810.19	65.209	59.220
1836.52	65.063	56.519
1863.24	64.941	53.041
1890.34	64.804	49.081
1917.83	64.546	44.632
1945.73	64.231	40.582
1974.03	63.890	37.002
2002.74	63.630	33.406
2031.87	63.424	29.199
2061.43	63.230	23.776
2091.41	62.816	16.580
2121.83	62.029	8.500
2152.69	60.702	1.025
2184.01	58.817	-3.559
2215.77	56.562	-1.471
2248.00	55.010	9.922
2280.70	55.367	21.344
2313.87	56.411	22.236
2347.53	56.776	16.134
2381.68	56.192	7.941
2416.32	54.572	1.891
2451.46	52.006	3.188
2487.12	49.882	19.181
2523.30	50.364	36.711
2560.00	51.524	42.836
2597.24	51.942	44.590
2635.01	51.919	49.142
2673.34	52.427	57.543
2712.23	53.741	63.094
2751.68	55.050	63.365
2791.70	55.941	61.786
2832.31	56.621	60.986
2873.50	57.504	60.619
2915.30	58.623	58.000
2957.70	59.568	52.278
3000.72	60.017	45.030
3044.37	59.966	38.715
3088.65	59.721	35.540
3133.58	59.736	34.691
3179.16	60.115	33.223
3225.40	60.476	30.069
3272.31	60.620	26.785
3319.91	60.760	25.013
3368.20	61.231	23.771
3417.19	61.940	20.367
3466.89	62.506	14.291
3517.32	62.709	6.607
3568.48	62.546	-0.387
3620.39	62.173	-5.710
3673.05	61.767	-9.346
3726.47	61.510	-11.631
3780.67	61.535	-14.021
3835.67	61.601	-18.559
3891.46	61.249	-24.630
3948.06	60.254	-28.282
4005.49	59.291	-24.250
4063.75	59.760	-16.728
4122.86	61.191	-16.113
4182.82	62.365	-22.200
4243.66	62.971	-30.603
4305.39	63.175	-38.909
4368.01	63.149	-46.968
4431.55	62.843	-55.589
4496.01	61.979	-64.408
4561.40	60.173	-69.961
4627.75	57.933	-62.568
4695.06	58.279	-45.243
4763.35	60.438	-42.162
4832.64	61.509	-49.797
4902.93	61.215	-55.401
4974.24	60.874	-52.471
5046.60	61.821	-48.043
5120.00	63.157	-50.246
5194.47	64.005	-56.124
5270.03	64.318	-61.738
5346.68	64.582	-65.171
5424.45	65.164	-69.314
5503.35	65.466	-76.874
5583.40	65.070	-82.987
5664.61	64.901	-84.311
5747.01	65.385	-88.204
5830.60	65.397	-96.598
5915.41	64.706	-103.029
6001.45	64.143	-105.750
6088.74	64.028	-109.478
6177.30	63.798	-116.833
6267.15	62.928	-125.168
6358.31	61.747	-131.179
6450.80	60.567	-137.469
6544.62	58.771	-143.156
6639.82	57.008	-145.298
6736.40	55.306	-152.021
6834.38	51.919	-164.919
6933.79	42.190	-175.380
7034.64	39.786	-56.870
7136.96	48.397	-61.817
7240.77	48.752	-69.697
7346.09	48.533	-58.895
7452.94	51.205	-49.580
7561.35	53.722	-60.954
7671.33	54.135	-77.754
7782.91	53.542	-89.859
7896.12	52.910	-101.655
8010.97	50.875	-115.394
8127.49	47.194	-112.613
8245.71	47.037	-90.679
8365.65	49.275	-91.964
8487.33	49.736	-103.562
8610.78	48.354	-122.017
8736.03	38.973	-123.561
8863.09	42.869	-28.147
8992.01	49.212	-41.977
9122.80	50.778	-43.200
9255.50	53.558	-42.945
9390.12	55.549	-53.378
9526.70	55.880	-60.651
9665.27	56.328	-60.587
9805.86	58.264	-64.950
9948.49	59.288	-82.597
10093.2	59.058	-98.912
10240.0	58.435	-117.865
10388.9	56.431	-136.258
10540.1	54.476	-144.193
10693.4	53.643	-155.133
10848.9	51.768	-168.269
11006.7	48.925	-174.628
11166.8	47.314	-162.408
11329.2	46.832	-154.148
11494.0	48.458	-133.814
11661.2	51.214	-135.872
11830.8	51.316	-144.106
12002.9	49.766	-138.155
12177.5	50.815	-129.644
12354.6	50.875	-129.330
12534.3	50.669	-129.106
12716.6	51.048	-125.172
12901.6	51.643	-141.744
13089.2	48.293	-154.297
13279.6	44.606	-163.058
13472.8	34.821	88.510
13668.8	47.188	-50.542
13867.6	50.605	-66.706
14069.3	54.599	-82.067
14273.9	55.798	-99.725
14481.5	56.539	-109.834
14692.2	57.440	-120.684
14905.9	58.158	-132.619
15122.7	57.978	-151.078
15342.7	56.388	-161.175
15565.8	55.148	-171.972
15792.2	52.268	-172.436
16021.9	50.891	-164.027
16255.0	51.730	-147.866
16491.4	54.038	-150.700
16731.3	54.942	-160.301
16974.7	54.996	-170.660
17221.6	54.391	177.069
17472.1	52.858	165.811
17726.2	51.111	158.854
17984.0	50.797	153.153
18245.6	49.479	137.472
18511.0	46.707	155.494
18780.2	48.359	173.064
19053.4	50.536	171.659
19330.5	51.953	173.835
19611.7	53.033	161.898
19897.0	51.961	147.932
20186.4	51.358	145.539
20480.0	50.193	139.861
20777.9	49.271	141.944
21080.1	51.813	145.249
21386.7	53.416	131.295
21697.8	53.204	109.426
22013.4	51.541	89.795
22333.6	46.860	87.135
22658.4	44.068	103.505
22988.0	46.377	161.660
23322.4	52.713	148.855
23661.6	53.746	138.422
