5.00000	22.494	12.751
5.07273	27.166	65.813
5.14651	30.230	91.897
5.22137	32.036	106.968
5.29732	33.242	154.656
5.37437	34.441	148.495
5.45254	34.133	86.522
5.53185	34.928	62.055
5.61231	34.092	61.305
5.69394	31.097	64.911
5.77676	27.738	52.923
5.86079	28.066	32.766
5.94604	30.585	21.470
6.03252	31.529	8.057
6.12027	27.992	-11.727
6.20929	18.268	-45.668
6.29961	18.144	-126.368
6.39124	16.730	-124.879
6.48420	20.295	45.708
6.57851	28.429	48.760
6.67420	29.253	45.170
6.77128	27.638	13.084
6.86977	33.710	-31.554
6.96969	36.699	-44.737
7.07107	36.011	-86.000
7.17392	36.400	-136.047
7.27827	35.565	-158.169
7.38413	34.015	177.768
7.49154	33.087	141.119
7.60050	30.881	98.237
7.71105	28.670	57.481
7.82321	19.286	14.978
7.93701	25.429	-36.899
8.05245	29.605	-31.671
8.16958	29.397	-86.482
8.28841	32.422	-132.844
8.40896	28.398	-154.021
8.53128	22.080	177.096
8.65537	26.484	-151.447
8.78126	32.168	-142.700
8.90899	27.479	177.800
9.03857	30.006	132.118
9.17004	28.687	140.498
9.30342	20.583	13.490
9.43874	18.319	-44.352
9.57603	8.774	-178.950
9.71532	24.141	3.829
9.85663	33.501	-83.842
10.0000	34.889	-121.306
10.1455	32.754	-156.488
10.2930	30.556	-154.768
10.4427	31.257	-157.357
10.5946	33.877	-171.455
10.7487	31.805	161.958
10.9051	33.038	159.356
11.0637	31.362	157.708
11.2246	27.007	123.794
11.3879	29.519	127.557
11.5535	27.438	132.986
11.7216	25.538	-171.171
11.8921	31.850	97.278
12.0650	25.151	50.710
12.2405	23.201	-163.168
12.4186	27.263	165.684
12.5992	34.567	80.169
12.7825	32.627	22.848
12.9684	33.454	-38.034
13.1570	25.236	-103.855
13.3484	30.291	-25.243
13.5426	30.107	-92.903
13.7395	30.425	-65.794
13.9394	33.402	-122.014
14.1421	22.044	177.482
14.3478	24.965	-41.176
14.5565	33.468	-79.528
14.7683	31.341	-119.718
14.9831	31.969	-110.235
15.2010	30.482	-154.474
15.4221	21.261	-40.809
15.6464	26.367	-97.627
15.8740	32.162	-73.695
16.1049	32.408	-108.335
16.3392	24.167	-124.724
16.5768	36.466	-65.470
16.8179	34.681	-122.329
17.0626	33.910	-84.847
17.3107	35.032	-96.325
17.5625	38.676	-124.950
17.8180	25.955	160.180
18.0771	35.930	-95.457
18.3401	32.281	-132.372
18.6068	25.904	-85.210
18.8775	32.707	-78.284
19.1521	38.874	-88.049
19.4306	33.465	-127.630
19.7133	34.496	-84.464
20.0000	35.272	-79.178
20.2909	37.577	-101.444
20.5860	37.504	-69.025
20.8855	40.238	-106.310
21.1893	32.978	-81.818
21.4975	38.169	-102.113
21.8102	36.995	-90.203
22.1274	37.604	-102.387
22.4492	39.106	-62.924
22.7758	42.350	-84.604
23.1071	38.966	-88.366
23.4432	38.548	-89.945
23.7841	39.520	-73.670
24.1301	42.939	-69.376
24.4811	43.279	-72.412
24.8372	43.485	-74.576
25.1984	43.853	-78.725
25.5649	44.775	-75.250
25.9368	44.986	-75.126
26.3141	44.922	-76.087
26.6968	46.896	-73.438
27.0851	46.700	-75.974
27.4791	47.121	-78.508
27.8788	47.947	-70.705
28.2843	48.317	-72.457
28.6957	49.371	-73.197
29.1131	49.290	-72.652
29.5365	50.073	-70.220
29.9661	51.413	-73.995
30.4020	51.366	-76.039
30.8442	52.222	-74.795
31.2929	52.591	-71.258
31.7480	53.483	-74.145
32.2098	54.265	-73.478
32.6783	54.852	-76.341
33.1536	55.835	-73.946
33.6359	56.467	-75.963
34.1251	56.929	-76.430
34.6215	57.509	-78.341
35.1250	57.940	-76.927
35.6359	58.605	-78.129
36.1543	59.164	-78.697
36.6802	60.006	-78.711
37.2137	60.591	-79.291
37.7550	61.176	-80.208
38.3041	61.858	-80.224
38.8613	62.589	-81.220
39.4265	63.340	-81.738
40.0000	63.951	-83.096
40.5818	64.741	-84.404
41.1721	65.399	-85.674
41.7710	65.979	-86.004
42.3785	66.810	-87.677
42.9949	67.565	-89.369
43.6203	68.337	-90.791
44.2548	69.046	-92.177
44.8985	69.814	-93.895
45.5515	70.560	-95.647
46.2141	71.427	-97.966
46.8863	72.190	-100.244
47.5683	72.967	-102.222
48.2602	73.844	-104.890
48.9621	74.672	-107.925
49.6743	75.541	-111.101
50.3968	76.328	-114.851
51.1299	77.138	-118.738
51.8736	78.003	-123.305
52.6281	78.732	-128.028
53.3936	79.501	-133.543
54.1702	80.217	-139.340
54.9581	80.856	-145.593
55.7575	81.375	-152.010
56.5685	81.789	-158.373
57.3914	82.142	-165.349
58.2261	82.380	-172.332
59.0730	82.491	-178.233
59.9323	82.544	174.772
60.8040	82.502	169.322
61.6884	82.432	163.747
62.5857	82.275	158.438
63.4960	82.106	153.701
64.4196	81.953	149.856
65.3566	81.787	146.433
66.3073	81.594	142.673
67.2717	81.403	139.141
68.2502	81.231	136.372
69.2429	81.086	133.765
70.2501	80.939	131.196
71.2719	80.764	128.559
72.3086	80.630	126.498
73.3603	80.495	124.272
74.4274	80.360	122.329
75.5099	80.218	120.471
76.6083	80.072	118.736
77.7226	79.940	117.380
78.8531	79.835	116.135
80.0000	79.753	114.962
81.1636	79.708	113.958
82.3442	79.677	112.818
83.5419	79.659	111.550
84.7570	79.645	110.376
85.9899	79.632	109.185
87.2406	79.612	108.074
88.5096	79.597	106.934
89.7970	79.591	105.915
91.1031	79.606	104.864
92.4282	79.618	103.909
93.7726	79.630	102.757
95.1366	79.660	101.881
96.5204	79.711	101.049
97.9243	79.779	99.907
99.3486	79.823	98.637
100.794	79.859	97.437
102.260	79.915	96.188
103.747	79.931	94.972
105.256	79.924	93.762
106.787	79.944	92.811
108.340	79.975	91.820
109.916	79.998	90.926
111.515	80.049	89.984
113.137	80.108	89.085
114.783	80.174	88.101
116.452	80.253	87.011
118.146	80.320	85.886
119.865	80.382	84.768
121.608	80.441	83.620
123.377	80.514	82.486
125.171	80.597	81.347
126.992	80.678	79.932
128.839	80.735	78.579
130.713	80.770	77.043
132.615	80.775	75.707
134.543	80.800	74.561
136.500	80.850	73.383
138.486	80.877	72.010
140.500	80.881	70.965
142.544	80.911	69.978
144.617	81.000	68.984
146.721	81.084	67.757
148.855	81.166	66.304
151.020	81.240	64.834
153.217	81.313	63.156
155.445	81.341	61.129
157.706	81.265	59.129
160.000	81.144	58.204
162.327	81.157	57.612
164.688	81.237	56.586
167.084	81.316	55.155
169.514	81.342	53.375
171.980	81.291	51.776
174.481	81.253	50.741
177.019	81.286	49.681
179.594	81.330	48.312
182.206	81.345	46.758
184.856	81.340	45.451
187.545	81.380	43.937
190.273	81.327	42.142
193.041	81.263	41.063
195.849	81.288	39.971
198.697	81.327	38.551
201.587	81.332	36.967
204.520	81.305	35.408
207.494	81.280	34.038
210.512	81.285	32.566
213.574	81.238	30.996
216.681	81.220	29.713
219.833	81.213	28.143
223.030	81.169	26.575
226.274	81.127	25.121
229.565	81.098	23.692
232.905	81.047	22.204
236.292	81.004	20.924
239.729	80.984	19.475
243.216	80.986	18.122
246.754	81.009	15.870
250.343	80.817	13.951
253.984	80.722	12.792
257.678	80.684	11.530
261.426	80.604	9.702
265.229	80.462	8.093
269.087	80.372	7.358
273.001	80.389	5.756
276.972	80.250	3.917
281.000	80.160	2.232
285.088	79.958	1.067
289.234	79.912	0.163
293.441	79.870	-1.764
297.709	79.667	-3.697
302.040	79.470	-4.507
306.433	79.335	-5.819
310.890	79.152	-6.722
315.412	79.042	-7.755
320.000	78.874	-8.685
324.655	78.720	-9.351
329.377	78.651	-9.861
334.168	78.566	-10.971
339.028	78.453	-11.731
343.959	78.396	-12.871
348.962	78.231	-14.055
354.038	78.078	-14.564
359.188	78.002	-15.212
364.412	77.922	-15.909
369.713	77.842	-16.727
375.090	77.762	-17.730
380.546	77.674	-18.335
386.081	77.607	-19.289
391.697	77.512	-20.105
397.394	77.450	-20.793
403.175	77.381	-21.390
409.039	77.326	-22.021
414.989	77.282	-22.351
421.025	77.310	-22.682
427.149	77.391	-23.307
433.362	77.493	-24.381
439.665	77.519	-25.845
446.060	77.563	-26.991
452.548	77.576	-28.610
459.131	77.512	-30.172
465.809	77.537	-30.888
472.584	77.591	-32.490
479.458	77.554	-34.019
486.432	77.572	-35.593
493.507	77.536	-37.510
500.686	77.446	-39.166
507.968	77.362	-40.777
515.357	77.275	-42.265
522.853	77.168	-43.833
530.458	77.056	-45.378
538.174	76.902	-46.814
546.002	76.739	-48.364
553.943	76.539	-49.372
562.001	76.374	-50.137
570.175	76.223	-51.005
578.469	76.084	-51.514
586.883	75.974	-52.155
595.419	75.861	-52.741
604.080	75.780	-53.210
612.866	75.739	-53.682
621.780	75.697	-54.324
630.824	75.695	-54.955
640.000	75.708	-55.748
649.309	75.758	-56.797
658.753	75.792	-58.169
668.335	75.826	-59.689
678.056	75.840	-61.494
687.919	75.841	-63.452
697.925	75.809	-65.620
708.077	75.755	-67.886
718.376	75.658	-70.326
728.825	75.527	-72.764
739.426	75.355	-75.251
750.181	75.142	-77.635
761.093	74.890	-79.958
772.163	74.620	-82.075
783.394	74.308	-84.057
794.789	73.992	-85.692
806.349	73.675	-87.104
818.078	73.382	-88.243
829.977	73.109	-89.224
842.050	72.885	-90.080
854.298	72.698	-91.012
866.724	72.566	-92.105
879.330	72.449	-93.501
892.120	72.357	-95.255
905.097	72.249	-97.414
918.262	72.120	-100.051
931.618	71.911	-103.037
945.169	71.629	-106.097
958.917	71.283	-109.175
972.864	70.873	-112.252
987.015	70.347	-115.162
1001.37	69.739	-117.499
1015.94	69.078	-118.957
1030.71	68.436	-119.483
1045.71	67.870	-119.103
1060.92	67.420	-118.050
1076.35	67.122	-116.656
1092.00	66.990	-115.479
1107.89	67.008	-115.147
1124.00	67.111	-115.955
1140.35	67.217	-118.106
1156.94	67.254	-121.084
1173.77	67.176	-124.678
1190.84	66.960	-128.807
1208.16	66.628	-132.847
1225.73	66.188	-136.398
1243.56	65.716	-139.172
1261.65	65.264	-140.991
1280.00	64.921	-142.009
1298.62	64.775	-142.624
1317.51	64.819	-143.586
1336.67	65.018	-145.765
1356.11	65.325	-149.872
1375.84	65.599	-155.693
1395.85	65.798	-162.365
1416.15	65.876	-169.718
1436.75	65.866	-177.886
1457.65	65.789	174.083
1478.85	65.716	168.526
1500.36	62.943	152.564
1522.19	63.444	147.153
1544.33	63.362	143.146
1566.79	63.328	139.181
1589.58	63.497	135.136
1612.70	63.935	129.945
1636.16	64.480	123.518
1659.95	65.021	115.551
1684.10	65.443	106.461
1708.60	65.705	96.707
1733.45	65.796	87.990
1758.66	65.712	79.363
1784.24	65.446	71.766
1810.19	65.108	65.627
1836.52	64.830	61.572
1863.24	64.710	58.537
1890.34	64.818	55.981
1917.83	65.057	52.492
1945.73	65.334	48.305
1974.03	65.515	43.422
2002.74	65.608	38.303
2031.87	65.588	33.506
2061.43	65.577	29.345
2091.41	65.602	25.096
2121.83	65.691	20.590
2152.69	65.739	15.320
2184.01	65.654	9.308
2215.77	65.299	2.857
2248.00	64.618	-3.517
2280.70	63.564	-8.562
2313.87	62.347	-10.515
2347.53	61.287	-8.987
2381.68	60.705	-5.724
2416.32	60.539	-3.533
2451.46	60.441	-3.604
2487.12	60.100	-5.190
2523.30	59.491	-6.298
2560.00	58.724	-5.908
2597.24	57.973	-4.199
2635.01	57.154	-1.817
2673.34	55.971	2.642
2712.23	54.633	13.957
2751.68	54.731	33.905
2791.70	56.922	48.185
2832.31	59.400	50.567
2873.50	61.271	46.539
2915.30	62.446	40.104
2957.70	63.081	34.020
3000.72	63.452	29.050
3044.37	63.744	24.659
3088.65	63.988	20.304
3133.58	64.107	15.439
3179.16	64.007	10.696
3225.40	63.754	7.271
3272.31	63.457	5.248
3319.91	63.255	4.276
3368.20	63.220	3.783
3417.19	63.343	2.948
3466.89	63.561	1.051
3517.32	63.716	-2.748
3568.48	63.580	-7.590
3620.39	63.048	-11.689
3673.05	62.291	-13.169
3726.47	61.740	-11.973
3780.67	61.529	-11.089
3835.67	61.195	-11.724
3891.46	60.420	-10.534
3948.06	59.813	-2.835
4005.49	60.624	7.197
4063.75	62.389	9.343
4122.86	63.827	3.818
4182.82	64.516	-5.329
4243.66	64.421	-14.586
4305.39	63.778	-20.724
4368.01	63.161	-22.754
4431.55	63.003	-23.933
4496.01	62.957	-27.914
4561.40	62.456	-33.493
4627.75	61.519	-37.469
4695.06	60.395	-39.522
4763.35	58.777	-38.782
4832.64	57.084	-26.629
4902.93	58.199	-8.876
4974.24	60.704	-6.354
5046.60	61.857	-13.959
5120.00	61.882	-20.876
5194.47	61.492	-23.536
5270.03	61.216	-22.928
5346.68	61.279	-21.086
5424.45	61.545	-20.050
5503.35	61.717	-18.618
5583.40	62.249	-14.727
5664.61	63.596	-13.450
5747.01	64.923	-18.568
5830.60	65.633	-26.759
5915.41	65.799	-35.115
6001.45	65.541	-42.145
6088.74	65.183	-46.655
6177.30	65.102	-50.932
6267.15	64.906	-58.329
6358.31	63.967	-67.239
6450.80	62.388	-72.602
6544.62	60.917	-74.932
6639.82	58.937	-80.485
6736.40	54.659	-77.444
6834.38	52.043	-44.110
6933.79	54.000	-20.731
7034.64	56.223	-13.430
7136.96	57.754	-15.587
7240.77	58.234	-21.012
7346.09	57.745	-26.956
7452.94	56.013	-27.597
7561.35	55.064	-14.579
7671.33	56.542	-9.542
7782.91	57.130	-19.578
7896.12	55.429	-30.267
8010.97	53.064	-23.085
8127.49	53.558	-15.901
8245.71	53.535	-22.717
8365.65	52.798	-30.583
8487.33	51.842	-47.191
8610.78	47.779	-72.696
8736.03	33.193	-57.696
8863.09	42.358	51.391
8992.01	49.066	26.368
9122.80	51.549	6.053
9255.50	52.440	-9.862
9390.12	52.218	-18.675
9526.70	52.390	-16.620
9665.27	54.040	-17.252
9805.86	55.344	-24.719
9948.49	55.759	-33.584
10093.2	55.065	-40.405
10240.0	54.556	-42.235
10388.9	54.136	-47.734
10540.1	52.260	-58.892
10693.4	47.649	-62.311
10848.9	44.446	-34.774
11006.7	45.828	-20.218
11166.8	46.258	-26.717
11329.2	44.238	-42.279
11494.0	36.510	-26.790
11661.2	39.510	20.118
11830.8	42.766	10.865
12002.9	43.585	13.184
12177.5	47.096	13.147
12354.6	48.934	3.677
12534.3	50.646	1.384
12716.6	51.838	-8.614
12901.6	51.287	-14.864
13089.2	51.292	-3.341
13279.6	52.040	-7.518
13472.8	51.156	3.239
13668.8	53.464	7.887
13867.6	53.963	0.181
14069.3	54.506	-9.083
14273.9	53.732	-21.987
14481.5	50.859	-22.934
14692.2	50.740	-2.583
14905.9	53.656	1.269
15122.7	55.158	-10.443
15342.7	54.415	-18.328
15565.8	53.478	-11.553
15792.2	54.601	-8.259
16021.9	55.083	-14.971
16255.0	54.466	-22.582
16491.4	53.404	-29.318
16731.3	51.881	-33.650
16974.7	50.692	-33.931
17221.6	50.431	-26.438
17472.1	52.173	-28.725
17726.2	53.282	-35.457
17984.0	54.157	-46.923
18245.6	52.715	-62.715
18511.0	49.335	-68.851
18780.2	44.525	-50.291
19053.4	47.744	-18.017
19330.5	49.303	-30.371
19611.7	48.071	-36.306
19897.0	48.854	-31.722
20186.4	51.792	-43.629
20480.0	51.196	-73.226
20777.9	49.049	-91.172
21080.1	41.330	-100.168
21386.7	40.276	-8.414
21697.8	48.653	-24.955
22013.4	47.236	-46.799
22333.6	41.713	-20.774
22658.4	46.281	13.098
22988.0	49.263	15.089
23322.4	52.588	7.383
23661.6	53.357	-2.521
