5.00000	22.410	12.528
5.07273	27.076	65.688
5.14651	30.143	91.805
5.22137	31.950	106.885
5.29732	33.161	154.595
5.37437	34.359	148.426
5.45254	34.048	86.419
5.53185	34.844	61.937
5.61231	34.008	61.183
5.69394	31.011	64.783
5.77676	27.648	52.766
5.86079	27.980	32.588
5.94604	30.502	21.301
6.03252	31.449	7.888
6.12027	27.915	-11.926
6.20929	18.218	-45.978
6.29961	18.100	-126.328
6.39124	16.693	-124.818
6.48420	20.191	45.437
6.57851	28.339	48.581
6.67420	29.165	44.990
6.77128	27.555	12.862
6.86977	33.635	-31.726
6.96969	36.624	-44.893
7.07107	35.938	-86.135
7.17392	36.326	-136.153
7.27827	35.489	-158.264
7.38413	33.937	177.683
7.49154	33.002	141.027
7.60050	30.791	98.110
7.71105	28.578	57.286
7.82321	19.194	14.543
7.93701	25.363	-37.171
8.05245	29.533	-31.904
8.16958	29.333	-86.644
8.28841	32.351	-132.953
8.40896	28.327	-154.077
8.53128	22.001	177.176
8.65537	26.417	-151.483
8.78126	32.096	-142.804
8.90899	27.400	177.768
9.03857	29.916	132.021
9.17004	28.597	140.424
9.30342	20.491	13.019
9.43874	18.281	-44.831
9.57603	8.709	-177.892
9.71532	24.058	3.435
9.85663	33.433	-84.036
10.0000	34.819	-121.462
10.1455	32.680	-156.602
10.2930	30.485	-154.864
10.4427	31.185	-157.460
10.5946	33.800	-171.578
10.7487	31.722	161.853
10.9051	32.955	159.235
11.0637	31.278	157.603
11.2246	26.907	123.693
11.3879	29.425	127.434
11.5535	27.341	132.898
11.7216	25.466	-171.174
11.8921	31.756	97.077
12.0650	25.043	50.347
12.2405	23.138	-163.115
12.4186	27.179	165.641
12.5992	34.476	79.926
12.7825	32.541	22.515
12.9684	33.383	-38.355
13.1570	25.195	-104.056
13.3484	30.220	-25.625
13.5426	30.051	-93.157
13.7395	30.366	-66.118
13.9394	33.337	-122.224
14.1421	21.967	177.615
14.3478	24.912	-41.671
14.5565	33.405	-79.826
14.7683	31.282	-119.932
14.9831	31.910	-110.477
15.2010	30.416	-154.617
15.4221	21.225	-41.474
15.6464	26.328	-97.903
15.8740	32.103	-74.040
16.1049	32.349	-108.602
16.3392	24.135	-124.850
16.5768	36.399	-65.821
16.8179	34.617	-122.592
17.0626	33.850	-85.185
17.3107	34.970	-96.644
17.5625	38.607	-125.241
17.8180	25.864	160.155
18.0771	35.866	-95.793
18.3401	32.221	-132.618
18.6068	25.874	-85.614
18.8775	32.650	-78.680
19.1521	38.807	-88.415
19.4306	33.405	-127.914
19.7133	34.436	-84.856
20.0000	35.211	-79.585
20.2909	37.512	-101.812
20.5860	37.438	-69.451
20.8855	40.170	-106.686
21.1893	32.923	-82.253
21.4975	38.104	-102.503
21.8102	36.932	-90.620
22.1274	37.540	-102.788
22.4492	39.039	-63.390
22.7758	42.280	-85.040
23.1071	38.900	-88.809
23.4432	38.484	-90.392
23.7841	39.453	-74.146
24.1301	42.868	-69.852
24.4811	43.208	-72.892
24.8372	43.414	-75.060
25.1984	43.782	-79.211
25.5649	44.703	-75.744
25.9368	44.914	-75.628
26.3141	44.850	-76.595
26.6968	46.823	-73.951
27.0851	46.628	-76.493
27.4791	47.048	-79.033
27.8788	47.873	-71.241
28.2843	48.243	-73.000
28.6957	49.297	-73.745
29.1131	49.216	-73.208
29.5365	49.998	-70.785
29.9661	51.338	-74.563
30.4020	51.291	-76.615
30.8442	52.146	-75.379
31.2929	52.515	-71.852
31.7480	53.407	-74.745
32.2098	54.189	-74.086
32.6783	54.776	-76.957
33.1536	55.759	-74.571
33.6359	56.390	-76.596
34.1251	56.852	-77.071
34.6215	57.432	-78.991
35.1250	57.864	-77.586
35.6359	58.528	-78.797
36.1543	59.087	-79.375
36.6802	59.929	-79.397
37.2137	60.514	-79.987
37.7550	61.098	-80.913
38.3041	61.781	-80.940
38.8613	62.511	-81.946
39.4265	63.263	-82.474
40.0000	63.874	-83.842
40.5818	64.664	-85.161
41.1721	65.321	-86.440
41.7710	65.902	-86.781
42.3785	66.733	-88.463
42.9949	67.487	-90.164
43.6203	68.260	-91.596
44.2548	68.969	-92.990
44.8985	69.737	-94.717
45.5515	70.482	-96.478
46.2141	71.350	-98.805
46.8863	72.113	-101.091
47.5683	72.891	-103.077
48.2602	73.767	-105.753
48.9621	74.597	-108.796
49.6743	75.466	-111.980
50.3968	76.253	-115.738
51.1299	77.062	-119.632
51.8736	77.928	-124.207
52.6281	78.657	-128.938
53.3936	79.427	-134.460
54.1702	80.142	-140.264
54.9581	80.781	-146.524
55.7575	81.301	-152.950
56.5685	81.715	-159.320
57.3914	82.068	-166.303
58.2261	82.306	-173.294
59.0730	82.417	-179.202
59.9323	82.471	173.795
60.8040	82.429	168.337
61.6884	82.358	162.755
62.5857	82.201	157.437
63.4960	82.032	152.692
64.4196	81.880	148.838
65.3566	81.714	145.407
66.3073	81.521	141.639
67.2717	81.329	138.098
68.2502	81.157	135.320
69.2429	81.012	132.703
70.2501	80.864	130.125
71.2719	80.690	127.479
72.3086	80.555	125.407
73.3603	80.419	123.171
74.4274	80.284	121.218
75.5099	80.142	119.348
76.6083	79.995	117.602
77.7226	79.863	116.235
78.8531	79.757	114.978
80.0000	79.675	113.792
81.1636	79.629	112.776
82.3442	79.598	111.623
83.5419	79.579	110.341
84.7570	79.564	109.153
85.9899	79.550	107.947
87.2406	79.529	106.821
88.5096	79.514	105.666
89.7970	79.508	104.632
91.1031	79.522	103.564
92.4282	79.532	102.592
93.7726	79.543	101.422
95.1366	79.572	100.528
96.5204	79.623	99.678
97.9243	79.689	98.516
99.3486	79.733	97.227
100.794	79.768	96.006
102.260	79.822	94.736
103.747	79.837	93.497
105.256	79.829	92.265
106.787	79.848	91.291
108.340	79.878	90.276
109.916	79.899	89.356
111.515	79.950	88.389
113.137	80.008	87.462
114.783	80.072	86.452
116.452	80.150	85.332
118.146	80.215	84.178
119.865	80.276	83.030
121.608	80.334	81.851
123.377	80.406	80.684
125.171	80.488	79.512
126.992	80.568	78.063
128.839	80.623	76.674
130.713	80.657	75.102
132.615	80.660	73.729
134.543	80.684	72.543
136.500	80.732	71.326
138.486	80.758	69.912
140.500	80.761	68.824
142.544	80.790	67.794
144.617	80.878	66.755
146.721	80.960	65.481
148.855	81.041	63.982
151.020	81.113	62.463
153.217	81.185	60.733
155.445	81.211	58.653
157.706	81.136	56.600
160.000	81.012	55.620
162.327	81.024	54.971
164.688	81.103	53.887
167.084	81.182	52.396
169.514	81.206	50.554
171.980	81.154	48.892
174.481	81.114	47.792
177.019	81.147	46.665
179.594	81.190	45.227
182.206	81.203	43.603
184.856	81.197	42.224
187.545	81.237	40.635
190.273	81.182	38.764
193.041	81.117	37.605
195.849	81.142	36.434
198.697	81.180	34.931
201.587	81.184	33.262
204.520	81.155	31.615
207.494	81.130	30.156
210.512	81.135	28.592
213.574	81.087	26.929
216.681	81.069	25.549
219.833	81.060	23.881
223.030	81.015	22.212
226.274	80.972	20.654
229.565	80.942	19.118
232.905	80.891	17.521
236.292	80.847	16.130
239.729	80.826	14.568
243.216	80.827	13.097
246.754	80.850	10.725
250.343	80.657	8.684
253.984	80.561	7.399
257.678	80.522	6.009
261.426	80.442	4.050
265.229	80.298	2.306
269.087	80.206	1.435
273.001	80.223	-0.309
276.972	80.082	-2.291
281.000	79.990	-4.122
285.088	79.786	-5.437
289.234	79.739	-6.493
293.441	79.695	-8.575
297.709	79.489	-10.666
302.040	79.289	-11.636
306.433	79.151	-13.110
310.890	78.964	-14.178
315.412	78.851	-15.377
320.000	78.678	-16.475
324.655	78.520	-17.309
329.377	78.445	-17.988
334.168	78.354	-19.266
339.028	78.234	-20.192
343.959	78.170	-21.497
348.962	77.998	-22.846
354.038	77.836	-23.514
359.188	77.752	-24.317
364.412	77.664	-25.166
369.713	77.577	-26.131
375.090	77.489	-27.276
380.546	77.392	-28.015
386.081	77.318	-29.099
391.697	77.217	-30.039
397.394	77.151	-30.846
403.175	77.077	-31.557
409.039	77.020	-32.297
414.989	76.975	-32.732
421.025	77.004	-33.168
427.149	77.087	-33.894
433.362	77.191	-35.068
439.665	77.224	-36.635
446.060	77.276	-37.882
452.548	77.298	-39.605
459.131	77.244	-41.273
465.809	77.282	-42.099
472.584	77.350	-43.812
479.458	77.330	-45.456
486.432	77.365	-47.149
493.507	77.350	-49.190
500.686	77.281	-50.975
507.968	77.223	-52.722
515.357	77.162	-54.355
522.853	77.084	-56.078
530.458	77.003	-57.789
538.174	76.883	-59.409
546.002	76.756	-61.160
553.943	76.596	-62.392
562.001	76.473	-63.408
570.175	76.364	-64.557
578.469	76.269	-65.380
586.883	76.203	-66.372
595.419	76.133	-67.342
604.080	76.091	-68.227
612.866	76.084	-69.139
621.780	76.075	-70.238
630.824	76.100	-71.335
640.000	76.137	-72.591
649.309	76.206	-74.093
658.753	76.257	-75.901
668.335	76.305	-77.835
678.056	76.335	-80.029
687.919	76.352	-82.353
697.925	76.337	-84.861
708.077	76.304	-87.445
718.376	76.232	-90.184
728.825	76.131	-92.904
739.426	75.995	-95.659
750.181	75.824	-98.304
761.093	75.623	-100.887
772.163	75.410	-103.269
783.394	75.165	-105.533
794.789	74.925	-107.475
806.349	74.690	-109.236
818.078	74.487	-110.771
829.977	74.309	-112.205
842.050	74.182	-113.569
854.298	74.092	-115.055
866.724	74.056	-116.732
879.330	74.035	-118.724
892.120	74.040	-121.075
905.097	74.035	-123.819
918.262	74.015	-127.037
931.618	73.927	-130.600
945.169	73.779	-134.257
958.917	73.584	-137.980
972.864	73.342	-141.793
987.015	73.001	-145.582
1001.37	72.588	-149.004
1015.94	72.126	-151.832
1030.71	71.667	-154.078
1045.71	71.242	-155.777
1060.92	70.870	-157.038
1076.35	70.567	-157.944
1092.00	70.367	-158.730
1107.89	70.291	-159.605
1124.00	70.293	-161.107
1140.35	70.329	-163.436
1156.94	70.359	-166.243
1173.77	70.329	-169.522
1190.84	70.220	-173.299
1208.16	70.042	-177.094
1225.73	69.789	179.365
1243.56	69.509	176.269
1261.65	69.219	173.747
1280.00	68.978	171.637
1298.62	68.840	169.900
1317.51	68.822	168.283
1336.67	68.932	166.130
1356.11	69.154	162.889
1375.84	69.378	158.577
1395.85	69.546	153.674
1416.15	69.612	148.209
1436.75	69.573	141.963
1457.65	69.377	135.318
1478.85	69.072	129.045
1500.36	68.691	123.970
1522.19	68.270	119.484
1544.33	67.900	116.080
1566.79	67.688	113.216
1589.58	67.628	110.251
1612.70	67.735	106.437
1636.16	67.900	101.608
1659.95	68.033	95.519
1684.10	68.053	88.425
1708.60	67.937	80.894
1733.45	67.749	74.355
1758.66	67.459	68.775
1784.24	66.171	65.872
1810.19	65.246	59.412
1836.52	64.754	56.437
1863.24	64.430	54.559
1890.34	64.318	52.820
1917.83	64.293	50.407
1945.73	64.312	47.720
1974.03	64.321	45.200
2002.74	64.431	42.750
2031.87	64.659	39.838
2061.43	65.045	35.798
2091.41	65.459	29.768
2121.83	65.709	22.096
2152.69	65.677	13.562
2184.01	65.360	4.950
2215.77	64.736	-2.986
2248.00	63.841	-9.751
2280.70	62.776	-14.256
2313.87	61.888	-16.051
2347.53	61.398	-16.722
2381.68	61.248	-18.627
2416.32	61.133	-22.740
2451.46	60.807	-28.570
2487.12	60.105	-34.760
2523.30	59.152	-39.613
2560.00	58.152	-42.584
2597.24	57.308	-44.840
2635.01	56.515	-48.138
2673.34	55.360	-53.636
2712.23	53.471	-59.453
2751.68	50.522	-61.466
2791.70	46.603	-51.229
2832.31	44.381	-19.936
2873.50	46.088	7.454
2915.30	48.425	19.310
2957.70	50.399	24.504
3000.72	52.097	25.297
3044.37	53.379	22.960
3088.65	54.143	19.966
3133.58	54.637	18.402
3179.16	55.236	18.589
3225.40	56.075	18.228
3272.31	56.934	15.746
3319.91	57.568	12.195
3368.20	58.030	9.306
3417.19	58.570	6.991
3466.89	59.234	3.632
3517.32	59.785	-2.062
3568.48	59.935	-8.330
3620.39	59.732	-12.663
3673.05	59.618	-13.883
3726.47	60.073	-14.521
3780.67	60.849	-18.551
3835.67	61.373	-26.493
3891.46	61.211	-36.279
3948.06	60.175	-44.071
4005.49	58.597	-44.411
4063.75	57.894	-34.973
4122.86	59.079	-26.647
4182.82	60.860	-27.931
4243.66	62.148	-35.461
4305.39	62.822	-44.768
4368.01	63.069	-54.130
4431.55	62.978	-64.079
4496.01	62.336	-74.954
4561.40	60.644	-84.577
4627.75	57.765	-83.913
4695.06	56.354	-64.755
4763.35	58.122	-52.913
4832.64	59.345	-55.144
4902.93	59.367	-55.603
4974.24	59.847	-49.509
5046.60	61.430	-46.478
5120.00	63.000	-49.882
5194.47	63.958	-59.094
5270.03	64.081	-65.480
5346.68	64.135	-68.661
5424.45	64.600	-71.803
5503.35	64.856	-78.166
5583.40	64.499	-82.760
5664.61	64.524	-83.013
5747.01	65.193	-86.880
5830.60	65.320	-95.481
5915.41	64.712	-102.177
6001.45	64.214	-105.174
6088.74	64.155	-109.428
6177.30	63.924	-117.174
6267.15	63.054	-125.714
6358.31	61.869	-132.013
6450.80	60.652	-138.522
6544.62	58.842	-144.148
6639.82	57.114	-146.347
6736.40	55.441	-153.299
6834.38	52.151	-166.374
6933.79	43.037	-178.612
7034.64	38.458	-63.140
7136.96	47.752	-64.193
7240.77	48.021	-71.540
7346.09	47.680	-58.807
7452.94	50.649	-47.704
7561.35	53.360	-59.234
7671.33	53.866	-76.137
7782.91	53.328	-88.372
7896.12	52.749	-100.336
8010.97	50.731	-114.157
8127.49	47.088	-110.725
8245.71	47.117	-89.062
8365.65	49.345	-91.012
8487.33	49.785	-102.774
8610.78	48.407	-120.896
8736.03	39.061	-122.533
8863.09	42.923	-29.084
8992.01	49.210	-42.400
9122.80	50.770	-43.457
9255.50	53.543	-43.123
9390.12	55.532	-53.454
9526.70	55.868	-60.669
9665.27	56.320	-60.611
9805.86	58.242	-65.000
9948.49	59.260	-82.565
10093.2	59.037	-98.844
10240.0	58.438	-117.874
10388.9	56.440	-136.464
10540.1	54.465	-144.498
10693.4	53.639	-155.474
10848.9	51.768	-168.934
11006.7	48.863	-175.703
11166.8	47.157	-163.120
11329.2	46.650	-154.629
11494.0	48.298	-133.385
11661.2	51.133	-135.478
11830.8	51.257	-143.741
12002.9	49.715	-137.897
12177.5	50.745	-129.478
12354.6	50.825	-128.869
12534.3	50.653	-128.752
12716.6	50.942	-124.875
12901.6	51.570	-141.133
13089.2	48.244	-153.391
13279.6	44.660	-161.668
13472.8	34.569	90.647
13668.8	47.124	-50.899
13867.6	50.565	-66.632
14069.3	54.560	-81.988
14273.9	55.784	-99.416
14481.5	56.541	-109.619
14692.2	57.444	-120.535
14905.9	58.165	-132.504
15122.7	57.982	-150.994
15342.7	56.400	-161.124
15565.8	55.152	-171.978
15792.2	52.263	-172.422
16021.9	50.887	-163.976
16255.0	51.731	-147.811
16491.4	54.039	-150.675
16731.3	54.946	-160.255
16974.7	55.002	-170.650
17221.6	54.391	177.060
17472.1	52.855	165.833
17726.2	51.115	158.856
17984.0	50.793	153.154
18245.6	49.480	137.496
18511.0	46.705	155.505
18780.2	48.362	173.056
19053.4	50.534	171.656
19330.5	51.953	173.852
19611.7	53.034	161.881
19897.0	51.960	147.932
20186.4	51.361	145.531
20480.0	50.191	139.856
20777.9	49.273	141.967
21080.1	51.809	145.231
21386.7	53.414	131.302
21697.8	53.204	109.433
22013.4	51.542	89.792
22333.6	46.858	87.138
22658.4	44.068	103.499
22988.0	46.377	161.671
23322.4	52.713	148.862
23661.6	53.747	138.427
