5.00000	22.625	12.793
5.07273	27.292	65.948
5.14651	30.359	92.064
5.22137	32.166	107.147
5.29732	33.376	154.858
5.37437	34.575	148.693
5.45254	34.264	86.694
5.53185	35.059	62.217
5.61231	34.224	61.468
5.69394	31.226	65.072
5.77676	27.864	53.063
5.86079	28.196	32.891
5.94604	30.718	21.607
6.03252	31.664	8.198
6.12027	28.130	-11.610
6.20929	18.429	-45.649
6.29961	18.312	-126.032
6.39124	16.905	-124.521
6.48420	20.408	45.782
6.57851	28.555	48.919
6.67420	29.380	45.333
6.77128	27.770	13.213
6.86977	33.850	-31.376
6.96969	36.839	-44.540
7.07107	36.152	-85.780
7.17392	36.540	-135.796
7.27827	35.704	-157.903
7.38413	34.152	178.049
7.49154	33.218	141.399
7.60050	31.007	98.493
7.71105	28.795	57.682
7.82321	19.409	14.969
7.93701	25.576	-36.761
8.05245	29.747	-31.491
8.16958	29.546	-86.234
8.28841	32.566	-132.542
8.40896	28.542	-153.666
8.53128	22.217	177.580
8.65537	26.631	-151.063
8.78126	32.311	-142.370
8.90899	27.615	178.202
9.03857	30.132	132.470
9.17004	28.814	140.876
9.30342	20.706	13.521
9.43874	18.491	-44.331
9.57603	8.928	-177.544
9.71532	24.273	3.947
9.85663	33.647	-83.542
10.0000	35.033	-120.964
10.1455	32.895	-156.101
10.2930	30.700	-154.358
10.4427	31.400	-156.946
10.5946	34.015	-171.053
10.7487	31.938	162.385
10.9051	33.171	159.776
11.0637	31.494	158.150
11.2246	27.125	124.251
11.3879	29.642	128.001
11.5535	27.559	133.469
11.7216	25.681	-170.609
11.8921	31.972	97.676
12.0650	25.260	50.975
12.2405	23.353	-162.533
12.4186	27.396	166.247
12.5992	34.692	80.564
12.7825	32.756	23.170
12.9684	33.597	-37.697
13.1570	25.406	-103.408
13.3484	30.434	-24.942
13.5426	30.263	-92.481
13.7395	30.578	-65.425
13.9394	33.551	-121.532
14.1421	22.184	178.283
14.3478	25.123	-40.932
14.5565	33.618	-79.096
14.7683	31.495	-119.201
14.9831	32.123	-109.733
15.2010	30.630	-153.871
15.4221	21.433	-40.670
15.6464	26.539	-97.130
15.8740	32.315	-73.242
16.1049	32.562	-107.802
16.3392	24.346	-124.062
16.5768	36.613	-64.986
16.8179	34.831	-121.756
17.0626	34.062	-84.330
17.3107	35.183	-95.779
17.5625	38.821	-124.364
17.8180	26.083	161.022
18.0771	36.080	-94.889
18.3401	32.435	-131.712
18.6068	26.084	-84.689
18.8775	32.862	-77.733
19.1521	39.020	-87.455
19.4306	33.619	-126.952
19.7133	34.649	-83.869
20.0000	35.424	-78.582
20.2909	37.726	-100.798
20.5860	37.651	-68.416
20.8855	40.384	-105.641
21.1893	33.135	-81.192
21.4975	38.318	-101.429
21.8102	37.145	-89.528
22.1274	37.753	-101.682
22.4492	39.252	-62.260
22.7758	42.494	-83.897
23.1071	39.114	-87.651
23.4432	38.697	-89.218
23.7841	39.666	-72.952
24.1301	43.082	-68.639
24.4811	43.422	-71.661
24.8372	43.628	-73.812
25.1984	43.996	-77.946
25.5649	44.917	-74.460
25.9368	45.128	-74.325
26.3141	45.064	-75.273
26.6968	47.037	-72.609
27.0851	46.842	-75.132
27.4791	47.262	-77.652
27.8788	48.088	-69.840
28.2843	48.457	-71.578
28.6957	49.511	-72.303
29.1131	49.430	-71.745
29.5365	50.213	-69.300
29.9661	51.553	-73.057
30.4020	51.505	-75.087
30.8442	52.361	-73.828
31.2929	52.730	-70.278
31.7480	53.622	-73.149
32.2098	54.404	-72.467
32.6783	54.991	-75.314
33.1536	55.973	-72.904
33.6359	56.605	-74.905
34.1251	57.067	-75.355
34.6215	57.647	-77.250
35.1250	58.078	-75.820
35.6359	58.743	-77.005
36.1543	59.302	-77.557
36.6802	60.143	-77.553
37.2137	60.729	-78.116
37.7550	61.313	-79.015
38.3041	61.996	-79.014
38.8613	62.726	-79.992
39.4265	63.478	-80.492
40.0000	64.088	-81.831
40.5818	64.879	-83.121
41.1721	65.536	-84.373
41.7710	66.116	-84.687
42.3785	66.947	-86.344
42.9949	67.701	-88.020
43.6203	68.473	-89.428
44.2548	69.182	-90.800
44.8985	69.949	-92.504
45.5515	70.694	-94.244
46.2141	71.562	-96.551
46.8863	72.323	-98.817
47.5683	73.101	-100.784
48.2602	73.977	-103.442
48.9621	74.806	-106.467
49.6743	75.674	-109.633
50.3968	76.460	-113.375
51.1299	77.269	-117.252
51.8736	78.134	-121.810
52.6281	78.863	-126.526
53.3936	79.633	-132.032
54.1702	80.348	-137.821
54.9581	80.987	-144.066
55.7575	81.506	-150.477
56.5685	81.920	-156.831
57.3914	82.273	-163.799
58.2261	82.511	-170.776
59.0730	82.622	-176.669
59.9323	82.676	176.342
60.8040	82.635	170.900
61.6884	82.564	165.333
62.5857	82.408	160.031
63.4960	82.239	155.301
64.4196	82.088	151.465
65.3566	81.922	148.049
66.3073	81.730	144.298
67.2717	81.540	140.775
68.2502	81.369	138.015
69.2429	81.225	135.417
70.2501	81.079	132.857
71.2719	80.906	130.230
72.3086	80.772	128.179
73.3603	80.639	125.965
74.4274	80.506	124.034
75.5099	80.365	122.187
76.6083	80.221	120.464
77.7226	80.090	119.122
78.8531	79.988	117.891
80.0000	79.908	116.732
81.1636	79.865	115.744
82.3442	79.836	114.620
83.5419	79.820	113.369
84.7570	79.808	112.213
85.9899	79.797	111.040
87.2406	79.780	109.949
88.5096	79.768	108.830
89.7970	79.764	107.834
91.1031	79.783	106.804
92.4282	79.797	105.874
93.7726	79.811	104.746
95.1366	79.844	103.896
96.5204	79.899	103.092
97.9243	79.969	101.978
99.3486	80.016	100.739
100.794	80.056	99.570
102.260	80.114	98.355
103.747	80.134	97.173
105.256	80.130	95.999
106.787	80.153	95.086
108.340	80.187	94.134
109.916	80.213	93.280
111.515	80.269	92.381
113.137	80.331	91.526
114.783	80.400	90.590
116.452	80.483	89.547
118.146	80.553	88.473
119.865	80.619	87.406
121.608	80.681	86.314
123.377	80.757	85.236
125.171	80.845	84.156
126.992	80.929	82.802
128.839	80.989	81.513
130.713	81.028	80.043
132.615	81.036	78.776
134.543	81.065	77.701
136.500	81.118	76.598
138.486	81.149	75.302
140.500	81.157	74.336
142.544	81.189	73.432
144.617	81.282	72.524
146.721	81.369	71.385
148.855	81.454	70.025
151.020	81.532	68.650
153.217	81.608	67.070
155.445	81.639	65.143
157.706	81.567	63.250
160.000	81.449	62.434
162.327	81.465	61.954
164.688	81.548	61.045
167.084	81.630	59.734
169.514	81.659	58.078
171.980	81.610	56.607
174.481	81.575	55.704
177.019	81.612	54.782
179.594	81.658	53.553
182.206	81.676	52.144
184.856	81.674	50.987
187.545	81.717	49.628
190.273	81.666	47.992
193.041	81.604	47.077
195.849	81.632	46.154
198.697	81.674	44.908
201.587	81.681	43.503
204.520	81.656	42.129
207.494	81.634	40.949
210.512	81.642	39.672
213.574	81.597	38.303
216.681	81.583	37.226
219.833	81.578	35.869
223.030	81.536	34.520
226.274	81.496	33.290
229.565	81.470	32.091
232.905	81.421	30.841
236.292	81.382	29.804
239.729	81.365	28.605
243.216	81.370	27.508
246.754	81.397	25.519
250.343	81.209	23.869
253.984	81.118	22.986
257.678	81.083	22.007
261.426	81.009	20.470
265.229	80.873	19.156
269.087	80.787	18.726
273.001	80.811	17.431
276.972	80.679	15.909
281.000	80.596	14.546
285.088	80.401	13.709
289.234	80.366	13.140
293.441	80.333	11.550
297.709	80.141	9.961
302.040	79.957	9.498
306.433	79.834	8.536
310.890	79.666	7.985
315.412	79.573	7.304
320.000	79.421	6.725
324.655	79.286	6.409
329.377	79.237	6.244
334.168	79.172	5.475
339.028	79.082	5.046
343.959	79.047	4.230
348.962	78.905	3.358
354.038	78.776	3.149
359.188	78.724	2.788
364.412	78.667	2.364
369.713	78.609	1.804
375.090	78.549	1.045
380.546	78.479	0.670
386.081	78.427	-0.067
391.697	78.343	-0.677
397.394	78.290	-1.168
403.175	78.224	-1.573
409.039	78.167	-2.015
414.989	78.118	-2.155
421.025	78.136	-2.294
427.149	78.201	-2.720
433.362	78.282	-3.584
439.665	78.285	-4.826
446.060	78.300	-5.734
452.548	78.278	-7.099
459.131	78.176	-8.385
465.809	78.159	-8.805
472.584	78.169	-10.084
479.458	78.081	-11.263
486.432	78.044	-12.457
493.507	77.950	-13.960
500.686	77.797	-15.161
507.968	77.647	-16.271
515.357	77.490	-17.207
522.853	77.310	-18.162
530.458	77.121	-19.027
538.174	76.889	-19.705
546.002	76.648	-20.412
553.943	76.371	-20.484
562.001	76.135	-20.210
570.175	75.919	-19.940
578.469	75.727	-19.217
586.883	75.580	-18.550
595.419	75.448	-17.775
604.080	75.366	-16.862
612.866	75.343	-15.968
621.780	75.337	-15.296
630.824	75.382	-14.690
640.000	75.452	-14.338
649.309	75.558	-14.337
658.753	75.646	-14.748
668.335	75.727	-15.376
678.056	75.777	-16.340
687.919	75.803	-17.482
697.925	75.781	-18.835
708.077	75.724	-20.263
718.376	75.607	-21.820
728.825	75.445	-23.304
739.426	75.225	-24.740
750.181	74.955	-25.946
761.093	74.633	-26.934
772.163	74.288	-27.523
783.394	73.899	-27.760
794.789	73.514	-27.401
806.349	73.145	-26.568
818.078	72.827	-25.231
829.977	72.569	-23.564
842.050	72.402	-21.685
854.298	72.313	-19.885
866.724	72.311	-18.312
879.330	72.347	-17.135
892.120	72.420	-16.389
905.097	72.486	-16.066
918.262	72.541	-16.184
931.618	72.531	-16.573
945.169	72.472	-16.917
958.917	72.394	-17.161
972.864	72.312	-17.363
987.015	72.193	-17.511
1001.37	72.073	-17.421
1015.94	71.977	-17.030
1030.71	71.947	-16.623
1045.71	71.986	-16.440
1060.92	72.059	-16.720
1076.35	72.129	-17.544
1092.00	72.186	-18.845
1107.89	72.191	-20.384
1124.00	72.145	-22.571
1140.35	71.995	-25.225
1156.94	71.750	-27.678
1173.77	71.395	-29.920
1190.84	70.927	-31.872
1208.16	70.415	-33.196
1225.73	69.885	-33.790
1243.56	69.418	-33.834
1261.65	69.027	-33.581
1280.00	68.737	-33.583
1298.62	68.512	-34.264
1317.51	68.258	-35.835
1336.67	67.926	-38.442
1356.11	67.432	-42.304
1375.84	66.673	-46.775
1395.85	65.622	-51.401
1416.15	64.190	-55.642
1436.75	62.185	-59.236
1457.65	59.388	-59.900
1478.85	55.659	-53.485
1500.36	51.880	-31.067
1522.19	51.420	7.078
1544.33	53.711	28.205
1566.79	55.498	37.912
1589.58	56.562	43.316
1612.70	57.354	50.285
1636.16	58.260	58.162
1659.95	59.614	64.826
1684.10	61.081	68.430
1708.60	62.496	68.492
1733.45	63.560	66.946
1758.66	64.322	63.975
1784.24	64.692	60.915
1810.19	64.803	58.607
1836.52	64.749	58.386
1863.24	64.771	59.698
1890.34	65.028	62.037
1917.83	65.519	63.433
1945.73	66.097	63.364
1974.03	66.548	61.535
2002.74	66.789	58.822
2031.87	66.734	56.097
2061.43	66.486	54.648
2091.41	66.122	54.843
2121.83	65.894	56.858
2152.69	65.923	59.497
2184.01	66.180	61.491
2215.77	66.470	62.240
2248.00	66.705	62.110
2280.70	66.820	61.745
2313.87	66.918	61.720
2347.53	67.061	61.860
2381.68	67.281	61.471
2416.32	67.478	60.140
2451.46	67.550	57.852
2487.12	67.403	55.268
2523.30	67.075	53.378
2560.00	66.662	52.831
2597.24	66.336	53.328
2635.01	66.146	54.108
2673.34	65.984	54.248
2712.23	65.690	53.881
2751.68	65.216	54.034
2791.70	64.667	56.004
2832.31	64.259	60.258
2873.50	64.133	65.498
2915.30	64.357	69.585
2957.70	64.728	71.818
3000.72	65.069	72.500
3044.37	65.304	72.139
3088.65	65.390	71.339
3133.58	65.324	70.648
3179.16	65.167	70.917
3225.40	65.102	72.349
3272.31	65.243	73.870
3319.91	65.532	74.192
3368.20	65.788	73.204
3417.19	65.936	71.604
3466.89	66.018	69.802
3517.32	66.051	67.176
3568.48	65.929	63.837
3620.39	65.539	60.609
3673.05	64.940	58.758
3726.47	64.404	58.727
3780.67	64.115	58.975
3835.67	63.756	57.659
3891.46	63.109	55.539
3948.06	62.012	55.323
4005.49	60.826	60.366
4063.75	60.499	69.932
4122.86	61.263	76.254
4182.82	62.107	75.369
4243.66	62.162	70.803
4305.39	61.356	68.556
4368.01	60.397	72.617
4431.55	60.172	81.170
4496.01	60.819	89.131
4561.40	62.075	93.552
4627.75	63.536	92.357
4695.06	64.539	86.122
4763.35	64.762	78.556
4832.64	64.362	73.772
4902.93	63.918	73.555
4974.24	64.184	73.523
5046.60	64.703	69.550
5120.00	64.681	63.237
5194.47	64.131	59.251
5270.03	63.712	58.833
5346.68	63.833	58.045
5424.45	64.111	53.467
5503.35	63.951	45.039
5583.40	62.937	35.068
5664.61	60.850	27.380
5747.01	57.663	28.316
5830.60	55.092	46.707
5915.41	55.551	65.794
6001.45	56.214	71.534
6088.74	55.826	80.272
6177.30	57.091	95.425
6267.15	59.538	96.071
6358.31	60.497	89.092
6450.80	60.830	85.990
6544.62	61.200	81.734
6639.82	60.927	78.013
6736.40	60.628	77.539
6834.38	60.363	77.755
6933.79	60.230	79.286
7034.64	60.301	82.463
7136.96	61.456	83.986
7240.77	62.472	74.678
7346.09	62.085	62.769
7452.94	60.580	53.369
7561.35	58.069	53.145
7671.33	56.571	65.406
7782.91	56.905	76.425
7896.12	57.570	78.569
8010.97	57.354	80.166
8127.49	57.957	85.206
8245.71	58.891	78.654
8365.65	57.780	68.397
8487.33	55.548	71.106
8610.78	54.951	77.477
8736.03	51.954	83.709
8863.09	52.329	121.034
8992.01	55.696	128.688
9122.80	57.196	128.628
9255.50	58.706	126.783
9390.12	59.188	119.283
9526.70	58.432	112.850
9665.27	56.580	116.566
9805.86	55.762	128.825
9948.49	55.549	142.899
10093.2	57.293	157.708
10240.0	58.945	153.678
10388.9	58.591	150.235
10540.1	57.822	150.665
10693.4	57.078	158.494
10848.9	56.850	161.812
11006.7	55.902	166.474
11166.8	54.516	172.651
11329.2	53.584	-170.892
11494.0	53.409	-157.078
11661.2	54.053	-144.964
11830.8	54.844	-138.994
12002.9	55.501	-141.367
12177.5	54.864	-146.620
12354.6	52.963	-153.677
12534.3	49.489	-151.346
12716.6	48.001	-143.637
12901.6	47.812	-158.169
13089.2	46.384	158.883
13279.6	44.197	103.531
13472.8	42.084	17.691
13668.8	45.440	-66.595
13867.6	51.733	-114.038
14069.3	54.927	-143.059
14273.9	56.388	-157.990
14481.5	56.784	-165.238
14692.2	56.019	-161.145
14905.9	57.099	-151.999
15122.7	57.616	-148.320
15342.7	57.903	-145.461
15565.8	57.797	-141.123
15792.2	57.447	-137.530
16021.9	56.455	-139.071
16255.0	54.505	-128.824
16491.4	53.811	-116.616
16731.3	54.990	-112.212
16974.7	55.118	-121.204
17221.6	55.189	-138.052
17472.1	53.753	-151.054
17726.2	52.463	-159.061
17984.0	51.895	-156.985
18245.6	52.344	-150.496
18511.0	52.347	-147.411
18780.2	51.749	-140.362
19053.4	52.243	-124.077
19330.5	52.616	-121.108
19611.7	51.763	-114.570
19897.0	50.412	-110.874
20186.4	47.228	-102.047
20480.0	45.426	-65.430
20777.9	48.219	-57.541
21080.1	45.631	-65.467
21386.7	45.749	-38.109
21697.8	47.786	-50.980
22013.4	47.347	-51.486
22333.6	46.409	-49.526
22658.4	48.456	-36.986
22988.0	49.676	-36.348
23322.4	51.686	-25.163
23661.6	54.746	-22.919
