5.00000	22.245	12.369
5.07273	26.914	65.498
5.14651	29.979	91.600
5.22137	31.786	106.674
5.29732	32.996	154.374
5.37437	34.194	148.204
5.45254	33.884	86.204
5.53185	34.679	61.723
5.61231	33.844	60.966
5.69394	30.847	64.565
5.77676	27.485	52.553
5.86079	27.816	32.378
5.94604	30.337	21.084
6.03252	31.283	7.666
6.12027	27.748	-12.143
6.20929	18.042	-46.170
6.29961	17.924	-126.631
6.39124	16.515	-125.133
6.48420	20.032	45.230
6.57851	28.176	48.339
6.67420	29.001	44.744
6.77128	27.390	12.623
6.86977	33.468	-31.986
6.96969	36.457	-45.162
7.07107	35.770	-86.416
7.17392	36.159	-136.447
7.27827	35.322	-158.566
7.38413	33.771	177.374
7.49154	32.838	140.716
7.60050	30.628	97.806
7.71105	28.416	56.999
7.82321	19.030	14.324
7.93701	25.193	-37.451
8.05245	29.364	-32.199
8.16958	29.162	-86.968
8.28841	32.183	-133.297
8.40896	28.159	-154.443
8.53128	21.836	176.765
8.65537	26.248	-151.867
8.78126	31.928	-143.173
8.90899	27.234	177.374
9.03857	29.754	131.643
9.17004	28.435	140.033
9.30342	20.327	12.744
9.43874	18.101	-45.122
9.57603	8.545	-178.654
9.71532	23.892	3.116
9.85663	33.264	-84.427
10.0000	34.650	-121.870
10.1455	32.513	-157.029
10.2930	30.317	-155.304
10.4427	31.017	-157.904
10.5946	33.634	-172.022
10.7487	31.558	161.399
10.9051	32.791	158.778
11.0637	31.114	157.135
11.2246	26.748	123.221
11.3879	29.264	126.959
11.5535	27.181	132.405
11.7216	25.299	-171.707
11.8921	31.595	96.603
12.0650	24.885	49.920
12.2405	22.969	-163.692
12.4186	27.016	165.092
12.5992	34.314	79.433
12.7825	32.376	22.040
12.9684	33.214	-38.848
13.1570	25.018	-104.604
13.3484	30.051	-26.116
13.5426	29.878	-93.701
13.7395	30.193	-66.649
13.9394	33.167	-122.797
14.1421	21.803	176.931
14.3478	24.736	-42.179
14.5565	33.234	-80.401
14.7683	31.110	-120.544
14.9831	31.738	-111.090
15.2010	30.247	-155.268
15.4221	21.042	-41.985
15.6464	26.150	-98.544
15.8740	31.930	-74.662
16.1049	32.177	-109.259
16.3392	23.956	-125.572
16.5768	36.229	-66.470
16.8179	34.447	-123.281
17.0626	33.678	-85.863
17.3107	34.798	-97.339
17.5625	38.438	-125.953
17.8180	25.705	159.358
18.0771	35.695	-96.517
18.3401	32.050	-133.384
18.6068	25.692	-86.357
18.8775	32.477	-79.425
19.1521	38.637	-89.177
19.4306	33.234	-128.718
19.7133	34.264	-85.640
20.0000	35.039	-80.376
20.2909	37.342	-102.627
20.5860	37.267	-70.261
20.8855	40.001	-107.524
21.1893	32.749	-83.093
21.4975	37.934	-103.366
21.8102	36.761	-91.490
22.1274	37.369	-103.677
22.4492	38.868	-64.271
22.7758	42.111	-85.945
23.1071	38.730	-89.729
23.4432	38.313	-91.327
23.7841	39.283	-75.086
24.1301	42.699	-70.805
24.4811	43.039	-73.860
24.8372	43.245	-76.043
25.1984	43.614	-80.210
25.5649	44.534	-76.757
25.9368	44.745	-76.655
26.3141	44.682	-77.638
26.6968	46.655	-75.009
27.0851	46.459	-77.567
27.4791	46.880	-80.123
27.8788	47.705	-72.345
28.2843	48.075	-74.120
28.6957	49.129	-74.882
29.1131	49.048	-74.362
29.5365	49.831	-71.955
29.9661	51.171	-75.752
30.4020	51.123	-77.821
30.8442	51.979	-76.602
31.2929	52.348	-73.092
31.7480	53.240	-76.004
32.2098	54.022	-75.364
32.6783	54.609	-78.253
33.1536	55.592	-75.886
33.6359	56.223	-77.930
34.1251	56.685	-78.425
34.6215	57.265	-80.364
35.1250	57.697	-78.979
35.6359	58.361	-80.211
36.1543	58.920	-80.809
36.6802	59.762	-80.853
37.2137	60.347	-81.464
37.7550	60.932	-82.412
38.3041	61.614	-82.460
38.8613	62.345	-83.488
39.4265	63.096	-84.039
40.0000	63.707	-85.430
40.5818	64.497	-86.774
41.1721	65.155	-88.083
41.7710	65.734	-88.458
42.3785	66.565	-90.179
42.9949	67.318	-91.924
43.6203	68.090	-93.403
44.2548	68.798	-94.849
44.8985	69.565	-96.632
45.5515	70.310	-98.452
46.2141	71.177	-100.843
46.8863	71.938	-103.196
47.5683	72.716	-105.253
48.2602	73.591	-108.003
48.9621	74.420	-111.123
49.6743	75.289	-114.388
50.3968	76.075	-118.229
51.1299	76.885	-122.210
51.8736	77.751	-126.874
52.6281	78.480	-131.697
53.3936	79.250	-137.314
54.1702	79.967	-143.215
54.9581	80.607	-149.574
55.7575	81.128	-156.101
56.5685	81.544	-162.574
57.3914	81.898	-169.662
58.2261	82.139	-176.759
59.0730	82.252	177.224
59.9323	82.308	170.111
60.8040	82.269	164.543
61.6884	82.203	158.848
62.5857	82.050	153.417
63.4960	81.885	148.558
64.4196	81.737	144.590
65.3566	81.576	141.043
66.3073	81.389	137.159
67.2717	81.203	133.502
68.2502	81.037	130.607
69.2429	80.899	127.874
70.2501	80.758	125.179
71.2719	80.591	122.416
72.3086	80.464	120.228
73.3603	80.337	117.877
74.4274	80.210	115.809
75.5099	80.076	113.825
76.6083	79.940	111.965
77.7226	79.816	110.486
78.8531	79.721	109.117
80.0000	79.649	107.821
81.1636	79.614	106.696
82.3442	79.594	105.435
83.5419	79.586	104.048
84.7570	79.584	102.757
85.9899	79.582	101.449
87.2406	79.574	100.223
88.5096	79.571	98.971
89.7970	79.578	97.842
91.1031	79.607	96.680
92.4282	79.631	95.619
93.7726	79.655	94.360
95.1366	79.698	93.382
96.5204	79.764	92.451
97.9243	79.845	91.212
99.3486	79.904	89.848
100.794	79.953	88.556
102.260	80.024	87.219
103.747	80.055	85.917
105.256	80.063	84.625
106.787	80.098	83.596
108.340	80.143	82.530
109.916	80.181	81.565
111.515	80.249	80.555
113.137	80.323	79.593
114.783	80.404	78.552
116.452	80.500	77.406
118.146	80.581	76.232
119.865	80.660	75.069
121.608	80.735	73.882
123.377	80.824	72.712
125.171	80.924	71.544
126.992	81.021	70.104
128.839	81.094	68.733
130.713	81.146	67.185
132.615	81.167	65.844
134.543	81.209	64.697
136.500	81.275	63.527
138.486	81.319	62.167
140.500	81.339	61.142
142.544	81.386	60.183
144.617	81.491	59.224
146.721	81.593	58.039
148.855	81.691	56.637
151.020	81.782	55.225
153.217	81.872	53.613
155.445	81.916	51.659
157.706	81.859	49.743
160.000	81.754	48.911
162.327	81.784	48.420
164.688	81.882	47.505
167.084	81.980	46.195
169.514	82.023	44.546
171.980	81.990	43.087
174.481	81.970	42.204
177.019	82.023	41.305
179.594	82.085	40.108
182.206	82.119	38.737
184.856	82.135	37.624
187.545	82.194	36.317
190.273	82.162	34.740
193.041	82.118	33.890
195.849	82.166	33.040
198.697	82.226	31.875
201.587	82.254	30.557
204.520	82.251	29.277
207.494	82.251	28.199
210.512	82.282	27.032
213.574	82.261	25.781
216.681	82.271	24.827
219.833	82.292	23.602
223.030	82.278	22.392
226.274	82.267	21.308
229.565	82.272	20.262
232.905	82.256	19.170
236.292	82.250	18.299
239.729	82.268	17.271
243.216	82.311	16.350
246.754	82.378	14.542
250.343	82.231	13.078
253.984	82.184	12.383
257.678	82.197	11.595
261.426	82.172	10.249
265.229	82.087	9.126
269.087	82.057	8.886
273.001	82.140	7.779
276.972	82.068	6.440
281.000	82.050	5.253
285.088	81.923	4.581
289.234	81.960	4.167
293.441	82.001	2.721
297.709	81.887	1.257
302.040	81.784	0.900
306.433	81.745	0.021
310.890	81.663	-0.471
315.412	81.658	-1.121
320.000	81.597	-1.699
324.655	81.555	-2.049
329.377	81.598	-2.282
334.168	81.626	-3.154
339.028	81.627	-3.725
343.959	81.683	-4.719
348.962	81.629	-5.805
354.038	81.584	-6.261
359.188	81.611	-6.894
364.412	81.629	-7.613
369.713	81.640	-8.483
375.090	81.644	-9.563
380.546	81.628	-10.262
386.081	81.626	-11.319
391.697	81.584	-12.235
397.394	81.567	-13.012
403.175	81.531	-13.675
409.039	81.501	-14.342
414.989	81.473	-14.665
421.025	81.510	-14.941
427.149	81.595	-15.456
433.362	81.697	-16.358
439.665	81.721	-17.586
446.060	81.764	-18.431
452.548	81.777	-19.686
459.131	81.718	-20.822
465.809	81.755	-21.062
472.584	81.829	-22.134
479.458	81.820	-23.093
486.432	81.878	-24.065
493.507	81.895	-25.359
500.686	81.872	-26.387
507.968	81.870	-27.374
515.357	81.880	-28.259
522.853	81.886	-29.266
530.458	81.902	-30.312
538.174	81.889	-31.335
546.002	81.878	-32.577
553.943	81.840	-33.400
562.001	81.838	-34.124
570.175	81.850	-35.101
578.469	81.866	-35.870
586.883	81.898	-36.911
595.419	81.908	-38.013
604.080	81.925	-39.080
612.866	81.952	-40.186
621.780	81.951	-41.444
630.824	81.959	-42.619
640.000	81.959	-43.832
649.309	81.974	-45.136
658.753	81.958	-46.561
668.335	81.937	-47.913
678.056	81.897	-49.317
687.919	81.853	-50.649
697.925	81.791	-51.974
708.077	81.731	-53.204
718.376	81.654	-54.444
728.825	81.580	-55.557
739.426	81.501	-56.635
750.181	81.421	-57.582
761.093	81.342	-58.497
772.163	81.285	-59.296
783.394	81.219	-60.112
794.789	81.174	-60.785
806.349	81.142	-61.472
818.078	81.133	-62.125
829.977	81.132	-62.825
842.050	81.155	-63.530
854.298	81.184	-64.336
866.724	81.238	-65.212
879.330	81.290	-66.195
892.120	81.363	-67.273
905.097	81.435	-68.467
918.262	81.521	-69.872
931.618	81.577	-71.420
945.169	81.627	-72.939
958.917	81.688	-74.514
972.864	81.762	-76.283
987.015	81.797	-78.267
1001.37	81.809	-80.258
1015.94	81.801	-82.152
1030.71	81.802	-84.057
1045.71	81.810	-86.044
1060.92	81.802	-88.167
1076.35	81.760	-90.346
1092.00	81.700	-92.470
1107.89	81.635	-94.348
1124.00	81.559	-96.330
1140.35	81.463	-98.287
1156.94	81.372	-99.989
1173.77	81.271	-101.517
1190.84	81.176	-102.891
1208.16	81.118	-104.111
1225.73	81.089	-105.244
1243.56	81.110	-106.415
1261.65	81.151	-107.704
1280.00	81.231	-109.249
1298.62	81.311	-111.005
1317.51	81.365	-112.764
1336.67	81.426	-114.647
1356.11	81.506	-116.693
1375.84	81.578	-118.749
1395.85	81.659	-120.726
1416.15	81.738	-122.691
1436.75	81.848	-124.881
1457.65	81.971	-127.296
1478.85	82.119	-129.937
1500.36	82.242	-132.550
1522.19	82.373	-135.544
1544.33	82.475	-138.592
1566.79	82.572	-141.839
1589.58	82.639	-145.216
1612.70	82.687	-148.685
1636.16	82.713	-152.027
1659.95	82.728	-155.449
1684.10	82.735	-158.856
1708.60	82.724	-162.369
1733.45	82.707	-165.583
1758.66	82.679	-169.035
1784.24	82.633	-172.524
1810.19	82.553	-176.029
1836.52	82.468	-179.263
1863.24	82.352	177.632
1890.34	82.257	174.771
1917.83	82.157	171.877
1945.73	82.080	169.085
1974.03	81.983	166.332
2002.74	81.893	163.507
2031.87	81.769	160.852
2061.43	81.651	158.404
2091.41	81.524	156.206
2121.83	81.427	154.320
2152.69	81.374	152.710
2184.01	81.385	151.144
2215.77	81.436	149.549
2248.00	81.533	147.636
2280.70	81.643	145.402
2313.87	81.754	142.901
2347.53	81.842	140.314
2381.68	81.915	137.623
2416.32	81.961	134.984
2451.46	81.991	132.259
2487.12	82.007	129.520
2523.30	82.019	126.783
2560.00	82.012	124.171
2597.24	81.990	121.627
2635.01	81.948	119.284
2673.34	81.900	116.893
2712.23	81.856	114.807
2751.68	81.847	112.843
2791.70	81.868	110.899
2832.31	81.899	108.727
2873.50	81.902	106.279
2915.30	81.837	103.728
2957.70	81.712	101.620
3000.72	81.573	100.114
3044.37	81.472	99.173
3088.65	81.471	98.560
3133.58	81.569	97.667
3179.16	81.711	96.221
3225.40	81.828	94.366
3272.31	81.867	92.304
3319.91	81.843	90.495
3368.20	81.830	89.389
3417.19	81.913	88.624
3466.89	82.101	87.482
3517.32	82.295	85.279
3568.48	82.361	82.595
3620.39	82.268	80.435
3673.05	82.155	79.443
3726.47	82.204	79.267
3780.67	82.452	78.663
3835.67	82.742	76.810
3891.46	82.920	74.001
3948.06	82.943	71.140
4005.49	82.894	68.966
4063.75	82.893	67.419
4122.86	82.958	65.838
4182.82	83.009	63.845
4243.66	82.992	61.965
4305.39	82.995	60.743
4368.01	83.128	59.570
4431.55	83.314	57.363
4496.01	83.365	54.285
4561.40	83.226	51.588
4627.75	83.071	50.145
4695.06	83.087	49.235
4763.35	83.213	47.390
4832.64	83.208	44.424
4902.93	82.958	41.946
4974.24	82.689	41.455
5046.60	82.732	41.754
5120.00	82.981	40.287
5194.47	83.042	37.294
5270.03	82.849	34.751
5346.68	82.634	33.506
5424.45	82.565	32.705
5503.35	82.540	31.375
5583.40	82.468	29.863
5664.61	82.411	28.454
5747.01	82.329	26.559
5830.60	82.084	24.821
5915.41	81.831	24.385
6001.45	81.724	23.951
6088.74	81.516	23.259
6177.30	81.348	24.335
6267.15	81.554	24.923
6358.31	81.648	22.855
6450.80	81.385	22.105
6544.62	81.408	23.607
6639.82	81.753	23.020
6736.40	81.838	20.543
6834.38	81.725	19.149
6933.79	81.726	18.513
7034.64	81.751	17.278
7136.96	81.761	16.086
7240.77	81.788	14.051
7346.09	81.519	11.904
7452.94	81.254	12.147
7561.35	81.221	12.021
7671.33	81.096	12.163
7782.91	81.271	12.891
7896.12	81.495	10.806
8010.97	81.336	8.452
8127.49	81.114	7.724
8245.71	81.002	7.714
8365.65	80.992	7.115
8487.33	80.832	6.256
8610.78	80.707	6.703
8736.03	80.707	6.677
8863.09	80.619	6.760
8992.01	80.729	7.094
9122.80	80.646	5.810
9255.50	80.485	7.529
9390.12	80.790	7.977
9526.70	80.774	7.419
9665.27	80.946	8.871
9805.86	81.314	8.332
9948.49	81.616	7.357
10093.2	81.898	4.071
10240.0	81.643	2.093
10388.9	81.683	1.959
10540.1	81.679	1.212
10693.4	81.808	0.339
10848.9	81.702	-0.353
11006.7	82.084	0.572
11166.8	82.348	-2.752
11329.2	82.432	-4.254
11494.0	82.497	-6.970
11661.2	82.490	-9.013
11830.8	82.345	-10.952
12002.9	82.386	-11.362
12177.5	82.540	-13.594
12354.6	82.428	-16.231
12534.3	82.447	-17.194
12716.6	82.588	-20.298
12901.6	82.380	-25.189
13089.2	81.816	-25.922
13279.6	81.684	-27.261
13472.8	81.563	-28.117
13668.8	81.377	-30.117
13867.6	81.291	-33.125
14069.3	80.687	-34.957
14273.9	80.342	-36.902
14481.5	79.654	-37.948
14692.2	78.864	-36.917
14905.9	78.465	-34.703
15122.7	77.777	-31.314
15342.7	77.557	-24.786
15565.8	78.281	-19.629
15792.2	78.929	-19.033
16021.9	79.250	-21.041
16255.0	79.515	-21.476
16491.4	79.686	-23.400
16731.3	79.462	-25.150
16974.7	79.446	-24.031
17221.6	79.606	-24.205
17472.1	79.560	-24.332
17726.2	79.700	-23.329
17984.0	80.072	-22.895
18245.6	80.300	-23.876
18511.0	80.684	-24.503
18780.2	81.191	-28.333
19053.4	81.065	-32.187
19330.5	80.884	-33.819
19611.7	80.704	-35.526
19897.0	80.543	-36.597
20186.4	80.461	-37.120
20480.0	80.405	-38.190
20777.9	80.336	-38.361
21080.1	80.222	-39.799
21386.7	79.853	-39.210
21697.8	79.598	-37.193
22013.4	79.505	-32.830
22333.6	79.995	-28.016
22658.4	80.797	-25.307
22988.0	81.667	-23.760
23322.4	82.823	-22.688
23661.6	84.085	-24.743
