5.00000	22.565	12.807
5.07273	27.236	65.893
5.14651	30.301	91.985
5.22137	32.107	107.060
5.29732	33.314	154.755
5.37437	34.513	148.593
5.45254	34.204	86.614
5.53185	34.999	62.146
5.61231	34.164	61.397
5.69394	31.168	65.003
5.77676	27.808	53.010
5.86079	28.137	32.850
5.94604	30.656	21.558
6.03252	31.601	8.146
6.12027	28.065	-11.642
6.20929	18.347	-45.608
6.29961	18.225	-126.229
6.39124	16.812	-124.735
6.48420	20.361	45.787
6.57851	28.499	48.860
6.67420	29.323	45.272
6.77128	27.709	13.178
6.86977	33.784	-31.448
6.96969	36.773	-44.625
7.07107	36.085	-85.881
7.17392	36.474	-135.920
7.27827	35.638	-158.037
7.38413	34.088	177.905
7.49154	33.158	141.257
7.60050	30.951	98.371
7.71105	28.740	57.602
7.82321	19.355	15.048
7.93701	25.504	-36.794
8.05245	29.678	-31.554
8.16958	29.472	-86.347
8.28841	32.497	-132.695
8.40896	28.472	-153.857
8.53128	22.153	177.293
8.65537	26.560	-151.274
8.78126	32.242	-142.539
8.90899	27.552	177.981
9.03857	30.076	132.288
9.17004	28.757	140.676
9.30342	20.652	13.583
9.43874	18.400	-44.264
9.57603	8.853	-178.516
9.71532	24.212	3.947
9.85663	33.576	-83.678
10.0000	34.963	-121.131
10.1455	32.828	-156.300
10.2930	30.631	-154.573
10.4427	31.331	-157.161
10.5946	33.950	-171.260
10.7487	31.877	162.162
10.9051	33.110	159.559
11.0637	31.434	157.919
11.2246	27.076	124.012
11.3879	29.589	127.772
11.5535	27.507	133.212
11.7216	25.612	-170.926
11.8921	31.920	97.486
12.0650	25.216	50.889
12.2405	23.278	-162.901
12.4186	27.335	165.937
12.5992	34.637	80.383
12.7825	32.698	23.045
12.9684	33.528	-37.833
13.1570	25.317	-103.629
13.3484	30.365	-25.047
13.5426	30.185	-92.678
13.7395	30.502	-65.580
13.9394	33.478	-121.770
14.1421	22.119	177.808
14.3478	25.042	-40.987
14.5565	33.544	-79.290
14.7683	31.418	-119.458
14.9831	32.046	-109.977
15.2010	30.558	-154.188
15.4221	21.341	-40.639
15.6464	26.449	-97.366
15.8740	32.238	-73.441
16.1049	32.485	-108.059
16.3392	24.250	-124.418
16.5768	36.541	-65.201
16.8179	34.757	-122.036
17.0626	33.987	-84.566
17.3107	35.108	-96.034
17.5625	38.751	-124.647
17.8180	26.027	160.552
18.0771	36.006	-95.154
18.3401	32.358	-132.045
18.6068	25.987	-84.919
18.8775	32.784	-77.979
19.1521	38.949	-87.729
19.4306	33.542	-127.288
19.7133	34.572	-84.141
20.0000	35.349	-78.851
20.2909	37.653	-101.101
20.5860	37.579	-68.689
20.8855	40.313	-105.956
21.1893	33.055	-81.474
21.4975	38.245	-101.750
21.8102	37.071	-89.840
22.1274	37.679	-102.014
22.4492	39.181	-62.557
22.7758	42.424	-84.223
23.1071	39.041	-87.981
23.4432	38.624	-89.554
23.7841	39.595	-73.278
24.1301	43.013	-68.975
24.4811	43.353	-72.005
24.8372	43.559	-74.162
25.1984	43.927	-78.304
25.5649	44.849	-74.823
25.9368	45.060	-74.693
26.3141	44.996	-75.647
26.6968	46.970	-72.991
27.0851	46.774	-75.520
27.4791	47.195	-78.047
27.8788	48.021	-70.238
28.2843	48.390	-71.983
28.6957	49.445	-72.715
29.1131	49.363	-72.164
29.5365	50.146	-69.724
29.9661	51.487	-73.491
30.4020	51.439	-75.528
30.8442	52.295	-74.275
31.2929	52.664	-70.731
31.7480	53.556	-73.610
32.2098	54.338	-72.935
32.6783	54.925	-75.790
33.1536	55.908	-73.387
33.6359	56.540	-75.395
34.1251	57.002	-75.854
34.6215	57.582	-77.756
35.1250	58.013	-76.333
35.6359	58.678	-77.527
36.1543	59.237	-78.086
36.6802	60.079	-78.091
37.2137	60.664	-78.662
37.7550	61.249	-79.569
38.3041	61.931	-79.576
38.8613	62.661	-80.563
39.4265	63.413	-81.071
40.0000	64.024	-82.419
40.5818	64.814	-83.718
41.1721	65.472	-84.978
41.7710	66.052	-85.299
42.3785	66.883	-86.963
42.9949	67.637	-88.646
43.6203	68.409	-90.062
44.2548	69.118	-91.439
44.8985	69.886	-93.150
45.5515	70.631	-94.895
46.2141	71.498	-97.207
46.8863	72.261	-99.478
47.5683	73.038	-101.449
48.2602	73.914	-104.111
48.9621	74.743	-107.140
49.6743	75.611	-110.311
50.3968	76.398	-114.056
51.1299	77.207	-117.937
51.8736	78.073	-122.498
52.6281	78.801	-127.217
53.3936	79.571	-132.727
54.1702	80.286	-138.518
54.9581	80.925	-144.765
55.7575	81.444	-151.179
56.5685	81.858	-157.536
57.3914	82.211	-164.507
58.2261	82.449	-171.485
59.0730	82.559	-177.382
59.9323	82.613	175.628
60.8040	82.571	170.183
61.6884	82.501	164.613
62.5857	82.344	159.308
63.4960	82.175	154.577
64.4196	82.022	150.737
65.3566	81.858	147.320
66.3073	81.664	143.566
67.2717	81.473	140.039
68.2502	81.302	137.276
69.2429	81.157	134.675
70.2501	81.010	132.112
71.2719	80.837	129.482
72.3086	80.703	127.428
73.3603	80.568	125.209
74.4274	80.434	123.274
75.5099	80.292	121.422
76.6083	80.147	119.695
77.7226	80.015	118.348
78.8531	79.912	117.111
80.0000	79.831	115.946
81.1636	79.786	114.952
82.3442	79.756	113.821
83.5419	79.739	112.564
84.7570	79.726	111.401
85.9899	79.714	110.220
87.2406	79.695	109.120
88.5096	79.682	107.993
89.7970	79.677	106.987
91.1031	79.694	105.949
92.4282	79.706	105.007
93.7726	79.719	103.868
95.1366	79.750	103.007
96.5204	79.803	102.191
97.9243	79.872	101.065
99.3486	79.918	99.812
100.794	79.956	98.629
102.260	80.012	97.399
103.747	80.030	96.201
105.256	80.025	95.011
106.787	80.046	94.080
108.340	80.078	93.111
109.916	80.102	92.238
111.515	80.156	91.319
113.137	80.217	90.444
114.783	80.284	89.486
116.452	80.365	88.420
118.146	80.433	87.323
119.865	80.496	86.232
121.608	80.557	85.114
123.377	80.633	84.008
125.171	80.717	82.901
126.992	80.800	81.517
128.839	80.858	80.198
130.713	80.895	78.696
132.615	80.902	77.396
134.543	80.928	76.287
136.500	80.979	75.148
138.486	81.008	73.814
140.500	81.014	72.810
142.544	81.046	71.867
144.617	81.136	70.917
146.721	81.222	69.734
148.855	81.305	68.329
151.020	81.381	66.907
153.217	81.455	65.280
155.445	81.484	63.302
157.706	81.411	61.357
160.000	81.290	60.487
162.327	81.305	59.952
164.688	81.386	58.985
167.084	81.467	57.614
169.514	81.495	55.897
171.980	81.444	54.362
174.481	81.407	53.394
177.019	81.443	52.402
179.594	81.487	51.103
182.206	81.503	49.622
184.856	81.500	48.390
187.545	81.541	46.954
190.273	81.490	45.238
193.041	81.425	44.240
195.849	81.453	43.232
198.697	81.493	41.898
201.587	81.499	40.403
204.520	81.473	38.935
207.494	81.449	37.659
210.512	81.456	36.283
213.574	81.409	34.813
216.681	81.393	33.632
219.833	81.387	32.166
223.030	81.342	30.706
226.274	81.301	29.362
229.565	81.274	28.046
232.905	81.223	26.675
236.292	81.181	25.514
239.729	81.163	24.188
243.216	81.166	22.960
246.754	81.190	20.836
250.343	81.000	19.049
253.984	80.906	18.025
257.678	80.869	16.901
261.426	80.792	15.215
265.229	80.651	13.750
269.087	80.562	13.165
273.001	80.582	11.713
276.972	80.445	10.029
281.000	80.357	8.502
285.088	80.157	7.497
289.234	80.116	6.757
293.441	80.078	4.996
297.709	79.879	3.233
302.040	79.686	2.594
306.433	79.556	1.454
310.890	79.379	0.726
315.412	79.275	-0.132
320.000	79.113	-0.887
324.655	78.968	-1.377
329.377	78.906	-1.714
334.168	78.829	-2.650
339.028	78.725	-3.241
343.959	78.678	-4.214
348.962	78.522	-5.237
354.038	78.380	-5.590
359.188	78.314	-6.086
364.412	78.244	-6.638
369.713	78.175	-7.319
375.090	78.104	-8.191
380.546	78.024	-8.673
386.081	77.964	-9.509
391.697	77.874	-10.214
397.394	77.817	-10.797
403.175	77.750	-11.293
409.039	77.695	-11.825
414.989	77.649	-12.057
421.025	77.674	-12.292
427.149	77.749	-12.818
433.362	77.841	-13.791
439.665	77.857	-15.152
446.060	77.889	-16.188
452.548	77.886	-17.693
459.131	77.805	-19.132
465.809	77.811	-19.720
472.584	77.845	-21.185
479.458	77.785	-22.568
486.432	77.778	-23.983
493.507	77.714	-25.731
500.686	77.594	-27.205
507.968	77.479	-28.616
515.357	77.358	-29.887
522.853	77.213	-31.214
530.458	77.062	-32.494
538.174	76.868	-33.635
546.002	76.661	-34.857
553.943	76.417	-35.498
562.001	76.208	-35.854
570.175	76.013	-36.265
578.469	75.833	-36.271
586.883	75.686	-36.366
595.419	75.541	-36.366
604.080	75.435	-36.221
612.866	75.375	-36.061
621.780	75.324	-36.071
630.824	75.317	-36.083
640.000	75.333	-36.280
649.309	75.387	-36.766
658.753	75.426	-37.609
668.335	75.464	-38.636
678.056	75.481	-39.977
687.919	75.479	-41.496
697.925	75.439	-43.241
708.077	75.371	-45.092
718.376	75.251	-47.117
728.825	75.091	-49.129
739.426	74.879	-51.170
750.181	74.619	-53.076
761.093	74.309	-54.875
772.163	73.971	-56.403
783.394	73.584	-57.719
794.789	73.185	-58.585
806.349	72.780	-59.111
818.078	72.397	-59.233
829.977	72.040	-59.063
842.050	71.740	-58.648
854.298	71.486	-58.210
866.724	71.298	-57.863
879.330	71.133	-57.767
892.120	70.998	-57.981
905.097	70.847	-58.535
918.262	70.674	-59.466
931.618	70.420	-60.602
945.169	70.095	-61.606
958.917	69.715	-62.348
972.864	69.295	-62.756
987.015	68.807	-62.652
1001.37	68.308	-61.718
1015.94	67.856	-59.827
1030.71	67.545	-57.334
1045.71	67.420	-54.758
1060.92	67.467	-52.720
1076.35	67.634	-51.642
1092.00	67.862	-51.625
1107.89	68.056	-52.632
1124.00	68.211	-54.788
1140.35	68.251	-57.934
1156.94	68.144	-61.257
1173.77	67.879	-64.638
1190.84	67.448	-67.963
1208.16	66.910	-70.668
1225.73	66.298	-72.487
1243.56	65.711	-73.427
1261.65	65.201	-73.708
1280.00	64.843	-73.943
1298.62	64.654	-74.905
1317.51	64.560	-77.201
1336.67	64.472	-81.248
1356.11	64.310	-87.523
1375.84	63.947	-95.578
1395.85	63.409	-104.929
1416.15	62.636	-115.562
1436.75	61.606	-128.472
1457.65	60.286	-143.630
1478.85	58.920	-160.948
1500.36	57.772	-178.573
1522.19	56.959	162.640
1544.33	56.692	146.173
1566.79	57.125	133.269
1589.58	57.915	123.786
1612.70	59.188	116.242
1636.16	60.618	109.508
1659.95	62.079	102.055
1684.10	63.365	93.992
1708.60	64.422	85.248
1733.45	65.164	77.471
1758.66	65.656	69.546
1784.24	65.843	62.391
1810.19	65.830	56.523
1836.52	65.704	52.915
1863.24	65.629	50.856
1890.34	65.735	50.024
1917.83	66.022	48.702
1945.73	66.396	46.599
1974.03	66.692	43.278
2002.74	66.838	39.230
2031.87	66.759	35.147
2061.43	66.528	31.988
2091.41	66.191	29.712
2121.83	65.898	28.560
2152.69	65.689	27.761
2184.01	65.528	26.766
2215.77	65.261	25.336
2248.00	64.796	24.112
2280.70	64.105	24.393
2313.87	63.470	27.586
2347.53	63.244	33.004
2381.68	63.582	37.871
2416.32	64.185	39.952
2451.46	64.721	39.318
2487.12	64.974	37.214
2523.30	64.977	35.332
2560.00	64.840	34.559
2597.24	64.745	34.722
2635.01	64.727	35.127
2673.34	64.732	35.177
2712.23	64.699	35.324
2751.68	64.712	36.024
2791.70	64.877	36.887
2832.31	65.205	36.629
2873.50	65.508	34.499
2915.30	65.572	30.914
2957.70	65.331	27.562
3000.72	64.933	25.588
3044.37	64.588	24.709
3088.65	64.386	23.492
3133.58	64.074	20.776
3179.16	63.308	17.643
3225.40	62.110	17.268
3272.31	60.858	22.367
3319.91	60.326	31.402
3368.20	60.564	38.734
3417.19	60.938	43.181
3466.89	61.293	46.863
3517.32	61.824	50.015
3568.48	62.451	51.417
3620.39	62.943	51.375
3673.05	63.316	51.250
3726.47	63.746	51.192
3780.67	64.232	50.275
3835.67	64.632	48.540
3891.46	64.977	46.813
3948.06	65.433	44.252
4005.49	66.115	40.952
4063.75	66.405	33.899
4122.86	66.185	26.192
4182.82	65.418	20.050
4243.66	64.416	17.848
4305.39	63.769	19.392
4368.01	63.740	20.790
4431.55	63.913	18.833
4496.01	63.715	14.463
4561.40	63.030	10.835
4627.75	62.163	10.203
4695.06	61.520	12.366
4763.35	61.324	15.395
4832.64	61.523	16.589
4902.93	61.674	14.798
4974.24	61.489	12.542
5046.60	61.351	11.829
5120.00	61.546	9.604
5194.47	61.439	3.775
5270.03	60.396	-1.210
5346.68	59.017	3.156
5424.45	59.391	12.527
5503.35	60.747	11.582
5583.40	61.222	4.475
5664.61	61.039	-0.687
5747.01	60.950	-4.439
5830.60	60.824	-9.631
5915.41	60.327	-14.927
6001.45	59.678	-18.033
6088.74	59.227	-21.748
6177.30	58.170	-28.778
6267.15	55.732	-31.354
6358.31	53.057	-20.591
6450.80	51.987	1.865
6544.62	53.892	19.157
6639.82	55.473	19.548
6736.40	55.439	20.543
6834.38	55.245	28.984
6933.79	56.398	40.147
7034.64	58.049	41.242
7136.96	58.528	41.317
7240.77	59.613	44.628
7346.09	60.631	38.758
7452.94	59.923	33.703
7561.35	59.239	37.368
7671.33	58.855	41.542
7782.91	58.840	47.757
7896.12	58.559	51.891
8010.97	58.589	63.609
8127.49	59.906	69.696
8245.71	60.742	68.842
8365.65	60.745	66.019
8487.33	60.044	65.798
8610.78	59.339	70.323
8736.03	59.102	76.251
8863.09	59.406	79.494
8992.01	59.165	76.053
9122.80	57.898	76.412
9255.50	57.382	77.478
9390.12	55.549	70.426
9526.70	51.673	73.331
9665.27	48.067	90.166
9805.86	44.870	122.779
9948.49	47.874	160.084
10093.2	51.554	151.319
10240.0	51.090	133.080
10388.9	49.657	117.327
10540.1	47.354	94.335
10693.4	43.911	93.143
10848.9	47.594	92.765
11006.7	49.649	72.060
11166.8	50.858	64.150
11329.2	51.855	62.087
11494.0	53.200	66.758
11661.2	55.326	65.438
11830.8	55.741	57.255
12002.9	54.991	61.439
12177.5	54.982	65.964
12354.6	54.798	74.983
12534.3	55.757	78.925
12716.6	55.676	75.799
12901.6	54.798	73.915
13089.2	53.161	72.018
13279.6	49.443	81.886
13472.8	49.391	116.983
13668.8	53.033	130.222
13867.6	55.886	121.709
14069.3	57.044	110.181
14273.9	57.590	95.232
14481.5	56.429	84.826
14692.2	54.016	82.266
14905.9	53.155	96.251
15122.7	53.700	103.808
15342.7	53.303	109.740
15565.8	54.045	118.801
15792.2	55.395	119.065
16021.9	55.425	113.406
16255.0	55.532	114.533
16491.4	55.650	110.851
16731.3	55.836	108.826
16974.7	56.525	106.693
17221.6	57.001	98.548
17472.1	55.775	91.546
17726.2	54.842	92.685
17984.0	53.951	94.702
18245.6	53.373	93.523
18511.0	51.940	92.861
18780.2	51.297	86.316
19053.4	49.419	84.830
19330.5	48.681	83.591
19611.7	47.442	80.925
19897.0	46.880	90.996
20186.4	47.199	106.317
20480.0	48.290	114.001
20777.9	50.159	128.268
21080.1	49.925	118.695
21386.7	47.689	125.345
21697.8	46.971	135.354
22013.4	39.574	165.485
22333.6	47.169	-138.050
22658.4	50.402	-161.503
22988.0	50.149	-157.080
23322.4	51.867	-157.767
23661.6	53.542	-165.246
