5.00000	22.717	12.892
5.07273	27.383	66.052
5.14651	30.450	92.172
5.22137	32.257	107.257
5.29732	33.468	154.971
5.37437	34.666	148.807
5.45254	34.355	86.808
5.53185	35.150	62.332
5.61231	34.315	61.584
5.69394	31.317	65.190
5.77676	27.955	53.181
5.86079	28.287	33.011
5.94604	30.809	21.729
6.03252	31.755	8.321
6.12027	28.221	-11.485
6.20929	18.522	-45.526
6.29961	18.404	-125.891
6.39124	16.998	-124.376
6.48420	20.498	45.910
6.57851	28.646	49.054
6.67420	29.471	45.470
6.77128	27.861	13.350
6.86977	33.941	-31.234
6.96969	36.930	-44.395
7.07107	36.244	-85.632
7.17392	36.632	-135.644
7.27827	35.795	-157.748
7.38413	34.243	178.206
7.49154	33.309	141.558
7.60050	31.098	98.652
7.71105	28.885	57.840
7.82321	19.500	15.119
7.93701	25.668	-36.599
8.05245	29.838	-31.325
8.16958	29.638	-86.063
8.28841	32.657	-132.366
8.40896	28.633	-153.485
8.53128	22.308	177.770
8.65537	26.723	-150.875
8.78126	32.402	-142.183
8.90899	27.707	178.395
9.03857	30.223	132.662
9.17004	28.904	141.072
9.30342	20.798	13.701
9.43874	18.585	-44.144
9.57603	9.018	-177.285
9.71532	24.364	4.141
9.85663	33.739	-83.335
10.0000	35.124	-120.752
10.1455	32.986	-155.884
10.2930	30.791	-154.137
10.4427	31.491	-156.722
10.5946	34.106	-170.828
10.7487	32.029	162.614
10.9051	33.262	160.008
11.0637	31.585	158.386
11.2246	27.215	124.489
11.3879	29.732	128.242
11.5535	27.649	133.716
11.7216	25.772	-170.353
11.8921	32.063	97.925
12.0650	25.350	51.219
12.2405	23.444	-162.261
12.4186	27.486	166.516
12.5992	34.783	80.826
12.7825	32.847	23.433
12.9684	33.689	-37.428
13.1570	25.499	-103.126
13.3484	30.526	-24.668
13.5426	30.356	-92.195
13.7395	30.671	-65.138
13.9394	33.643	-121.236
14.1421	22.275	178.599
14.3478	25.216	-40.639
14.5565	33.711	-78.790
14.7683	31.587	-118.887
14.9831	32.215	-109.415
15.2010	30.722	-153.544
15.4221	21.527	-40.360
15.6464	26.632	-96.796
15.8740	32.408	-72.909
16.1049	32.654	-107.460
16.3392	24.439	-123.705
16.5768	36.705	-64.639
16.8179	34.923	-121.399
17.0626	34.155	-83.971
17.3107	35.275	-95.414
17.5625	38.913	-123.993
17.8180	26.173	161.410
18.0771	36.172	-94.508
18.3401	32.526	-131.320
18.6068	26.178	-84.296
18.8775	32.955	-77.337
19.1521	39.112	-87.052
19.4306	33.711	-126.538
19.7133	34.741	-83.454
20.0000	35.516	-78.161
20.2909	37.818	-100.370
20.5860	37.743	-67.985
20.8855	40.476	-105.201
21.1893	33.228	-80.746
21.4975	38.410	-100.975
21.8102	37.238	-89.069
22.1274	37.846	-101.215
22.4492	39.344	-61.790
22.7758	42.586	-83.419
23.1071	39.206	-87.165
23.4432	38.789	-88.725
23.7841	39.758	-72.453
24.1301	43.174	-68.133
24.4811	43.514	-71.148
24.8372	43.720	-73.291
25.1984	44.088	-77.417
25.5649	45.009	-73.924
25.9368	45.220	-73.781
26.3141	45.156	-74.721
26.6968	47.129	-72.049
27.0851	46.933	-74.564
27.4791	47.354	-77.076
27.8788	48.179	-69.255
28.2843	48.549	-70.985
28.6957	49.603	-71.701
29.1131	49.522	-71.135
29.5365	50.304	-68.681
29.9661	51.644	-72.429
30.4020	51.597	-74.450
30.8442	52.452	-73.181
31.2929	52.821	-69.622
31.7480	53.713	-72.484
32.2098	54.495	-71.792
32.6783	55.082	-74.629
33.1536	56.065	-72.209
33.6359	56.696	-74.199
34.1251	57.158	-74.640
34.6215	57.738	-76.524
35.1250	58.170	-75.083
35.6359	58.834	-76.258
36.1543	59.393	-76.799
36.6802	60.235	-76.784
37.2137	60.820	-77.336
37.7550	61.405	-78.224
38.3041	62.087	-78.211
38.8613	62.817	-79.177
39.4265	63.569	-79.665
40.0000	64.180	-80.992
40.5818	64.970	-82.271
41.1721	65.628	-83.512
41.7710	66.207	-83.816
42.3785	67.038	-85.464
42.9949	67.791	-87.131
43.6203	68.564	-88.532
44.2548	69.271	-89.897
44.8985	70.039	-91.596
45.5515	70.783	-93.330
46.2141	71.650	-95.633
46.8863	72.412	-97.895
47.5683	73.189	-99.859
48.2602	74.065	-102.513
48.9621	74.893	-105.536
49.6743	75.761	-108.701
50.3968	76.547	-112.441
51.1299	77.357	-116.317
51.8736	78.222	-120.875
52.6281	78.950	-125.590
53.3936	79.720	-131.097
54.1702	80.434	-136.886
54.9581	81.074	-143.131
55.7575	81.593	-149.543
56.5685	82.007	-155.900
57.3914	82.360	-162.869
58.2261	82.598	-169.847
59.0730	82.711	-175.741
59.9323	82.764	177.269
60.8040	82.723	171.825
61.6884	82.654	166.256
62.5857	82.498	160.952
63.4960	82.330	156.221
64.4196	82.179	152.383
65.3566	82.015	148.967
66.3073	81.824	145.215
67.2717	81.635	141.691
68.2502	81.464	138.930
69.2429	81.322	136.332
70.2501	81.177	133.774
71.2719	81.006	131.147
72.3086	80.874	129.097
73.3603	80.742	126.884
74.4274	80.611	124.955
75.5099	80.472	123.111
76.6083	80.330	121.392
77.7226	80.201	120.053
78.8531	80.100	118.826
80.0000	80.022	117.673
81.1636	79.981	116.691
82.3442	79.955	115.572
83.5419	79.941	114.329
84.7570	79.932	113.181
85.9899	79.924	112.018
87.2406	79.909	110.936
88.5096	79.899	109.828
89.7970	79.899	108.843
91.1031	79.920	107.827
92.4282	79.937	106.910
93.7726	79.954	105.797
95.1366	79.990	104.964
96.5204	80.048	104.177
97.9243	80.120	103.082
99.3486	80.171	101.863
100.794	80.214	100.715
102.260	80.276	99.522
103.747	80.299	98.365
105.256	80.298	97.217
106.787	80.325	96.330
108.340	80.363	95.407
109.916	80.391	94.584
111.515	80.450	93.717
113.137	80.516	92.896
114.783	80.588	91.994
116.452	80.675	90.989
118.146	80.748	89.953
119.865	80.816	88.929
121.608	80.882	87.879
123.377	80.963	86.846
125.171	81.054	85.814
126.992	81.141	84.509
128.839	81.205	83.272
130.713	81.247	81.857
132.615	81.259	80.646
134.543	81.290	79.630
136.500	81.347	78.588
138.486	81.381	77.356
140.500	81.392	76.457
142.544	81.428	75.623
144.617	81.524	74.786
146.721	81.615	73.723
148.855	81.703	72.440
151.020	81.784	71.147
153.217	81.863	69.650
155.445	81.897	67.811
157.706	81.828	66.007
160.000	81.712	65.285
162.327	81.732	64.902
164.688	81.819	64.093
167.084	81.904	62.885
169.514	81.936	61.337
171.980	81.891	59.978
174.481	81.858	59.191
177.019	81.898	58.386
179.594	81.947	57.280
182.206	81.968	55.998
184.856	81.969	54.972
187.545	82.016	53.748
190.273	81.968	52.251
193.041	81.909	51.479
195.849	81.941	50.705
198.697	81.986	49.612
201.587	81.996	48.364
204.520	81.975	47.150
207.494	81.957	46.137
210.512	81.968	45.031
213.574	81.928	43.839
216.681	81.917	42.942
219.833	81.917	41.772
223.030	81.879	40.613
226.274	81.844	39.580
229.565	81.823	38.582
232.905	81.781	37.537
236.292	81.747	36.711
239.729	81.736	35.730
243.216	81.747	34.854
246.754	81.781	33.091
250.343	81.600	31.673
253.984	81.518	31.026
257.678	81.492	30.289
261.426	81.426	28.997
265.229	81.300	27.933
269.087	81.225	27.756
273.001	81.261	26.720
276.972	81.140	25.458
281.000	81.071	24.359
285.088	80.891	23.787
289.234	80.871	23.484
293.441	80.855	22.163
297.709	80.681	20.841
302.040	80.515	20.644
306.433	80.413	19.945
310.890	80.265	19.654
315.412	80.194	19.230
320.000	80.064	18.900
324.655	79.953	18.826
329.377	79.928	18.896
334.168	79.888	18.351
339.028	79.821	18.136
343.959	79.811	17.521
348.962	79.693	16.839
354.038	79.587	16.809
359.188	79.555	16.618
364.412	79.517	16.354
369.713	79.474	15.945
375.090	79.429	15.334
380.546	79.368	15.102
386.081	79.322	14.509
391.697	79.241	14.047
397.394	79.186	13.710
403.175	79.114	13.469
409.039	79.049	13.206
414.989	78.986	13.265
421.025	78.987	13.344
427.149	79.033	13.164
433.362	79.091	12.571
439.665	79.068	11.631
446.060	79.057	11.060
452.548	79.006	10.068
459.131	78.875	9.192
465.809	78.829	9.224
472.584	78.808	8.442
479.458	78.692	7.805
486.432	78.627	7.204
493.507	78.510	6.349
500.686	78.337	5.850
507.968	78.173	5.504
515.357	78.007	5.393
522.853	77.829	5.325
530.458	77.653	5.403
538.174	77.449	5.718
546.002	77.252	6.040
553.943	77.041	7.011
562.001	76.890	8.310
570.175	76.783	9.551
578.469	76.721	11.148
586.883	76.720	12.553
595.419	76.744	13.899
604.080	76.823	15.202
612.866	76.954	16.314
621.780	77.091	17.055
630.824	77.260	17.624
640.000	77.433	17.878
649.309	77.625	17.763
658.753	77.780	17.258
668.335	77.912	16.586
678.056	78.003	15.651
687.919	78.062	14.624
697.925	78.070	13.479
708.077	78.044	12.357
718.376	77.964	11.204
728.825	77.846	10.218
739.426	77.684	9.366
750.181	77.489	8.813
761.093	77.267	8.523
772.163	77.050	8.637
783.394	76.821	9.051
794.789	76.628	9.931
806.349	76.478	11.072
818.078	76.398	12.425
829.977	76.381	13.775
842.050	76.442	15.017
854.298	76.549	15.921
866.724	76.709	16.429
879.330	76.870	16.463
892.120	77.039	16.049
905.097	77.176	15.219
918.262	77.284	13.945
931.618	77.310	12.382
945.169	77.271	10.817
958.917	77.191	9.277
972.864	77.077	7.696
987.015	76.882	6.117
1001.37	76.634	4.802
1015.94	76.355	3.926
1030.71	76.084	3.336
1045.71	75.841	2.924
1060.92	75.610	2.540
1076.35	75.377	2.151
1092.00	75.157	1.739
1107.89	74.957	1.379
1124.00	74.747	0.661
1140.35	74.493	-0.335
1156.94	74.214	-1.255
1173.77	73.882	-2.127
1190.84	73.492	-2.935
1208.16	73.086	-3.534
1225.73	72.666	-3.853
1243.56	72.273	-4.055
1261.65	71.902	-4.237
1280.00	71.549	-4.828
1298.62	71.192	-5.884
1317.51	70.777	-7.305
1336.67	70.271	-9.434
1356.11	69.611	-12.480
1375.84	68.737	-15.890
1395.85	67.635	-19.199
1416.15	66.230	-22.164
1436.75	64.355	-24.797
1457.65	61.852	-25.819
1478.85	58.594	-23.109
1500.36	54.705	-12.196
1522.19	50.754	17.429
1544.33	50.488	59.244
1566.79	52.804	87.124
1589.58	55.041	103.875
1612.70	57.300	116.432
1636.16	59.540	125.134
1659.95	61.737	129.548
1684.10	63.676	131.150
1708.60	65.291	130.115
1733.45	66.512	128.327
1758.66	67.492	125.838
1784.24	68.229	123.504
1810.19	68.795	121.335
1836.52	69.273	119.963
1863.24	69.713	118.657
1890.34	70.168	117.381
1917.83	70.593	115.388
1945.73	70.942	113.006
1974.03	71.125	110.245
2002.74	71.157	107.470
2031.87	71.002	105.267
2061.43	70.772	104.192
2091.41	70.524	104.304
2121.83	70.382	105.279
2152.69	70.390	106.203
2184.01	70.506	106.402
2215.77	70.576	105.708
2248.00	70.529	104.362
2280.70	70.288	103.075
2313.87	69.923	102.702
2347.53	69.530	103.716
2381.68	69.250	105.838
2416.32	69.150	108.425
2451.46	69.226	110.665
2487.12	69.418	112.016
2523.30	69.650	112.297
2560.00	69.842	111.575
2597.24	69.944	109.929
2635.01	69.877	107.665
2673.34	69.577	104.971
2712.23	69.031	103.220
2751.68	68.375	103.382
2791.70	67.844	105.579
2832.31	67.634	108.367
2873.50	67.662	109.863
2915.30	67.642	109.298
2957.70	67.337	107.980
3000.72	66.743	107.785
3044.37	66.065	110.141
3088.65	65.674	114.666
3133.58	65.710	119.093
3179.16	65.980	121.848
3225.40	66.258	123.149
3272.31	66.529	123.693
3319.91	66.834	123.430
3368.20	67.122	122.123
3417.19	67.308	119.843
3466.89	67.340	117.064
3517.32	67.199	113.997
3568.48	66.904	111.438
3620.39	66.501	109.883
3673.05	66.114	109.482
3726.47	65.871	109.590
3780.67	65.723	109.108
3835.67	65.435	107.919
3891.46	64.908	107.846
3948.06	64.315	110.859
4005.49	64.271	117.119
4063.75	65.038	121.742
4122.86	66.033	121.631
4182.82	66.737	118.162
4243.66	67.059	113.982
4305.39	67.202	110.529
4368.01	67.346	107.217
4431.55	67.425	102.954
4496.01	67.270	97.830
4561.40	66.743	92.492
4627.75	65.688	88.589
4695.06	64.253	90.124
4763.35	63.480	98.691
4832.64	64.028	105.846
4902.93	64.795	106.400
4974.24	65.145	104.187
5046.60	65.250	101.176
5120.00	65.071	96.875
5194.47	64.338	92.533
5270.03	63.029	91.098
5346.68	61.638	94.978
5424.45	60.710	100.789
5503.35	59.423	107.835
5583.40	58.690	126.884
5664.61	60.933	141.123
5747.01	62.873	137.609
5830.60	63.010	131.302
5915.41	62.429	132.144
6001.45	62.713	136.894
6088.74	63.420	135.361
6177.30	63.079	130.511
6267.15	61.938	132.492
6358.31	61.763	140.660
6450.80	62.322	143.302
6544.62	62.149	143.264
6639.82	61.780	148.940
6736.40	62.511	156.095
6834.38	63.827	156.895
6933.79	64.748	151.496
7034.64	64.779	143.710
7136.96	63.938	137.764
7240.77	62.607	138.212
7346.09	62.070	143.809
7452.94	62.166	145.951
7561.35	61.996	144.583
7671.33	61.187	144.729
7782.91	60.680	148.226
7896.12	60.082	148.950
8010.97	58.623	154.546
8127.49	58.507	170.766
8245.71	59.875	175.927
8365.65	60.153	176.538
8487.33	60.160	179.196
8610.78	60.445	-177.288
8736.03	60.654	-178.289
8863.09	59.880	-177.087
8992.01	59.867	-170.021
9122.80	60.113	-169.110
9255.50	59.955	-167.670
9390.12	59.502	-166.585
9526.70	59.062	-162.905
9665.27	58.396	-164.173
9805.86	56.154	-156.477
9948.49	55.670	-135.669
10093.2	57.272	-122.293
10240.0	58.446	-117.112
10388.9	59.227	-115.542
10540.1	59.592	-112.245
10693.4	60.316	-110.619
10848.9	60.321	-111.551
11006.7	60.206	-109.278
11166.8	59.989	-107.483
11329.2	59.808	-103.540
11494.0	59.631	-100.584
11661.2	59.250	-97.315
11830.8	59.026	-92.147
12002.9	58.752	-87.892
12177.5	58.682	-81.238
12354.6	58.764	-78.320
12534.3	58.597	-74.193
12716.6	58.399	-71.689
12901.6	57.859	-70.586
13089.2	56.354	-63.941
13279.6	56.043	-51.773
13472.8	56.251	-38.694
13668.8	57.580	-31.866
13867.6	58.377	-32.503
14069.3	58.279	-33.873
14273.9	57.745	-31.971
14481.5	57.228	-26.164
14692.2	57.479	-22.622
14905.9	57.078	-19.681
15122.7	56.678	-12.149
15342.7	57.393	-5.154
15565.8	58.214	-4.503
15792.2	58.204	-5.163
16021.9	57.952	-6.662
16255.0	57.355	-2.723
16491.4	56.515	3.952
16731.3	57.431	12.465
16974.7	58.186	12.817
17221.6	58.026	7.750
17472.1	56.700	11.659
17726.2	56.236	18.768
17984.0	56.266	27.955
18245.6	56.287	28.673
18511.0	56.024	36.699
18780.2	56.356	34.109
19053.4	54.064	35.800
19330.5	52.839	48.950
19611.7	52.487	51.456
19897.0	49.009	69.328
20186.4	51.532	105.924
20480.0	52.860	93.213
20777.9	50.001	101.573
21080.1	48.801	128.720
21386.7	51.685	164.847
21697.8	56.072	161.988
22013.4	55.962	155.627
22333.6	56.200	166.281
22658.4	57.655	168.645
22988.0	57.291	172.732
23322.4	58.446	-171.007
23661.6	60.963	-168.437
