5.00000	22.407	12.462
5.07273	27.070	65.675
5.14651	30.138	91.808
5.22137	31.947	106.894
5.29732	33.160	154.615
5.37437	34.358	148.443
5.45254	34.045	86.420
5.53185	34.841	61.930
5.61231	34.005	61.175
5.69394	31.006	64.773
5.77676	27.643	52.744
5.86079	27.976	32.555
5.94604	30.500	21.273
6.03252	31.448	7.860
6.12027	27.916	-11.970
6.20929	18.231	-46.084
6.29961	18.118	-126.258
6.39124	16.716	-124.739
6.48420	20.177	45.366
6.57851	28.334	48.556
6.67420	29.160	44.964
6.77128	27.552	12.814
6.86977	33.637	-31.750
6.96969	36.626	-44.908
7.07107	35.941	-86.139
7.17392	36.328	-136.141
7.27827	35.491	-158.245
7.38413	33.937	177.710
7.49154	33.000	141.053
7.60050	30.785	98.121
7.71105	28.571	57.265
7.82321	19.184	14.400
7.93701	25.369	-37.239
8.05245	29.536	-31.948
8.16958	29.340	-86.655
8.28841	32.356	-132.933
8.40896	28.332	-154.029
8.53128	22.003	177.298
8.65537	26.424	-151.424
8.78126	32.100	-142.777
8.90899	27.401	177.837
9.03857	29.911	132.062
9.17004	28.593	140.477
9.30342	20.482	12.873
9.43874	18.299	-45.001
9.57603	8.730	-177.275
9.71532	24.054	3.329
9.85663	33.439	-84.047
10.0000	34.823	-121.450
10.1455	32.684	-156.567
10.2930	30.490	-154.819
10.4427	31.189	-157.417
10.5946	33.802	-171.541
10.7487	31.721	161.903
10.9051	32.954	159.279
11.0637	31.276	157.657
11.2246	26.897	123.759
11.3879	29.418	127.487
11.5535	27.333	132.971
11.7216	25.472	-171.069
11.8921	31.748	97.095
12.0650	25.026	50.292
12.2405	23.150	-162.982
12.4186	27.179	165.739
12.5992	34.469	79.929
12.7825	32.536	22.472
12.9684	33.386	-38.401
13.1570	25.215	-104.056
13.3484	30.223	-25.698
13.5426	30.062	-93.172
13.7395	30.375	-66.165
13.9394	33.345	-122.208
14.1421	21.974	177.812
14.3478	24.922	-41.801
14.5565	33.413	-79.850
14.7683	31.292	-119.914
14.9831	31.920	-110.472
15.2010	30.424	-154.556
15.4221	21.240	-41.690
15.6464	26.349	-97.924
15.8740	32.112	-74.078
16.1049	32.360	-108.601
16.3392	24.161	-124.796
16.5768	36.404	-65.851
16.8179	34.625	-122.577
17.0626	33.858	-85.209
17.3107	34.978	-96.655
17.5625	38.612	-125.230
17.8180	25.864	160.317
18.0771	35.874	-95.805
18.3401	32.232	-132.586
18.6068	25.898	-85.683
18.8775	32.660	-78.721
19.1521	38.812	-88.429
19.4306	33.416	-127.892
19.7133	34.445	-84.885
20.0000	35.219	-79.617
20.2909	37.519	-101.820
20.5860	37.444	-69.484
20.8855	40.175	-106.689
21.1893	32.935	-82.295
21.4975	38.111	-102.511
21.8102	36.940	-90.640
22.1274	37.548	-102.797
22.4492	39.043	-63.424
22.7758	42.284	-85.055
23.1071	38.907	-88.828
23.4432	38.491	-90.412
23.7841	39.458	-74.175
24.1301	42.871	-69.874
24.4811	43.211	-72.912
24.8372	43.418	-75.079
25.1984	43.786	-79.228
25.5649	44.706	-75.761
25.9368	44.917	-75.645
26.3141	44.853	-76.612
26.6968	46.825	-73.966
27.0851	46.630	-76.508
27.4791	47.051	-79.047
27.8788	47.875	-71.256
28.2843	48.245	-73.013
28.6957	49.299	-73.757
29.1131	49.218	-73.221
29.5365	50.000	-70.797
29.9661	51.340	-74.574
30.4020	51.292	-76.625
30.8442	52.148	-75.388
31.2929	52.516	-71.861
31.7480	53.408	-74.754
32.2098	54.190	-74.095
32.6783	54.777	-76.964
33.1536	55.759	-74.578
33.6359	56.391	-76.602
34.1251	56.853	-77.077
34.6215	57.433	-78.996
35.1250	57.864	-77.591
35.6359	58.529	-78.802
36.1543	59.087	-79.380
36.6802	59.929	-79.402
37.2137	60.515	-79.991
37.7550	61.099	-80.918
38.3041	61.782	-80.944
38.8613	62.512	-81.949
39.4265	63.263	-82.477
40.0000	63.874	-83.845
40.5818	64.664	-85.166
41.1721	65.322	-86.451
41.7710	65.901	-86.802
42.3785	66.731	-88.499
42.9949	67.485	-90.219
43.6203	68.257	-91.673
44.2548	68.965	-93.094
44.8985	69.732	-94.851
45.5515	70.476	-96.645
46.2141	71.343	-99.010
46.8863	72.105	-101.336
47.5683	72.882	-103.366
48.2602	73.758	-106.089
48.9621	74.586	-109.181
49.6743	75.454	-112.417
50.3968	76.241	-116.231
51.1299	77.051	-120.182
51.8736	77.916	-124.817
52.6281	78.645	-129.610
53.3936	79.416	-135.196
54.1702	80.132	-141.067
54.9581	80.771	-147.394
55.7575	81.293	-153.890
56.5685	81.709	-160.331
57.3914	82.063	-167.387
58.2261	82.303	-174.452
59.0730	82.416	179.565
59.9323	82.472	172.486
60.8040	82.434	166.951
61.6884	82.367	161.291
62.5857	82.213	155.895
63.4960	82.048	151.071
64.4196	81.900	147.139
65.3566	81.739	143.629
66.3073	81.551	139.782
67.2717	81.366	136.162
68.2502	81.199	133.306
69.2429	81.061	130.611
70.2501	80.920	127.955
71.2719	80.753	125.232
72.3086	80.625	123.085
73.3603	80.498	120.774
74.4274	80.371	118.748
75.5099	80.237	116.805
76.6083	80.100	114.988
77.7226	79.976	113.551
78.8531	79.881	112.226
80.0000	79.809	110.975
81.1636	79.773	109.895
82.3442	79.753	108.679
83.5419	79.745	107.339
84.7570	79.742	106.093
85.9899	79.740	104.834
87.2406	79.732	103.656
88.5096	79.729	102.452
89.7970	79.735	101.372
91.1031	79.763	100.261
92.4282	79.787	99.251
93.7726	79.812	98.044
95.1366	79.854	97.118
96.5204	79.919	96.239
97.9243	80.000	95.054
99.3486	80.058	93.744
100.794	80.108	92.508
102.260	80.178	91.226
103.747	80.208	89.981
105.256	80.216	88.747
106.787	80.250	87.776
108.340	80.296	86.770
109.916	80.333	85.865
111.515	80.400	84.917
113.137	80.474	84.016
114.783	80.555	83.037
116.452	80.650	81.955
118.146	80.731	80.846
119.865	80.809	79.748
121.608	80.883	78.628
123.377	80.972	77.525
125.171	81.072	76.426
126.992	81.169	75.055
128.839	81.241	73.754
130.713	81.292	72.277
132.615	81.313	71.009
134.543	81.354	69.935
136.500	81.419	68.839
138.486	81.463	67.555
140.500	81.483	66.606
142.544	81.529	65.725
144.617	81.634	64.845
146.721	81.734	63.739
148.855	81.832	62.418
151.020	81.923	61.088
153.217	82.012	59.560
155.445	82.056	57.691
157.706	81.998	55.862
160.000	81.893	55.116
162.327	81.923	54.714
164.688	82.020	53.888
167.084	82.117	52.668
169.514	82.160	51.111
171.980	82.126	49.746
174.481	82.106	48.957
177.019	82.158	48.155
179.594	82.219	47.055
182.206	82.253	45.784
184.856	82.267	44.771
187.545	82.327	43.566
190.273	82.294	42.091
193.041	82.249	41.346
195.849	82.296	40.602
198.697	82.356	39.544
201.587	82.383	38.335
204.520	82.379	37.166
207.494	82.379	36.200
210.512	82.409	35.147
213.574	82.387	34.010
216.681	82.397	33.174
219.833	82.418	32.067
223.030	82.403	30.977
226.274	82.391	30.014
229.565	82.395	29.091
232.905	82.378	28.124
236.292	82.371	27.379
239.729	82.389	26.480
243.216	82.431	25.688
246.754	82.496	24.012
250.343	82.348	22.682
253.984	82.300	22.122
257.678	82.312	21.471
261.426	82.286	20.264
265.229	82.201	19.283
269.087	82.169	19.185
273.001	82.250	18.224
276.972	82.176	17.031
281.000	82.157	15.994
285.088	82.029	15.474
289.234	82.063	15.214
293.441	82.103	13.924
297.709	81.987	12.618
302.040	81.881	12.423
306.433	81.840	11.708
310.890	81.756	11.384
315.412	81.749	10.902
320.000	81.685	10.498
324.655	81.639	10.325
329.377	81.679	10.271
334.168	81.704	9.582
339.028	81.702	9.199
343.959	81.755	8.394
348.962	81.697	7.504
354.038	81.648	7.247
359.188	81.672	6.815
364.412	81.687	6.305
369.713	81.695	5.644
375.090	81.694	4.780
380.546	81.676	4.301
386.081	81.669	3.469
391.697	81.624	2.782
397.394	81.604	2.237
403.175	81.564	1.811
409.039	81.531	1.387
414.989	81.500	1.310
421.025	81.534	1.283
427.149	81.617	1.024
433.362	81.714	0.380
439.665	81.737	-0.586
446.060	81.778	-1.163
452.548	81.789	-2.148
459.131	81.728	-3.009
465.809	81.763	-2.969
472.584	81.834	-3.757
479.458	81.824	-4.427
486.432	81.880	-5.107
493.507	81.897	-6.105
500.686	81.872	-6.832
507.968	81.870	-7.513
515.357	81.879	-8.089
522.853	81.885	-8.783
530.458	81.901	-9.510
538.174	81.889	-10.213
546.002	81.880	-11.133
553.943	81.843	-11.632
562.001	81.844	-12.029
570.175	81.858	-12.679
578.469	81.878	-13.122
586.883	81.914	-13.838
595.419	81.928	-14.617
604.080	81.948	-15.365
612.866	81.980	-16.154
621.780	81.983	-17.101
630.824	81.994	-17.968
640.000	81.997	-18.877
649.309	82.013	-19.881
658.753	81.998	-21.010
668.335	81.975	-22.066
678.056	81.932	-23.177
687.919	81.883	-24.216
697.925	81.814	-25.245
708.077	81.745	-26.174
718.376	81.658	-27.106
728.825	81.571	-27.899
739.426	81.477	-28.647
750.181	81.380	-29.248
761.093	81.284	-29.800
772.163	81.207	-30.217
783.394	81.122	-30.634
794.789	81.058	-30.888
806.349	81.008	-31.141
818.078	80.983	-31.349
829.977	80.967	-31.598
842.050	80.976	-31.848
854.298	80.992	-32.201
866.724	81.036	-32.627
879.330	81.075	-33.169
892.120	81.135	-33.809
905.097	81.194	-34.570
918.262	81.266	-35.542
931.618	81.306	-36.664
945.169	81.338	-37.751
958.917	81.380	-38.879
972.864	81.436	-40.191
987.015	81.453	-41.715
1001.37	81.448	-43.250
1015.94	81.426	-44.682
1030.71	81.415	-46.135
1045.71	81.413	-47.686
1060.92	81.399	-49.398
1076.35	81.351	-51.204
1092.00	81.287	-52.998
1107.89	81.220	-54.590
1124.00	81.142	-56.354
1140.35	81.039	-58.178
1156.94	80.938	-59.792
1173.77	80.822	-61.286
1190.84	80.705	-62.706
1208.16	80.618	-64.041
1225.73	80.553	-65.351
1243.56	80.530	-66.764
1261.65	80.519	-68.348
1280.00	80.533	-70.322
1298.62	80.537	-72.572
1317.51	80.505	-74.873
1336.67	80.453	-77.410
1356.11	80.394	-80.234
1375.84	80.299	-83.060
1395.85	80.201	-85.772
1416.15	80.084	-88.393
1436.75	79.970	-91.216
1457.65	79.856	-94.180
1478.85	79.767	-97.335
1500.36	79.676	-100.402
1522.19	79.592	-103.935
1544.33	79.494	-107.590
1566.79	79.386	-111.623
1589.58	79.244	-115.905
1612.70	79.068	-120.434
1636.16	78.866	-124.912
1659.95	78.635	-129.529
1684.10	78.398	-134.169
1708.60	78.137	-138.937
1733.45	77.906	-143.430
1758.66	77.663	-148.317
1784.24	77.425	-153.415
1810.19	77.140	-158.697
1836.52	76.868	-163.837
1863.24	76.544	-168.894
1890.34	76.253	-173.676
1917.83	75.943	-178.311
1945.73	75.710	177.359
1974.03	75.507	173.242
2002.74	75.394	168.938
2031.87	75.293	164.642
2061.43	75.252	160.141
2091.41	75.184	155.557
2121.83	75.119	151.067
2152.69	75.035	146.972
2184.01	74.986	143.198
2215.77	74.938	139.966
2248.00	74.948	136.912
2280.70	74.993	134.115
2313.87	75.113	131.439
2347.53	75.272	128.983
2381.68	75.496	126.474
2416.32	75.754	123.931
2451.46	76.041	121.015
2487.12	76.321	117.717
2523.30	76.574	114.106
2560.00	76.743	110.566
2597.24	76.857	107.245
2635.01	76.925	104.438
2673.34	77.004	101.799
2712.23	77.107	99.556
2751.68	77.265	97.353
2791.70	77.439	95.084
2832.31	77.609	92.538
2873.50	77.733	89.726
2915.30	77.773	86.787
2957.70	77.726	84.325
3000.72	77.638	82.548
3044.37	77.565	81.517
3088.65	77.597	81.058
3133.58	77.756	80.339
3179.16	77.956	78.907
3225.40	78.104	76.988
3272.31	78.135	74.967
3319.91	78.091	73.430
3368.20	78.074	72.744
3417.19	78.166	72.331
3466.89	78.352	71.461
3517.32	78.523	69.540
3568.48	78.564	67.166
3620.39	78.442	65.118
3673.05	78.238	63.968
3726.47	78.070	63.698
3780.67	77.981	63.814
3835.67	77.915	63.929
3891.46	77.818	64.335
3948.06	77.745	65.515
4005.49	77.821	67.456
4063.75	78.116	69.227
4122.86	78.540	69.917
4182.82	78.944	69.341
4243.66	79.230	68.258
4305.39	79.454	67.514
4368.01	79.739	66.948
4431.55	80.072	65.687
4496.01	80.318	63.685
4561.40	80.426	61.762
4627.75	80.512	60.549
4695.06	80.694	59.597
4763.35	80.928	57.983
4832.64	81.071	55.613
4902.93	81.078	53.448
4974.24	81.090	51.963
5046.60	81.193	50.169
5120.00	81.224	47.349
5194.47	81.003	44.671
5270.03	80.643	43.576
5346.68	80.403	43.842
5424.45	80.334	44.184
5503.35	80.295	44.215
5583.40	80.281	44.369
5664.61	80.363	44.315
5747.01	80.431	43.400
5830.60	80.342	42.418
5915.41	80.205	42.490
6001.45	80.191	43.195
6088.74	80.307	43.809
6177.30	80.548	43.736
6267.15	80.755	42.071
6358.31	80.664	39.874
6450.80	80.437	39.731
6544.62	80.481	40.592
6639.82	80.621	40.070
6736.40	80.615	39.510
6834.38	80.696	39.506
6933.79	80.831	38.829
7034.64	80.907	37.897
7136.96	81.016	36.816
7240.77	81.099	34.905
7346.09	80.956	32.432
7452.94	80.573	31.732
7561.35	80.407	32.941
7671.33	80.430	33.529
7782.91	80.516	33.930
7896.12	80.662	33.251
8010.97	80.654	31.995
8127.49	80.509	31.474
8245.71	80.503	32.517
8365.65	80.750	31.820
8487.33	80.696	30.227
8610.78	80.670	29.876
8736.03	80.636	28.909
8863.09	80.516	28.414
8992.01	80.452	28.508
9122.80	80.425	28.353
9255.50	80.400	28.911
9390.12	80.586	28.607
9526.70	80.558	27.081
9665.27	80.424	27.084
9805.86	80.436	27.121
9948.49	80.463	27.641
10093.2	80.621	26.267
10240.0	80.339	26.540
10388.9	80.606	27.990
10540.1	80.805	27.428
10693.4	81.114	25.978
10848.9	80.973	23.911
11006.7	81.172	24.209
11166.8	81.203	21.179
11329.2	81.144	20.548
11494.0	81.094	19.049
11661.2	81.121	18.153
11830.8	81.002	16.782
12002.9	81.046	16.382
12177.5	81.124	14.251
12354.6	80.919	11.835
12534.3	80.794	11.149
12716.6	80.696	9.056
12901.6	80.374	6.317
13089.2	79.910	7.542
13279.6	79.949	6.975
13472.8	79.984	5.402
13668.8	79.555	2.074
13867.6	79.077	-0.097
14069.3	78.168	0.281
14273.9	77.578	2.101
14481.5	77.088	5.124
14692.2	76.609	8.869
14905.9	76.679	13.264
15122.7	76.636	16.648
15342.7	76.794	19.890
15565.8	77.387	22.160
15792.2	77.743	21.084
16021.9	77.558	19.036
16255.0	77.364	20.734
16491.4	77.383	22.330
16731.3	77.105	23.638
16974.7	77.323	27.947
17221.6	77.782	29.305
17472.1	77.992	29.689
17726.2	78.280	30.385
17984.0	78.528	29.816
18245.6	78.288	29.110
18511.0	78.087	33.097
18780.2	78.569	37.601
19053.4	79.362	40.386
19330.5	80.274	40.646
19611.7	80.920	38.723
19897.0	81.421	36.565
20186.4	81.957	34.462
20480.0	82.358	31.309
20777.9	82.622	29.177
21080.1	82.934	26.877
21386.7	83.242	25.064
21697.8	83.596	21.872
22013.4	83.683	18.775
22333.6	83.736	16.940
22658.4	83.923	16.152
22988.0	84.230	15.495
23322.4	84.789	15.550
23661.6	85.554	14.231
