5.00000	22.750	12.964
5.07273	27.418	66.097
5.14651	30.484	92.208
5.22137	32.291	107.291
5.29732	33.500	154.999
5.37437	34.699	148.838
5.45254	34.388	86.848
5.53185	35.184	62.377
5.61231	34.348	61.630
5.69394	31.352	65.238
5.77676	27.990	53.237
5.86079	28.321	33.072
5.94604	30.842	21.788
6.03252	31.788	8.381
6.12027	28.253	-11.416
6.20929	18.546	-45.425
6.29961	18.427	-125.886
6.39124	17.018	-124.376
6.48420	20.538	45.997
6.57851	28.681	49.117
6.67420	29.506	45.534
6.77128	27.895	13.426
6.86977	33.973	-31.171
6.96969	36.961	-44.336
7.07107	36.274	-85.578
7.17392	36.663	-135.599
7.27827	35.826	-157.706
7.38413	34.275	178.246
7.49154	33.343	141.600
7.60050	31.133	98.703
7.71105	28.921	57.910
7.82321	19.537	15.255
7.93701	25.697	-36.506
8.05245	29.869	-31.243
8.16958	29.666	-85.999
8.28841	32.687	-132.317
8.40896	28.663	-153.450
8.53128	22.340	177.767
8.65537	26.751	-150.845
8.78126	32.432	-142.134
8.90899	27.738	178.424
9.03857	30.258	132.708
9.17004	28.939	141.112
9.30342	20.834	13.850
9.43874	18.606	-43.988
9.57603	9.043	-177.553
9.71532	24.398	4.270
9.85663	33.768	-83.258
10.0000	35.154	-120.686
10.1455	33.017	-155.830
10.2930	30.821	-154.087
10.4427	31.521	-156.670
10.5946	34.138	-170.770
10.7487	32.062	162.666
10.9051	33.295	160.065
11.0637	31.618	158.439
11.2246	27.253	124.540
11.3879	29.768	128.300
11.5535	27.685	133.763
11.7216	25.802	-170.325
11.8921	32.099	98.005
12.0650	25.391	51.342
12.2405	23.471	-162.247
12.4186	27.519	166.555
12.5992	34.818	80.919
12.7825	32.882	23.552
12.9684	33.719	-37.309
13.1570	25.521	-103.037
13.3484	30.556	-24.532
13.5426	30.382	-92.092
13.7395	30.698	-65.016
13.9394	33.671	-121.145
14.1421	22.305	178.595
14.3478	25.242	-40.468
14.5565	33.738	-78.673
14.7683	31.614	-118.792
14.9831	32.242	-109.312
15.2010	30.750	-153.469
15.4221	21.549	-40.137
15.6464	26.654	-96.679
15.8740	32.435	-72.776
16.1049	32.681	-107.347
16.3392	24.458	-123.625
16.5768	36.734	-64.504
16.8179	34.951	-121.287
17.0626	34.182	-83.837
17.3107	35.303	-95.285
17.5625	38.942	-123.872
17.8180	26.207	161.455
18.0771	36.200	-94.372
18.3401	32.553	-131.208
18.6068	26.197	-84.134
18.8775	32.981	-77.182
19.1521	39.141	-86.907
19.4306	33.737	-126.413
19.7133	34.768	-83.299
20.0000	35.544	-78.002
20.2909	37.846	-100.220
20.5860	37.772	-67.819
20.8855	40.505	-105.049
21.1893	33.254	-80.575
21.4975	38.438	-100.817
21.8102	37.265	-88.902
22.1274	37.873	-101.052
22.4492	39.373	-61.610
22.7758	42.615	-83.246
23.1071	39.234	-86.989
23.4432	38.818	-88.547
23.7841	39.787	-72.266
24.1301	43.204	-67.947
24.4811	43.544	-70.960
24.8372	43.750	-73.101
25.1984	44.118	-77.225
25.5649	45.039	-73.729
25.9368	45.250	-73.584
26.3141	45.186	-74.521
26.6968	47.159	-71.848
27.0851	46.964	-74.360
27.4791	47.385	-76.869
27.8788	48.210	-69.045
28.2843	48.580	-70.772
28.6957	49.634	-71.485
29.1131	49.553	-70.916
29.5365	50.335	-68.459
29.9661	51.675	-72.205
30.4020	51.628	-74.223
30.8442	52.484	-72.951
31.2929	52.852	-69.389
31.7480	53.744	-72.247
32.2098	54.526	-71.552
32.6783	55.114	-74.386
33.1536	56.096	-71.963
33.6359	56.728	-73.950
34.1251	57.190	-74.387
34.6215	57.770	-76.268
35.1250	58.201	-74.824
35.6359	58.866	-75.995
36.1543	59.425	-76.532
36.6802	60.267	-76.513
37.2137	60.852	-77.061
37.7550	61.436	-77.945
38.3041	62.119	-77.928
38.8613	62.849	-78.891
39.4265	63.601	-79.375
40.0000	64.212	-80.698
40.5818	65.002	-81.973
41.1721	65.660	-83.210
41.7710	66.239	-83.511
42.3785	67.069	-85.158
42.9949	67.823	-86.824
43.6203	68.595	-88.224
44.2548	69.303	-89.588
44.8985	70.070	-91.287
45.5515	70.815	-93.022
46.2141	71.682	-95.326
46.8863	72.444	-97.590
47.5683	73.221	-99.555
48.2602	74.096	-102.212
48.9621	74.925	-105.237
49.6743	75.793	-108.405
50.3968	76.580	-112.149
51.1299	77.389	-116.028
51.8736	78.254	-120.590
52.6281	78.982	-125.310
53.3936	79.752	-130.822
54.1702	80.468	-136.615
54.9581	81.106	-142.865
55.7575	81.627	-149.283
56.5685	82.042	-155.645
57.3914	82.395	-162.619
58.2261	82.634	-169.602
59.0730	82.746	-175.503
59.9323	82.801	177.502
60.8040	82.761	172.052
61.6884	82.692	166.478
62.5857	82.537	161.168
63.4960	82.371	156.432
64.4196	82.221	152.588
65.3566	82.058	149.167
66.3073	81.868	145.408
67.2717	81.679	141.879
68.2502	81.511	139.114
69.2429	81.370	136.511
70.2501	81.226	133.948
71.2719	81.056	131.316
72.3086	80.926	129.262
73.3603	80.796	127.045
74.4274	80.666	125.114
75.5099	80.528	123.265
76.6083	80.388	121.544
77.7226	80.260	120.203
78.8531	80.162	118.974
80.0000	80.086	117.819
81.1636	80.047	116.835
82.3442	80.022	115.717
83.5419	80.011	114.474
84.7570	80.004	113.326
85.9899	79.997	112.164
87.2406	79.985	111.084
88.5096	79.977	109.978
89.7970	79.979	108.997
91.1031	80.003	107.984
92.4282	80.022	107.071
93.7726	80.042	105.963
95.1366	80.080	105.136
96.5204	80.140	104.356
97.9243	80.215	103.268
99.3486	80.270	102.058
100.794	80.314	100.919
102.260	80.378	99.737
103.747	80.403	98.591
105.256	80.405	97.454
106.787	80.435	96.581
108.340	80.475	95.672
109.916	80.507	94.865
111.515	80.568	94.014
113.137	80.637	93.211
114.783	80.711	92.329
116.452	80.800	91.344
118.146	80.876	90.330
119.865	80.947	89.328
121.608	81.017	88.304
123.377	81.100	87.296
125.171	81.192	86.292
126.992	81.283	85.015
128.839	81.349	83.808
130.713	81.394	82.425
132.615	81.409	81.248
134.543	81.442	80.266
136.500	81.501	79.262
138.486	81.538	78.069
140.500	81.552	77.211
142.544	81.591	76.419
144.617	81.690	75.628
146.721	81.782	74.610
148.855	81.874	73.376
151.020	81.957	72.133
153.217	82.039	70.690
155.445	82.075	68.906
157.706	82.009	67.158
160.000	81.896	66.496
162.327	81.919	66.177
164.688	82.007	65.432
167.084	82.096	64.291
169.514	82.131	62.814
171.980	82.088	61.525
174.481	82.058	60.813
177.019	82.101	60.086
179.594	82.153	59.062
182.206	82.176	57.864
184.856	82.181	56.923
187.545	82.230	55.788
190.273	82.186	54.384
193.041	82.131	53.708
195.849	82.166	53.032
198.697	82.214	52.041
201.587	82.230	50.898
204.520	82.212	49.793
207.494	82.198	48.891
210.512	82.214	47.900
213.574	82.178	46.826
216.681	82.172	46.051
219.833	82.176	45.005
223.030	82.145	43.976
226.274	82.116	43.074
229.565	82.101	42.212
232.905	82.065	41.305
236.292	82.038	40.621
239.729	82.035	39.783
243.216	82.054	39.055
246.754	82.096	37.443
250.343	81.924	36.179
253.984	81.852	35.688
257.678	81.837	35.108
261.426	81.782	33.977
265.229	81.667	33.074
269.087	81.604	33.061
273.001	81.654	32.188
276.972	81.548	31.090
281.000	81.493	30.155
285.088	81.329	29.745
289.234	81.326	29.605
293.441	81.327	28.443
297.709	81.171	27.278
302.040	81.025	27.233
306.433	80.942	26.682
310.890	80.815	26.535
315.412	80.763	26.246
320.000	80.656	26.046
324.655	80.567	26.094
329.377	80.562	26.277
334.168	80.543	25.838
339.028	80.498	25.720
343.959	80.506	25.196
348.962	80.405	24.597
354.038	80.315	24.644
359.188	80.298	24.525
364.412	80.273	24.333
369.713	80.241	23.997
375.090	80.203	23.459
380.546	80.148	23.307
386.081	80.106	22.802
391.697	80.025	22.439
397.394	79.969	22.216
403.175	79.894	22.106
409.039	79.823	21.994
414.989	79.753	22.225
421.025	79.747	22.502
427.149	79.785	22.545
433.362	79.837	22.203
439.665	79.808	21.544
446.060	79.792	21.283
452.548	79.742	20.630
459.131	79.611	20.124
465.809	79.571	20.552
472.584	79.563	20.192
479.458	79.465	20.003
486.432	79.428	19.865
493.507	79.345	19.487
500.686	79.217	19.467
507.968	79.110	19.596
515.357	79.012	19.939
522.853	78.916	20.288
530.458	78.835	20.724
538.174	78.738	21.313
546.002	78.658	21.800
553.943	78.568	22.809
562.001	78.543	23.992
570.175	78.556	24.962
578.469	78.603	26.141
586.883	78.694	27.000
595.419	78.790	27.711
604.080	78.915	28.332
612.866	79.068	28.758
621.780	79.203	28.855
630.824	79.353	28.852
640.000	79.494	28.627
649.309	79.642	28.137
658.753	79.749	27.362
668.335	79.833	26.520
678.056	79.879	25.510
687.919	79.897	24.482
697.925	79.873	23.402
708.077	79.824	22.394
718.376	79.730	21.383
728.825	79.612	20.549
739.426	79.464	19.833
750.181	79.294	19.373
761.093	79.111	19.099
772.163	78.939	19.119
783.394	78.758	19.299
794.789	78.609	19.790
806.349	78.490	20.385
818.078	78.419	21.065
829.977	78.380	21.669
842.050	78.386	22.157
854.298	78.410	22.364
866.724	78.460	22.283
879.330	78.492	21.858
892.120	78.517	21.126
905.097	78.503	20.112
918.262	78.453	18.781
931.618	78.315	17.279
945.169	78.106	15.896
958.917	77.852	14.667
972.864	77.558	13.542
987.015	77.179	12.591
1001.37	76.746	12.118
1015.94	76.290	12.327
1030.71	75.863	13.080
1045.71	75.496	14.243
1060.92	75.188	15.600
1076.35	74.938	17.033
1092.00	74.754	18.366
1107.89	74.630	19.405
1124.00	74.532	19.895
1140.35	74.416	19.804
1156.94	74.256	19.381
1173.77	74.023	18.672
1190.84	73.698	17.720
1208.16	73.298	16.745
1225.73	72.811	15.928
1243.56	72.267	15.260
1261.65	71.653	14.824
1280.00	70.944	14.421
1298.62	70.153	14.199
1317.51	69.278	14.241
1336.67	68.223	14.556
1356.11	66.908	15.257
1375.84	65.287	17.238
1395.85	63.331	21.410
1416.15	61.010	30.647
1436.75	58.693	50.135
1457.65	58.331	79.574
1478.85	60.239	101.893
1500.36	62.338	112.590
1522.19	64.103	117.641
1544.33	65.364	120.236
1566.79	66.310	122.436
1589.58	67.010	124.610
1612.70	67.676	127.479
1636.16	68.370	130.742
1659.95	69.199	133.536
1684.10	70.087	135.585
1708.60	70.994	136.129
1733.45	71.787	135.841
1758.66	72.492	134.490
1784.24	73.045	132.637
1810.19	73.447	130.428
1836.52	73.721	128.606
1863.24	73.898	126.940
1890.34	74.041	125.695
1917.83	74.145	124.349
1945.73	74.226	123.111
1974.03	74.237	121.761
2002.74	74.183	120.389
2031.87	74.028	119.253
2061.43	73.826	118.718
2091.41	73.588	118.772
2121.83	73.403	119.435
2152.69	73.297	120.283
2184.01	73.264	120.857
2215.77	73.214	120.943
2248.00	73.099	120.589
2280.70	72.853	120.252
2313.87	72.524	120.563
2347.53	72.184	121.924
2381.68	71.951	124.068
2416.32	71.868	126.401
2451.46	71.909	128.206
2487.12	71.988	129.162
2523.30	72.032	129.455
2560.00	72.006	129.574
2597.24	71.949	129.708
2635.01	71.884	129.885
2673.34	71.822	129.762
2712.23	71.737	129.529
2751.68	71.640	129.271
2791.70	71.559	129.041
2832.31	71.519	128.419
2873.50	71.472	126.872
2915.30	71.290	124.194
2957.70	70.846	121.238
3000.72	70.111	119.207
3044.37	69.183	119.460
3088.65	68.397	122.610
3133.58	68.030	127.143
3179.16	68.059	130.728
3225.40	68.219	132.412
3272.31	68.358	132.859
3319.91	68.471	132.488
3368.20	68.540	131.378
3417.19	68.498	129.556
3466.89	68.276	127.572
3517.32	67.840	126.161
3568.48	67.302	126.559
3620.39	66.880	129.229
3673.05	66.843	133.188
3726.47	67.246	136.067
3780.67	67.800	136.378
3835.67	68.198	134.606
3891.46	68.335	132.225
3948.06	68.287	130.410
4005.49	68.167	129.798
4063.75	68.166	130.293
4122.86	68.352	130.676
4182.82	68.589	129.866
4243.66	68.704	128.288
4305.39	68.686	127.037
4368.01	68.682	126.263
4431.55	68.678	124.972
4496.01	68.488	123.195
4561.40	68.020	122.237
4627.75	67.386	123.703
4695.06	66.921	128.458
4763.35	67.045	134.753
4832.64	67.715	138.698
4902.93	68.440	138.996
4974.24	68.927	136.845
5046.60	69.051	133.317
5120.00	68.698	130.209
5194.47	68.032	130.137
5270.03	67.582	133.397
5346.68	67.616	136.487
5424.45	67.731	137.142
5503.35	67.614	136.929
5583.40	67.399	136.850
5664.61	66.977	136.138
5747.01	66.087	138.114
5830.60	65.692	145.785
5915.41	66.295	150.241
6001.45	66.516	148.998
6088.74	66.038	149.618
6177.30	65.853	154.514
6267.15	66.317	157.168
6358.31	66.458	156.039
6450.80	66.237	156.995
6544.62	66.345	159.096
6639.82	66.561	159.176
6736.40	66.556	157.890
6834.38	66.317	156.821
6933.79	65.924	155.839
7034.64	65.150	156.738
7136.96	64.753	161.381
7240.77	64.795	163.364
7346.09	64.425	163.588
7452.94	63.796	166.653
7561.35	63.526	171.037
7671.33	63.272	174.653
7782.91	63.098	179.023
7896.12	63.129	-176.615
8010.97	63.226	-175.277
8127.49	62.657	-173.230
8245.71	62.314	-167.750
8365.65	62.188	-163.350
8487.33	61.926	-157.630
8610.78	62.216	-151.469
8736.03	62.591	-147.662
8863.09	62.879	-147.192
8992.01	62.647	-145.983
9122.80	62.380	-144.303
9255.50	62.086	-142.034
9390.12	61.491	-139.674
9526.70	60.952	-135.034
9665.27	60.699	-131.673
9805.86	59.384	-130.066
9948.49	57.483	-113.529
10093.2	58.746	-92.028
10240.0	60.679	-85.712
10388.9	61.992	-86.040
10540.1	62.304	-89.234
10693.4	61.840	-88.907
10848.9	61.331	-84.023
11006.7	61.594	-78.309
11166.8	61.565	-76.883
11329.2	61.087	-72.177
11494.0	60.905	-64.825
11661.2	61.312	-59.001
11830.8	61.307	-55.263
12002.9	61.433	-50.227
12177.5	61.246	-47.267
12354.6	60.890	-41.454
12534.3	60.908	-32.441
12716.6	61.600	-24.520
12901.6	62.408	-23.956
13089.2	62.331	-22.718
13279.6	62.095	-21.686
13472.8	61.516	-17.866
13668.8	60.713	-11.440
13867.6	60.862	0.939
14069.3	61.676	8.370
14273.9	62.625	10.773
14481.5	62.743	9.461
14692.2	62.103	12.665
14905.9	62.189	18.857
15122.7	62.038	22.329
15342.7	61.587	27.530
15565.8	61.916	35.904
15792.2	62.353	39.973
16021.9	62.155	41.780
16255.0	62.310	50.464
16491.4	63.035	52.401
16731.3	62.941	52.993
16974.7	62.975	56.314
17221.6	62.894	56.217
17472.1	62.166	57.284
17726.2	61.306	60.796
17984.0	60.759	68.474
18245.6	60.224	70.802
18511.0	59.179	76.099
18780.2	58.007	83.264
19053.4	56.830	95.678
19330.5	56.860	112.773
19611.7	57.885	120.400
19897.0	57.420	120.325
20186.4	56.416	129.693
20480.0	55.358	138.927
20777.9	54.414	156.927
21080.1	54.634	171.349
21386.7	54.493	-167.577
21697.8	56.953	-146.698
22013.4	58.881	-144.235
22333.6	59.901	-139.000
22658.4	60.469	-134.788
22988.0	61.041	-125.028
23322.4	62.773	-114.689
23661.6	64.418	-113.490
