5.00000	22.009	11.979
5.07273	26.673	65.186
5.14651	29.741	91.312
5.22137	31.549	106.391
5.29732	32.762	154.105
5.37437	33.960	147.925
5.45254	33.647	85.894
5.53185	34.443	61.396
5.61231	33.607	60.634
5.69394	30.609	64.224
5.77676	27.245	52.186
5.86079	27.579	31.990
5.94604	30.102	20.699
6.03252	31.050	7.278
6.12027	27.518	-12.561
6.20929	17.833	-46.683
6.29961	17.721	-126.863
6.39124	16.318	-125.352
6.48420	19.779	44.739
6.57851	27.936	47.921
6.67420	28.762	44.320
6.77128	27.154	12.160
6.86977	33.239	-32.412
6.96969	36.228	-45.580
7.07107	35.543	-86.821
7.17392	35.930	-136.832
7.27827	35.093	-158.946
7.38413	33.539	176.999
7.49154	32.602	140.331
7.60050	30.387	97.388
7.71105	28.173	56.521
7.82321	18.787	13.643
7.93701	24.971	-38.004
8.05245	29.138	-32.724
8.16958	28.942	-87.441
8.28841	31.958	-133.731
8.40896	27.934	-154.839
8.53128	21.605	176.477
8.65537	26.026	-152.257
8.78126	31.703	-143.623
8.90899	27.003	176.979
9.03857	29.513	131.191
9.17004	28.194	139.593
9.30342	20.084	11.973
9.43874	17.902	-45.909
9.57603	8.330	-178.188
9.71532	23.657	2.390
9.85663	33.041	-84.996
10.0000	34.425	-122.413
10.1455	32.286	-157.544
10.2930	30.092	-155.810
10.4427	30.791	-158.422
10.5946	33.404	-172.562
10.7487	31.323	160.867
10.9051	32.556	158.228
11.0637	30.878	156.590
11.2246	26.499	122.675
11.3879	29.020	126.388
11.5535	26.935	131.856
11.7216	25.074	-172.197
11.8921	31.350	95.947
12.0650	24.628	49.125
12.2405	22.751	-164.159
12.4186	26.780	164.542
12.5992	34.071	78.713
12.7825	32.138	21.238
12.9684	32.989	-39.650
13.1570	24.817	-105.320
13.3484	29.825	-26.985
13.5426	29.664	-94.475
13.7395	29.977	-67.487
13.9394	32.947	-123.550
14.1421	21.575	176.451
14.3478	24.525	-43.183
14.5565	33.015	-81.252
14.7683	30.895	-121.335
14.9831	31.522	-111.913
15.2010	30.026	-156.019
15.4221	20.844	-43.174
15.6464	25.951	-99.427
15.8740	31.714	-75.606
16.1049	31.962	-110.150
16.3392	23.763	-126.363
16.5768	36.007	-67.447
16.8179	34.227	-124.196
17.0626	33.460	-86.851
17.3107	34.580	-98.321
17.5625	38.214	-126.922
17.8180	25.465	158.600
18.0771	35.476	-97.545
18.3401	31.834	-134.351
18.6068	25.500	-87.469
18.8775	32.263	-80.537
19.1521	38.414	-90.274
19.4306	33.018	-129.762
19.7133	34.048	-86.783
20.0000	34.821	-81.542
20.2909	37.122	-103.773
20.5860	37.046	-71.466
20.8855	39.777	-108.701
21.1893	32.537	-84.334
21.4975	37.713	-104.581
21.8102	36.542	-92.740
22.1274	37.150	-104.927
22.4492	38.645	-65.586
22.7758	41.886	-87.249
23.1071	38.509	-91.053
23.4432	38.093	-92.669
23.7841	39.060	-76.466
24.1301	42.474	-72.198
24.4811	42.814	-75.270
24.8372	43.020	-77.472
25.1984	43.388	-81.656
25.5649	44.308	-78.224
25.9368	44.519	-78.144
26.3141	44.455	-79.147
26.6968	46.427	-76.538
27.0851	46.232	-79.118
27.4791	46.653	-81.694
27.8788	47.478	-73.942
28.2843	47.847	-75.739
28.6957	48.901	-76.522
29.1131	48.820	-76.026
29.5365	49.602	-73.643
29.9661	50.942	-77.461
30.4020	50.894	-79.555
30.8442	51.750	-78.360
31.2929	52.118	-74.877
31.7480	53.010	-77.813
32.2098	53.792	-77.199
32.6783	54.379	-80.113
33.1536	55.362	-77.773
33.6359	55.993	-79.844
34.1251	56.455	-80.366
34.6215	57.035	-82.333
35.1250	57.466	-80.977
35.6359	58.131	-82.236
36.1543	58.690	-82.864
36.6802	59.531	-82.937
37.2137	60.117	-83.578
37.7550	60.701	-84.556
38.3041	61.384	-84.635
38.8613	62.114	-85.695
39.4265	62.865	-86.277
40.0000	63.476	-87.700
40.5818	64.266	-89.077
41.1721	64.924	-90.420
41.7710	65.503	-90.828
42.3785	66.334	-92.584
42.9949	67.087	-94.362
43.6203	67.859	-95.876
44.2548	68.567	-97.358
44.8985	69.334	-99.176
45.5515	70.079	-101.032
46.2141	70.945	-103.460
46.8863	71.707	-105.850
47.5683	72.484	-107.945
48.2602	73.360	-110.733
48.9621	74.189	-113.893
49.6743	75.056	-117.197
50.3968	75.843	-121.079
51.1299	76.653	-125.099
51.8736	77.518	-129.805
52.6281	78.248	-134.670
53.3936	79.018	-140.329
54.1702	79.733	-146.272
54.9581	80.373	-152.675
55.7575	80.894	-159.247
56.5685	81.310	-165.766
57.3914	81.664	-172.899
58.2261	81.904	179.956
59.0730	82.017	173.893
59.9323	82.074	166.731
60.8040	82.035	161.114
61.6884	81.967	155.369
62.5857	81.814	149.888
63.4960	81.648	144.978
64.4196	81.500	140.957
65.3566	81.339	137.357
66.3073	81.151	133.419
67.2717	80.965	129.707
68.2502	80.798	126.756
69.2429	80.660	123.967
70.2501	80.518	121.214
71.2719	80.351	118.393
72.3086	80.223	116.146
73.3603	80.095	113.733
74.4274	79.969	111.604
75.5099	79.834	109.557
76.6083	79.697	107.633
77.7226	79.572	106.089
78.8531	79.477	104.655
80.0000	79.404	103.292
81.1636	79.368	102.099
82.3442	79.347	100.768
83.5419	79.339	99.312
84.7570	79.336	97.947
85.9899	79.333	96.568
87.2406	79.324	95.268
88.5096	79.321	93.940
89.7970	79.326	92.734
91.1031	79.354	91.495
92.4282	79.377	90.354
93.7726	79.401	89.016
95.1366	79.443	87.955
96.5204	79.507	86.940
97.9243	79.587	85.617
99.3486	79.646	84.167
100.794	79.695	82.788
102.260	79.764	81.361
103.747	79.793	79.970
105.256	79.801	78.586
106.787	79.834	77.463
108.340	79.879	76.302
109.916	79.915	75.241
111.515	79.981	74.134
113.137	80.055	73.072
114.783	80.135	71.929
116.452	80.229	70.680
118.146	80.310	69.402
119.865	80.386	68.133
121.608	80.460	66.838
123.377	80.549	65.558
125.171	80.647	64.279
126.992	80.743	62.726
128.839	80.814	61.240
130.713	80.864	59.575
132.615	80.884	58.115
134.543	80.924	56.848
136.500	80.989	55.555
138.486	81.032	54.070
140.500	81.051	52.919
142.544	81.096	51.832
144.617	81.200	50.742
146.721	81.299	49.424
148.855	81.397	47.887
151.020	81.485	46.339
153.217	81.573	44.588
155.445	81.617	42.493
157.706	81.558	40.433
160.000	81.451	39.456
162.327	81.480	38.817
164.688	81.576	37.752
167.084	81.671	36.288
169.514	81.713	34.484
171.980	81.678	32.867
174.481	81.656	31.824
177.019	81.707	30.763
179.594	81.767	29.401
182.206	81.799	27.862
184.856	81.812	26.580
187.545	81.870	25.098
190.273	81.835	23.346
193.041	81.790	22.317
195.849	81.835	21.286
198.697	81.893	19.935
201.587	81.919	18.432
204.520	81.913	16.961
207.494	81.911	15.690
210.512	81.939	14.327
213.574	81.916	12.876
216.681	81.923	11.720
219.833	81.942	10.289
223.030	81.925	8.870
226.274	81.910	7.574
229.565	81.912	6.312
232.905	81.893	5.001
236.292	81.883	3.908
239.729	81.899	2.654
243.216	81.938	1.504
246.754	82.001	-0.537
250.343	81.850	-2.238
253.984	81.800	-3.172
257.678	81.808	-4.204
261.426	81.778	-5.797
265.229	81.689	-7.170
269.087	81.654	-7.663
273.001	81.731	-9.027
276.972	81.654	-10.628
281.000	81.631	-12.079
285.088	81.498	-13.018
289.234	81.528	-13.702
293.441	81.562	-15.421
297.709	81.442	-17.162
302.040	81.330	-17.798
306.433	81.284	-18.959
310.890	81.195	-19.735
315.412	81.181	-20.672
320.000	81.112	-21.538
324.655	81.060	-22.179
329.377	81.094	-22.704
334.168	81.113	-23.870
339.028	81.104	-24.735
343.959	81.150	-26.026
348.962	81.085	-27.408
354.038	81.029	-28.162
359.188	81.046	-29.095
364.412	81.053	-30.113
369.713	81.054	-31.286
375.090	81.047	-32.666
380.546	81.022	-33.669
386.081	81.008	-35.029
391.697	80.957	-36.250
397.394	80.929	-37.334
403.175	80.883	-38.304
409.039	80.844	-39.280
414.989	80.806	-39.914
421.025	80.835	-40.504
427.149	80.910	-41.334
433.362	81.002	-42.553
439.665	81.019	-44.099
446.060	81.054	-45.262
452.548	81.059	-46.838
459.131	80.992	-48.296
465.809	81.022	-48.860
472.584	81.089	-50.256
479.458	81.075	-51.539
486.432	81.127	-52.837
493.507	81.140	-54.458
500.686	81.113	-55.811
507.968	81.109	-57.125
515.357	81.118	-58.340
522.853	81.124	-59.678
530.458	81.141	-61.059
538.174	81.133	-62.423
546.002	81.128	-64.012
553.943	81.097	-65.194
562.001	81.107	-66.291
570.175	81.131	-67.657
578.469	81.162	-68.835
586.883	81.210	-70.307
595.419	81.238	-71.865
604.080	81.273	-73.417
612.866	81.319	-75.036
621.780	81.335	-76.839
630.824	81.361	-78.588
640.000	81.375	-80.406
649.309	81.402	-82.344
658.753	81.396	-84.428
668.335	81.379	-86.462
678.056	81.340	-88.568
687.919	81.292	-90.616
697.925	81.220	-92.665
708.077	81.146	-94.623
718.376	81.050	-96.585
728.825	80.949	-98.409
739.426	80.838	-100.180
750.181	80.723	-101.792
761.093	80.605	-103.341
772.163	80.506	-104.741
783.394	80.398	-106.116
794.789	80.312	-107.315
806.349	80.240	-108.496
818.078	80.195	-109.620
829.977	80.160	-110.777
842.050	80.152	-111.932
854.298	80.153	-113.190
866.724	80.179	-114.524
879.330	80.201	-115.968
892.120	80.243	-117.506
905.097	80.282	-119.148
918.262	80.330	-120.982
931.618	80.346	-122.919
945.169	80.356	-124.776
958.917	80.378	-126.645
972.864	80.416	-128.664
987.015	80.419	-130.854
1001.37	80.405	-133.000
1015.94	80.384	-135.034
1030.71	80.379	-137.073
1045.71	80.390	-139.217
1060.92	80.392	-141.531
1076.35	80.364	-143.945
1092.00	80.320	-146.356
1107.89	80.263	-148.602
1124.00	80.191	-150.977
1140.35	80.096	-153.340
1156.94	79.989	-155.466
1173.77	79.862	-157.423
1190.84	79.732	-159.189
1208.16	79.627	-160.746
1225.73	79.543	-162.148
1243.56	79.499	-163.526
1261.65	79.472	-164.983
1280.00	79.475	-166.603
1298.62	79.471	-168.395
1317.51	79.425	-170.119
1336.67	79.375	-171.830
1356.11	79.329	-173.498
1375.84	79.268	-174.984
1395.85	79.215	-176.149
1416.15	79.176	-177.100
1436.75	79.189	-177.956
1457.65	79.254	-178.805
1478.85	79.387	-179.730
1500.36	79.526	179.250
1522.19	79.715	177.910
1544.33	79.901	176.395
1566.79	80.112	174.624
1589.58	80.314	172.584
1612.70	80.521	170.312
1636.16	80.708	167.967
1659.95	80.894	165.354
1684.10	81.060	162.591
1708.60	81.204	159.537
1733.45	81.305	156.706
1758.66	81.391	153.581
1784.24	81.437	150.424
1810.19	81.447	147.208
1836.52	81.432	144.326
1863.24	81.391	141.499
1890.34	81.360	138.913
1917.83	81.318	136.153
1945.73	81.273	133.504
1974.03	81.187	130.848
2002.74	81.088	128.265
2031.87	80.945	125.887
2061.43	80.811	123.895
2091.41	80.680	122.110
2121.83	80.587	120.585
2152.69	80.528	119.150
2184.01	80.512	117.673
2215.77	80.492	116.077
2248.00	80.480	114.293
2280.70	80.446	112.387
2313.87	80.404	110.531
2347.53	80.342	108.824
2381.68	80.287	107.269
2416.32	80.235	105.898
2451.46	80.213	104.539
2487.12	80.223	103.066
2523.30	80.268	101.339
2560.00	80.289	99.301
2597.24	80.263	97.028
2635.01	80.155	94.839
2673.34	79.991	92.817
2712.23	79.812	91.460
2751.68	79.706	90.574
2791.70	79.682	89.714
2832.31	79.713	88.371
2873.50	79.720	86.388
2915.30	79.632	83.985
2957.70	79.430	81.880
3000.72	79.169	80.433
3044.37	78.910	79.703
3088.65	78.737	79.540
3133.58	78.678	79.244
3179.16	78.668	78.341
3225.40	78.620	76.935
3272.31	78.454	75.292
3319.91	78.184	74.060
3368.20	77.897	73.796
3417.19	77.693	74.152
3466.89	77.582	74.474
3517.32	77.478	74.242
3568.48	77.300	74.016
3620.39	77.060	74.449
3673.05	76.871	75.732
3726.47	76.818	77.326
3780.67	76.866	78.652
3835.67	76.925	79.622
3891.46	76.968	80.643
3948.06	77.058	81.996
4005.49	77.281	83.458
4063.75	77.640	84.242
4122.86	78.014	83.846
4182.82	78.261	82.542
4243.66	78.347	81.429
4305.39	78.409	81.290
4368.01	78.608	81.503
4431.55	78.896	80.886
4496.01	79.105	79.419
4561.40	79.186	77.982
4627.75	79.242	77.140
4695.06	79.363	76.563
4763.35	79.518	75.742
4832.64	79.654	74.728
4902.93	79.806	73.758
4974.24	80.018	72.356
5046.60	80.202	69.944
5120.00	80.223	66.928
5194.47	80.043	64.284
5270.03	79.726	62.623
5346.68	79.375	62.258
5424.45	79.139	63.265
5503.35	79.133	64.787
5583.40	79.335	65.384
5664.61	79.536	64.449
5747.01	79.556	62.861
5830.60	79.426	61.908
5915.41	79.302	61.814
6001.45	79.237	62.059
6088.74	79.225	62.644
6177.30	79.345	63.383
6267.15	79.568	63.196
6358.31	79.709	62.022
6450.80	79.755	60.991
6544.62	79.782	60.020
6639.82	79.740	59.073
6736.40	79.670	58.891
6834.38	79.751	59.042
6933.79	79.909	58.150
7034.64	79.914	56.587
7136.96	79.867	55.612
7240.77	79.865	54.162
7346.09	79.621	52.329
7452.94	79.249	52.906
7561.35	79.246	54.422
7671.33	79.311	54.257
7782.91	79.287	54.232
7896.12	79.295	54.130
8010.97	79.293	53.896
8127.49	79.213	53.598
8245.71	79.183	54.593
8365.65	79.401	54.368
8487.33	79.379	52.884
8610.78	79.300	52.662
8736.03	79.285	52.149
8863.09	79.219	51.614
8992.01	79.140	51.016
9122.80	78.954	50.874
9255.50	78.926	51.952
9390.12	79.087	51.218
9526.70	78.930	49.390
9665.27	78.614	49.289
9805.86	78.362	49.462
9948.49	78.074	51.344
10093.2	78.078	52.324
10240.0	77.836	55.169
10388.9	78.349	57.780
10540.1	78.642	56.706
10693.4	78.844	55.097
10848.9	78.561	53.519
11006.7	78.656	54.536
11166.8	78.533	52.301
11329.2	78.330	52.851
11494.0	78.098	53.070
11661.2	78.128	54.703
11830.8	78.157	54.624
12002.9	78.241	54.718
12177.5	78.242	52.822
12354.6	77.811	51.356
12534.3	77.476	52.658
12716.6	77.197	53.256
12901.6	76.868	54.292
13089.2	76.612	58.315
13279.6	76.899	59.649
13472.8	76.945	58.542
13668.8	76.232	58.329
13867.6	75.831	61.851
14069.3	75.471	68.154
14273.9	75.863	73.368
14481.5	76.393	77.334
14692.2	76.908	79.067
14905.9	77.584	79.389
15122.7	77.892	78.722
15342.7	78.099	77.828
15565.8	78.425	76.814
15792.2	78.386	75.305
16021.9	78.126	73.866
16255.0	77.932	76.383
16491.4	78.094	78.465
16731.3	78.124	79.617
16974.7	78.647	81.755
17221.6	79.126	79.532
17472.1	79.017	77.133
17726.2	78.853	76.258
17984.0	78.553	76.031
18245.6	78.077	77.858
18511.0	77.870	82.813
18780.2	78.369	87.412
19053.4	79.013	89.979
19330.5	79.685	90.790
19611.7	80.316	89.741
19897.0	80.745	86.859
20186.4	80.835	84.587
20480.0	80.863	83.914
20777.9	81.174	85.312
21080.1	81.744	83.720
21386.7	82.024	81.288
21697.8	82.103	78.341
22013.4	81.987	77.836
22333.6	82.156	78.353
22658.4	82.448	79.110
22988.0	82.988	79.922
23322.4	83.857	80.247
23661.6	84.843	77.952
