5.00000	21.952	12.071
5.07273	26.623	65.144
5.14651	29.688	91.225
5.22137	31.494	106.288
5.29732	32.701	153.970
5.37437	33.900	147.797
5.45254	33.591	85.808
5.53185	34.386	61.329
5.61231	33.551	60.567
5.69394	30.555	64.162
5.77676	27.195	52.158
5.86079	27.524	31.986
5.94604	30.043	20.680
6.03252	30.988	7.256
6.12027	27.451	-12.545
6.20929	17.732	-46.522
6.29961	17.610	-127.166
6.39124	16.198	-125.686
6.48420	19.749	44.833
6.57851	27.886	47.889
6.67420	28.710	44.287
6.77128	27.096	12.180
6.86977	33.170	-32.463
6.96969	36.159	-45.655
7.07107	35.471	-86.927
7.17392	35.861	-136.981
7.27827	35.025	-159.114
7.38413	33.475	176.812
7.49154	32.545	140.148
7.60050	30.338	97.247
7.71105	28.127	56.463
7.82321	18.742	13.899
7.93701	24.890	-37.964
8.05245	29.065	-32.742
8.16958	28.859	-87.556
8.28841	31.883	-133.922
8.40896	27.859	-155.103
8.53128	21.540	176.026
8.65537	25.946	-152.558
8.78126	31.628	-143.839
8.90899	26.938	176.660
9.03857	29.463	130.950
9.17004	28.144	139.318
9.30342	20.039	12.216
9.43874	17.785	-45.653
9.57603	8.240	-179.966
9.71532	23.598	2.517
9.85663	32.962	-85.136
10.0000	34.350	-122.611
10.1455	32.214	-157.803
10.2930	30.018	-156.098
10.4427	30.718	-158.708
10.5946	33.337	-172.828
10.7487	31.264	160.570
10.9051	32.497	157.945
11.0637	30.821	156.280
11.2246	26.463	122.350
11.3879	28.976	126.087
11.5535	26.894	131.502
11.7216	24.999	-172.665
11.8921	31.307	95.728
12.0650	24.604	49.110
12.2405	22.665	-164.720
12.4186	26.722	164.096
12.5992	34.024	78.521
12.7825	32.084	21.158
12.9684	32.914	-39.749
13.1570	24.703	-105.578
13.3484	29.751	-27.018
13.5426	29.571	-94.681
13.7395	29.888	-67.610
13.9394	32.864	-123.833
14.1421	21.506	175.707
14.3478	24.428	-43.104
14.5565	32.930	-81.443
14.7683	30.805	-121.645
14.9831	31.433	-112.195
15.2010	29.945	-156.440
15.4221	20.726	-42.912
15.6464	25.834	-99.683
15.8740	31.625	-75.788
16.1049	31.871	-110.443
16.3392	23.636	-126.842
16.5768	35.928	-67.651
16.8179	34.144	-124.526
17.0626	33.373	-87.089
17.3107	34.494	-98.595
17.5625	38.138	-127.245
17.8180	25.414	157.909
18.0771	35.392	-97.828
18.3401	31.744	-134.760
18.6068	25.372	-87.673
18.8775	32.170	-80.771
19.1521	38.335	-90.562
19.4306	32.929	-130.165
19.7133	33.958	-87.056
20.0000	34.735	-81.809
20.2909	37.039	-104.103
20.5860	36.965	-71.732
20.8855	39.699	-109.046
21.1893	32.441	-84.608
21.4975	37.631	-104.930
21.8102	36.457	-93.066
22.1274	37.066	-105.287
22.4492	38.567	-65.876
22.7758	41.811	-87.591
23.1071	38.427	-91.399
23.4432	38.010	-93.022
23.7841	38.981	-76.795
24.1301	42.400	-72.543
24.4811	42.739	-75.625
24.8372	42.946	-77.835
25.1984	43.314	-82.030
25.5649	44.235	-78.603
25.9368	44.446	-78.528
26.3141	44.382	-79.538
26.6968	46.356	-76.938
27.0851	46.161	-79.525
27.4791	46.581	-82.111
27.8788	47.407	-74.360
28.2843	47.777	-76.165
28.6957	48.831	-76.958
29.1131	48.750	-76.468
29.5365	49.533	-74.092
29.9661	50.873	-77.921
30.4020	50.826	-80.023
30.8442	51.681	-78.836
31.2929	52.050	-75.358
31.7480	52.942	-78.305
32.2098	53.725	-77.698
32.6783	54.312	-80.622
33.1536	55.295	-78.289
33.6359	55.926	-80.369
34.1251	56.388	-80.899
34.6215	56.968	-82.876
35.1250	57.400	-81.527
35.6359	58.064	-82.796
36.1543	58.623	-83.432
36.6802	59.465	-83.514
37.2137	60.051	-84.164
37.7550	60.635	-85.152
38.3041	61.318	-85.240
38.8613	62.048	-86.309
39.4265	62.800	-86.900
40.0000	63.411	-88.333
40.5818	64.201	-89.718
41.1721	64.859	-91.066
41.7710	65.439	-91.476
42.3785	66.269	-93.231
42.9949	67.023	-95.007
43.6203	67.796	-96.516
44.2548	68.504	-97.989
44.8985	69.272	-99.796
45.5515	70.017	-101.640
46.2141	70.884	-104.053
46.8863	71.647	-106.426
47.5683	72.424	-108.501
48.2602	73.299	-111.268
48.9621	74.128	-114.405
49.6743	74.997	-117.683
50.3968	75.783	-121.539
51.1299	76.592	-125.532
51.8736	77.458	-130.208
52.6281	78.187	-135.042
53.3936	78.956	-140.668
54.1702	79.670	-146.579
54.9581	80.310	-152.947
55.7575	80.829	-159.484
56.5685	81.243	-165.966
57.3914	81.595	-173.063
58.2261	81.833	179.830
59.0730	81.945	173.804
59.9323	81.998	166.681
60.8040	81.956	161.102
61.6884	81.885	155.396
62.5857	81.729	149.954
63.4960	81.560	145.081
64.4196	81.408	141.100
65.3566	81.242	137.538
66.3073	81.050	133.638
67.2717	80.859	129.964
68.2502	80.688	127.050
69.2429	80.544	124.296
70.2501	80.396	121.579
71.2719	80.224	118.792
72.3086	80.089	116.579
73.3603	79.956	114.199
74.4274	79.822	112.101
75.5099	79.680	110.083
76.6083	79.536	108.188
77.7226	79.404	106.671
78.8531	79.301	105.261
80.0000	79.221	103.922
81.1636	79.176	102.750
82.3442	79.147	101.440
83.5419	79.130	100.000
84.7570	79.118	98.651
85.9899	79.106	97.284
87.2406	79.088	95.994
88.5096	79.075	94.674
89.7970	79.072	93.473
91.1031	79.088	92.237
92.4282	79.102	91.095
93.7726	79.115	89.753
95.1366	79.147	88.686
96.5204	79.201	87.662
97.9243	79.270	86.324
99.3486	79.317	84.857
100.794	79.356	83.457
102.260	79.413	82.007
103.747	79.432	80.586
105.256	79.427	79.171
106.787	79.450	78.011
108.340	79.482	76.809
109.916	79.508	75.701
111.515	79.562	74.544
113.137	79.623	73.428
114.783	79.691	72.225
116.452	79.773	70.912
118.146	79.842	69.563
119.865	79.907	68.218
121.608	79.968	66.841
123.377	80.044	65.475
125.171	80.130	64.103
126.992	80.213	62.451
128.839	80.272	60.860
130.713	80.310	59.084
132.615	80.318	57.505
134.543	80.345	56.114
136.500	80.397	54.688
138.486	80.427	53.064
140.500	80.434	51.767
142.544	80.466	50.526
144.617	80.558	49.274
146.721	80.644	47.787
148.855	80.728	46.072
151.020	80.805	44.337
153.217	80.880	42.391
155.445	80.911	40.093
157.706	80.838	37.822
160.000	80.718	36.622
162.327	80.733	35.752
164.688	80.816	34.447
167.084	80.897	32.733
169.514	80.926	30.668
171.980	80.876	28.781
174.481	80.840	27.456
177.019	80.877	26.104
179.594	80.922	24.439
182.206	80.939	22.587
184.856	80.936	20.979
187.545	80.978	19.162
190.273	80.927	17.062
193.041	80.864	15.674
195.849	80.892	14.270
198.697	80.932	12.536
201.587	80.940	10.635
204.520	80.914	8.757
207.494	80.891	7.064
210.512	80.899	5.267
213.574	80.852	3.370
216.681	80.838	1.756
219.833	80.832	-0.147
223.030	80.789	-2.051
226.274	80.748	-3.845
229.565	80.721	-5.617
232.905	80.672	-7.449
236.292	80.631	-9.077
239.729	80.614	-10.877
243.216	80.618	-12.584
246.754	80.643	-15.194
250.343	80.454	-17.473
253.984	80.362	-18.995
257.678	80.326	-20.625
261.426	80.250	-22.822
265.229	80.112	-24.806
269.087	80.024	-25.918
273.001	80.047	-27.902
276.972	79.912	-30.127
281.000	79.826	-32.201
285.088	79.629	-33.761
289.234	79.590	-35.064
293.441	79.554	-37.396
297.709	79.359	-39.740
302.040	79.170	-40.967
306.433	79.044	-42.705
310.890	78.871	-44.041
315.412	78.772	-45.515
320.000	78.615	-46.898
324.655	78.474	-48.028
329.377	78.418	-49.015
334.168	78.348	-50.614
339.028	78.250	-51.880
343.959	78.208	-53.541
348.962	78.059	-55.266
354.038	77.924	-56.335
359.188	77.865	-57.564
364.412	77.802	-58.861
369.713	77.738	-60.304
375.090	77.672	-61.951
380.546	77.598	-63.225
386.081	77.543	-64.867
391.697	77.456	-66.392
397.394	77.402	-67.811
403.175	77.336	-69.155
409.039	77.282	-70.550
414.989	77.235	-71.656
421.025	77.258	-72.777
427.149	77.331	-74.201
433.362	77.418	-76.081
439.665	77.428	-78.357
446.060	77.455	-80.319
452.548	77.444	-82.756
459.131	77.355	-85.136
465.809	77.352	-86.676
472.584	77.376	-89.097
479.458	77.305	-91.443
486.432	77.285	-93.829
493.507	77.209	-96.550
500.686	77.076	-98.999
507.968	76.946	-101.389
515.357	76.809	-103.641
522.853	76.650	-105.947
530.458	76.483	-108.202
538.174	76.272	-110.313
546.002	76.050	-112.494
553.943	75.792	-114.088
562.001	75.570	-115.387
570.175	75.365	-116.731
578.469	75.179	-117.667
586.883	75.029	-118.687
595.419	74.888	-119.615
604.080	74.790	-120.413
612.866	74.744	-121.222
621.780	74.710	-122.232
630.824	74.724	-123.283
640.000	74.761	-124.563
649.309	74.838	-126.174
658.753	74.897	-128.177
668.335	74.954	-130.395
678.056	74.985	-132.951
687.919	74.994	-135.702
697.925	74.961	-138.685
708.077	74.896	-141.776
718.376	74.776	-145.030
728.825	74.611	-148.259
739.426	74.391	-151.490
750.181	74.120	-154.552
761.093	73.797	-157.462
772.163	73.446	-160.049
783.394	73.044	-162.351
794.789	72.636	-164.134
806.349	72.229	-165.497
818.078	71.854	-166.381
829.977	71.517	-166.916
842.050	71.252	-167.168
854.298	71.046	-167.380
866.724	70.916	-167.674
879.330	70.819	-168.200
892.120	70.759	-168.999
905.097	70.693	-170.061
918.262	70.619	-171.402
931.618	70.487	-172.799
945.169	70.326	-173.930
958.917	70.167	-174.768
972.864	70.040	-175.365
987.015	69.921	-175.743
1001.37	69.867	-175.808
1015.94	69.905	-175.757
1030.71	70.061	-175.991
1045.71	70.311	-176.876
1060.92	70.593	-178.627
1076.35	70.847	178.740
1092.00	71.046	175.453
1107.89	71.139	171.918
1124.00	71.135	167.814
1140.35	70.982	163.482
1156.94	70.699	159.737
1173.77	70.281	156.702
1190.84	69.745	154.747
1208.16	69.215	154.352
1225.73	68.796	155.513
1243.56	68.621	157.656
1261.65	68.716	159.803
1280.00	69.090	161.185
1298.62	69.570	161.001
1317.51	69.973	159.555
1336.67	70.336	157.179
1356.11	70.618	154.214
1375.84	70.767	151.300
1395.85	70.838	149.026
1416.15	70.896	147.310
1436.75	71.040	145.929
1457.65	71.312	144.552
1478.85	71.717	142.714
1500.36	72.130	140.225
1522.19	72.573	136.635
1544.33	72.930	132.350
1566.79	73.202	127.535
1589.58	73.349	122.333
1612.70	73.400	117.265
1636.16	73.371	112.684
1659.95	73.333	108.432
1684.10	73.302	104.397
1708.60	73.311	100.203
1733.45	73.324	96.080
1758.66	73.321	91.203
1784.24	73.221	85.788
1810.19	72.989	80.156
1836.52	72.619	75.082
1863.24	72.141	70.739
1890.34	71.657	67.553
1917.83	71.229	65.006
1945.73	70.938	62.817
1974.03	70.729	60.121
2002.74	70.532	56.565
2031.87	70.214	52.336
2061.43	69.751	48.175
2091.41	69.116	44.491
2121.83	68.425	42.003
2152.69	67.780	40.525
2184.01	67.236	39.418
2215.77	66.694	38.022
2248.00	66.038	36.501
2280.70	65.173	35.925
2313.87	64.282	37.845
2347.53	63.696	42.298
2381.68	63.661	46.863
2416.32	63.938	48.995
2451.46	64.171	48.483
2487.12	64.123	46.769
2523.30	63.856	45.713
2560.00	63.537	46.071
2597.24	63.346	47.135
2635.01	63.236	48.131
2673.34	63.141	49.041
2712.23	63.110	50.768
2751.68	63.372	52.718
2791.70	63.902	52.981
2832.31	64.419	50.382
2873.50	64.642	45.671
2915.30	64.493	40.510
2957.70	64.112	36.733
3000.72	63.729	34.133
3044.37	63.393	31.210
3088.65	62.938	27.561
3133.58	62.089	23.814
3179.16	60.780	22.163
3225.40	59.355	24.505
3272.31	58.060	31.229
3319.91	57.273	42.116
3368.20	57.491	54.727
3417.19	58.604	63.399
3466.89	59.804	66.455
3517.32	60.713	66.973
3568.48	61.473	67.496
3620.39	62.342	67.471
3673.05	63.260	65.313
3726.47	63.972	61.288
3780.67	64.432	57.062
3835.67	64.778	53.233
3891.46	65.187	49.017
3948.06	65.406	44.267
4005.49	65.647	38.629
4063.75	65.691	31.633
4122.86	65.320	24.060
4182.82	64.395	18.000
4243.66	63.206	16.764
4305.39	62.598	20.086
4368.01	62.780	21.908
4431.55	63.031	19.307
4496.01	62.830	14.944
4561.40	62.228	11.945
4627.75	61.517	11.571
4695.06	61.033	13.834
4763.35	61.080	16.703
4832.64	61.491	16.504
4902.93	61.647	13.048
4974.24	61.358	10.096
5046.60	61.162	9.690
5120.00	61.408	8.000
5194.47	61.381	2.423
5270.03	60.406	-2.385
5346.68	59.173	1.861
5424.45	59.630	9.958
5503.35	60.857	8.285
5583.40	61.220	1.185
5664.61	60.905	-3.726
5747.01	60.704	-6.205
5830.60	60.641	-10.091
5915.41	60.207	-14.681
6001.45	59.682	-16.925
6088.74	59.387	-20.594
6177.30	58.386	-27.686
6267.15	56.042	-30.019
6358.31	53.495	-20.293
6450.80	52.302	1.277
6544.62	54.160	18.649
6639.82	55.669	18.881
6736.40	55.604	19.908
6834.38	55.378	28.215
6933.79	56.464	39.646
7034.64	58.099	40.897
7136.96	58.573	41.045
7240.77	59.637	44.412
7346.09	60.639	38.702
7452.94	59.936	33.604
7561.35	59.239	37.270
7671.33	58.841	41.493
7782.91	58.813	47.773
7896.12	58.515	51.897
8010.97	58.549	63.714
8127.49	59.868	69.916
8245.71	60.716	69.050
8365.65	60.720	66.257
8487.33	60.013	65.994
8610.78	59.307	70.609
8736.03	59.073	76.528
8863.09	59.386	79.795
8992.01	59.140	76.343
9122.80	57.869	76.671
9255.50	57.351	77.792
9390.12	55.527	70.754
9526.70	51.662	73.673
9665.27	48.090	90.552
9805.86	44.923	122.770
9948.49	47.884	159.721
10093.2	51.533	151.175
10240.0	51.089	132.896
10388.9	49.727	116.925
10540.1	47.500	93.815
10693.4	44.183	91.705
10848.9	47.765	90.960
11006.7	49.807	70.511
11166.8	50.947	62.725
11329.2	51.887	60.922
11494.0	53.177	65.986
11661.2	55.296	65.001
11830.8	55.713	57.036
12002.9	54.977	61.355
12177.5	54.981	65.936
12354.6	54.805	74.937
12534.3	55.765	78.898
12716.6	55.684	75.784
12901.6	54.813	73.973
13089.2	53.185	72.094
13279.6	49.492	81.827
13472.8	49.378	116.652
13668.8	53.003	130.295
13867.6	55.877	121.821
14069.3	57.044	110.307
14273.9	57.595	95.238
14481.5	56.432	84.876
14692.2	54.017	82.324
14905.9	53.156	96.284
15122.7	53.703	103.826
15342.7	53.308	109.692
15565.8	54.041	118.738
15792.2	55.389	119.013
16021.9	55.414	113.370
16255.0	55.525	114.543
16491.4	55.647	110.843
16731.3	55.830	108.814
16974.7	56.522	106.729
17221.6	57.003	98.542
17472.1	55.774	91.539
17726.2	54.841	92.680
17984.0	53.954	94.708
18245.6	53.374	93.506
18511.0	51.939	92.872
18780.2	51.306	86.324
19053.4	49.412	84.853
19330.5	48.683	83.603
19611.7	47.445	80.920
19897.0	46.881	90.992
20186.4	47.196	106.302
20480.0	48.292	114.031
20777.9	50.158	128.257
21080.1	49.925	118.711
21386.7	47.687	125.322
21697.8	46.972	135.362
22013.4	39.575	165.475
22333.6	47.170	-138.053
22658.4	50.401	-161.510
22988.0	50.148	-157.070
23322.4	51.868	-157.758
23661.6	53.542	-165.253
