5.00000	22.717	12.917
5.07273	27.385	66.058
5.14651	30.451	92.171
5.22137	32.258	107.254
5.29732	33.468	154.963
5.37437	34.666	148.801
5.45254	34.356	86.808
5.53185	35.151	62.335
5.61231	34.316	61.588
5.69394	31.319	65.195
5.77676	27.957	53.191
5.86079	28.288	33.024
5.94604	30.809	21.740
6.03252	31.755	8.332
6.12027	28.221	-11.468
6.20929	18.516	-45.489
6.29961	18.398	-125.922
6.39124	16.989	-124.412
6.48420	20.503	45.939
6.57851	28.648	49.065
6.67420	29.473	45.481
6.77128	27.862	13.369
6.86977	33.941	-31.226
6.96969	36.929	-44.390
7.07107	36.243	-85.631
7.17392	36.631	-135.649
7.27827	35.795	-157.756
7.38413	34.243	178.196
7.49154	33.310	141.549
7.60050	31.100	98.649
7.71105	28.888	57.850
7.82321	19.503	15.175
7.93701	25.666	-36.576
8.05245	29.837	-31.310
8.16958	29.635	-86.061
8.28841	32.656	-132.375
8.40896	28.632	-153.504
8.53128	22.308	177.724
8.65537	26.721	-150.899
8.78126	32.401	-142.194
8.90899	27.707	178.369
9.03857	30.225	132.648
9.17004	28.907	141.054
9.30342	20.800	13.759
9.43874	18.577	-44.086
9.57603	9.015	-177.524
9.71532	24.365	4.182
9.85663	33.737	-83.333
10.0000	35.123	-120.758
10.1455	32.985	-155.899
10.2930	30.790	-154.156
10.4427	31.490	-156.740
10.5946	34.106	-170.842
10.7487	32.030	162.596
10.9051	33.263	159.992
11.0637	31.586	158.367
11.2246	27.219	124.469
11.3879	29.735	128.225
11.5535	27.652	133.692
11.7216	25.771	-170.394
11.8921	32.066	97.921
12.0650	25.356	51.246
12.2405	23.441	-162.316
12.4186	27.487	166.479
12.5992	34.785	80.828
12.7825	32.849	23.451
12.9684	33.687	-37.412
13.1570	25.492	-103.136
13.3484	30.524	-24.642
13.5426	30.351	-92.195
13.7395	30.667	-65.125
13.9394	33.640	-121.246
14.1421	22.274	178.522
14.3478	25.211	-40.595
14.5565	33.707	-78.785
14.7683	31.584	-118.899
14.9831	32.212	-109.422
15.2010	30.720	-153.572
15.4221	21.519	-40.288
15.6464	26.625	-96.800
15.8740	32.404	-72.900
16.1049	32.650	-107.467
16.3392	24.430	-123.740
16.5768	36.702	-64.631
16.8179	34.920	-121.409
17.0626	34.151	-83.968
17.3107	35.272	-95.415
17.5625	38.911	-124.000
17.8180	26.175	161.350
18.0771	36.169	-94.508
18.3401	32.523	-131.339
18.6068	26.168	-84.286
18.8775	32.951	-77.329
19.1521	39.110	-87.050
19.4306	33.707	-126.554
19.7133	34.737	-83.450
20.0000	35.513	-78.155
20.2909	37.815	-100.372
20.5860	37.741	-67.977
20.8855	40.473	-105.204
21.1893	33.223	-80.739
21.4975	38.407	-100.977
21.8102	37.234	-89.067
22.1274	37.843	-101.218
22.4492	39.342	-61.781
22.7758	42.584	-83.417
23.1071	39.203	-87.163
23.4432	38.786	-88.723
23.7841	39.756	-72.447
24.1301	43.172	-68.128
24.4811	43.512	-71.144
24.8372	43.718	-73.287
25.1984	44.087	-77.414
25.5649	45.007	-73.920
25.9368	45.218	-73.777
26.3141	45.155	-74.718
26.6968	47.127	-72.046
27.0851	46.932	-74.562
27.4791	47.353	-77.074
27.8788	48.178	-69.252
28.2843	48.548	-70.982
28.6957	49.602	-71.698
29.1131	49.521	-71.132
29.5365	50.303	-68.678
29.9661	51.644	-72.427
30.4020	51.596	-74.448
30.8442	52.452	-73.179
31.2929	52.820	-69.620
31.7480	53.712	-72.482
32.2098	54.494	-71.790
32.6783	55.082	-74.627
33.1536	56.064	-72.207
33.6359	56.696	-74.198
34.1251	57.158	-74.638
34.6215	57.738	-76.523
35.1250	58.169	-75.082
35.6359	58.834	-76.257
36.1543	59.393	-76.798
36.6802	60.235	-76.783
37.2137	60.820	-77.335
37.7550	61.404	-78.223
38.3041	62.087	-78.210
38.8613	62.817	-79.176
39.4265	63.569	-79.664
40.0000	64.180	-80.992
40.5818	64.970	-82.271
41.1721	65.627	-83.514
41.7710	66.207	-83.821
42.3785	67.037	-85.473
42.9949	67.791	-87.146
43.6203	68.562	-88.553
44.2548	69.271	-89.925
44.8985	70.038	-91.632
45.5515	70.783	-93.376
46.2141	71.650	-95.688
46.8863	72.411	-97.961
47.5683	73.189	-99.937
48.2602	74.064	-102.604
48.9621	74.893	-105.640
49.6743	75.761	-108.819
50.3968	76.547	-112.575
51.1299	77.357	-116.467
51.8736	78.222	-121.040
52.6281	78.951	-125.772
53.3936	79.721	-131.297
54.1702	80.437	-137.103
54.9581	81.077	-143.367
55.7575	81.597	-149.798
56.5685	82.012	-156.173
57.3914	82.365	-163.162
58.2261	82.605	-170.159
59.0730	82.719	-176.074
59.9323	82.774	176.916
60.8040	82.734	171.451
61.6884	82.666	165.862
62.5857	82.512	160.538
63.4960	82.345	155.786
64.4196	82.196	151.928
65.3566	82.034	148.492
66.3073	81.845	144.719
67.2717	81.658	141.175
68.2502	81.491	138.394
69.2429	81.351	135.776
70.2501	81.208	133.198
71.2719	81.039	130.553
72.3086	80.910	128.484
73.3603	80.782	126.252
74.4274	80.653	124.306
75.5099	80.517	122.444
76.6083	80.378	120.708
77.7226	80.252	119.353
78.8531	80.155	118.110
80.0000	80.081	116.941
81.1636	80.043	115.945
82.3442	80.020	114.812
83.5419	80.011	113.557
84.7570	80.005	112.396
85.9899	80.000	111.223
87.2406	79.990	110.131
88.5096	79.984	109.013
89.7970	79.987	108.020
91.1031	80.013	106.997
92.4282	80.034	106.074
93.7726	80.055	104.956
95.1366	80.095	104.119
96.5204	80.158	103.330
97.9243	80.235	102.234
99.3486	80.291	101.015
100.794	80.338	99.870
102.260	80.404	98.680
103.747	80.431	97.527
105.256	80.436	96.386
106.787	80.467	95.507
108.340	80.509	94.594
109.916	80.543	93.782
111.515	80.607	92.929
113.137	80.677	92.123
114.783	80.754	91.238
116.452	80.846	90.252
118.146	80.923	89.238
119.865	80.997	88.237
121.608	81.068	87.213
123.377	81.153	86.209
125.171	81.248	85.206
126.992	81.342	83.934
128.839	81.410	82.732
130.713	81.457	81.354
132.615	81.474	80.184
134.543	81.510	79.211
136.500	81.571	78.216
138.486	81.611	77.031
140.500	81.627	76.184
142.544	81.668	75.405
144.617	81.769	74.626
146.721	81.864	73.622
148.855	81.958	72.405
151.020	82.043	71.179
153.217	82.128	69.754
155.445	82.167	67.988
157.706	82.104	66.263
160.000	81.994	65.623
162.327	82.018	65.326
164.688	82.110	64.606
167.084	82.201	63.492
169.514	82.239	62.041
171.980	82.199	60.783
174.481	82.172	60.102
177.019	82.217	59.408
179.594	82.274	58.416
182.206	82.301	57.254
184.856	82.308	56.351
187.545	82.360	55.255
190.273	82.320	53.891
193.041	82.268	53.256
195.849	82.308	52.625
198.697	82.361	51.678
201.587	82.380	50.583
204.520	82.367	49.527
207.494	82.358	48.674
210.512	82.379	47.735
213.574	82.347	46.714
216.681	82.347	45.995
219.833	82.358	45.006
223.030	82.331	44.034
226.274	82.308	43.192
229.565	82.300	42.390
232.905	82.271	41.545
236.292	82.251	40.925
239.729	82.256	40.151
243.216	82.283	39.488
246.754	82.335	37.942
250.343	82.171	36.743
253.984	82.108	36.320
257.678	82.103	35.806
261.426	82.059	34.741
265.229	81.955	33.905
269.087	81.905	33.957
273.001	81.965	33.148
276.972	81.872	32.114
281.000	81.830	31.241
285.088	81.680	30.890
289.234	81.691	30.806
293.441	81.706	29.698
297.709	81.565	28.583
302.040	81.434	28.587
306.433	81.366	28.078
310.890	81.254	27.969
315.412	81.220	27.715
320.000	81.127	27.544
324.655	81.053	27.618
329.377	81.065	27.821
334.168	81.060	27.398
339.028	81.028	27.293
343.959	81.050	26.777
348.962	80.963	26.186
354.038	80.884	26.238
359.188	80.878	26.125
364.412	80.863	25.940
369.713	80.841	25.613
375.090	80.812	25.092
380.546	80.765	24.961
386.081	80.729	24.484
391.697	80.654	24.158
397.394	80.605	23.981
403.175	80.535	23.929
409.039	80.471	23.886
414.989	80.409	24.196
421.025	80.412	24.565
427.149	80.460	24.710
433.362	80.524	24.481
439.665	80.510	23.943
446.060	80.513	23.810
452.548	80.483	23.289
459.131	80.379	22.915
465.809	80.369	23.471
472.584	80.395	23.231
479.458	80.338	23.144
486.432	80.345	23.089
493.507	80.314	22.763
500.686	80.242	22.756
507.968	80.194	22.849
515.357	80.161	23.100
522.853	80.130	23.288
530.458	80.115	23.491
538.174	80.080	23.766
546.002	80.058	23.859
553.943	80.020	24.401
562.001	80.032	25.052
570.175	80.071	25.442
578.469	80.127	26.016
586.883	80.212	26.270
595.419	80.285	26.399
604.080	80.373	26.486
612.866	80.478	26.444
621.780	80.557	26.152
630.824	80.645	25.844
640.000	80.720	25.401
649.309	80.803	24.775
658.753	80.848	23.942
668.335	80.874	23.111
678.056	80.867	22.168
687.919	80.841	21.255
697.925	80.779	20.322
708.077	80.702	19.482
718.376	80.591	18.646
728.825	80.463	17.976
739.426	80.314	17.399
750.181	80.149	17.034
761.093	79.975	16.797
772.163	79.813	16.782
783.394	79.639	16.855
794.789	79.488	17.170
806.349	79.354	17.545
818.078	79.250	17.994
829.977	79.159	18.398
842.050	79.096	18.765
854.298	79.037	18.971
866.724	78.996	19.037
879.330	78.934	18.929
892.120	78.871	18.689
905.097	78.777	18.337
918.262	78.663	17.835
931.618	78.483	17.311
945.169	78.262	17.039
958.917	78.030	17.018
972.864	77.801	17.150
987.015	77.534	17.437
1001.37	77.264	18.083
1015.94	77.017	19.175
1030.71	76.836	20.463
1045.71	76.729	21.722
1060.92	76.672	22.729
1076.35	76.638	23.399
1092.00	76.620	23.730
1107.89	76.595	23.775
1124.00	76.552	23.262
1140.35	76.449	22.283
1156.94	76.280	21.246
1173.77	76.025	20.164
1190.84	75.678	19.081
1208.16	75.269	18.210
1225.73	74.797	17.689
1243.56	74.299	17.476
1261.65	73.771	17.615
1280.00	73.209	17.922
1298.62	72.628	18.434
1317.51	72.015	19.086
1336.67	71.336	19.954
1356.11	70.569	20.952
1375.84	69.705	22.442
1395.85	68.726	24.568
1416.15	67.648	27.988
1436.75	66.470	33.174
1457.65	65.323	40.708
1478.85	64.357	50.587
1500.36	63.749	61.770
1522.19	63.489	73.714
1544.33	63.527	85.333
1566.79	63.867	97.211
1589.58	64.481	108.447
1612.70	65.518	118.704
1636.16	66.799	126.723
1659.95	68.234	131.837
1684.10	69.595	134.693
1708.60	70.826	135.297
1733.45	71.811	135.001
1758.66	72.644	133.761
1784.24	73.286	132.255
1810.19	73.776	130.556
1836.52	74.143	129.365
1863.24	74.429	128.314
1890.34	74.686	127.667
1917.83	74.911	126.896
1945.73	75.113	126.277
1974.03	75.255	125.588
2002.74	75.367	124.993
2031.87	75.418	124.546
2061.43	75.467	124.452
2091.41	75.508	124.519
2121.83	75.576	124.719
2152.69	75.660	124.840
2184.01	75.756	124.766
2215.77	75.807	124.484
2248.00	75.819	124.033
2280.70	75.760	123.620
2313.87	75.672	123.511
2347.53	75.573	123.801
2381.68	75.504	124.335
2416.32	75.464	124.965
2451.46	75.451	125.444
2487.12	75.443	125.710
2523.30	75.435	125.791
2560.00	75.405	125.812
2597.24	75.362	125.762
2635.01	75.298	125.699
2673.34	75.219	125.441
2712.23	75.119	125.282
2751.68	75.035	125.193
2791.70	74.981	125.045
2832.31	74.954	124.417
2873.50	74.883	122.997
2915.30	74.661	120.887
2957.70	74.222	119.050
3000.72	73.610	118.512
3044.37	72.989	120.008
3088.65	72.641	122.987
3133.58	72.633	125.402
3179.16	72.746	125.853
3225.40	72.721	124.845
3272.31	72.467	123.604
3319.91	72.071	123.139
3368.20	71.683	123.763
3417.19	71.374	124.895
3466.89	71.124	126.179
3517.32	70.897	127.654
3568.48	70.732	129.610
3620.39	70.697	131.998
3673.05	70.876	134.262
3726.47	71.262	135.315
3780.67	71.682	134.487
3835.67	71.922	132.082
3891.46	71.876	129.235
3948.06	71.571	127.418
4005.49	71.204	127.762
4063.75	71.067	129.995
4122.86	71.301	132.367
4182.82	71.796	132.612
4243.66	72.200	130.633
4305.39	72.334	127.650
4368.01	72.195	125.109
4431.55	71.876	124.005
4496.01	71.572	124.934
4561.40	71.525	127.110
4627.75	71.753	128.686
4695.06	72.039	128.992
4763.35	72.278	128.601
4832.64	72.464	127.677
4902.93	72.553	126.340
4974.24	72.515	124.960
5046.60	72.340	123.888
5120.00	72.050	123.960
5194.47	71.853	125.732
5270.03	71.934	127.477
5346.68	72.077	127.493
5424.45	72.042	126.772
5503.35	71.846	126.399
5583.40	71.553	126.705
5664.61	71.227	128.082
5747.01	70.999	130.817
5830.60	71.077	133.511
5915.41	71.196	133.866
6001.45	70.932	133.982
6088.74	70.671	137.106
6177.30	70.967	140.342
6267.15	71.381	139.570
6358.31	71.219	137.216
6450.80	70.857	137.939
6544.62	70.818	138.517
6639.82	70.521	137.450
6736.40	69.949	138.248
6834.38	69.481	141.218
6933.79	69.302	144.671
7034.64	69.136	148.066
7136.96	69.377	152.606
7240.77	69.953	152.977
7346.09	70.112	150.295
7452.94	69.690	147.092
7561.35	68.717	147.290
7671.33	67.958	152.844
7782.91	68.056	158.713
7896.12	68.151	160.477
8010.97	68.106	163.106
8127.49	68.137	164.231
8245.71	67.869	164.970
8365.65	67.315	167.065
8487.33	66.784	172.771
8610.78	66.974	179.509
8736.03	67.406	-178.214
8863.09	67.457	-178.142
8992.01	67.130	-177.429
9122.80	66.493	-174.569
9255.50	66.346	-167.833
9390.12	66.371	-164.762
9526.70	66.396	-159.928
9665.27	66.877	-159.050
9805.86	66.380	-163.551
9948.49	64.499	-162.399
10093.2	62.871	-147.803
10240.0	63.418	-128.522
10388.9	65.383	-121.974
10540.1	66.271	-123.363
10693.4	66.413	-124.381
10848.9	65.877	-123.017
11006.7	65.918	-116.789
11166.8	66.142	-114.351
11329.2	66.038	-112.095
11494.0	65.648	-108.044
11661.2	65.731	-102.234
11830.8	65.611	-98.436
12002.9	65.708	-92.001
12177.5	65.892	-89.291
12354.6	65.410	-85.324
12534.3	65.218	-75.826
12716.6	65.830	-66.646
12901.6	66.804	-62.219
13089.2	67.520	-59.756
13279.6	67.949	-60.969
13472.8	67.873	-60.345
13668.8	67.474	-58.858
13867.6	66.939	-54.050
14069.3	66.755	-44.578
14273.9	67.606	-36.327
14481.5	68.739	-35.086
14692.2	68.881	-36.588
14905.9	68.864	-35.111
15122.7	68.637	-32.190
15342.7	68.890	-28.411
15565.8	69.190	-29.922
15792.2	68.302	-28.410
16021.9	67.765	-22.254
16255.0	68.045	-13.597
16491.4	68.586	-10.043
16731.3	68.911	-6.637
16974.7	69.760	-6.638
17221.6	69.667	-11.519
17472.1	68.631	-12.375
17726.2	67.953	-8.147
17984.0	67.669	-6.339
18245.6	66.451	-5.186
18511.0	65.413	3.589
18780.2	65.429	8.381
19053.4	64.069	12.743
19330.5	63.469	28.365
19611.7	64.291	33.302
19897.0	63.319	35.238
20186.4	62.549	43.744
20480.0	60.953	51.896
20777.9	60.398	78.675
21080.1	63.040	88.307
21386.7	62.698	87.599
21697.8	61.991	104.995
22013.4	63.651	120.998
22333.6	65.490	125.728
22658.4	66.109	126.556
22988.0	66.161	136.241
23322.4	67.845	148.769
23661.6	70.213	151.128
